<?xml version="1.0" encoding="utf-8" standalone="yes"?>
<!--Tiled2Unity generated xml data-->
<!--Do not modify by hand-->
<!--Last exported: 5/2/2018 8:23:20 PM-->
<Tiled2Unity version="1.0.13.2">
  <AssignMaterial mesh="test-6_mesh_0001" material="tileset" />
  <AssignMaterial mesh="test-6_mesh_0002" material="tileset" />
  <Prefab name="test-6" orientation="Orthogonal" staggerAxis="Y" staggerIndex="Odd" hexSideLength="0" numLayers="2" numTilesWide="40" numTilesHigh="20" tileWidth="16" tileHeight="16" exportScale="1" mapWidthInPixels="640" mapHeightInPixels="320" backgroundColor="#808080">
    <GameObject name="ground" x="0" y="0" z="0">
      <TileLayer offsetX="0" offsetY="0" />
      <GameObject name="tileset" x="0" y="0" mesh="test-6_mesh_0001" sortingLayerName="" sortingOrder="0" opacity="1" />
    </GameObject>
    <GameObject name="walls" x="0" y="0" z="0">
      <TileLayer offsetX="0" offsetY="0" />
      <GameObject name="tileset" x="0" y="0" mesh="test-6_mesh_0002" sortingLayerName="" sortingOrder="1" opacity="1" />
      <GameObject name="Collision">
        <EdgeCollider2D>
          <Points>352,-144 352,-160 368,-160 368,-144 352,-144</Points>
        </EdgeCollider2D>
        <EdgeCollider2D>
          <Points>336,-144 336,-160 352,-160 352,-144 336,-144</Points>
        </EdgeCollider2D>
        <EdgeCollider2D>
          <Points>320,-144 320,-160 336,-160 336,-144 320,-144</Points>
        </EdgeCollider2D>
        <EdgeCollider2D>
          <Points>304,-144 304,-160 320,-160 320,-144 304,-144</Points>
        </EdgeCollider2D>
        <EdgeCollider2D>
          <Points>288,-144 288,-160 304,-160 304,-144 288,-144</Points>
        </EdgeCollider2D>
        <EdgeCollider2D>
          <Points>272,-144 272,-160 288,-160 288,-144 272,-144</Points>
        </EdgeCollider2D>
        <EdgeCollider2D>
          <Points>256,-144 256,-160 272,-160 272,-144 256,-144</Points>
        </EdgeCollider2D>
        <EdgeCollider2D>
          <Points>240,-144 240,-160 256,-160 256,-144 240,-144</Points>
        </EdgeCollider2D>
        <EdgeCollider2D>
          <Points>224,-144 224,-160 240,-160 240,-144 224,-144</Points>
        </EdgeCollider2D>
        <EdgeCollider2D>
          <Points>208,-144 208,-160 224,-160 224,-144 208,-144</Points>
        </EdgeCollider2D>
      </GameObject>
    </GameObject>
  </Prefab>
  <ImportMesh filename="test-6_mesh_0001.obj">IyBUaWxlZDJVbml0eSBnZW5lcmF0ZWQgZmlsZS4gRG8gbm90IG1vZGlmeSBieSBoYW5kLgojIFdhdmVmcm9udCBmaWxlIGZvciAndGVzdC02X21lc2hfMDAwMS5vYmonCgojIFZlcnRpY2VzIChDb3VudCA9IDMyMDApCnYgMCAtMTYgMAp2IC0xNiAtMTYgMAp2IC0xNiAwIDAKdiAwIDAgMAp2IC0xNiAtMTYgMAp2IC0zMiAtMTYgMAp2IC0zMiAwIDAKdiAtMTYgMCAwCnYgLTMyIC0xNiAwCnYgLTQ4IC0xNiAwCnYgLTQ4IDAgMAp2IC0zMiAwIDAKdiAtNDggLTE2IDAKdiAtNjQgLTE2IDAKdiAtNjQgMCAwCnYgLTQ4IDAgMAp2IC02NCAtMTYgMAp2IC04MCAtMTYgMAp2IC04MCAwIDAKdiAtNjQgMCAwCnYgLTgwIC0xNiAwCnYgLTk2IC0xNiAwCnYgLTk2IDAgMAp2IC04MCAwIDAKdiAtOTYgLTE2IDAKdiAtMTEyIC0xNiAwCnYgLTExMiAwIDAKdiAtOTYgMCAwCnYgLTExMiAtMTYgMAp2IC0xMjggLTE2IDAKdiAtMTI4IDAgMAp2IC0xMTIgMCAwCnYgLTEyOCAtMTYgMAp2IC0xNDQgLTE2IDAKdiAtMTQ0IDAgMAp2IC0xMjggMCAwCnYgLTE0NCAtMTYgMAp2IC0xNjAgLTE2IDAKdiAtMTYwIDAgMAp2IC0xNDQgMCAwCnYgLTE2MCAtMTYgMAp2IC0xNzYgLTE2IDAKdiAtMTc2IDAgMAp2IC0xNjAgMCAwCnYgLTE3NiAtMTYgMAp2IC0xOTIgLTE2IDAKdiAtMTkyIDAgMAp2IC0xNzYgMCAwCnYgLTE5MiAtMTYgMAp2IC0yMDggLTE2IDAKdiAtMjA4IDAgMAp2IC0xOTIgMCAwCnYgLTIwOCAtMTYgMAp2IC0yMjQgLTE2IDAKdiAtMjI0IDAgMAp2IC0yMDggMCAwCnYgLTIyNCAtMTYgMAp2IC0yNDAgLTE2IDAKdiAtMjQwIDAgMAp2IC0yMjQgMCAwCnYgLTI0MCAtMTYgMAp2IC0yNTYgLTE2IDAKdiAtMjU2IDAgMAp2IC0yNDAgMCAwCnYgLTI1NiAtMTYgMAp2IC0yNzIgLTE2IDAKdiAtMjcyIDAgMAp2IC0yNTYgMCAwCnYgLTI3MiAtMTYgMAp2IC0yODggLTE2IDAKdiAtMjg4IDAgMAp2IC0yNzIgMCAwCnYgLTI4OCAtMTYgMAp2IC0zMDQgLTE2IDAKdiAtMzA0IDAgMAp2IC0yODggMCAwCnYgLTMwNCAtMTYgMAp2IC0zMjAgLTE2IDAKdiAtMzIwIDAgMAp2IC0zMDQgMCAwCnYgLTMyMCAtMTYgMAp2IC0zMzYgLTE2IDAKdiAtMzM2IDAgMAp2IC0zMjAgMCAwCnYgLTMzNiAtMTYgMAp2IC0zNTIgLTE2IDAKdiAtMzUyIDAgMAp2IC0zMzYgMCAwCnYgLTM1MiAtMTYgMAp2IC0zNjggLTE2IDAKdiAtMzY4IDAgMAp2IC0zNTIgMCAwCnYgLTM2OCAtMTYgMAp2IC0zODQgLTE2IDAKdiAtMzg0IDAgMAp2IC0zNjggMCAwCnYgLTM4NCAtMTYgMAp2IC00MDAgLTE2IDAKdiAtNDAwIDAgMAp2IC0zODQgMCAwCnYgLTQwMCAtMTYgMAp2IC00MTYgLTE2IDAKdiAtNDE2IDAgMAp2IC00MDAgMCAwCnYgLTQxNiAtMTYgMAp2IC00MzIgLTE2IDAKdiAtNDMyIDAgMAp2IC00MTYgMCAwCnYgLTQzMiAtMTYgMAp2IC00NDggLTE2IDAKdiAtNDQ4IDAgMAp2IC00MzIgMCAwCnYgLTQ0OCAtMTYgMAp2IC00NjQgLTE2IDAKdiAtNDY0IDAgMAp2IC00NDggMCAwCnYgLTQ2NCAtMTYgMAp2IC00ODAgLTE2IDAKdiAtNDgwIDAgMAp2IC00NjQgMCAwCnYgLTQ4MCAtMTYgMAp2IC00OTYgLTE2IDAKdiAtNDk2IDAgMAp2IC00ODAgMCAwCnYgLTQ5NiAtMTYgMAp2IC01MTIgLTE2IDAKdiAtNTEyIDAgMAp2IC00OTYgMCAwCnYgLTUxMiAtMTYgMAp2IC01MjggLTE2IDAKdiAtNTI4IDAgMAp2IC01MTIgMCAwCnYgLTUyOCAtMTYgMAp2IC01NDQgLTE2IDAKdiAtNTQ0IDAgMAp2IC01MjggMCAwCnYgLTU0NCAtMTYgMAp2IC01NjAgLTE2IDAKdiAtNTYwIDAgMAp2IC01NDQgMCAwCnYgLTU2MCAtMTYgMAp2IC01NzYgLTE2IDAKdiAtNTc2IDAgMAp2IC01NjAgMCAwCnYgLTU3NiAtMTYgMAp2IC01OTIgLTE2IDAKdiAtNTkyIDAgMAp2IC01NzYgMCAwCnYgLTU5MiAtMTYgMAp2IC02MDggLTE2IDAKdiAtNjA4IDAgMAp2IC01OTIgMCAwCnYgLTYwOCAtMTYgMAp2IC02MjQgLTE2IDAKdiAtNjI0IDAgMAp2IC02MDggMCAwCnYgLTYyNCAtMTYgMAp2IC02NDAgLTE2IDAKdiAtNjQwIDAgMAp2IC02MjQgMCAwCnYgMCAtMzIgMAp2IC0xNiAtMzIgMAp2IC0xNiAtMTYgMAp2IDAgLTE2IDAKdiAtMTYgLTMyIDAKdiAtMzIgLTMyIDAKdiAtMzIgLTE2IDAKdiAtMTYgLTE2IDAKdiAtMzIgLTMyIDAKdiAtNDggLTMyIDAKdiAtNDggLTE2IDAKdiAtMzIgLTE2IDAKdiAtNDggLTMyIDAKdiAtNjQgLTMyIDAKdiAtNjQgLTE2IDAKdiAtNDggLTE2IDAKdiAtNjQgLTMyIDAKdiAtODAgLTMyIDAKdiAtODAgLTE2IDAKdiAtNjQgLTE2IDAKdiAtODAgLTMyIDAKdiAtOTYgLTMyIDAKdiAtOTYgLTE2IDAKdiAtODAgLTE2IDAKdiAtOTYgLTMyIDAKdiAtMTEyIC0zMiAwCnYgLTExMiAtMTYgMAp2IC05NiAtMTYgMAp2IC0xMTIgLTMyIDAKdiAtMTI4IC0zMiAwCnYgLTEyOCAtMTYgMAp2IC0xMTIgLTE2IDAKdiAtMTI4IC0zMiAwCnYgLTE0NCAtMzIgMAp2IC0xNDQgLTE2IDAKdiAtMTI4IC0xNiAwCnYgLTE0NCAtMzIgMAp2IC0xNjAgLTMyIDAKdiAtMTYwIC0xNiAwCnYgLTE0NCAtMTYgMAp2IC0xNjAgLTMyIDAKdiAtMTc2IC0zMiAwCnYgLTE3NiAtMTYgMAp2IC0xNjAgLTE2IDAKdiAtMTc2IC0zMiAwCnYgLTE5MiAtMzIgMAp2IC0xOTIgLTE2IDAKdiAtMTc2IC0xNiAwCnYgLTE5MiAtMzIgMAp2IC0yMDggLTMyIDAKdiAtMjA4IC0xNiAwCnYgLTE5MiAtMTYgMAp2IC0yMDggLTMyIDAKdiAtMjI0IC0zMiAwCnYgLTIyNCAtMTYgMAp2IC0yMDggLTE2IDAKdiAtMjI0IC0zMiAwCnYgLTI0MCAtMzIgMAp2IC0yNDAgLTE2IDAKdiAtMjI0IC0xNiAwCnYgLTI0MCAtMzIgMAp2IC0yNTYgLTMyIDAKdiAtMjU2IC0xNiAwCnYgLTI0MCAtMTYgMAp2IC0yNTYgLTMyIDAKdiAtMjcyIC0zMiAwCnYgLTI3MiAtMTYgMAp2IC0yNTYgLTE2IDAKdiAtMjcyIC0zMiAwCnYgLTI4OCAtMzIgMAp2IC0yODggLTE2IDAKdiAtMjcyIC0xNiAwCnYgLTI4OCAtMzIgMAp2IC0zMDQgLTMyIDAKdiAtMzA0IC0xNiAwCnYgLTI4OCAtMTYgMAp2IC0zMDQgLTMyIDAKdiAtMzIwIC0zMiAwCnYgLTMyMCAtMTYgMAp2IC0zMDQgLTE2IDAKdiAtMzIwIC0zMiAwCnYgLTMzNiAtMzIgMAp2IC0zMzYgLTE2IDAKdiAtMzIwIC0xNiAwCnYgLTMzNiAtMzIgMAp2IC0zNTIgLTMyIDAKdiAtMzUyIC0xNiAwCnYgLTMzNiAtMTYgMAp2IC0zNTIgLTMyIDAKdiAtMzY4IC0zMiAwCnYgLTM2OCAtMTYgMAp2IC0zNTIgLTE2IDAKdiAtMzY4IC0zMiAwCnYgLTM4NCAtMzIgMAp2IC0zODQgLTE2IDAKdiAtMzY4IC0xNiAwCnYgLTM4NCAtMzIgMAp2IC00MDAgLTMyIDAKdiAtNDAwIC0xNiAwCnYgLTM4NCAtMTYgMAp2IC00MDAgLTMyIDAKdiAtNDE2IC0zMiAwCnYgLTQxNiAtMTYgMAp2IC00MDAgLTE2IDAKdiAtNDE2IC0zMiAwCnYgLTQzMiAtMzIgMAp2IC00MzIgLTE2IDAKdiAtNDE2IC0xNiAwCnYgLTQzMiAtMzIgMAp2IC00NDggLTMyIDAKdiAtNDQ4IC0xNiAwCnYgLTQzMiAtMTYgMAp2IC00NDggLTMyIDAKdiAtNDY0IC0zMiAwCnYgLTQ2NCAtMTYgMAp2IC00NDggLTE2IDAKdiAtNDY0IC0zMiAwCnYgLTQ4MCAtMzIgMAp2IC00ODAgLTE2IDAKdiAtNDY0IC0xNiAwCnYgLTQ4MCAtMzIgMAp2IC00OTYgLTMyIDAKdiAtNDk2IC0xNiAwCnYgLTQ4MCAtMTYgMAp2IC00OTYgLTMyIDAKdiAtNTEyIC0zMiAwCnYgLTUxMiAtMTYgMAp2IC00OTYgLTE2IDAKdiAtNTEyIC0zMiAwCnYgLTUyOCAtMzIgMAp2IC01MjggLTE2IDAKdiAtNTEyIC0xNiAwCnYgLTUyOCAtMzIgMAp2IC01NDQgLTMyIDAKdiAtNTQ0IC0xNiAwCnYgLTUyOCAtMTYgMAp2IC01NDQgLTMyIDAKdiAtNTYwIC0zMiAwCnYgLTU2MCAtMTYgMAp2IC01NDQgLTE2IDAKdiAtNTYwIC0zMiAwCnYgLTU3NiAtMzIgMAp2IC01NzYgLTE2IDAKdiAtNTYwIC0xNiAwCnYgLTU3NiAtMzIgMAp2IC01OTIgLTMyIDAKdiAtNTkyIC0xNiAwCnYgLTU3NiAtMTYgMAp2IC01OTIgLTMyIDAKdiAtNjA4IC0zMiAwCnYgLTYwOCAtMTYgMAp2IC01OTIgLTE2IDAKdiAtNjA4IC0zMiAwCnYgLTYyNCAtMzIgMAp2IC02MjQgLTE2IDAKdiAtNjA4IC0xNiAwCnYgLTYyNCAtMzIgMAp2IC02NDAgLTMyIDAKdiAtNjQwIC0xNiAwCnYgLTYyNCAtMTYgMAp2IDAgLTQ4IDAKdiAtMTYgLTQ4IDAKdiAtMTYgLTMyIDAKdiAwIC0zMiAwCnYgLTE2IC00OCAwCnYgLTMyIC00OCAwCnYgLTMyIC0zMiAwCnYgLTE2IC0zMiAwCnYgLTMyIC00OCAwCnYgLTQ4IC00OCAwCnYgLTQ4IC0zMiAwCnYgLTMyIC0zMiAwCnYgLTQ4IC00OCAwCnYgLTY0IC00OCAwCnYgLTY0IC0zMiAwCnYgLTQ4IC0zMiAwCnYgLTY0IC00OCAwCnYgLTgwIC00OCAwCnYgLTgwIC0zMiAwCnYgLTY0IC0zMiAwCnYgLTgwIC00OCAwCnYgLTk2IC00OCAwCnYgLTk2IC0zMiAwCnYgLTgwIC0zMiAwCnYgLTk2IC00OCAwCnYgLTExMiAtNDggMAp2IC0xMTIgLTMyIDAKdiAtOTYgLTMyIDAKdiAtMTEyIC00OCAwCnYgLTEyOCAtNDggMAp2IC0xMjggLTMyIDAKdiAtMTEyIC0zMiAwCnYgLTEyOCAtNDggMAp2IC0xNDQgLTQ4IDAKdiAtMTQ0IC0zMiAwCnYgLTEyOCAtMzIgMAp2IC0xNDQgLTQ4IDAKdiAtMTYwIC00OCAwCnYgLTE2MCAtMzIgMAp2IC0xNDQgLTMyIDAKdiAtMTYwIC00OCAwCnYgLTE3NiAtNDggMAp2IC0xNzYgLTMyIDAKdiAtMTYwIC0zMiAwCnYgLTE3NiAtNDggMAp2IC0xOTIgLTQ4IDAKdiAtMTkyIC0zMiAwCnYgLTE3NiAtMzIgMAp2IC0xOTIgLTQ4IDAKdiAtMjA4IC00OCAwCnYgLTIwOCAtMzIgMAp2IC0xOTIgLTMyIDAKdiAtMjA4IC00OCAwCnYgLTIyNCAtNDggMAp2IC0yMjQgLTMyIDAKdiAtMjA4IC0zMiAwCnYgLTIyNCAtNDggMAp2IC0yNDAgLTQ4IDAKdiAtMjQwIC0zMiAwCnYgLTIyNCAtMzIgMAp2IC0yNDAgLTQ4IDAKdiAtMjU2IC00OCAwCnYgLTI1NiAtMzIgMAp2IC0yNDAgLTMyIDAKdiAtMjU2IC00OCAwCnYgLTI3MiAtNDggMAp2IC0yNzIgLTMyIDAKdiAtMjU2IC0zMiAwCnYgLTI3MiAtNDggMAp2IC0yODggLTQ4IDAKdiAtMjg4IC0zMiAwCnYgLTI3MiAtMzIgMAp2IC0yODggLTQ4IDAKdiAtMzA0IC00OCAwCnYgLTMwNCAtMzIgMAp2IC0yODggLTMyIDAKdiAtMzA0IC00OCAwCnYgLTMyMCAtNDggMAp2IC0zMjAgLTMyIDAKdiAtMzA0IC0zMiAwCnYgLTMyMCAtNDggMAp2IC0zMzYgLTQ4IDAKdiAtMzM2IC0zMiAwCnYgLTMyMCAtMzIgMAp2IC0zMzYgLTQ4IDAKdiAtMzUyIC00OCAwCnYgLTM1MiAtMzIgMAp2IC0zMzYgLTMyIDAKdiAtMzUyIC00OCAwCnYgLTM2OCAtNDggMAp2IC0zNjggLTMyIDAKdiAtMzUyIC0zMiAwCnYgLTM2OCAtNDggMAp2IC0zODQgLTQ4IDAKdiAtMzg0IC0zMiAwCnYgLTM2OCAtMzIgMAp2IC0zODQgLTQ4IDAKdiAtNDAwIC00OCAwCnYgLTQwMCAtMzIgMAp2IC0zODQgLTMyIDAKdiAtNDAwIC00OCAwCnYgLTQxNiAtNDggMAp2IC00MTYgLTMyIDAKdiAtNDAwIC0zMiAwCnYgLTQxNiAtNDggMAp2IC00MzIgLTQ4IDAKdiAtNDMyIC0zMiAwCnYgLTQxNiAtMzIgMAp2IC00MzIgLTQ4IDAKdiAtNDQ4IC00OCAwCnYgLTQ0OCAtMzIgMAp2IC00MzIgLTMyIDAKdiAtNDQ4IC00OCAwCnYgLTQ2NCAtNDggMAp2IC00NjQgLTMyIDAKdiAtNDQ4IC0zMiAwCnYgLTQ2NCAtNDggMAp2IC00ODAgLTQ4IDAKdiAtNDgwIC0zMiAwCnYgLTQ2NCAtMzIgMAp2IC00ODAgLTQ4IDAKdiAtNDk2IC00OCAwCnYgLTQ5NiAtMzIgMAp2IC00ODAgLTMyIDAKdiAtNDk2IC00OCAwCnYgLTUxMiAtNDggMAp2IC01MTIgLTMyIDAKdiAtNDk2IC0zMiAwCnYgLTUxMiAtNDggMAp2IC01MjggLTQ4IDAKdiAtNTI4IC0zMiAwCnYgLTUxMiAtMzIgMAp2IC01MjggLTQ4IDAKdiAtNTQ0IC00OCAwCnYgLTU0NCAtMzIgMAp2IC01MjggLTMyIDAKdiAtNTQ0IC00OCAwCnYgLTU2MCAtNDggMAp2IC01NjAgLTMyIDAKdiAtNTQ0IC0zMiAwCnYgLTU2MCAtNDggMAp2IC01NzYgLTQ4IDAKdiAtNTc2IC0zMiAwCnYgLTU2MCAtMzIgMAp2IC01NzYgLTQ4IDAKdiAtNTkyIC00OCAwCnYgLTU5MiAtMzIgMAp2IC01NzYgLTMyIDAKdiAtNTkyIC00OCAwCnYgLTYwOCAtNDggMAp2IC02MDggLTMyIDAKdiAtNTkyIC0zMiAwCnYgLTYwOCAtNDggMAp2IC02MjQgLTQ4IDAKdiAtNjI0IC0zMiAwCnYgLTYwOCAtMzIgMAp2IC02MjQgLTQ4IDAKdiAtNjQwIC00OCAwCnYgLTY0MCAtMzIgMAp2IC02MjQgLTMyIDAKdiAwIC02NCAwCnYgLTE2IC02NCAwCnYgLTE2IC00OCAwCnYgMCAtNDggMAp2IC0xNiAtNjQgMAp2IC0zMiAtNjQgMAp2IC0zMiAtNDggMAp2IC0xNiAtNDggMAp2IC0zMiAtNjQgMAp2IC00OCAtNjQgMAp2IC00OCAtNDggMAp2IC0zMiAtNDggMAp2IC00OCAtNjQgMAp2IC02NCAtNjQgMAp2IC02NCAtNDggMAp2IC00OCAtNDggMAp2IC02NCAtNjQgMAp2IC04MCAtNjQgMAp2IC04MCAtNDggMAp2IC02NCAtNDggMAp2IC04MCAtNjQgMAp2IC05NiAtNjQgMAp2IC05NiAtNDggMAp2IC04MCAtNDggMAp2IC05NiAtNjQgMAp2IC0xMTIgLTY0IDAKdiAtMTEyIC00OCAwCnYgLTk2IC00OCAwCnYgLTExMiAtNjQgMAp2IC0xMjggLTY0IDAKdiAtMTI4IC00OCAwCnYgLTExMiAtNDggMAp2IC0xMjggLTY0IDAKdiAtMTQ0IC02NCAwCnYgLTE0NCAtNDggMAp2IC0xMjggLTQ4IDAKdiAtMTQ0IC02NCAwCnYgLTE2MCAtNjQgMAp2IC0xNjAgLTQ4IDAKdiAtMTQ0IC00OCAwCnYgLTE2MCAtNjQgMAp2IC0xNzYgLTY0IDAKdiAtMTc2IC00OCAwCnYgLTE2MCAtNDggMAp2IC0xNzYgLTY0IDAKdiAtMTkyIC02NCAwCnYgLTE5MiAtNDggMAp2IC0xNzYgLTQ4IDAKdiAtMTkyIC02NCAwCnYgLTIwOCAtNjQgMAp2IC0yMDggLTQ4IDAKdiAtMTkyIC00OCAwCnYgLTIwOCAtNjQgMAp2IC0yMjQgLTY0IDAKdiAtMjI0IC00OCAwCnYgLTIwOCAtNDggMAp2IC0yMjQgLTY0IDAKdiAtMjQwIC02NCAwCnYgLTI0MCAtNDggMAp2IC0yMjQgLTQ4IDAKdiAtMjQwIC02NCAwCnYgLTI1NiAtNjQgMAp2IC0yNTYgLTQ4IDAKdiAtMjQwIC00OCAwCnYgLTI1NiAtNjQgMAp2IC0yNzIgLTY0IDAKdiAtMjcyIC00OCAwCnYgLTI1NiAtNDggMAp2IC0yNzIgLTY0IDAKdiAtMjg4IC02NCAwCnYgLTI4OCAtNDggMAp2IC0yNzIgLTQ4IDAKdiAtMjg4IC02NCAwCnYgLTMwNCAtNjQgMAp2IC0zMDQgLTQ4IDAKdiAtMjg4IC00OCAwCnYgLTMwNCAtNjQgMAp2IC0zMjAgLTY0IDAKdiAtMzIwIC00OCAwCnYgLTMwNCAtNDggMAp2IC0zMjAgLTY0IDAKdiAtMzM2IC02NCAwCnYgLTMzNiAtNDggMAp2IC0zMjAgLTQ4IDAKdiAtMzM2IC02NCAwCnYgLTM1MiAtNjQgMAp2IC0zNTIgLTQ4IDAKdiAtMzM2IC00OCAwCnYgLTM1MiAtNjQgMAp2IC0zNjggLTY0IDAKdiAtMzY4IC00OCAwCnYgLTM1MiAtNDggMAp2IC0zNjggLTY0IDAKdiAtMzg0IC02NCAwCnYgLTM4NCAtNDggMAp2IC0zNjggLTQ4IDAKdiAtMzg0IC02NCAwCnYgLTQwMCAtNjQgMAp2IC00MDAgLTQ4IDAKdiAtMzg0IC00OCAwCnYgLTQwMCAtNjQgMAp2IC00MTYgLTY0IDAKdiAtNDE2IC00OCAwCnYgLTQwMCAtNDggMAp2IC00MTYgLTY0IDAKdiAtNDMyIC02NCAwCnYgLTQzMiAtNDggMAp2IC00MTYgLTQ4IDAKdiAtNDMyIC02NCAwCnYgLTQ0OCAtNjQgMAp2IC00NDggLTQ4IDAKdiAtNDMyIC00OCAwCnYgLTQ0OCAtNjQgMAp2IC00NjQgLTY0IDAKdiAtNDY0IC00OCAwCnYgLTQ0OCAtNDggMAp2IC00NjQgLTY0IDAKdiAtNDgwIC02NCAwCnYgLTQ4MCAtNDggMAp2IC00NjQgLTQ4IDAKdiAtNDgwIC02NCAwCnYgLTQ5NiAtNjQgMAp2IC00OTYgLTQ4IDAKdiAtNDgwIC00OCAwCnYgLTQ5NiAtNjQgMAp2IC01MTIgLTY0IDAKdiAtNTEyIC00OCAwCnYgLTQ5NiAtNDggMAp2IC01MTIgLTY0IDAKdiAtNTI4IC02NCAwCnYgLTUyOCAtNDggMAp2IC01MTIgLTQ4IDAKdiAtNTI4IC02NCAwCnYgLTU0NCAtNjQgMAp2IC01NDQgLTQ4IDAKdiAtNTI4IC00OCAwCnYgLTU0NCAtNjQgMAp2IC01NjAgLTY0IDAKdiAtNTYwIC00OCAwCnYgLTU0NCAtNDggMAp2IC01NjAgLTY0IDAKdiAtNTc2IC02NCAwCnYgLTU3NiAtNDggMAp2IC01NjAgLTQ4IDAKdiAtNTc2IC02NCAwCnYgLTU5MiAtNjQgMAp2IC01OTIgLTQ4IDAKdiAtNTc2IC00OCAwCnYgLTU5MiAtNjQgMAp2IC02MDggLTY0IDAKdiAtNjA4IC00OCAwCnYgLTU5MiAtNDggMAp2IC02MDggLTY0IDAKdiAtNjI0IC02NCAwCnYgLTYyNCAtNDggMAp2IC02MDggLTQ4IDAKdiAtNjI0IC02NCAwCnYgLTY0MCAtNjQgMAp2IC02NDAgLTQ4IDAKdiAtNjI0IC00OCAwCnYgMCAtODAgMAp2IC0xNiAtODAgMAp2IC0xNiAtNjQgMAp2IDAgLTY0IDAKdiAtMTYgLTgwIDAKdiAtMzIgLTgwIDAKdiAtMzIgLTY0IDAKdiAtMTYgLTY0IDAKdiAtMzIgLTgwIDAKdiAtNDggLTgwIDAKdiAtNDggLTY0IDAKdiAtMzIgLTY0IDAKdiAtNDggLTgwIDAKdiAtNjQgLTgwIDAKdiAtNjQgLTY0IDAKdiAtNDggLTY0IDAKdiAtNjQgLTgwIDAKdiAtODAgLTgwIDAKdiAtODAgLTY0IDAKdiAtNjQgLTY0IDAKdiAtODAgLTgwIDAKdiAtOTYgLTgwIDAKdiAtOTYgLTY0IDAKdiAtODAgLTY0IDAKdiAtOTYgLTgwIDAKdiAtMTEyIC04MCAwCnYgLTExMiAtNjQgMAp2IC05NiAtNjQgMAp2IC0xMTIgLTgwIDAKdiAtMTI4IC04MCAwCnYgLTEyOCAtNjQgMAp2IC0xMTIgLTY0IDAKdiAtMTI4IC04MCAwCnYgLTE0NCAtODAgMAp2IC0xNDQgLTY0IDAKdiAtMTI4IC02NCAwCnYgLTE0NCAtODAgMAp2IC0xNjAgLTgwIDAKdiAtMTYwIC02NCAwCnYgLTE0NCAtNjQgMAp2IC0xNjAgLTgwIDAKdiAtMTc2IC04MCAwCnYgLTE3NiAtNjQgMAp2IC0xNjAgLTY0IDAKdiAtMTc2IC04MCAwCnYgLTE5MiAtODAgMAp2IC0xOTIgLTY0IDAKdiAtMTc2IC02NCAwCnYgLTE5MiAtODAgMAp2IC0yMDggLTgwIDAKdiAtMjA4IC02NCAwCnYgLTE5MiAtNjQgMAp2IC0yMDggLTgwIDAKdiAtMjI0IC04MCAwCnYgLTIyNCAtNjQgMAp2IC0yMDggLTY0IDAKdiAtMjI0IC04MCAwCnYgLTI0MCAtODAgMAp2IC0yNDAgLTY0IDAKdiAtMjI0IC02NCAwCnYgLTI0MCAtODAgMAp2IC0yNTYgLTgwIDAKdiAtMjU2IC02NCAwCnYgLTI0MCAtNjQgMAp2IC0yNTYgLTgwIDAKdiAtMjcyIC04MCAwCnYgLTI3MiAtNjQgMAp2IC0yNTYgLTY0IDAKdiAtMjcyIC04MCAwCnYgLTI4OCAtODAgMAp2IC0yODggLTY0IDAKdiAtMjcyIC02NCAwCnYgLTI4OCAtODAgMAp2IC0zMDQgLTgwIDAKdiAtMzA0IC02NCAwCnYgLTI4OCAtNjQgMAp2IC0zMDQgLTgwIDAKdiAtMzIwIC04MCAwCnYgLTMyMCAtNjQgMAp2IC0zMDQgLTY0IDAKdiAtMzIwIC04MCAwCnYgLTMzNiAtODAgMAp2IC0zMzYgLTY0IDAKdiAtMzIwIC02NCAwCnYgLTMzNiAtODAgMAp2IC0zNTIgLTgwIDAKdiAtMzUyIC02NCAwCnYgLTMzNiAtNjQgMAp2IC0zNTIgLTgwIDAKdiAtMzY4IC04MCAwCnYgLTM2OCAtNjQgMAp2IC0zNTIgLTY0IDAKdiAtMzY4IC04MCAwCnYgLTM4NCAtODAgMAp2IC0zODQgLTY0IDAKdiAtMzY4IC02NCAwCnYgLTM4NCAtODAgMAp2IC00MDAgLTgwIDAKdiAtNDAwIC02NCAwCnYgLTM4NCAtNjQgMAp2IC00MDAgLTgwIDAKdiAtNDE2IC04MCAwCnYgLTQxNiAtNjQgMAp2IC00MDAgLTY0IDAKdiAtNDE2IC04MCAwCnYgLTQzMiAtODAgMAp2IC00MzIgLTY0IDAKdiAtNDE2IC02NCAwCnYgLTQzMiAtODAgMAp2IC00NDggLTgwIDAKdiAtNDQ4IC02NCAwCnYgLTQzMiAtNjQgMAp2IC00NDggLTgwIDAKdiAtNDY0IC04MCAwCnYgLTQ2NCAtNjQgMAp2IC00NDggLTY0IDAKdiAtNDY0IC04MCAwCnYgLTQ4MCAtODAgMAp2IC00ODAgLTY0IDAKdiAtNDY0IC02NCAwCnYgLTQ4MCAtODAgMAp2IC00OTYgLTgwIDAKdiAtNDk2IC02NCAwCnYgLTQ4MCAtNjQgMAp2IC00OTYgLTgwIDAKdiAtNTEyIC04MCAwCnYgLTUxMiAtNjQgMAp2IC00OTYgLTY0IDAKdiAtNTEyIC04MCAwCnYgLTUyOCAtODAgMAp2IC01MjggLTY0IDAKdiAtNTEyIC02NCAwCnYgLTUyOCAtODAgMAp2IC01NDQgLTgwIDAKdiAtNTQ0IC02NCAwCnYgLTUyOCAtNjQgMAp2IC01NDQgLTgwIDAKdiAtNTYwIC04MCAwCnYgLTU2MCAtNjQgMAp2IC01NDQgLTY0IDAKdiAtNTYwIC04MCAwCnYgLTU3NiAtODAgMAp2IC01NzYgLTY0IDAKdiAtNTYwIC02NCAwCnYgLTU3NiAtODAgMAp2IC01OTIgLTgwIDAKdiAtNTkyIC02NCAwCnYgLTU3NiAtNjQgMAp2IC01OTIgLTgwIDAKdiAtNjA4IC04MCAwCnYgLTYwOCAtNjQgMAp2IC01OTIgLTY0IDAKdiAtNjA4IC04MCAwCnYgLTYyNCAtODAgMAp2IC02MjQgLTY0IDAKdiAtNjA4IC02NCAwCnYgLTYyNCAtODAgMAp2IC02NDAgLTgwIDAKdiAtNjQwIC02NCAwCnYgLTYyNCAtNjQgMAp2IDAgLTk2IDAKdiAtMTYgLTk2IDAKdiAtMTYgLTgwIDAKdiAwIC04MCAwCnYgLTE2IC05NiAwCnYgLTMyIC05NiAwCnYgLTMyIC04MCAwCnYgLTE2IC04MCAwCnYgLTMyIC05NiAwCnYgLTQ4IC05NiAwCnYgLTQ4IC04MCAwCnYgLTMyIC04MCAwCnYgLTQ4IC05NiAwCnYgLTY0IC05NiAwCnYgLTY0IC04MCAwCnYgLTQ4IC04MCAwCnYgLTY0IC05NiAwCnYgLTgwIC05NiAwCnYgLTgwIC04MCAwCnYgLTY0IC04MCAwCnYgLTgwIC05NiAwCnYgLTk2IC05NiAwCnYgLTk2IC04MCAwCnYgLTgwIC04MCAwCnYgLTk2IC05NiAwCnYgLTExMiAtOTYgMAp2IC0xMTIgLTgwIDAKdiAtOTYgLTgwIDAKdiAtMTEyIC05NiAwCnYgLTEyOCAtOTYgMAp2IC0xMjggLTgwIDAKdiAtMTEyIC04MCAwCnYgLTEyOCAtOTYgMAp2IC0xNDQgLTk2IDAKdiAtMTQ0IC04MCAwCnYgLTEyOCAtODAgMAp2IC0xNDQgLTk2IDAKdiAtMTYwIC05NiAwCnYgLTE2MCAtODAgMAp2IC0xNDQgLTgwIDAKdiAtMTYwIC05NiAwCnYgLTE3NiAtOTYgMAp2IC0xNzYgLTgwIDAKdiAtMTYwIC04MCAwCnYgLTE3NiAtOTYgMAp2IC0xOTIgLTk2IDAKdiAtMTkyIC04MCAwCnYgLTE3NiAtODAgMAp2IC0xOTIgLTk2IDAKdiAtMjA4IC05NiAwCnYgLTIwOCAtODAgMAp2IC0xOTIgLTgwIDAKdiAtMjA4IC05NiAwCnYgLTIyNCAtOTYgMAp2IC0yMjQgLTgwIDAKdiAtMjA4IC04MCAwCnYgLTIyNCAtOTYgMAp2IC0yNDAgLTk2IDAKdiAtMjQwIC04MCAwCnYgLTIyNCAtODAgMAp2IC0yNDAgLTk2IDAKdiAtMjU2IC05NiAwCnYgLTI1NiAtODAgMAp2IC0yNDAgLTgwIDAKdiAtMjU2IC05NiAwCnYgLTI3MiAtOTYgMAp2IC0yNzIgLTgwIDAKdiAtMjU2IC04MCAwCnYgLTI3MiAtOTYgMAp2IC0yODggLTk2IDAKdiAtMjg4IC04MCAwCnYgLTI3MiAtODAgMAp2IC0yODggLTk2IDAKdiAtMzA0IC05NiAwCnYgLTMwNCAtODAgMAp2IC0yODggLTgwIDAKdiAtMzA0IC05NiAwCnYgLTMyMCAtOTYgMAp2IC0zMjAgLTgwIDAKdiAtMzA0IC04MCAwCnYgLTMyMCAtOTYgMAp2IC0zMzYgLTk2IDAKdiAtMzM2IC04MCAwCnYgLTMyMCAtODAgMAp2IC0zMzYgLTk2IDAKdiAtMzUyIC05NiAwCnYgLTM1MiAtODAgMAp2IC0zMzYgLTgwIDAKdiAtMzUyIC05NiAwCnYgLTM2OCAtOTYgMAp2IC0zNjggLTgwIDAKdiAtMzUyIC04MCAwCnYgLTM2OCAtOTYgMAp2IC0zODQgLTk2IDAKdiAtMzg0IC04MCAwCnYgLTM2OCAtODAgMAp2IC0zODQgLTk2IDAKdiAtNDAwIC05NiAwCnYgLTQwMCAtODAgMAp2IC0zODQgLTgwIDAKdiAtNDAwIC05NiAwCnYgLTQxNiAtOTYgMAp2IC00MTYgLTgwIDAKdiAtNDAwIC04MCAwCnYgLTQxNiAtOTYgMAp2IC00MzIgLTk2IDAKdiAtNDMyIC04MCAwCnYgLTQxNiAtODAgMAp2IC00MzIgLTk2IDAKdiAtNDQ4IC05NiAwCnYgLTQ0OCAtODAgMAp2IC00MzIgLTgwIDAKdiAtNDQ4IC05NiAwCnYgLTQ2NCAtOTYgMAp2IC00NjQgLTgwIDAKdiAtNDQ4IC04MCAwCnYgLTQ2NCAtOTYgMAp2IC00ODAgLTk2IDAKdiAtNDgwIC04MCAwCnYgLTQ2NCAtODAgMAp2IC00ODAgLTk2IDAKdiAtNDk2IC05NiAwCnYgLTQ5NiAtODAgMAp2IC00ODAgLTgwIDAKdiAtNDk2IC05NiAwCnYgLTUxMiAtOTYgMAp2IC01MTIgLTgwIDAKdiAtNDk2IC04MCAwCnYgLTUxMiAtOTYgMAp2IC01MjggLTk2IDAKdiAtNTI4IC04MCAwCnYgLTUxMiAtODAgMAp2IC01MjggLTk2IDAKdiAtNTQ0IC05NiAwCnYgLTU0NCAtODAgMAp2IC01MjggLTgwIDAKdiAtNTQ0IC05NiAwCnYgLTU2MCAtOTYgMAp2IC01NjAgLTgwIDAKdiAtNTQ0IC04MCAwCnYgLTU2MCAtOTYgMAp2IC01NzYgLTk2IDAKdiAtNTc2IC04MCAwCnYgLTU2MCAtODAgMAp2IC01NzYgLTk2IDAKdiAtNTkyIC05NiAwCnYgLTU5MiAtODAgMAp2IC01NzYgLTgwIDAKdiAtNTkyIC05NiAwCnYgLTYwOCAtOTYgMAp2IC02MDggLTgwIDAKdiAtNTkyIC04MCAwCnYgLTYwOCAtOTYgMAp2IC02MjQgLTk2IDAKdiAtNjI0IC04MCAwCnYgLTYwOCAtODAgMAp2IC02MjQgLTk2IDAKdiAtNjQwIC05NiAwCnYgLTY0MCAtODAgMAp2IC02MjQgLTgwIDAKdiAwIC0xMTIgMAp2IC0xNiAtMTEyIDAKdiAtMTYgLTk2IDAKdiAwIC05NiAwCnYgLTE2IC0xMTIgMAp2IC0zMiAtMTEyIDAKdiAtMzIgLTk2IDAKdiAtMTYgLTk2IDAKdiAtMzIgLTExMiAwCnYgLTQ4IC0xMTIgMAp2IC00OCAtOTYgMAp2IC0zMiAtOTYgMAp2IC00OCAtMTEyIDAKdiAtNjQgLTExMiAwCnYgLTY0IC05NiAwCnYgLTQ4IC05NiAwCnYgLTY0IC0xMTIgMAp2IC04MCAtMTEyIDAKdiAtODAgLTk2IDAKdiAtNjQgLTk2IDAKdiAtODAgLTExMiAwCnYgLTk2IC0xMTIgMAp2IC05NiAtOTYgMAp2IC04MCAtOTYgMAp2IC05NiAtMTEyIDAKdiAtMTEyIC0xMTIgMAp2IC0xMTIgLTk2IDAKdiAtOTYgLTk2IDAKdiAtMTEyIC0xMTIgMAp2IC0xMjggLTExMiAwCnYgLTEyOCAtOTYgMAp2IC0xMTIgLTk2IDAKdiAtMTI4IC0xMTIgMAp2IC0xNDQgLTExMiAwCnYgLTE0NCAtOTYgMAp2IC0xMjggLTk2IDAKdiAtMTQ0IC0xMTIgMAp2IC0xNjAgLTExMiAwCnYgLTE2MCAtOTYgMAp2IC0xNDQgLTk2IDAKdiAtMTYwIC0xMTIgMAp2IC0xNzYgLTExMiAwCnYgLTE3NiAtOTYgMAp2IC0xNjAgLTk2IDAKdiAtMTc2IC0xMTIgMAp2IC0xOTIgLTExMiAwCnYgLTE5MiAtOTYgMAp2IC0xNzYgLTk2IDAKdiAtMTkyIC0xMTIgMAp2IC0yMDggLTExMiAwCnYgLTIwOCAtOTYgMAp2IC0xOTIgLTk2IDAKdiAtMjA4IC0xMTIgMAp2IC0yMjQgLTExMiAwCnYgLTIyNCAtOTYgMAp2IC0yMDggLTk2IDAKdiAtMjI0IC0xMTIgMAp2IC0yNDAgLTExMiAwCnYgLTI0MCAtOTYgMAp2IC0yMjQgLTk2IDAKdiAtMjQwIC0xMTIgMAp2IC0yNTYgLTExMiAwCnYgLTI1NiAtOTYgMAp2IC0yNDAgLTk2IDAKdiAtMjU2IC0xMTIgMAp2IC0yNzIgLTExMiAwCnYgLTI3MiAtOTYgMAp2IC0yNTYgLTk2IDAKdiAtMjcyIC0xMTIgMAp2IC0yODggLTExMiAwCnYgLTI4OCAtOTYgMAp2IC0yNzIgLTk2IDAKdiAtMjg4IC0xMTIgMAp2IC0zMDQgLTExMiAwCnYgLTMwNCAtOTYgMAp2IC0yODggLTk2IDAKdiAtMzA0IC0xMTIgMAp2IC0zMjAgLTExMiAwCnYgLTMyMCAtOTYgMAp2IC0zMDQgLTk2IDAKdiAtMzIwIC0xMTIgMAp2IC0zMzYgLTExMiAwCnYgLTMzNiAtOTYgMAp2IC0zMjAgLTk2IDAKdiAtMzM2IC0xMTIgMAp2IC0zNTIgLTExMiAwCnYgLTM1MiAtOTYgMAp2IC0zMzYgLTk2IDAKdiAtMzUyIC0xMTIgMAp2IC0zNjggLTExMiAwCnYgLTM2OCAtOTYgMAp2IC0zNTIgLTk2IDAKdiAtMzY4IC0xMTIgMAp2IC0zODQgLTExMiAwCnYgLTM4NCAtOTYgMAp2IC0zNjggLTk2IDAKdiAtMzg0IC0xMTIgMAp2IC00MDAgLTExMiAwCnYgLTQwMCAtOTYgMAp2IC0zODQgLTk2IDAKdiAtNDAwIC0xMTIgMAp2IC00MTYgLTExMiAwCnYgLTQxNiAtOTYgMAp2IC00MDAgLTk2IDAKdiAtNDE2IC0xMTIgMAp2IC00MzIgLTExMiAwCnYgLTQzMiAtOTYgMAp2IC00MTYgLTk2IDAKdiAtNDMyIC0xMTIgMAp2IC00NDggLTExMiAwCnYgLTQ0OCAtOTYgMAp2IC00MzIgLTk2IDAKdiAtNDQ4IC0xMTIgMAp2IC00NjQgLTExMiAwCnYgLTQ2NCAtOTYgMAp2IC00NDggLTk2IDAKdiAtNDY0IC0xMTIgMAp2IC00ODAgLTExMiAwCnYgLTQ4MCAtOTYgMAp2IC00NjQgLTk2IDAKdiAtNDgwIC0xMTIgMAp2IC00OTYgLTExMiAwCnYgLTQ5NiAtOTYgMAp2IC00ODAgLTk2IDAKdiAtNDk2IC0xMTIgMAp2IC01MTIgLTExMiAwCnYgLTUxMiAtOTYgMAp2IC00OTYgLTk2IDAKdiAtNTEyIC0xMTIgMAp2IC01MjggLTExMiAwCnYgLTUyOCAtOTYgMAp2IC01MTIgLTk2IDAKdiAtNTI4IC0xMTIgMAp2IC01NDQgLTExMiAwCnYgLTU0NCAtOTYgMAp2IC01MjggLTk2IDAKdiAtNTQ0IC0xMTIgMAp2IC01NjAgLTExMiAwCnYgLTU2MCAtOTYgMAp2IC01NDQgLTk2IDAKdiAtNTYwIC0xMTIgMAp2IC01NzYgLTExMiAwCnYgLTU3NiAtOTYgMAp2IC01NjAgLTk2IDAKdiAtNTc2IC0xMTIgMAp2IC01OTIgLTExMiAwCnYgLTU5MiAtOTYgMAp2IC01NzYgLTk2IDAKdiAtNTkyIC0xMTIgMAp2IC02MDggLTExMiAwCnYgLTYwOCAtOTYgMAp2IC01OTIgLTk2IDAKdiAtNjA4IC0xMTIgMAp2IC02MjQgLTExMiAwCnYgLTYyNCAtOTYgMAp2IC02MDggLTk2IDAKdiAtNjI0IC0xMTIgMAp2IC02NDAgLTExMiAwCnYgLTY0MCAtOTYgMAp2IC02MjQgLTk2IDAKdiAwIC0xMjggMAp2IC0xNiAtMTI4IDAKdiAtMTYgLTExMiAwCnYgMCAtMTEyIDAKdiAtMTYgLTEyOCAwCnYgLTMyIC0xMjggMAp2IC0zMiAtMTEyIDAKdiAtMTYgLTExMiAwCnYgLTMyIC0xMjggMAp2IC00OCAtMTI4IDAKdiAtNDggLTExMiAwCnYgLTMyIC0xMTIgMAp2IC00OCAtMTI4IDAKdiAtNjQgLTEyOCAwCnYgLTY0IC0xMTIgMAp2IC00OCAtMTEyIDAKdiAtNjQgLTEyOCAwCnYgLTgwIC0xMjggMAp2IC04MCAtMTEyIDAKdiAtNjQgLTExMiAwCnYgLTgwIC0xMjggMAp2IC05NiAtMTI4IDAKdiAtOTYgLTExMiAwCnYgLTgwIC0xMTIgMAp2IC05NiAtMTI4IDAKdiAtMTEyIC0xMjggMAp2IC0xMTIgLTExMiAwCnYgLTk2IC0xMTIgMAp2IC0xMTIgLTEyOCAwCnYgLTEyOCAtMTI4IDAKdiAtMTI4IC0xMTIgMAp2IC0xMTIgLTExMiAwCnYgLTEyOCAtMTI4IDAKdiAtMTQ0IC0xMjggMAp2IC0xNDQgLTExMiAwCnYgLTEyOCAtMTEyIDAKdiAtMTQ0IC0xMjggMAp2IC0xNjAgLTEyOCAwCnYgLTE2MCAtMTEyIDAKdiAtMTQ0IC0xMTIgMAp2IC0xNjAgLTEyOCAwCnYgLTE3NiAtMTI4IDAKdiAtMTc2IC0xMTIgMAp2IC0xNjAgLTExMiAwCnYgLTE3NiAtMTI4IDAKdiAtMTkyIC0xMjggMAp2IC0xOTIgLTExMiAwCnYgLTE3NiAtMTEyIDAKdiAtMTkyIC0xMjggMAp2IC0yMDggLTEyOCAwCnYgLTIwOCAtMTEyIDAKdiAtMTkyIC0xMTIgMAp2IC0yMDggLTEyOCAwCnYgLTIyNCAtMTI4IDAKdiAtMjI0IC0xMTIgMAp2IC0yMDggLTExMiAwCnYgLTIyNCAtMTI4IDAKdiAtMjQwIC0xMjggMAp2IC0yNDAgLTExMiAwCnYgLTIyNCAtMTEyIDAKdiAtMjQwIC0xMjggMAp2IC0yNTYgLTEyOCAwCnYgLTI1NiAtMTEyIDAKdiAtMjQwIC0xMTIgMAp2IC0yNTYgLTEyOCAwCnYgLTI3MiAtMTI4IDAKdiAtMjcyIC0xMTIgMAp2IC0yNTYgLTExMiAwCnYgLTI3MiAtMTI4IDAKdiAtMjg4IC0xMjggMAp2IC0yODggLTExMiAwCnYgLTI3MiAtMTEyIDAKdiAtMjg4IC0xMjggMAp2IC0zMDQgLTEyOCAwCnYgLTMwNCAtMTEyIDAKdiAtMjg4IC0xMTIgMAp2IC0zMDQgLTEyOCAwCnYgLTMyMCAtMTI4IDAKdiAtMzIwIC0xMTIgMAp2IC0zMDQgLTExMiAwCnYgLTMyMCAtMTI4IDAKdiAtMzM2IC0xMjggMAp2IC0zMzYgLTExMiAwCnYgLTMyMCAtMTEyIDAKdiAtMzM2IC0xMjggMAp2IC0zNTIgLTEyOCAwCnYgLTM1MiAtMTEyIDAKdiAtMzM2IC0xMTIgMAp2IC0zNTIgLTEyOCAwCnYgLTM2OCAtMTI4IDAKdiAtMzY4IC0xMTIgMAp2IC0zNTIgLTExMiAwCnYgLTM2OCAtMTI4IDAKdiAtMzg0IC0xMjggMAp2IC0zODQgLTExMiAwCnYgLTM2OCAtMTEyIDAKdiAtMzg0IC0xMjggMAp2IC00MDAgLTEyOCAwCnYgLTQwMCAtMTEyIDAKdiAtMzg0IC0xMTIgMAp2IC00MDAgLTEyOCAwCnYgLTQxNiAtMTI4IDAKdiAtNDE2IC0xMTIgMAp2IC00MDAgLTExMiAwCnYgLTQxNiAtMTI4IDAKdiAtNDMyIC0xMjggMAp2IC00MzIgLTExMiAwCnYgLTQxNiAtMTEyIDAKdiAtNDMyIC0xMjggMAp2IC00NDggLTEyOCAwCnYgLTQ0OCAtMTEyIDAKdiAtNDMyIC0xMTIgMAp2IC00NDggLTEyOCAwCnYgLTQ2NCAtMTI4IDAKdiAtNDY0IC0xMTIgMAp2IC00NDggLTExMiAwCnYgLTQ2NCAtMTI4IDAKdiAtNDgwIC0xMjggMAp2IC00ODAgLTExMiAwCnYgLTQ2NCAtMTEyIDAKdiAtNDgwIC0xMjggMAp2IC00OTYgLTEyOCAwCnYgLTQ5NiAtMTEyIDAKdiAtNDgwIC0xMTIgMAp2IC00OTYgLTEyOCAwCnYgLTUxMiAtMTI4IDAKdiAtNTEyIC0xMTIgMAp2IC00OTYgLTExMiAwCnYgLTUxMiAtMTI4IDAKdiAtNTI4IC0xMjggMAp2IC01MjggLTExMiAwCnYgLTUxMiAtMTEyIDAKdiAtNTI4IC0xMjggMAp2IC01NDQgLTEyOCAwCnYgLTU0NCAtMTEyIDAKdiAtNTI4IC0xMTIgMAp2IC01NDQgLTEyOCAwCnYgLTU2MCAtMTI4IDAKdiAtNTYwIC0xMTIgMAp2IC01NDQgLTExMiAwCnYgLTU2MCAtMTI4IDAKdiAtNTc2IC0xMjggMAp2IC01NzYgLTExMiAwCnYgLTU2MCAtMTEyIDAKdiAtNTc2IC0xMjggMAp2IC01OTIgLTEyOCAwCnYgLTU5MiAtMTEyIDAKdiAtNTc2IC0xMTIgMAp2IC01OTIgLTEyOCAwCnYgLTYwOCAtMTI4IDAKdiAtNjA4IC0xMTIgMAp2IC01OTIgLTExMiAwCnYgLTYwOCAtMTI4IDAKdiAtNjI0IC0xMjggMAp2IC02MjQgLTExMiAwCnYgLTYwOCAtMTEyIDAKdiAtNjI0IC0xMjggMAp2IC02NDAgLTEyOCAwCnYgLTY0MCAtMTEyIDAKdiAtNjI0IC0xMTIgMAp2IDAgLTE0NCAwCnYgLTE2IC0xNDQgMAp2IC0xNiAtMTI4IDAKdiAwIC0xMjggMAp2IC0xNiAtMTQ0IDAKdiAtMzIgLTE0NCAwCnYgLTMyIC0xMjggMAp2IC0xNiAtMTI4IDAKdiAtMzIgLTE0NCAwCnYgLTQ4IC0xNDQgMAp2IC00OCAtMTI4IDAKdiAtMzIgLTEyOCAwCnYgLTQ4IC0xNDQgMAp2IC02NCAtMTQ0IDAKdiAtNjQgLTEyOCAwCnYgLTQ4IC0xMjggMAp2IC02NCAtMTQ0IDAKdiAtODAgLTE0NCAwCnYgLTgwIC0xMjggMAp2IC02NCAtMTI4IDAKdiAtODAgLTE0NCAwCnYgLTk2IC0xNDQgMAp2IC05NiAtMTI4IDAKdiAtODAgLTEyOCAwCnYgLTk2IC0xNDQgMAp2IC0xMTIgLTE0NCAwCnYgLTExMiAtMTI4IDAKdiAtOTYgLTEyOCAwCnYgLTExMiAtMTQ0IDAKdiAtMTI4IC0xNDQgMAp2IC0xMjggLTEyOCAwCnYgLTExMiAtMTI4IDAKdiAtMTI4IC0xNDQgMAp2IC0xNDQgLTE0NCAwCnYgLTE0NCAtMTI4IDAKdiAtMTI4IC0xMjggMAp2IC0xNDQgLTE0NCAwCnYgLTE2MCAtMTQ0IDAKdiAtMTYwIC0xMjggMAp2IC0xNDQgLTEyOCAwCnYgLTE2MCAtMTQ0IDAKdiAtMTc2IC0xNDQgMAp2IC0xNzYgLTEyOCAwCnYgLTE2MCAtMTI4IDAKdiAtMTc2IC0xNDQgMAp2IC0xOTIgLTE0NCAwCnYgLTE5MiAtMTI4IDAKdiAtMTc2IC0xMjggMAp2IC0xOTIgLTE0NCAwCnYgLTIwOCAtMTQ0IDAKdiAtMjA4IC0xMjggMAp2IC0xOTIgLTEyOCAwCnYgLTIwOCAtMTQ0IDAKdiAtMjI0IC0xNDQgMAp2IC0yMjQgLTEyOCAwCnYgLTIwOCAtMTI4IDAKdiAtMjI0IC0xNDQgMAp2IC0yNDAgLTE0NCAwCnYgLTI0MCAtMTI4IDAKdiAtMjI0IC0xMjggMAp2IC0yNDAgLTE0NCAwCnYgLTI1NiAtMTQ0IDAKdiAtMjU2IC0xMjggMAp2IC0yNDAgLTEyOCAwCnYgLTI1NiAtMTQ0IDAKdiAtMjcyIC0xNDQgMAp2IC0yNzIgLTEyOCAwCnYgLTI1NiAtMTI4IDAKdiAtMjcyIC0xNDQgMAp2IC0yODggLTE0NCAwCnYgLTI4OCAtMTI4IDAKdiAtMjcyIC0xMjggMAp2IC0yODggLTE0NCAwCnYgLTMwNCAtMTQ0IDAKdiAtMzA0IC0xMjggMAp2IC0yODggLTEyOCAwCnYgLTMwNCAtMTQ0IDAKdiAtMzIwIC0xNDQgMAp2IC0zMjAgLTEyOCAwCnYgLTMwNCAtMTI4IDAKdiAtMzIwIC0xNDQgMAp2IC0zMzYgLTE0NCAwCnYgLTMzNiAtMTI4IDAKdiAtMzIwIC0xMjggMAp2IC0zMzYgLTE0NCAwCnYgLTM1MiAtMTQ0IDAKdiAtMzUyIC0xMjggMAp2IC0zMzYgLTEyOCAwCnYgLTM1MiAtMTQ0IDAKdiAtMzY4IC0xNDQgMAp2IC0zNjggLTEyOCAwCnYgLTM1MiAtMTI4IDAKdiAtMzY4IC0xNDQgMAp2IC0zODQgLTE0NCAwCnYgLTM4NCAtMTI4IDAKdiAtMzY4IC0xMjggMAp2IC0zODQgLTE0NCAwCnYgLTQwMCAtMTQ0IDAKdiAtNDAwIC0xMjggMAp2IC0zODQgLTEyOCAwCnYgLTQwMCAtMTQ0IDAKdiAtNDE2IC0xNDQgMAp2IC00MTYgLTEyOCAwCnYgLTQwMCAtMTI4IDAKdiAtNDE2IC0xNDQgMAp2IC00MzIgLTE0NCAwCnYgLTQzMiAtMTI4IDAKdiAtNDE2IC0xMjggMAp2IC00MzIgLTE0NCAwCnYgLTQ0OCAtMTQ0IDAKdiAtNDQ4IC0xMjggMAp2IC00MzIgLTEyOCAwCnYgLTQ0OCAtMTQ0IDAKdiAtNDY0IC0xNDQgMAp2IC00NjQgLTEyOCAwCnYgLTQ0OCAtMTI4IDAKdiAtNDY0IC0xNDQgMAp2IC00ODAgLTE0NCAwCnYgLTQ4MCAtMTI4IDAKdiAtNDY0IC0xMjggMAp2IC00ODAgLTE0NCAwCnYgLTQ5NiAtMTQ0IDAKdiAtNDk2IC0xMjggMAp2IC00ODAgLTEyOCAwCnYgLTQ5NiAtMTQ0IDAKdiAtNTEyIC0xNDQgMAp2IC01MTIgLTEyOCAwCnYgLTQ5NiAtMTI4IDAKdiAtNTEyIC0xNDQgMAp2IC01MjggLTE0NCAwCnYgLTUyOCAtMTI4IDAKdiAtNTEyIC0xMjggMAp2IC01MjggLTE0NCAwCnYgLTU0NCAtMTQ0IDAKdiAtNTQ0IC0xMjggMAp2IC01MjggLTEyOCAwCnYgLTU0NCAtMTQ0IDAKdiAtNTYwIC0xNDQgMAp2IC01NjAgLTEyOCAwCnYgLTU0NCAtMTI4IDAKdiAtNTYwIC0xNDQgMAp2IC01NzYgLTE0NCAwCnYgLTU3NiAtMTI4IDAKdiAtNTYwIC0xMjggMAp2IC01NzYgLTE0NCAwCnYgLTU5MiAtMTQ0IDAKdiAtNTkyIC0xMjggMAp2IC01NzYgLTEyOCAwCnYgLTU5MiAtMTQ0IDAKdiAtNjA4IC0xNDQgMAp2IC02MDggLTEyOCAwCnYgLTU5MiAtMTI4IDAKdiAtNjA4IC0xNDQgMAp2IC02MjQgLTE0NCAwCnYgLTYyNCAtMTI4IDAKdiAtNjA4IC0xMjggMAp2IC02MjQgLTE0NCAwCnYgLTY0MCAtMTQ0IDAKdiAtNjQwIC0xMjggMAp2IC02MjQgLTEyOCAwCnYgMCAtMTYwIDAKdiAtMTYgLTE2MCAwCnYgLTE2IC0xNDQgMAp2IDAgLTE0NCAwCnYgLTE2IC0xNjAgMAp2IC0zMiAtMTYwIDAKdiAtMzIgLTE0NCAwCnYgLTE2IC0xNDQgMAp2IC0zMiAtMTYwIDAKdiAtNDggLTE2MCAwCnYgLTQ4IC0xNDQgMAp2IC0zMiAtMTQ0IDAKdiAtNDggLTE2MCAwCnYgLTY0IC0xNjAgMAp2IC02NCAtMTQ0IDAKdiAtNDggLTE0NCAwCnYgLTY0IC0xNjAgMAp2IC04MCAtMTYwIDAKdiAtODAgLTE0NCAwCnYgLTY0IC0xNDQgMAp2IC04MCAtMTYwIDAKdiAtOTYgLTE2MCAwCnYgLTk2IC0xNDQgMAp2IC04MCAtMTQ0IDAKdiAtOTYgLTE2MCAwCnYgLTExMiAtMTYwIDAKdiAtMTEyIC0xNDQgMAp2IC05NiAtMTQ0IDAKdiAtMTEyIC0xNjAgMAp2IC0xMjggLTE2MCAwCnYgLTEyOCAtMTQ0IDAKdiAtMTEyIC0xNDQgMAp2IC0xMjggLTE2MCAwCnYgLTE0NCAtMTYwIDAKdiAtMTQ0IC0xNDQgMAp2IC0xMjggLTE0NCAwCnYgLTE0NCAtMTYwIDAKdiAtMTYwIC0xNjAgMAp2IC0xNjAgLTE0NCAwCnYgLTE0NCAtMTQ0IDAKdiAtMTYwIC0xNjAgMAp2IC0xNzYgLTE2MCAwCnYgLTE3NiAtMTQ0IDAKdiAtMTYwIC0xNDQgMAp2IC0xNzYgLTE2MCAwCnYgLTE5MiAtMTYwIDAKdiAtMTkyIC0xNDQgMAp2IC0xNzYgLTE0NCAwCnYgLTE5MiAtMTYwIDAKdiAtMjA4IC0xNjAgMAp2IC0yMDggLTE0NCAwCnYgLTE5MiAtMTQ0IDAKdiAtMjA4IC0xNjAgMAp2IC0yMjQgLTE2MCAwCnYgLTIyNCAtMTQ0IDAKdiAtMjA4IC0xNDQgMAp2IC0yMjQgLTE2MCAwCnYgLTI0MCAtMTYwIDAKdiAtMjQwIC0xNDQgMAp2IC0yMjQgLTE0NCAwCnYgLTI0MCAtMTYwIDAKdiAtMjU2IC0xNjAgMAp2IC0yNTYgLTE0NCAwCnYgLTI0MCAtMTQ0IDAKdiAtMjU2IC0xNjAgMAp2IC0yNzIgLTE2MCAwCnYgLTI3MiAtMTQ0IDAKdiAtMjU2IC0xNDQgMAp2IC0yNzIgLTE2MCAwCnYgLTI4OCAtMTYwIDAKdiAtMjg4IC0xNDQgMAp2IC0yNzIgLTE0NCAwCnYgLTI4OCAtMTYwIDAKdiAtMzA0IC0xNjAgMAp2IC0zMDQgLTE0NCAwCnYgLTI4OCAtMTQ0IDAKdiAtMzA0IC0xNjAgMAp2IC0zMjAgLTE2MCAwCnYgLTMyMCAtMTQ0IDAKdiAtMzA0IC0xNDQgMAp2IC0zMjAgLTE2MCAwCnYgLTMzNiAtMTYwIDAKdiAtMzM2IC0xNDQgMAp2IC0zMjAgLTE0NCAwCnYgLTMzNiAtMTYwIDAKdiAtMzUyIC0xNjAgMAp2IC0zNTIgLTE0NCAwCnYgLTMzNiAtMTQ0IDAKdiAtMzUyIC0xNjAgMAp2IC0zNjggLTE2MCAwCnYgLTM2OCAtMTQ0IDAKdiAtMzUyIC0xNDQgMAp2IC0zNjggLTE2MCAwCnYgLTM4NCAtMTYwIDAKdiAtMzg0IC0xNDQgMAp2IC0zNjggLTE0NCAwCnYgLTM4NCAtMTYwIDAKdiAtNDAwIC0xNjAgMAp2IC00MDAgLTE0NCAwCnYgLTM4NCAtMTQ0IDAKdiAtNDAwIC0xNjAgMAp2IC00MTYgLTE2MCAwCnYgLTQxNiAtMTQ0IDAKdiAtNDAwIC0xNDQgMAp2IC00MTYgLTE2MCAwCnYgLTQzMiAtMTYwIDAKdiAtNDMyIC0xNDQgMAp2IC00MTYgLTE0NCAwCnYgLTQzMiAtMTYwIDAKdiAtNDQ4IC0xNjAgMAp2IC00NDggLTE0NCAwCnYgLTQzMiAtMTQ0IDAKdiAtNDQ4IC0xNjAgMAp2IC00NjQgLTE2MCAwCnYgLTQ2NCAtMTQ0IDAKdiAtNDQ4IC0xNDQgMAp2IC00NjQgLTE2MCAwCnYgLTQ4MCAtMTYwIDAKdiAtNDgwIC0xNDQgMAp2IC00NjQgLTE0NCAwCnYgLTQ4MCAtMTYwIDAKdiAtNDk2IC0xNjAgMAp2IC00OTYgLTE0NCAwCnYgLTQ4MCAtMTQ0IDAKdiAtNDk2IC0xNjAgMAp2IC01MTIgLTE2MCAwCnYgLTUxMiAtMTQ0IDAKdiAtNDk2IC0xNDQgMAp2IC01MTIgLTE2MCAwCnYgLTUyOCAtMTYwIDAKdiAtNTI4IC0xNDQgMAp2IC01MTIgLTE0NCAwCnYgLTUyOCAtMTYwIDAKdiAtNTQ0IC0xNjAgMAp2IC01NDQgLTE0NCAwCnYgLTUyOCAtMTQ0IDAKdiAtNTQ0IC0xNjAgMAp2IC01NjAgLTE2MCAwCnYgLTU2MCAtMTQ0IDAKdiAtNTQ0IC0xNDQgMAp2IC01NjAgLTE2MCAwCnYgLTU3NiAtMTYwIDAKdiAtNTc2IC0xNDQgMAp2IC01NjAgLTE0NCAwCnYgLTU3NiAtMTYwIDAKdiAtNTkyIC0xNjAgMAp2IC01OTIgLTE0NCAwCnYgLTU3NiAtMTQ0IDAKdiAtNTkyIC0xNjAgMAp2IC02MDggLTE2MCAwCnYgLTYwOCAtMTQ0IDAKdiAtNTkyIC0xNDQgMAp2IC02MDggLTE2MCAwCnYgLTYyNCAtMTYwIDAKdiAtNjI0IC0xNDQgMAp2IC02MDggLTE0NCAwCnYgLTYyNCAtMTYwIDAKdiAtNjQwIC0xNjAgMAp2IC02NDAgLTE0NCAwCnYgLTYyNCAtMTQ0IDAKdiAwIC0xNzYgMAp2IC0xNiAtMTc2IDAKdiAtMTYgLTE2MCAwCnYgMCAtMTYwIDAKdiAtMTYgLTE3NiAwCnYgLTMyIC0xNzYgMAp2IC0zMiAtMTYwIDAKdiAtMTYgLTE2MCAwCnYgLTMyIC0xNzYgMAp2IC00OCAtMTc2IDAKdiAtNDggLTE2MCAwCnYgLTMyIC0xNjAgMAp2IC00OCAtMTc2IDAKdiAtNjQgLTE3NiAwCnYgLTY0IC0xNjAgMAp2IC00OCAtMTYwIDAKdiAtNjQgLTE3NiAwCnYgLTgwIC0xNzYgMAp2IC04MCAtMTYwIDAKdiAtNjQgLTE2MCAwCnYgLTgwIC0xNzYgMAp2IC05NiAtMTc2IDAKdiAtOTYgLTE2MCAwCnYgLTgwIC0xNjAgMAp2IC05NiAtMTc2IDAKdiAtMTEyIC0xNzYgMAp2IC0xMTIgLTE2MCAwCnYgLTk2IC0xNjAgMAp2IC0xMTIgLTE3NiAwCnYgLTEyOCAtMTc2IDAKdiAtMTI4IC0xNjAgMAp2IC0xMTIgLTE2MCAwCnYgLTEyOCAtMTc2IDAKdiAtMTQ0IC0xNzYgMAp2IC0xNDQgLTE2MCAwCnYgLTEyOCAtMTYwIDAKdiAtMTQ0IC0xNzYgMAp2IC0xNjAgLTE3NiAwCnYgLTE2MCAtMTYwIDAKdiAtMTQ0IC0xNjAgMAp2IC0xNjAgLTE3NiAwCnYgLTE3NiAtMTc2IDAKdiAtMTc2IC0xNjAgMAp2IC0xNjAgLTE2MCAwCnYgLTE3NiAtMTc2IDAKdiAtMTkyIC0xNzYgMAp2IC0xOTIgLTE2MCAwCnYgLTE3NiAtMTYwIDAKdiAtMTkyIC0xNzYgMAp2IC0yMDggLTE3NiAwCnYgLTIwOCAtMTYwIDAKdiAtMTkyIC0xNjAgMAp2IC0yMDggLTE3NiAwCnYgLTIyNCAtMTc2IDAKdiAtMjI0IC0xNjAgMAp2IC0yMDggLTE2MCAwCnYgLTIyNCAtMTc2IDAKdiAtMjQwIC0xNzYgMAp2IC0yNDAgLTE2MCAwCnYgLTIyNCAtMTYwIDAKdiAtMjQwIC0xNzYgMAp2IC0yNTYgLTE3NiAwCnYgLTI1NiAtMTYwIDAKdiAtMjQwIC0xNjAgMAp2IC0yNTYgLTE3NiAwCnYgLTI3MiAtMTc2IDAKdiAtMjcyIC0xNjAgMAp2IC0yNTYgLTE2MCAwCnYgLTI3MiAtMTc2IDAKdiAtMjg4IC0xNzYgMAp2IC0yODggLTE2MCAwCnYgLTI3MiAtMTYwIDAKdiAtMjg4IC0xNzYgMAp2IC0zMDQgLTE3NiAwCnYgLTMwNCAtMTYwIDAKdiAtMjg4IC0xNjAgMAp2IC0zMDQgLTE3NiAwCnYgLTMyMCAtMTc2IDAKdiAtMzIwIC0xNjAgMAp2IC0zMDQgLTE2MCAwCnYgLTMyMCAtMTc2IDAKdiAtMzM2IC0xNzYgMAp2IC0zMzYgLTE2MCAwCnYgLTMyMCAtMTYwIDAKdiAtMzM2IC0xNzYgMAp2IC0zNTIgLTE3NiAwCnYgLTM1MiAtMTYwIDAKdiAtMzM2IC0xNjAgMAp2IC0zNTIgLTE3NiAwCnYgLTM2OCAtMTc2IDAKdiAtMzY4IC0xNjAgMAp2IC0zNTIgLTE2MCAwCnYgLTM2OCAtMTc2IDAKdiAtMzg0IC0xNzYgMAp2IC0zODQgLTE2MCAwCnYgLTM2OCAtMTYwIDAKdiAtMzg0IC0xNzYgMAp2IC00MDAgLTE3NiAwCnYgLTQwMCAtMTYwIDAKdiAtMzg0IC0xNjAgMAp2IC00MDAgLTE3NiAwCnYgLTQxNiAtMTc2IDAKdiAtNDE2IC0xNjAgMAp2IC00MDAgLTE2MCAwCnYgLTQxNiAtMTc2IDAKdiAtNDMyIC0xNzYgMAp2IC00MzIgLTE2MCAwCnYgLTQxNiAtMTYwIDAKdiAtNDMyIC0xNzYgMAp2IC00NDggLTE3NiAwCnYgLTQ0OCAtMTYwIDAKdiAtNDMyIC0xNjAgMAp2IC00NDggLTE3NiAwCnYgLTQ2NCAtMTc2IDAKdiAtNDY0IC0xNjAgMAp2IC00NDggLTE2MCAwCnYgLTQ2NCAtMTc2IDAKdiAtNDgwIC0xNzYgMAp2IC00ODAgLTE2MCAwCnYgLTQ2NCAtMTYwIDAKdiAtNDgwIC0xNzYgMAp2IC00OTYgLTE3NiAwCnYgLTQ5NiAtMTYwIDAKdiAtNDgwIC0xNjAgMAp2IC00OTYgLTE3NiAwCnYgLTUxMiAtMTc2IDAKdiAtNTEyIC0xNjAgMAp2IC00OTYgLTE2MCAwCnYgLTUxMiAtMTc2IDAKdiAtNTI4IC0xNzYgMAp2IC01MjggLTE2MCAwCnYgLTUxMiAtMTYwIDAKdiAtNTI4IC0xNzYgMAp2IC01NDQgLTE3NiAwCnYgLTU0NCAtMTYwIDAKdiAtNTI4IC0xNjAgMAp2IC01NDQgLTE3NiAwCnYgLTU2MCAtMTc2IDAKdiAtNTYwIC0xNjAgMAp2IC01NDQgLTE2MCAwCnYgLTU2MCAtMTc2IDAKdiAtNTc2IC0xNzYgMAp2IC01NzYgLTE2MCAwCnYgLTU2MCAtMTYwIDAKdiAtNTc2IC0xNzYgMAp2IC01OTIgLTE3NiAwCnYgLTU5MiAtMTYwIDAKdiAtNTc2IC0xNjAgMAp2IC01OTIgLTE3NiAwCnYgLTYwOCAtMTc2IDAKdiAtNjA4IC0xNjAgMAp2IC01OTIgLTE2MCAwCnYgLTYwOCAtMTc2IDAKdiAtNjI0IC0xNzYgMAp2IC02MjQgLTE2MCAwCnYgLTYwOCAtMTYwIDAKdiAtNjI0IC0xNzYgMAp2IC02NDAgLTE3NiAwCnYgLTY0MCAtMTYwIDAKdiAtNjI0IC0xNjAgMAp2IDAgLTE5MiAwCnYgLTE2IC0xOTIgMAp2IC0xNiAtMTc2IDAKdiAwIC0xNzYgMAp2IC0xNiAtMTkyIDAKdiAtMzIgLTE5MiAwCnYgLTMyIC0xNzYgMAp2IC0xNiAtMTc2IDAKdiAtMzIgLTE5MiAwCnYgLTQ4IC0xOTIgMAp2IC00OCAtMTc2IDAKdiAtMzIgLTE3NiAwCnYgLTQ4IC0xOTIgMAp2IC02NCAtMTkyIDAKdiAtNjQgLTE3NiAwCnYgLTQ4IC0xNzYgMAp2IC02NCAtMTkyIDAKdiAtODAgLTE5MiAwCnYgLTgwIC0xNzYgMAp2IC02NCAtMTc2IDAKdiAtODAgLTE5MiAwCnYgLTk2IC0xOTIgMAp2IC05NiAtMTc2IDAKdiAtODAgLTE3NiAwCnYgLTk2IC0xOTIgMAp2IC0xMTIgLTE5MiAwCnYgLTExMiAtMTc2IDAKdiAtOTYgLTE3NiAwCnYgLTExMiAtMTkyIDAKdiAtMTI4IC0xOTIgMAp2IC0xMjggLTE3NiAwCnYgLTExMiAtMTc2IDAKdiAtMTI4IC0xOTIgMAp2IC0xNDQgLTE5MiAwCnYgLTE0NCAtMTc2IDAKdiAtMTI4IC0xNzYgMAp2IC0xNDQgLTE5MiAwCnYgLTE2MCAtMTkyIDAKdiAtMTYwIC0xNzYgMAp2IC0xNDQgLTE3NiAwCnYgLTE2MCAtMTkyIDAKdiAtMTc2IC0xOTIgMAp2IC0xNzYgLTE3NiAwCnYgLTE2MCAtMTc2IDAKdiAtMTc2IC0xOTIgMAp2IC0xOTIgLTE5MiAwCnYgLTE5MiAtMTc2IDAKdiAtMTc2IC0xNzYgMAp2IC0xOTIgLTE5MiAwCnYgLTIwOCAtMTkyIDAKdiAtMjA4IC0xNzYgMAp2IC0xOTIgLTE3NiAwCnYgLTIwOCAtMTkyIDAKdiAtMjI0IC0xOTIgMAp2IC0yMjQgLTE3NiAwCnYgLTIwOCAtMTc2IDAKdiAtMjI0IC0xOTIgMAp2IC0yNDAgLTE5MiAwCnYgLTI0MCAtMTc2IDAKdiAtMjI0IC0xNzYgMAp2IC0yNDAgLTE5MiAwCnYgLTI1NiAtMTkyIDAKdiAtMjU2IC0xNzYgMAp2IC0yNDAgLTE3NiAwCnYgLTI1NiAtMTkyIDAKdiAtMjcyIC0xOTIgMAp2IC0yNzIgLTE3NiAwCnYgLTI1NiAtMTc2IDAKdiAtMjcyIC0xOTIgMAp2IC0yODggLTE5MiAwCnYgLTI4OCAtMTc2IDAKdiAtMjcyIC0xNzYgMAp2IC0yODggLTE5MiAwCnYgLTMwNCAtMTkyIDAKdiAtMzA0IC0xNzYgMAp2IC0yODggLTE3NiAwCnYgLTMwNCAtMTkyIDAKdiAtMzIwIC0xOTIgMAp2IC0zMjAgLTE3NiAwCnYgLTMwNCAtMTc2IDAKdiAtMzIwIC0xOTIgMAp2IC0zMzYgLTE5MiAwCnYgLTMzNiAtMTc2IDAKdiAtMzIwIC0xNzYgMAp2IC0zMzYgLTE5MiAwCnYgLTM1MiAtMTkyIDAKdiAtMzUyIC0xNzYgMAp2IC0zMzYgLTE3NiAwCnYgLTM1MiAtMTkyIDAKdiAtMzY4IC0xOTIgMAp2IC0zNjggLTE3NiAwCnYgLTM1MiAtMTc2IDAKdiAtMzY4IC0xOTIgMAp2IC0zODQgLTE5MiAwCnYgLTM4NCAtMTc2IDAKdiAtMzY4IC0xNzYgMAp2IC0zODQgLTE5MiAwCnYgLTQwMCAtMTkyIDAKdiAtNDAwIC0xNzYgMAp2IC0zODQgLTE3NiAwCnYgLTQwMCAtMTkyIDAKdiAtNDE2IC0xOTIgMAp2IC00MTYgLTE3NiAwCnYgLTQwMCAtMTc2IDAKdiAtNDE2IC0xOTIgMAp2IC00MzIgLTE5MiAwCnYgLTQzMiAtMTc2IDAKdiAtNDE2IC0xNzYgMAp2IC00MzIgLTE5MiAwCnYgLTQ0OCAtMTkyIDAKdiAtNDQ4IC0xNzYgMAp2IC00MzIgLTE3NiAwCnYgLTQ0OCAtMTkyIDAKdiAtNDY0IC0xOTIgMAp2IC00NjQgLTE3NiAwCnYgLTQ0OCAtMTc2IDAKdiAtNDY0IC0xOTIgMAp2IC00ODAgLTE5MiAwCnYgLTQ4MCAtMTc2IDAKdiAtNDY0IC0xNzYgMAp2IC00ODAgLTE5MiAwCnYgLTQ5NiAtMTkyIDAKdiAtNDk2IC0xNzYgMAp2IC00ODAgLTE3NiAwCnYgLTQ5NiAtMTkyIDAKdiAtNTEyIC0xOTIgMAp2IC01MTIgLTE3NiAwCnYgLTQ5NiAtMTc2IDAKdiAtNTEyIC0xOTIgMAp2IC01MjggLTE5MiAwCnYgLTUyOCAtMTc2IDAKdiAtNTEyIC0xNzYgMAp2IC01MjggLTE5MiAwCnYgLTU0NCAtMTkyIDAKdiAtNTQ0IC0xNzYgMAp2IC01MjggLTE3NiAwCnYgLTU0NCAtMTkyIDAKdiAtNTYwIC0xOTIgMAp2IC01NjAgLTE3NiAwCnYgLTU0NCAtMTc2IDAKdiAtNTYwIC0xOTIgMAp2IC01NzYgLTE5MiAwCnYgLTU3NiAtMTc2IDAKdiAtNTYwIC0xNzYgMAp2IC01NzYgLTE5MiAwCnYgLTU5MiAtMTkyIDAKdiAtNTkyIC0xNzYgMAp2IC01NzYgLTE3NiAwCnYgLTU5MiAtMTkyIDAKdiAtNjA4IC0xOTIgMAp2IC02MDggLTE3NiAwCnYgLTU5MiAtMTc2IDAKdiAtNjA4IC0xOTIgMAp2IC02MjQgLTE5MiAwCnYgLTYyNCAtMTc2IDAKdiAtNjA4IC0xNzYgMAp2IC02MjQgLTE5MiAwCnYgLTY0MCAtMTkyIDAKdiAtNjQwIC0xNzYgMAp2IC02MjQgLTE3NiAwCnYgMCAtMjA4IDAKdiAtMTYgLTIwOCAwCnYgLTE2IC0xOTIgMAp2IDAgLTE5MiAwCnYgLTE2IC0yMDggMAp2IC0zMiAtMjA4IDAKdiAtMzIgLTE5MiAwCnYgLTE2IC0xOTIgMAp2IC0zMiAtMjA4IDAKdiAtNDggLTIwOCAwCnYgLTQ4IC0xOTIgMAp2IC0zMiAtMTkyIDAKdiAtNDggLTIwOCAwCnYgLTY0IC0yMDggMAp2IC02NCAtMTkyIDAKdiAtNDggLTE5MiAwCnYgLTY0IC0yMDggMAp2IC04MCAtMjA4IDAKdiAtODAgLTE5MiAwCnYgLTY0IC0xOTIgMAp2IC04MCAtMjA4IDAKdiAtOTYgLTIwOCAwCnYgLTk2IC0xOTIgMAp2IC04MCAtMTkyIDAKdiAtOTYgLTIwOCAwCnYgLTExMiAtMjA4IDAKdiAtMTEyIC0xOTIgMAp2IC05NiAtMTkyIDAKdiAtMTEyIC0yMDggMAp2IC0xMjggLTIwOCAwCnYgLTEyOCAtMTkyIDAKdiAtMTEyIC0xOTIgMAp2IC0xMjggLTIwOCAwCnYgLTE0NCAtMjA4IDAKdiAtMTQ0IC0xOTIgMAp2IC0xMjggLTE5MiAwCnYgLTE0NCAtMjA4IDAKdiAtMTYwIC0yMDggMAp2IC0xNjAgLTE5MiAwCnYgLTE0NCAtMTkyIDAKdiAtMTYwIC0yMDggMAp2IC0xNzYgLTIwOCAwCnYgLTE3NiAtMTkyIDAKdiAtMTYwIC0xOTIgMAp2IC0xNzYgLTIwOCAwCnYgLTE5MiAtMjA4IDAKdiAtMTkyIC0xOTIgMAp2IC0xNzYgLTE5MiAwCnYgLTE5MiAtMjA4IDAKdiAtMjA4IC0yMDggMAp2IC0yMDggLTE5MiAwCnYgLTE5MiAtMTkyIDAKdiAtMjA4IC0yMDggMAp2IC0yMjQgLTIwOCAwCnYgLTIyNCAtMTkyIDAKdiAtMjA4IC0xOTIgMAp2IC0yMjQgLTIwOCAwCnYgLTI0MCAtMjA4IDAKdiAtMjQwIC0xOTIgMAp2IC0yMjQgLTE5MiAwCnYgLTI0MCAtMjA4IDAKdiAtMjU2IC0yMDggMAp2IC0yNTYgLTE5MiAwCnYgLTI0MCAtMTkyIDAKdiAtMjU2IC0yMDggMAp2IC0yNzIgLTIwOCAwCnYgLTI3MiAtMTkyIDAKdiAtMjU2IC0xOTIgMAp2IC0yNzIgLTIwOCAwCnYgLTI4OCAtMjA4IDAKdiAtMjg4IC0xOTIgMAp2IC0yNzIgLTE5MiAwCnYgLTI4OCAtMjA4IDAKdiAtMzA0IC0yMDggMAp2IC0zMDQgLTE5MiAwCnYgLTI4OCAtMTkyIDAKdiAtMzA0IC0yMDggMAp2IC0zMjAgLTIwOCAwCnYgLTMyMCAtMTkyIDAKdiAtMzA0IC0xOTIgMAp2IC0zMjAgLTIwOCAwCnYgLTMzNiAtMjA4IDAKdiAtMzM2IC0xOTIgMAp2IC0zMjAgLTE5MiAwCnYgLTMzNiAtMjA4IDAKdiAtMzUyIC0yMDggMAp2IC0zNTIgLTE5MiAwCnYgLTMzNiAtMTkyIDAKdiAtMzUyIC0yMDggMAp2IC0zNjggLTIwOCAwCnYgLTM2OCAtMTkyIDAKdiAtMzUyIC0xOTIgMAp2IC0zNjggLTIwOCAwCnYgLTM4NCAtMjA4IDAKdiAtMzg0IC0xOTIgMAp2IC0zNjggLTE5MiAwCnYgLTM4NCAtMjA4IDAKdiAtNDAwIC0yMDggMAp2IC00MDAgLTE5MiAwCnYgLTM4NCAtMTkyIDAKdiAtNDAwIC0yMDggMAp2IC00MTYgLTIwOCAwCnYgLTQxNiAtMTkyIDAKdiAtNDAwIC0xOTIgMAp2IC00MTYgLTIwOCAwCnYgLTQzMiAtMjA4IDAKdiAtNDMyIC0xOTIgMAp2IC00MTYgLTE5MiAwCnYgLTQzMiAtMjA4IDAKdiAtNDQ4IC0yMDggMAp2IC00NDggLTE5MiAwCnYgLTQzMiAtMTkyIDAKdiAtNDQ4IC0yMDggMAp2IC00NjQgLTIwOCAwCnYgLTQ2NCAtMTkyIDAKdiAtNDQ4IC0xOTIgMAp2IC00NjQgLTIwOCAwCnYgLTQ4MCAtMjA4IDAKdiAtNDgwIC0xOTIgMAp2IC00NjQgLTE5MiAwCnYgLTQ4MCAtMjA4IDAKdiAtNDk2IC0yMDggMAp2IC00OTYgLTE5MiAwCnYgLTQ4MCAtMTkyIDAKdiAtNDk2IC0yMDggMAp2IC01MTIgLTIwOCAwCnYgLTUxMiAtMTkyIDAKdiAtNDk2IC0xOTIgMAp2IC01MTIgLTIwOCAwCnYgLTUyOCAtMjA4IDAKdiAtNTI4IC0xOTIgMAp2IC01MTIgLTE5MiAwCnYgLTUyOCAtMjA4IDAKdiAtNTQ0IC0yMDggMAp2IC01NDQgLTE5MiAwCnYgLTUyOCAtMTkyIDAKdiAtNTQ0IC0yMDggMAp2IC01NjAgLTIwOCAwCnYgLTU2MCAtMTkyIDAKdiAtNTQ0IC0xOTIgMAp2IC01NjAgLTIwOCAwCnYgLTU3NiAtMjA4IDAKdiAtNTc2IC0xOTIgMAp2IC01NjAgLTE5MiAwCnYgLTU3NiAtMjA4IDAKdiAtNTkyIC0yMDggMAp2IC01OTIgLTE5MiAwCnYgLTU3NiAtMTkyIDAKdiAtNTkyIC0yMDggMAp2IC02MDggLTIwOCAwCnYgLTYwOCAtMTkyIDAKdiAtNTkyIC0xOTIgMAp2IC02MDggLTIwOCAwCnYgLTYyNCAtMjA4IDAKdiAtNjI0IC0xOTIgMAp2IC02MDggLTE5MiAwCnYgLTYyNCAtMjA4IDAKdiAtNjQwIC0yMDggMAp2IC02NDAgLTE5MiAwCnYgLTYyNCAtMTkyIDAKdiAwIC0yMjQgMAp2IC0xNiAtMjI0IDAKdiAtMTYgLTIwOCAwCnYgMCAtMjA4IDAKdiAtMTYgLTIyNCAwCnYgLTMyIC0yMjQgMAp2IC0zMiAtMjA4IDAKdiAtMTYgLTIwOCAwCnYgLTMyIC0yMjQgMAp2IC00OCAtMjI0IDAKdiAtNDggLTIwOCAwCnYgLTMyIC0yMDggMAp2IC00OCAtMjI0IDAKdiAtNjQgLTIyNCAwCnYgLTY0IC0yMDggMAp2IC00OCAtMjA4IDAKdiAtNjQgLTIyNCAwCnYgLTgwIC0yMjQgMAp2IC04MCAtMjA4IDAKdiAtNjQgLTIwOCAwCnYgLTgwIC0yMjQgMAp2IC05NiAtMjI0IDAKdiAtOTYgLTIwOCAwCnYgLTgwIC0yMDggMAp2IC05NiAtMjI0IDAKdiAtMTEyIC0yMjQgMAp2IC0xMTIgLTIwOCAwCnYgLTk2IC0yMDggMAp2IC0xMTIgLTIyNCAwCnYgLTEyOCAtMjI0IDAKdiAtMTI4IC0yMDggMAp2IC0xMTIgLTIwOCAwCnYgLTEyOCAtMjI0IDAKdiAtMTQ0IC0yMjQgMAp2IC0xNDQgLTIwOCAwCnYgLTEyOCAtMjA4IDAKdiAtMTQ0IC0yMjQgMAp2IC0xNjAgLTIyNCAwCnYgLTE2MCAtMjA4IDAKdiAtMTQ0IC0yMDggMAp2IC0xNjAgLTIyNCAwCnYgLTE3NiAtMjI0IDAKdiAtMTc2IC0yMDggMAp2IC0xNjAgLTIwOCAwCnYgLTE3NiAtMjI0IDAKdiAtMTkyIC0yMjQgMAp2IC0xOTIgLTIwOCAwCnYgLTE3NiAtMjA4IDAKdiAtMTkyIC0yMjQgMAp2IC0yMDggLTIyNCAwCnYgLTIwOCAtMjA4IDAKdiAtMTkyIC0yMDggMAp2IC0yMDggLTIyNCAwCnYgLTIyNCAtMjI0IDAKdiAtMjI0IC0yMDggMAp2IC0yMDggLTIwOCAwCnYgLTIyNCAtMjI0IDAKdiAtMjQwIC0yMjQgMAp2IC0yNDAgLTIwOCAwCnYgLTIyNCAtMjA4IDAKdiAtMjQwIC0yMjQgMAp2IC0yNTYgLTIyNCAwCnYgLTI1NiAtMjA4IDAKdiAtMjQwIC0yMDggMAp2IC0yNTYgLTIyNCAwCnYgLTI3MiAtMjI0IDAKdiAtMjcyIC0yMDggMAp2IC0yNTYgLTIwOCAwCnYgLTI3MiAtMjI0IDAKdiAtMjg4IC0yMjQgMAp2IC0yODggLTIwOCAwCnYgLTI3MiAtMjA4IDAKdiAtMjg4IC0yMjQgMAp2IC0zMDQgLTIyNCAwCnYgLTMwNCAtMjA4IDAKdiAtMjg4IC0yMDggMAp2IC0zMDQgLTIyNCAwCnYgLTMyMCAtMjI0IDAKdiAtMzIwIC0yMDggMAp2IC0zMDQgLTIwOCAwCnYgLTMyMCAtMjI0IDAKdiAtMzM2IC0yMjQgMAp2IC0zMzYgLTIwOCAwCnYgLTMyMCAtMjA4IDAKdiAtMzM2IC0yMjQgMAp2IC0zNTIgLTIyNCAwCnYgLTM1MiAtMjA4IDAKdiAtMzM2IC0yMDggMAp2IC0zNTIgLTIyNCAwCnYgLTM2OCAtMjI0IDAKdiAtMzY4IC0yMDggMAp2IC0zNTIgLTIwOCAwCnYgLTM2OCAtMjI0IDAKdiAtMzg0IC0yMjQgMAp2IC0zODQgLTIwOCAwCnYgLTM2OCAtMjA4IDAKdiAtMzg0IC0yMjQgMAp2IC00MDAgLTIyNCAwCnYgLTQwMCAtMjA4IDAKdiAtMzg0IC0yMDggMAp2IC00MDAgLTIyNCAwCnYgLTQxNiAtMjI0IDAKdiAtNDE2IC0yMDggMAp2IC00MDAgLTIwOCAwCnYgLTQxNiAtMjI0IDAKdiAtNDMyIC0yMjQgMAp2IC00MzIgLTIwOCAwCnYgLTQxNiAtMjA4IDAKdiAtNDMyIC0yMjQgMAp2IC00NDggLTIyNCAwCnYgLTQ0OCAtMjA4IDAKdiAtNDMyIC0yMDggMAp2IC00NDggLTIyNCAwCnYgLTQ2NCAtMjI0IDAKdiAtNDY0IC0yMDggMAp2IC00NDggLTIwOCAwCnYgLTQ2NCAtMjI0IDAKdiAtNDgwIC0yMjQgMAp2IC00ODAgLTIwOCAwCnYgLTQ2NCAtMjA4IDAKdiAtNDgwIC0yMjQgMAp2IC00OTYgLTIyNCAwCnYgLTQ5NiAtMjA4IDAKdiAtNDgwIC0yMDggMAp2IC00OTYgLTIyNCAwCnYgLTUxMiAtMjI0IDAKdiAtNTEyIC0yMDggMAp2IC00OTYgLTIwOCAwCnYgLTUxMiAtMjI0IDAKdiAtNTI4IC0yMjQgMAp2IC01MjggLTIwOCAwCnYgLTUxMiAtMjA4IDAKdiAtNTI4IC0yMjQgMAp2IC01NDQgLTIyNCAwCnYgLTU0NCAtMjA4IDAKdiAtNTI4IC0yMDggMAp2IC01NDQgLTIyNCAwCnYgLTU2MCAtMjI0IDAKdiAtNTYwIC0yMDggMAp2IC01NDQgLTIwOCAwCnYgLTU2MCAtMjI0IDAKdiAtNTc2IC0yMjQgMAp2IC01NzYgLTIwOCAwCnYgLTU2MCAtMjA4IDAKdiAtNTc2IC0yMjQgMAp2IC01OTIgLTIyNCAwCnYgLTU5MiAtMjA4IDAKdiAtNTc2IC0yMDggMAp2IC01OTIgLTIyNCAwCnYgLTYwOCAtMjI0IDAKdiAtNjA4IC0yMDggMAp2IC01OTIgLTIwOCAwCnYgLTYwOCAtMjI0IDAKdiAtNjI0IC0yMjQgMAp2IC02MjQgLTIwOCAwCnYgLTYwOCAtMjA4IDAKdiAtNjI0IC0yMjQgMAp2IC02NDAgLTIyNCAwCnYgLTY0MCAtMjA4IDAKdiAtNjI0IC0yMDggMAp2IDAgLTI0MCAwCnYgLTE2IC0yNDAgMAp2IC0xNiAtMjI0IDAKdiAwIC0yMjQgMAp2IC0xNiAtMjQwIDAKdiAtMzIgLTI0MCAwCnYgLTMyIC0yMjQgMAp2IC0xNiAtMjI0IDAKdiAtMzIgLTI0MCAwCnYgLTQ4IC0yNDAgMAp2IC00OCAtMjI0IDAKdiAtMzIgLTIyNCAwCnYgLTQ4IC0yNDAgMAp2IC02NCAtMjQwIDAKdiAtNjQgLTIyNCAwCnYgLTQ4IC0yMjQgMAp2IC02NCAtMjQwIDAKdiAtODAgLTI0MCAwCnYgLTgwIC0yMjQgMAp2IC02NCAtMjI0IDAKdiAtODAgLTI0MCAwCnYgLTk2IC0yNDAgMAp2IC05NiAtMjI0IDAKdiAtODAgLTIyNCAwCnYgLTk2IC0yNDAgMAp2IC0xMTIgLTI0MCAwCnYgLTExMiAtMjI0IDAKdiAtOTYgLTIyNCAwCnYgLTExMiAtMjQwIDAKdiAtMTI4IC0yNDAgMAp2IC0xMjggLTIyNCAwCnYgLTExMiAtMjI0IDAKdiAtMTI4IC0yNDAgMAp2IC0xNDQgLTI0MCAwCnYgLTE0NCAtMjI0IDAKdiAtMTI4IC0yMjQgMAp2IC0xNDQgLTI0MCAwCnYgLTE2MCAtMjQwIDAKdiAtMTYwIC0yMjQgMAp2IC0xNDQgLTIyNCAwCnYgLTE2MCAtMjQwIDAKdiAtMTc2IC0yNDAgMAp2IC0xNzYgLTIyNCAwCnYgLTE2MCAtMjI0IDAKdiAtMTc2IC0yNDAgMAp2IC0xOTIgLTI0MCAwCnYgLTE5MiAtMjI0IDAKdiAtMTc2IC0yMjQgMAp2IC0xOTIgLTI0MCAwCnYgLTIwOCAtMjQwIDAKdiAtMjA4IC0yMjQgMAp2IC0xOTIgLTIyNCAwCnYgLTIwOCAtMjQwIDAKdiAtMjI0IC0yNDAgMAp2IC0yMjQgLTIyNCAwCnYgLTIwOCAtMjI0IDAKdiAtMjI0IC0yNDAgMAp2IC0yNDAgLTI0MCAwCnYgLTI0MCAtMjI0IDAKdiAtMjI0IC0yMjQgMAp2IC0yNDAgLTI0MCAwCnYgLTI1NiAtMjQwIDAKdiAtMjU2IC0yMjQgMAp2IC0yNDAgLTIyNCAwCnYgLTI1NiAtMjQwIDAKdiAtMjcyIC0yNDAgMAp2IC0yNzIgLTIyNCAwCnYgLTI1NiAtMjI0IDAKdiAtMjcyIC0yNDAgMAp2IC0yODggLTI0MCAwCnYgLTI4OCAtMjI0IDAKdiAtMjcyIC0yMjQgMAp2IC0yODggLTI0MCAwCnYgLTMwNCAtMjQwIDAKdiAtMzA0IC0yMjQgMAp2IC0yODggLTIyNCAwCnYgLTMwNCAtMjQwIDAKdiAtMzIwIC0yNDAgMAp2IC0zMjAgLTIyNCAwCnYgLTMwNCAtMjI0IDAKdiAtMzIwIC0yNDAgMAp2IC0zMzYgLTI0MCAwCnYgLTMzNiAtMjI0IDAKdiAtMzIwIC0yMjQgMAp2IC0zMzYgLTI0MCAwCnYgLTM1MiAtMjQwIDAKdiAtMzUyIC0yMjQgMAp2IC0zMzYgLTIyNCAwCnYgLTM1MiAtMjQwIDAKdiAtMzY4IC0yNDAgMAp2IC0zNjggLTIyNCAwCnYgLTM1MiAtMjI0IDAKdiAtMzY4IC0yNDAgMAp2IC0zODQgLTI0MCAwCnYgLTM4NCAtMjI0IDAKdiAtMzY4IC0yMjQgMAp2IC0zODQgLTI0MCAwCnYgLTQwMCAtMjQwIDAKdiAtNDAwIC0yMjQgMAp2IC0zODQgLTIyNCAwCnYgLTQwMCAtMjQwIDAKdiAtNDE2IC0yNDAgMAp2IC00MTYgLTIyNCAwCnYgLTQwMCAtMjI0IDAKdiAtNDE2IC0yNDAgMAp2IC00MzIgLTI0MCAwCnYgLTQzMiAtMjI0IDAKdiAtNDE2IC0yMjQgMAp2IC00MzIgLTI0MCAwCnYgLTQ0OCAtMjQwIDAKdiAtNDQ4IC0yMjQgMAp2IC00MzIgLTIyNCAwCnYgLTQ0OCAtMjQwIDAKdiAtNDY0IC0yNDAgMAp2IC00NjQgLTIyNCAwCnYgLTQ0OCAtMjI0IDAKdiAtNDY0IC0yNDAgMAp2IC00ODAgLTI0MCAwCnYgLTQ4MCAtMjI0IDAKdiAtNDY0IC0yMjQgMAp2IC00ODAgLTI0MCAwCnYgLTQ5NiAtMjQwIDAKdiAtNDk2IC0yMjQgMAp2IC00ODAgLTIyNCAwCnYgLTQ5NiAtMjQwIDAKdiAtNTEyIC0yNDAgMAp2IC01MTIgLTIyNCAwCnYgLTQ5NiAtMjI0IDAKdiAtNTEyIC0yNDAgMAp2IC01MjggLTI0MCAwCnYgLTUyOCAtMjI0IDAKdiAtNTEyIC0yMjQgMAp2IC01MjggLTI0MCAwCnYgLTU0NCAtMjQwIDAKdiAtNTQ0IC0yMjQgMAp2IC01MjggLTIyNCAwCnYgLTU0NCAtMjQwIDAKdiAtNTYwIC0yNDAgMAp2IC01NjAgLTIyNCAwCnYgLTU0NCAtMjI0IDAKdiAtNTYwIC0yNDAgMAp2IC01NzYgLTI0MCAwCnYgLTU3NiAtMjI0IDAKdiAtNTYwIC0yMjQgMAp2IC01NzYgLTI0MCAwCnYgLTU5MiAtMjQwIDAKdiAtNTkyIC0yMjQgMAp2IC01NzYgLTIyNCAwCnYgLTU5MiAtMjQwIDAKdiAtNjA4IC0yNDAgMAp2IC02MDggLTIyNCAwCnYgLTU5MiAtMjI0IDAKdiAtNjA4IC0yNDAgMAp2IC02MjQgLTI0MCAwCnYgLTYyNCAtMjI0IDAKdiAtNjA4IC0yMjQgMAp2IC02MjQgLTI0MCAwCnYgLTY0MCAtMjQwIDAKdiAtNjQwIC0yMjQgMAp2IC02MjQgLTIyNCAwCnYgMCAtMjU2IDAKdiAtMTYgLTI1NiAwCnYgLTE2IC0yNDAgMAp2IDAgLTI0MCAwCnYgLTE2IC0yNTYgMAp2IC0zMiAtMjU2IDAKdiAtMzIgLTI0MCAwCnYgLTE2IC0yNDAgMAp2IC0zMiAtMjU2IDAKdiAtNDggLTI1NiAwCnYgLTQ4IC0yNDAgMAp2IC0zMiAtMjQwIDAKdiAtNDggLTI1NiAwCnYgLTY0IC0yNTYgMAp2IC02NCAtMjQwIDAKdiAtNDggLTI0MCAwCnYgLTY0IC0yNTYgMAp2IC04MCAtMjU2IDAKdiAtODAgLTI0MCAwCnYgLTY0IC0yNDAgMAp2IC04MCAtMjU2IDAKdiAtOTYgLTI1NiAwCnYgLTk2IC0yNDAgMAp2IC04MCAtMjQwIDAKdiAtOTYgLTI1NiAwCnYgLTExMiAtMjU2IDAKdiAtMTEyIC0yNDAgMAp2IC05NiAtMjQwIDAKdiAtMTEyIC0yNTYgMAp2IC0xMjggLTI1NiAwCnYgLTEyOCAtMjQwIDAKdiAtMTEyIC0yNDAgMAp2IC0xMjggLTI1NiAwCnYgLTE0NCAtMjU2IDAKdiAtMTQ0IC0yNDAgMAp2IC0xMjggLTI0MCAwCnYgLTE0NCAtMjU2IDAKdiAtMTYwIC0yNTYgMAp2IC0xNjAgLTI0MCAwCnYgLTE0NCAtMjQwIDAKdiAtMTYwIC0yNTYgMAp2IC0xNzYgLTI1NiAwCnYgLTE3NiAtMjQwIDAKdiAtMTYwIC0yNDAgMAp2IC0xNzYgLTI1NiAwCnYgLTE5MiAtMjU2IDAKdiAtMTkyIC0yNDAgMAp2IC0xNzYgLTI0MCAwCnYgLTE5MiAtMjU2IDAKdiAtMjA4IC0yNTYgMAp2IC0yMDggLTI0MCAwCnYgLTE5MiAtMjQwIDAKdiAtMjA4IC0yNTYgMAp2IC0yMjQgLTI1NiAwCnYgLTIyNCAtMjQwIDAKdiAtMjA4IC0yNDAgMAp2IC0yMjQgLTI1NiAwCnYgLTI0MCAtMjU2IDAKdiAtMjQwIC0yNDAgMAp2IC0yMjQgLTI0MCAwCnYgLTI0MCAtMjU2IDAKdiAtMjU2IC0yNTYgMAp2IC0yNTYgLTI0MCAwCnYgLTI0MCAtMjQwIDAKdiAtMjU2IC0yNTYgMAp2IC0yNzIgLTI1NiAwCnYgLTI3MiAtMjQwIDAKdiAtMjU2IC0yNDAgMAp2IC0yNzIgLTI1NiAwCnYgLTI4OCAtMjU2IDAKdiAtMjg4IC0yNDAgMAp2IC0yNzIgLTI0MCAwCnYgLTI4OCAtMjU2IDAKdiAtMzA0IC0yNTYgMAp2IC0zMDQgLTI0MCAwCnYgLTI4OCAtMjQwIDAKdiAtMzA0IC0yNTYgMAp2IC0zMjAgLTI1NiAwCnYgLTMyMCAtMjQwIDAKdiAtMzA0IC0yNDAgMAp2IC0zMjAgLTI1NiAwCnYgLTMzNiAtMjU2IDAKdiAtMzM2IC0yNDAgMAp2IC0zMjAgLTI0MCAwCnYgLTMzNiAtMjU2IDAKdiAtMzUyIC0yNTYgMAp2IC0zNTIgLTI0MCAwCnYgLTMzNiAtMjQwIDAKdiAtMzUyIC0yNTYgMAp2IC0zNjggLTI1NiAwCnYgLTM2OCAtMjQwIDAKdiAtMzUyIC0yNDAgMAp2IC0zNjggLTI1NiAwCnYgLTM4NCAtMjU2IDAKdiAtMzg0IC0yNDAgMAp2IC0zNjggLTI0MCAwCnYgLTM4NCAtMjU2IDAKdiAtNDAwIC0yNTYgMAp2IC00MDAgLTI0MCAwCnYgLTM4NCAtMjQwIDAKdiAtNDAwIC0yNTYgMAp2IC00MTYgLTI1NiAwCnYgLTQxNiAtMjQwIDAKdiAtNDAwIC0yNDAgMAp2IC00MTYgLTI1NiAwCnYgLTQzMiAtMjU2IDAKdiAtNDMyIC0yNDAgMAp2IC00MTYgLTI0MCAwCnYgLTQzMiAtMjU2IDAKdiAtNDQ4IC0yNTYgMAp2IC00NDggLTI0MCAwCnYgLTQzMiAtMjQwIDAKdiAtNDQ4IC0yNTYgMAp2IC00NjQgLTI1NiAwCnYgLTQ2NCAtMjQwIDAKdiAtNDQ4IC0yNDAgMAp2IC00NjQgLTI1NiAwCnYgLTQ4MCAtMjU2IDAKdiAtNDgwIC0yNDAgMAp2IC00NjQgLTI0MCAwCnYgLTQ4MCAtMjU2IDAKdiAtNDk2IC0yNTYgMAp2IC00OTYgLTI0MCAwCnYgLTQ4MCAtMjQwIDAKdiAtNDk2IC0yNTYgMAp2IC01MTIgLTI1NiAwCnYgLTUxMiAtMjQwIDAKdiAtNDk2IC0yNDAgMAp2IC01MTIgLTI1NiAwCnYgLTUyOCAtMjU2IDAKdiAtNTI4IC0yNDAgMAp2IC01MTIgLTI0MCAwCnYgLTUyOCAtMjU2IDAKdiAtNTQ0IC0yNTYgMAp2IC01NDQgLTI0MCAwCnYgLTUyOCAtMjQwIDAKdiAtNTQ0IC0yNTYgMAp2IC01NjAgLTI1NiAwCnYgLTU2MCAtMjQwIDAKdiAtNTQ0IC0yNDAgMAp2IC01NjAgLTI1NiAwCnYgLTU3NiAtMjU2IDAKdiAtNTc2IC0yNDAgMAp2IC01NjAgLTI0MCAwCnYgLTU3NiAtMjU2IDAKdiAtNTkyIC0yNTYgMAp2IC01OTIgLTI0MCAwCnYgLTU3NiAtMjQwIDAKdiAtNTkyIC0yNTYgMAp2IC02MDggLTI1NiAwCnYgLTYwOCAtMjQwIDAKdiAtNTkyIC0yNDAgMAp2IC02MDggLTI1NiAwCnYgLTYyNCAtMjU2IDAKdiAtNjI0IC0yNDAgMAp2IC02MDggLTI0MCAwCnYgLTYyNCAtMjU2IDAKdiAtNjQwIC0yNTYgMAp2IC02NDAgLTI0MCAwCnYgLTYyNCAtMjQwIDAKdiAwIC0yNzIgMAp2IC0xNiAtMjcyIDAKdiAtMTYgLTI1NiAwCnYgMCAtMjU2IDAKdiAtMTYgLTI3MiAwCnYgLTMyIC0yNzIgMAp2IC0zMiAtMjU2IDAKdiAtMTYgLTI1NiAwCnYgLTMyIC0yNzIgMAp2IC00OCAtMjcyIDAKdiAtNDggLTI1NiAwCnYgLTMyIC0yNTYgMAp2IC00OCAtMjcyIDAKdiAtNjQgLTI3MiAwCnYgLTY0IC0yNTYgMAp2IC00OCAtMjU2IDAKdiAtNjQgLTI3MiAwCnYgLTgwIC0yNzIgMAp2IC04MCAtMjU2IDAKdiAtNjQgLTI1NiAwCnYgLTgwIC0yNzIgMAp2IC05NiAtMjcyIDAKdiAtOTYgLTI1NiAwCnYgLTgwIC0yNTYgMAp2IC05NiAtMjcyIDAKdiAtMTEyIC0yNzIgMAp2IC0xMTIgLTI1NiAwCnYgLTk2IC0yNTYgMAp2IC0xMTIgLTI3MiAwCnYgLTEyOCAtMjcyIDAKdiAtMTI4IC0yNTYgMAp2IC0xMTIgLTI1NiAwCnYgLTEyOCAtMjcyIDAKdiAtMTQ0IC0yNzIgMAp2IC0xNDQgLTI1NiAwCnYgLTEyOCAtMjU2IDAKdiAtMTQ0IC0yNzIgMAp2IC0xNjAgLTI3MiAwCnYgLTE2MCAtMjU2IDAKdiAtMTQ0IC0yNTYgMAp2IC0xNjAgLTI3MiAwCnYgLTE3NiAtMjcyIDAKdiAtMTc2IC0yNTYgMAp2IC0xNjAgLTI1NiAwCnYgLTE3NiAtMjcyIDAKdiAtMTkyIC0yNzIgMAp2IC0xOTIgLTI1NiAwCnYgLTE3NiAtMjU2IDAKdiAtMTkyIC0yNzIgMAp2IC0yMDggLTI3MiAwCnYgLTIwOCAtMjU2IDAKdiAtMTkyIC0yNTYgMAp2IC0yMDggLTI3MiAwCnYgLTIyNCAtMjcyIDAKdiAtMjI0IC0yNTYgMAp2IC0yMDggLTI1NiAwCnYgLTIyNCAtMjcyIDAKdiAtMjQwIC0yNzIgMAp2IC0yNDAgLTI1NiAwCnYgLTIyNCAtMjU2IDAKdiAtMjQwIC0yNzIgMAp2IC0yNTYgLTI3MiAwCnYgLTI1NiAtMjU2IDAKdiAtMjQwIC0yNTYgMAp2IC0yNTYgLTI3MiAwCnYgLTI3MiAtMjcyIDAKdiAtMjcyIC0yNTYgMAp2IC0yNTYgLTI1NiAwCnYgLTI3MiAtMjcyIDAKdiAtMjg4IC0yNzIgMAp2IC0yODggLTI1NiAwCnYgLTI3MiAtMjU2IDAKdiAtMjg4IC0yNzIgMAp2IC0zMDQgLTI3MiAwCnYgLTMwNCAtMjU2IDAKdiAtMjg4IC0yNTYgMAp2IC0zMDQgLTI3MiAwCnYgLTMyMCAtMjcyIDAKdiAtMzIwIC0yNTYgMAp2IC0zMDQgLTI1NiAwCnYgLTMyMCAtMjcyIDAKdiAtMzM2IC0yNzIgMAp2IC0zMzYgLTI1NiAwCnYgLTMyMCAtMjU2IDAKdiAtMzM2IC0yNzIgMAp2IC0zNTIgLTI3MiAwCnYgLTM1MiAtMjU2IDAKdiAtMzM2IC0yNTYgMAp2IC0zNTIgLTI3MiAwCnYgLTM2OCAtMjcyIDAKdiAtMzY4IC0yNTYgMAp2IC0zNTIgLTI1NiAwCnYgLTM2OCAtMjcyIDAKdiAtMzg0IC0yNzIgMAp2IC0zODQgLTI1NiAwCnYgLTM2OCAtMjU2IDAKdiAtMzg0IC0yNzIgMAp2IC00MDAgLTI3MiAwCnYgLTQwMCAtMjU2IDAKdiAtMzg0IC0yNTYgMAp2IC00MDAgLTI3MiAwCnYgLTQxNiAtMjcyIDAKdiAtNDE2IC0yNTYgMAp2IC00MDAgLTI1NiAwCnYgLTQxNiAtMjcyIDAKdiAtNDMyIC0yNzIgMAp2IC00MzIgLTI1NiAwCnYgLTQxNiAtMjU2IDAKdiAtNDMyIC0yNzIgMAp2IC00NDggLTI3MiAwCnYgLTQ0OCAtMjU2IDAKdiAtNDMyIC0yNTYgMAp2IC00NDggLTI3MiAwCnYgLTQ2NCAtMjcyIDAKdiAtNDY0IC0yNTYgMAp2IC00NDggLTI1NiAwCnYgLTQ2NCAtMjcyIDAKdiAtNDgwIC0yNzIgMAp2IC00ODAgLTI1NiAwCnYgLTQ2NCAtMjU2IDAKdiAtNDgwIC0yNzIgMAp2IC00OTYgLTI3MiAwCnYgLTQ5NiAtMjU2IDAKdiAtNDgwIC0yNTYgMAp2IC00OTYgLTI3MiAwCnYgLTUxMiAtMjcyIDAKdiAtNTEyIC0yNTYgMAp2IC00OTYgLTI1NiAwCnYgLTUxMiAtMjcyIDAKdiAtNTI4IC0yNzIgMAp2IC01MjggLTI1NiAwCnYgLTUxMiAtMjU2IDAKdiAtNTI4IC0yNzIgMAp2IC01NDQgLTI3MiAwCnYgLTU0NCAtMjU2IDAKdiAtNTI4IC0yNTYgMAp2IC01NDQgLTI3MiAwCnYgLTU2MCAtMjcyIDAKdiAtNTYwIC0yNTYgMAp2IC01NDQgLTI1NiAwCnYgLTU2MCAtMjcyIDAKdiAtNTc2IC0yNzIgMAp2IC01NzYgLTI1NiAwCnYgLTU2MCAtMjU2IDAKdiAtNTc2IC0yNzIgMAp2IC01OTIgLTI3MiAwCnYgLTU5MiAtMjU2IDAKdiAtNTc2IC0yNTYgMAp2IC01OTIgLTI3MiAwCnYgLTYwOCAtMjcyIDAKdiAtNjA4IC0yNTYgMAp2IC01OTIgLTI1NiAwCnYgLTYwOCAtMjcyIDAKdiAtNjI0IC0yNzIgMAp2IC02MjQgLTI1NiAwCnYgLTYwOCAtMjU2IDAKdiAtNjI0IC0yNzIgMAp2IC02NDAgLTI3MiAwCnYgLTY0MCAtMjU2IDAKdiAtNjI0IC0yNTYgMAp2IDAgLTI4OCAwCnYgLTE2IC0yODggMAp2IC0xNiAtMjcyIDAKdiAwIC0yNzIgMAp2IC0xNiAtMjg4IDAKdiAtMzIgLTI4OCAwCnYgLTMyIC0yNzIgMAp2IC0xNiAtMjcyIDAKdiAtMzIgLTI4OCAwCnYgLTQ4IC0yODggMAp2IC00OCAtMjcyIDAKdiAtMzIgLTI3MiAwCnYgLTQ4IC0yODggMAp2IC02NCAtMjg4IDAKdiAtNjQgLTI3MiAwCnYgLTQ4IC0yNzIgMAp2IC02NCAtMjg4IDAKdiAtODAgLTI4OCAwCnYgLTgwIC0yNzIgMAp2IC02NCAtMjcyIDAKdiAtODAgLTI4OCAwCnYgLTk2IC0yODggMAp2IC05NiAtMjcyIDAKdiAtODAgLTI3MiAwCnYgLTk2IC0yODggMAp2IC0xMTIgLTI4OCAwCnYgLTExMiAtMjcyIDAKdiAtOTYgLTI3MiAwCnYgLTExMiAtMjg4IDAKdiAtMTI4IC0yODggMAp2IC0xMjggLTI3MiAwCnYgLTExMiAtMjcyIDAKdiAtMTI4IC0yODggMAp2IC0xNDQgLTI4OCAwCnYgLTE0NCAtMjcyIDAKdiAtMTI4IC0yNzIgMAp2IC0xNDQgLTI4OCAwCnYgLTE2MCAtMjg4IDAKdiAtMTYwIC0yNzIgMAp2IC0xNDQgLTI3MiAwCnYgLTE2MCAtMjg4IDAKdiAtMTc2IC0yODggMAp2IC0xNzYgLTI3MiAwCnYgLTE2MCAtMjcyIDAKdiAtMTc2IC0yODggMAp2IC0xOTIgLTI4OCAwCnYgLTE5MiAtMjcyIDAKdiAtMTc2IC0yNzIgMAp2IC0xOTIgLTI4OCAwCnYgLTIwOCAtMjg4IDAKdiAtMjA4IC0yNzIgMAp2IC0xOTIgLTI3MiAwCnYgLTIwOCAtMjg4IDAKdiAtMjI0IC0yODggMAp2IC0yMjQgLTI3MiAwCnYgLTIwOCAtMjcyIDAKdiAtMjI0IC0yODggMAp2IC0yNDAgLTI4OCAwCnYgLTI0MCAtMjcyIDAKdiAtMjI0IC0yNzIgMAp2IC0yNDAgLTI4OCAwCnYgLTI1NiAtMjg4IDAKdiAtMjU2IC0yNzIgMAp2IC0yNDAgLTI3MiAwCnYgLTI1NiAtMjg4IDAKdiAtMjcyIC0yODggMAp2IC0yNzIgLTI3MiAwCnYgLTI1NiAtMjcyIDAKdiAtMjcyIC0yODggMAp2IC0yODggLTI4OCAwCnYgLTI4OCAtMjcyIDAKdiAtMjcyIC0yNzIgMAp2IC0yODggLTI4OCAwCnYgLTMwNCAtMjg4IDAKdiAtMzA0IC0yNzIgMAp2IC0yODggLTI3MiAwCnYgLTMwNCAtMjg4IDAKdiAtMzIwIC0yODggMAp2IC0zMjAgLTI3MiAwCnYgLTMwNCAtMjcyIDAKdiAtMzIwIC0yODggMAp2IC0zMzYgLTI4OCAwCnYgLTMzNiAtMjcyIDAKdiAtMzIwIC0yNzIgMAp2IC0zMzYgLTI4OCAwCnYgLTM1MiAtMjg4IDAKdiAtMzUyIC0yNzIgMAp2IC0zMzYgLTI3MiAwCnYgLTM1MiAtMjg4IDAKdiAtMzY4IC0yODggMAp2IC0zNjggLTI3MiAwCnYgLTM1MiAtMjcyIDAKdiAtMzY4IC0yODggMAp2IC0zODQgLTI4OCAwCnYgLTM4NCAtMjcyIDAKdiAtMzY4IC0yNzIgMAp2IC0zODQgLTI4OCAwCnYgLTQwMCAtMjg4IDAKdiAtNDAwIC0yNzIgMAp2IC0zODQgLTI3MiAwCnYgLTQwMCAtMjg4IDAKdiAtNDE2IC0yODggMAp2IC00MTYgLTI3MiAwCnYgLTQwMCAtMjcyIDAKdiAtNDE2IC0yODggMAp2IC00MzIgLTI4OCAwCnYgLTQzMiAtMjcyIDAKdiAtNDE2IC0yNzIgMAp2IC00MzIgLTI4OCAwCnYgLTQ0OCAtMjg4IDAKdiAtNDQ4IC0yNzIgMAp2IC00MzIgLTI3MiAwCnYgLTQ0OCAtMjg4IDAKdiAtNDY0IC0yODggMAp2IC00NjQgLTI3MiAwCnYgLTQ0OCAtMjcyIDAKdiAtNDY0IC0yODggMAp2IC00ODAgLTI4OCAwCnYgLTQ4MCAtMjcyIDAKdiAtNDY0IC0yNzIgMAp2IC00ODAgLTI4OCAwCnYgLTQ5NiAtMjg4IDAKdiAtNDk2IC0yNzIgMAp2IC00ODAgLTI3MiAwCnYgLTQ5NiAtMjg4IDAKdiAtNTEyIC0yODggMAp2IC01MTIgLTI3MiAwCnYgLTQ5NiAtMjcyIDAKdiAtNTEyIC0yODggMAp2IC01MjggLTI4OCAwCnYgLTUyOCAtMjcyIDAKdiAtNTEyIC0yNzIgMAp2IC01MjggLTI4OCAwCnYgLTU0NCAtMjg4IDAKdiAtNTQ0IC0yNzIgMAp2IC01MjggLTI3MiAwCnYgLTU0NCAtMjg4IDAKdiAtNTYwIC0yODggMAp2IC01NjAgLTI3MiAwCnYgLTU0NCAtMjcyIDAKdiAtNTYwIC0yODggMAp2IC01NzYgLTI4OCAwCnYgLTU3NiAtMjcyIDAKdiAtNTYwIC0yNzIgMAp2IC01NzYgLTI4OCAwCnYgLTU5MiAtMjg4IDAKdiAtNTkyIC0yNzIgMAp2IC01NzYgLTI3MiAwCnYgLTU5MiAtMjg4IDAKdiAtNjA4IC0yODggMAp2IC02MDggLTI3MiAwCnYgLTU5MiAtMjcyIDAKdiAtNjA4IC0yODggMAp2IC02MjQgLTI4OCAwCnYgLTYyNCAtMjcyIDAKdiAtNjA4IC0yNzIgMAp2IC02MjQgLTI4OCAwCnYgLTY0MCAtMjg4IDAKdiAtNjQwIC0yNzIgMAp2IC02MjQgLTI3MiAwCnYgMCAtMzA0IDAKdiAtMTYgLTMwNCAwCnYgLTE2IC0yODggMAp2IDAgLTI4OCAwCnYgLTE2IC0zMDQgMAp2IC0zMiAtMzA0IDAKdiAtMzIgLTI4OCAwCnYgLTE2IC0yODggMAp2IC0zMiAtMzA0IDAKdiAtNDggLTMwNCAwCnYgLTQ4IC0yODggMAp2IC0zMiAtMjg4IDAKdiAtNDggLTMwNCAwCnYgLTY0IC0zMDQgMAp2IC02NCAtMjg4IDAKdiAtNDggLTI4OCAwCnYgLTY0IC0zMDQgMAp2IC04MCAtMzA0IDAKdiAtODAgLTI4OCAwCnYgLTY0IC0yODggMAp2IC04MCAtMzA0IDAKdiAtOTYgLTMwNCAwCnYgLTk2IC0yODggMAp2IC04MCAtMjg4IDAKdiAtOTYgLTMwNCAwCnYgLTExMiAtMzA0IDAKdiAtMTEyIC0yODggMAp2IC05NiAtMjg4IDAKdiAtMTEyIC0zMDQgMAp2IC0xMjggLTMwNCAwCnYgLTEyOCAtMjg4IDAKdiAtMTEyIC0yODggMAp2IC0xMjggLTMwNCAwCnYgLTE0NCAtMzA0IDAKdiAtMTQ0IC0yODggMAp2IC0xMjggLTI4OCAwCnYgLTE0NCAtMzA0IDAKdiAtMTYwIC0zMDQgMAp2IC0xNjAgLTI4OCAwCnYgLTE0NCAtMjg4IDAKdiAtMTYwIC0zMDQgMAp2IC0xNzYgLTMwNCAwCnYgLTE3NiAtMjg4IDAKdiAtMTYwIC0yODggMAp2IC0xNzYgLTMwNCAwCnYgLTE5MiAtMzA0IDAKdiAtMTkyIC0yODggMAp2IC0xNzYgLTI4OCAwCnYgLTE5MiAtMzA0IDAKdiAtMjA4IC0zMDQgMAp2IC0yMDggLTI4OCAwCnYgLTE5MiAtMjg4IDAKdiAtMjA4IC0zMDQgMAp2IC0yMjQgLTMwNCAwCnYgLTIyNCAtMjg4IDAKdiAtMjA4IC0yODggMAp2IC0yMjQgLTMwNCAwCnYgLTI0MCAtMzA0IDAKdiAtMjQwIC0yODggMAp2IC0yMjQgLTI4OCAwCnYgLTI0MCAtMzA0IDAKdiAtMjU2IC0zMDQgMAp2IC0yNTYgLTI4OCAwCnYgLTI0MCAtMjg4IDAKdiAtMjU2IC0zMDQgMAp2IC0yNzIgLTMwNCAwCnYgLTI3MiAtMjg4IDAKdiAtMjU2IC0yODggMAp2IC0yNzIgLTMwNCAwCnYgLTI4OCAtMzA0IDAKdiAtMjg4IC0yODggMAp2IC0yNzIgLTI4OCAwCnYgLTI4OCAtMzA0IDAKdiAtMzA0IC0zMDQgMAp2IC0zMDQgLTI4OCAwCnYgLTI4OCAtMjg4IDAKdiAtMzA0IC0zMDQgMAp2IC0zMjAgLTMwNCAwCnYgLTMyMCAtMjg4IDAKdiAtMzA0IC0yODggMAp2IC0zMjAgLTMwNCAwCnYgLTMzNiAtMzA0IDAKdiAtMzM2IC0yODggMAp2IC0zMjAgLTI4OCAwCnYgLTMzNiAtMzA0IDAKdiAtMzUyIC0zMDQgMAp2IC0zNTIgLTI4OCAwCnYgLTMzNiAtMjg4IDAKdiAtMzUyIC0zMDQgMAp2IC0zNjggLTMwNCAwCnYgLTM2OCAtMjg4IDAKdiAtMzUyIC0yODggMAp2IC0zNjggLTMwNCAwCnYgLTM4NCAtMzA0IDAKdiAtMzg0IC0yODggMAp2IC0zNjggLTI4OCAwCnYgLTM4NCAtMzA0IDAKdiAtNDAwIC0zMDQgMAp2IC00MDAgLTI4OCAwCnYgLTM4NCAtMjg4IDAKdiAtNDAwIC0zMDQgMAp2IC00MTYgLTMwNCAwCnYgLTQxNiAtMjg4IDAKdiAtNDAwIC0yODggMAp2IC00MTYgLTMwNCAwCnYgLTQzMiAtMzA0IDAKdiAtNDMyIC0yODggMAp2IC00MTYgLTI4OCAwCnYgLTQzMiAtMzA0IDAKdiAtNDQ4IC0zMDQgMAp2IC00NDggLTI4OCAwCnYgLTQzMiAtMjg4IDAKdiAtNDQ4IC0zMDQgMAp2IC00NjQgLTMwNCAwCnYgLTQ2NCAtMjg4IDAKdiAtNDQ4IC0yODggMAp2IC00NjQgLTMwNCAwCnYgLTQ4MCAtMzA0IDAKdiAtNDgwIC0yODggMAp2IC00NjQgLTI4OCAwCnYgLTQ4MCAtMzA0IDAKdiAtNDk2IC0zMDQgMAp2IC00OTYgLTI4OCAwCnYgLTQ4MCAtMjg4IDAKdiAtNDk2IC0zMDQgMAp2IC01MTIgLTMwNCAwCnYgLTUxMiAtMjg4IDAKdiAtNDk2IC0yODggMAp2IC01MTIgLTMwNCAwCnYgLTUyOCAtMzA0IDAKdiAtNTI4IC0yODggMAp2IC01MTIgLTI4OCAwCnYgLTUyOCAtMzA0IDAKdiAtNTQ0IC0zMDQgMAp2IC01NDQgLTI4OCAwCnYgLTUyOCAtMjg4IDAKdiAtNTQ0IC0zMDQgMAp2IC01NjAgLTMwNCAwCnYgLTU2MCAtMjg4IDAKdiAtNTQ0IC0yODggMAp2IC01NjAgLTMwNCAwCnYgLTU3NiAtMzA0IDAKdiAtNTc2IC0yODggMAp2IC01NjAgLTI4OCAwCnYgLTU3NiAtMzA0IDAKdiAtNTkyIC0zMDQgMAp2IC01OTIgLTI4OCAwCnYgLTU3NiAtMjg4IDAKdiAtNTkyIC0zMDQgMAp2IC02MDggLTMwNCAwCnYgLTYwOCAtMjg4IDAKdiAtNTkyIC0yODggMAp2IC02MDggLTMwNCAwCnYgLTYyNCAtMzA0IDAKdiAtNjI0IC0yODggMAp2IC02MDggLTI4OCAwCnYgLTYyNCAtMzA0IDAKdiAtNjQwIC0zMDQgMAp2IC02NDAgLTI4OCAwCnYgLTYyNCAtMjg4IDAKdiAwIC0zMjAgMAp2IC0xNiAtMzIwIDAKdiAtMTYgLTMwNCAwCnYgMCAtMzA0IDAKdiAtMTYgLTMyMCAwCnYgLTMyIC0zMjAgMAp2IC0zMiAtMzA0IDAKdiAtMTYgLTMwNCAwCnYgLTMyIC0zMjAgMAp2IC00OCAtMzIwIDAKdiAtNDggLTMwNCAwCnYgLTMyIC0zMDQgMAp2IC00OCAtMzIwIDAKdiAtNjQgLTMyMCAwCnYgLTY0IC0zMDQgMAp2IC00OCAtMzA0IDAKdiAtNjQgLTMyMCAwCnYgLTgwIC0zMjAgMAp2IC04MCAtMzA0IDAKdiAtNjQgLTMwNCAwCnYgLTgwIC0zMjAgMAp2IC05NiAtMzIwIDAKdiAtOTYgLTMwNCAwCnYgLTgwIC0zMDQgMAp2IC05NiAtMzIwIDAKdiAtMTEyIC0zMjAgMAp2IC0xMTIgLTMwNCAwCnYgLTk2IC0zMDQgMAp2IC0xMTIgLTMyMCAwCnYgLTEyOCAtMzIwIDAKdiAtMTI4IC0zMDQgMAp2IC0xMTIgLTMwNCAwCnYgLTEyOCAtMzIwIDAKdiAtMTQ0IC0zMjAgMAp2IC0xNDQgLTMwNCAwCnYgLTEyOCAtMzA0IDAKdiAtMTQ0IC0zMjAgMAp2IC0xNjAgLTMyMCAwCnYgLTE2MCAtMzA0IDAKdiAtMTQ0IC0zMDQgMAp2IC0xNjAgLTMyMCAwCnYgLTE3NiAtMzIwIDAKdiAtMTc2IC0zMDQgMAp2IC0xNjAgLTMwNCAwCnYgLTE3NiAtMzIwIDAKdiAtMTkyIC0zMjAgMAp2IC0xOTIgLTMwNCAwCnYgLTE3NiAtMzA0IDAKdiAtMTkyIC0zMjAgMAp2IC0yMDggLTMyMCAwCnYgLTIwOCAtMzA0IDAKdiAtMTkyIC0zMDQgMAp2IC0yMDggLTMyMCAwCnYgLTIyNCAtMzIwIDAKdiAtMjI0IC0zMDQgMAp2IC0yMDggLTMwNCAwCnYgLTIyNCAtMzIwIDAKdiAtMjQwIC0zMjAgMAp2IC0yNDAgLTMwNCAwCnYgLTIyNCAtMzA0IDAKdiAtMjQwIC0zMjAgMAp2IC0yNTYgLTMyMCAwCnYgLTI1NiAtMzA0IDAKdiAtMjQwIC0zMDQgMAp2IC0yNTYgLTMyMCAwCnYgLTI3MiAtMzIwIDAKdiAtMjcyIC0zMDQgMAp2IC0yNTYgLTMwNCAwCnYgLTI3MiAtMzIwIDAKdiAtMjg4IC0zMjAgMAp2IC0yODggLTMwNCAwCnYgLTI3MiAtMzA0IDAKdiAtMjg4IC0zMjAgMAp2IC0zMDQgLTMyMCAwCnYgLTMwNCAtMzA0IDAKdiAtMjg4IC0zMDQgMAp2IC0zMDQgLTMyMCAwCnYgLTMyMCAtMzIwIDAKdiAtMzIwIC0zMDQgMAp2IC0zMDQgLTMwNCAwCnYgLTMyMCAtMzIwIDAKdiAtMzM2IC0zMjAgMAp2IC0zMzYgLTMwNCAwCnYgLTMyMCAtMzA0IDAKdiAtMzM2IC0zMjAgMAp2IC0zNTIgLTMyMCAwCnYgLTM1MiAtMzA0IDAKdiAtMzM2IC0zMDQgMAp2IC0zNTIgLTMyMCAwCnYgLTM2OCAtMzIwIDAKdiAtMzY4IC0zMDQgMAp2IC0zNTIgLTMwNCAwCnYgLTM2OCAtMzIwIDAKdiAtMzg0IC0zMjAgMAp2IC0zODQgLTMwNCAwCnYgLTM2OCAtMzA0IDAKdiAtMzg0IC0zMjAgMAp2IC00MDAgLTMyMCAwCnYgLTQwMCAtMzA0IDAKdiAtMzg0IC0zMDQgMAp2IC00MDAgLTMyMCAwCnYgLTQxNiAtMzIwIDAKdiAtNDE2IC0zMDQgMAp2IC00MDAgLTMwNCAwCnYgLTQxNiAtMzIwIDAKdiAtNDMyIC0zMjAgMAp2IC00MzIgLTMwNCAwCnYgLTQxNiAtMzA0IDAKdiAtNDMyIC0zMjAgMAp2IC00NDggLTMyMCAwCnYgLTQ0OCAtMzA0IDAKdiAtNDMyIC0zMDQgMAp2IC00NDggLTMyMCAwCnYgLTQ2NCAtMzIwIDAKdiAtNDY0IC0zMDQgMAp2IC00NDggLTMwNCAwCnYgLTQ2NCAtMzIwIDAKdiAtNDgwIC0zMjAgMAp2IC00ODAgLTMwNCAwCnYgLTQ2NCAtMzA0IDAKdiAtNDgwIC0zMjAgMAp2IC00OTYgLTMyMCAwCnYgLTQ5NiAtMzA0IDAKdiAtNDgwIC0zMDQgMAp2IC00OTYgLTMyMCAwCnYgLTUxMiAtMzIwIDAKdiAtNTEyIC0zMDQgMAp2IC00OTYgLTMwNCAwCnYgLTUxMiAtMzIwIDAKdiAtNTI4IC0zMjAgMAp2IC01MjggLTMwNCAwCnYgLTUxMiAtMzA0IDAKdiAtNTI4IC0zMjAgMAp2IC01NDQgLTMyMCAwCnYgLTU0NCAtMzA0IDAKdiAtNTI4IC0zMDQgMAp2IC01NDQgLTMyMCAwCnYgLTU2MCAtMzIwIDAKdiAtNTYwIC0zMDQgMAp2IC01NDQgLTMwNCAwCnYgLTU2MCAtMzIwIDAKdiAtNTc2IC0zMjAgMAp2IC01NzYgLTMwNCAwCnYgLTU2MCAtMzA0IDAKdiAtNTc2IC0zMjAgMAp2IC01OTIgLTMyMCAwCnYgLTU5MiAtMzA0IDAKdiAtNTc2IC0zMDQgMAp2IC01OTIgLTMyMCAwCnYgLTYwOCAtMzIwIDAKdiAtNjA4IC0zMDQgMAp2IC01OTIgLTMwNCAwCnYgLTYwOCAtMzIwIDAKdiAtNjI0IC0zMjAgMAp2IC02MjQgLTMwNCAwCnYgLTYwOCAtMzA0IDAKdiAtNjI0IC0zMjAgMAp2IC02NDAgLTMyMCAwCnYgLTY0MCAtMzA0IDAKdiAtNjI0IC0zMDQgMAoKIyBUZXh0dXJlIGNvb3JpZGluYXRlcyAoQ291bnQgPSA5KQp2dCAwLjYgMC45CnZ0IDAuNyAwLjkKdnQgMC43IDEKdnQgMC42IDEKdnQgMC44IDAuOQp2dCAwLjggMQp2dCAwLjYgMC44CnZ0IDAuNyAwLjgKdnQgMC44IDAuOAoKIyBOb3JtYWwKdm4gMCAwIC0xCgojIE1lc2ggZGVzY3JpcHRpb24KZyB0ZXN0LTZfbWVzaF8wMDAxCgojIEZhY2VzCmYgMS8xLzEgMi8yLzEgMy8zLzEgNC80LzEKZiA1LzIvMSA2LzUvMSA3LzYvMSA4LzMvMQpmIDkvMS8xIDEwLzIvMSAxMS8zLzEgMTIvNC8xCmYgMTMvMi8xIDE0LzUvMSAxNS82LzEgMTYvMy8xCmYgMTcvMS8xIDE4LzIvMSAxOS8zLzEgMjAvNC8xCmYgMjEvMi8xIDIyLzUvMSAyMy82LzEgMjQvMy8xCmYgMjUvMS8xIDI2LzIvMSAyNy8zLzEgMjgvNC8xCmYgMjkvMi8xIDMwLzUvMSAzMS82LzEgMzIvMy8xCmYgMzMvMS8xIDM0LzIvMSAzNS8zLzEgMzYvNC8xCmYgMzcvMi8xIDM4LzUvMSAzOS82LzEgNDAvMy8xCmYgNDEvMS8xIDQyLzIvMSA0My8zLzEgNDQvNC8xCmYgNDUvMi8xIDQ2LzUvMSA0Ny82LzEgNDgvMy8xCmYgNDkvMS8xIDUwLzIvMSA1MS8zLzEgNTIvNC8xCmYgNTMvMi8xIDU0LzUvMSA1NS82LzEgNTYvMy8xCmYgNTcvMS8xIDU4LzIvMSA1OS8zLzEgNjAvNC8xCmYgNjEvMi8xIDYyLzUvMSA2My82LzEgNjQvMy8xCmYgNjUvMS8xIDY2LzIvMSA2Ny8zLzEgNjgvNC8xCmYgNjkvMi8xIDcwLzUvMSA3MS82LzEgNzIvMy8xCmYgNzMvMS8xIDc0LzIvMSA3NS8zLzEgNzYvNC8xCmYgNzcvMi8xIDc4LzUvMSA3OS82LzEgODAvMy8xCmYgODEvMS8xIDgyLzIvMSA4My8zLzEgODQvNC8xCmYgODUvMi8xIDg2LzUvMSA4Ny82LzEgODgvMy8xCmYgODkvMS8xIDkwLzIvMSA5MS8zLzEgOTIvNC8xCmYgOTMvMi8xIDk0LzUvMSA5NS82LzEgOTYvMy8xCmYgOTcvMS8xIDk4LzIvMSA5OS8zLzEgMTAwLzQvMQpmIDEwMS8yLzEgMTAyLzUvMSAxMDMvNi8xIDEwNC8zLzEKZiAxMDUvMS8xIDEwNi8yLzEgMTA3LzMvMSAxMDgvNC8xCmYgMTA5LzIvMSAxMTAvNS8xIDExMS82LzEgMTEyLzMvMQpmIDExMy8xLzEgMTE0LzIvMSAxMTUvMy8xIDExNi80LzEKZiAxMTcvMi8xIDExOC81LzEgMTE5LzYvMSAxMjAvMy8xCmYgMTIxLzEvMSAxMjIvMi8xIDEyMy8zLzEgMTI0LzQvMQpmIDEyNS8yLzEgMTI2LzUvMSAxMjcvNi8xIDEyOC8zLzEKZiAxMjkvMS8xIDEzMC8yLzEgMTMxLzMvMSAxMzIvNC8xCmYgMTMzLzIvMSAxMzQvNS8xIDEzNS82LzEgMTM2LzMvMQpmIDEzNy8xLzEgMTM4LzIvMSAxMzkvMy8xIDE0MC80LzEKZiAxNDEvMi8xIDE0Mi81LzEgMTQzLzYvMSAxNDQvMy8xCmYgMTQ1LzEvMSAxNDYvMi8xIDE0Ny8zLzEgMTQ4LzQvMQpmIDE0OS8yLzEgMTUwLzUvMSAxNTEvNi8xIDE1Mi8zLzEKZiAxNTMvMS8xIDE1NC8yLzEgMTU1LzMvMSAxNTYvNC8xCmYgMTU3LzIvMSAxNTgvNS8xIDE1OS82LzEgMTYwLzMvMQpmIDE2MS83LzEgMTYyLzgvMSAxNjMvMi8xIDE2NC8xLzEKZiAxNjUvOC8xIDE2Ni85LzEgMTY3LzUvMSAxNjgvMi8xCmYgMTY5LzcvMSAxNzAvOC8xIDE3MS8yLzEgMTcyLzEvMQpmIDE3My84LzEgMTc0LzkvMSAxNzUvNS8xIDE3Ni8yLzEKZiAxNzcvNy8xIDE3OC84LzEgMTc5LzIvMSAxODAvMS8xCmYgMTgxLzgvMSAxODIvOS8xIDE4My81LzEgMTg0LzIvMQpmIDE4NS83LzEgMTg2LzgvMSAxODcvMi8xIDE4OC8xLzEKZiAxODkvOC8xIDE5MC85LzEgMTkxLzUvMSAxOTIvMi8xCmYgMTkzLzcvMSAxOTQvOC8xIDE5NS8yLzEgMTk2LzEvMQpmIDE5Ny84LzEgMTk4LzkvMSAxOTkvNS8xIDIwMC8yLzEKZiAyMDEvNy8xIDIwMi84LzEgMjAzLzIvMSAyMDQvMS8xCmYgMjA1LzgvMSAyMDYvOS8xIDIwNy81LzEgMjA4LzIvMQpmIDIwOS83LzEgMjEwLzgvMSAyMTEvMi8xIDIxMi8xLzEKZiAyMTMvOC8xIDIxNC85LzEgMjE1LzUvMSAyMTYvMi8xCmYgMjE3LzcvMSAyMTgvOC8xIDIxOS8yLzEgMjIwLzEvMQpmIDIyMS84LzEgMjIyLzkvMSAyMjMvNS8xIDIyNC8yLzEKZiAyMjUvNy8xIDIyNi84LzEgMjI3LzIvMSAyMjgvMS8xCmYgMjI5LzgvMSAyMzAvOS8xIDIzMS81LzEgMjMyLzIvMQpmIDIzMy83LzEgMjM0LzgvMSAyMzUvMi8xIDIzNi8xLzEKZiAyMzcvOC8xIDIzOC85LzEgMjM5LzUvMSAyNDAvMi8xCmYgMjQxLzcvMSAyNDIvOC8xIDI0My8yLzEgMjQ0LzEvMQpmIDI0NS84LzEgMjQ2LzkvMSAyNDcvNS8xIDI0OC8yLzEKZiAyNDkvNy8xIDI1MC84LzEgMjUxLzIvMSAyNTIvMS8xCmYgMjUzLzgvMSAyNTQvOS8xIDI1NS81LzEgMjU2LzIvMQpmIDI1Ny83LzEgMjU4LzgvMSAyNTkvMi8xIDI2MC8xLzEKZiAyNjEvOC8xIDI2Mi85LzEgMjYzLzUvMSAyNjQvMi8xCmYgMjY1LzcvMSAyNjYvOC8xIDI2Ny8yLzEgMjY4LzEvMQpmIDI2OS84LzEgMjcwLzkvMSAyNzEvNS8xIDI3Mi8yLzEKZiAyNzMvNy8xIDI3NC84LzEgMjc1LzIvMSAyNzYvMS8xCmYgMjc3LzgvMSAyNzgvOS8xIDI3OS81LzEgMjgwLzIvMQpmIDI4MS83LzEgMjgyLzgvMSAyODMvMi8xIDI4NC8xLzEKZiAyODUvOC8xIDI4Ni85LzEgMjg3LzUvMSAyODgvMi8xCmYgMjg5LzcvMSAyOTAvOC8xIDI5MS8yLzEgMjkyLzEvMQpmIDI5My84LzEgMjk0LzkvMSAyOTUvNS8xIDI5Ni8yLzEKZiAyOTcvNy8xIDI5OC84LzEgMjk5LzIvMSAzMDAvMS8xCmYgMzAxLzgvMSAzMDIvOS8xIDMwMy81LzEgMzA0LzIvMQpmIDMwNS83LzEgMzA2LzgvMSAzMDcvMi8xIDMwOC8xLzEKZiAzMDkvOC8xIDMxMC85LzEgMzExLzUvMSAzMTIvMi8xCmYgMzEzLzcvMSAzMTQvOC8xIDMxNS8yLzEgMzE2LzEvMQpmIDMxNy84LzEgMzE4LzkvMSAzMTkvNS8xIDMyMC8yLzEKZiAzMjEvMS8xIDMyMi8yLzEgMzIzLzMvMSAzMjQvNC8xCmYgMzI1LzIvMSAzMjYvNS8xIDMyNy82LzEgMzI4LzMvMQpmIDMyOS8xLzEgMzMwLzIvMSAzMzEvMy8xIDMzMi80LzEKZiAzMzMvMi8xIDMzNC81LzEgMzM1LzYvMSAzMzYvMy8xCmYgMzM3LzEvMSAzMzgvMi8xIDMzOS8zLzEgMzQwLzQvMQpmIDM0MS8yLzEgMzQyLzUvMSAzNDMvNi8xIDM0NC8zLzEKZiAzNDUvMS8xIDM0Ni8yLzEgMzQ3LzMvMSAzNDgvNC8xCmYgMzQ5LzIvMSAzNTAvNS8xIDM1MS82LzEgMzUyLzMvMQpmIDM1My8xLzEgMzU0LzIvMSAzNTUvMy8xIDM1Ni80LzEKZiAzNTcvMi8xIDM1OC81LzEgMzU5LzYvMSAzNjAvMy8xCmYgMzYxLzEvMSAzNjIvMi8xIDM2My8zLzEgMzY0LzQvMQpmIDM2NS8yLzEgMzY2LzUvMSAzNjcvNi8xIDM2OC8zLzEKZiAzNjkvMS8xIDM3MC8yLzEgMzcxLzMvMSAzNzIvNC8xCmYgMzczLzIvMSAzNzQvNS8xIDM3NS82LzEgMzc2LzMvMQpmIDM3Ny8xLzEgMzc4LzIvMSAzNzkvMy8xIDM4MC80LzEKZiAzODEvMi8xIDM4Mi81LzEgMzgzLzYvMSAzODQvMy8xCmYgMzg1LzEvMSAzODYvMi8xIDM4Ny8zLzEgMzg4LzQvMQpmIDM4OS8yLzEgMzkwLzUvMSAzOTEvNi8xIDM5Mi8zLzEKZiAzOTMvMS8xIDM5NC8yLzEgMzk1LzMvMSAzOTYvNC8xCmYgMzk3LzIvMSAzOTgvNS8xIDM5OS82LzEgNDAwLzMvMQpmIDQwMS8xLzEgNDAyLzIvMSA0MDMvMy8xIDQwNC80LzEKZiA0MDUvMi8xIDQwNi81LzEgNDA3LzYvMSA0MDgvMy8xCmYgNDA5LzEvMSA0MTAvMi8xIDQxMS8zLzEgNDEyLzQvMQpmIDQxMy8yLzEgNDE0LzUvMSA0MTUvNi8xIDQxNi8zLzEKZiA0MTcvMS8xIDQxOC8yLzEgNDE5LzMvMSA0MjAvNC8xCmYgNDIxLzIvMSA0MjIvNS8xIDQyMy82LzEgNDI0LzMvMQpmIDQyNS8xLzEgNDI2LzIvMSA0MjcvMy8xIDQyOC80LzEKZiA0MjkvMi8xIDQzMC81LzEgNDMxLzYvMSA0MzIvMy8xCmYgNDMzLzEvMSA0MzQvMi8xIDQzNS8zLzEgNDM2LzQvMQpmIDQzNy8yLzEgNDM4LzUvMSA0MzkvNi8xIDQ0MC8zLzEKZiA0NDEvMS8xIDQ0Mi8yLzEgNDQzLzMvMSA0NDQvNC8xCmYgNDQ1LzIvMSA0NDYvNS8xIDQ0Ny82LzEgNDQ4LzMvMQpmIDQ0OS8xLzEgNDUwLzIvMSA0NTEvMy8xIDQ1Mi80LzEKZiA0NTMvMi8xIDQ1NC81LzEgNDU1LzYvMSA0NTYvMy8xCmYgNDU3LzEvMSA0NTgvMi8xIDQ1OS8zLzEgNDYwLzQvMQpmIDQ2MS8yLzEgNDYyLzUvMSA0NjMvNi8xIDQ2NC8zLzEKZiA0NjUvMS8xIDQ2Ni8yLzEgNDY3LzMvMSA0NjgvNC8xCmYgNDY5LzIvMSA0NzAvNS8xIDQ3MS82LzEgNDcyLzMvMQpmIDQ3My8xLzEgNDc0LzIvMSA0NzUvMy8xIDQ3Ni80LzEKZiA0NzcvMi8xIDQ3OC81LzEgNDc5LzYvMSA0ODAvMy8xCmYgNDgxLzcvMSA0ODIvOC8xIDQ4My8yLzEgNDg0LzEvMQpmIDQ4NS84LzEgNDg2LzkvMSA0ODcvNS8xIDQ4OC8yLzEKZiA0ODkvNy8xIDQ5MC84LzEgNDkxLzIvMSA0OTIvMS8xCmYgNDkzLzgvMSA0OTQvOS8xIDQ5NS81LzEgNDk2LzIvMQpmIDQ5Ny83LzEgNDk4LzgvMSA0OTkvMi8xIDUwMC8xLzEKZiA1MDEvOC8xIDUwMi85LzEgNTAzLzUvMSA1MDQvMi8xCmYgNTA1LzcvMSA1MDYvOC8xIDUwNy8yLzEgNTA4LzEvMQpmIDUwOS84LzEgNTEwLzkvMSA1MTEvNS8xIDUxMi8yLzEKZiA1MTMvNy8xIDUxNC84LzEgNTE1LzIvMSA1MTYvMS8xCmYgNTE3LzgvMSA1MTgvOS8xIDUxOS81LzEgNTIwLzIvMQpmIDUyMS83LzEgNTIyLzgvMSA1MjMvMi8xIDUyNC8xLzEKZiA1MjUvOC8xIDUyNi85LzEgNTI3LzUvMSA1MjgvMi8xCmYgNTI5LzcvMSA1MzAvOC8xIDUzMS8yLzEgNTMyLzEvMQpmIDUzMy84LzEgNTM0LzkvMSA1MzUvNS8xIDUzNi8yLzEKZiA1MzcvNy8xIDUzOC84LzEgNTM5LzIvMSA1NDAvMS8xCmYgNTQxLzgvMSA1NDIvOS8xIDU0My81LzEgNTQ0LzIvMQpmIDU0NS83LzEgNTQ2LzgvMSA1NDcvMi8xIDU0OC8xLzEKZiA1NDkvOC8xIDU1MC85LzEgNTUxLzUvMSA1NTIvMi8xCmYgNTUzLzcvMSA1NTQvOC8xIDU1NS8yLzEgNTU2LzEvMQpmIDU1Ny84LzEgNTU4LzkvMSA1NTkvNS8xIDU2MC8yLzEKZiA1NjEvNy8xIDU2Mi84LzEgNTYzLzIvMSA1NjQvMS8xCmYgNTY1LzgvMSA1NjYvOS8xIDU2Ny81LzEgNTY4LzIvMQpmIDU2OS83LzEgNTcwLzgvMSA1NzEvMi8xIDU3Mi8xLzEKZiA1NzMvOC8xIDU3NC85LzEgNTc1LzUvMSA1NzYvMi8xCmYgNTc3LzcvMSA1NzgvOC8xIDU3OS8yLzEgNTgwLzEvMQpmIDU4MS84LzEgNTgyLzkvMSA1ODMvNS8xIDU4NC8yLzEKZiA1ODUvNy8xIDU4Ni84LzEgNTg3LzIvMSA1ODgvMS8xCmYgNTg5LzgvMSA1OTAvOS8xIDU5MS81LzEgNTkyLzIvMQpmIDU5My83LzEgNTk0LzgvMSA1OTUvMi8xIDU5Ni8xLzEKZiA1OTcvOC8xIDU5OC85LzEgNTk5LzUvMSA2MDAvMi8xCmYgNjAxLzcvMSA2MDIvOC8xIDYwMy8yLzEgNjA0LzEvMQpmIDYwNS84LzEgNjA2LzkvMSA2MDcvNS8xIDYwOC8yLzEKZiA2MDkvNy8xIDYxMC84LzEgNjExLzIvMSA2MTIvMS8xCmYgNjEzLzgvMSA2MTQvOS8xIDYxNS81LzEgNjE2LzIvMQpmIDYxNy83LzEgNjE4LzgvMSA2MTkvMi8xIDYyMC8xLzEKZiA2MjEvOC8xIDYyMi85LzEgNjIzLzUvMSA2MjQvMi8xCmYgNjI1LzcvMSA2MjYvOC8xIDYyNy8yLzEgNjI4LzEvMQpmIDYyOS84LzEgNjMwLzkvMSA2MzEvNS8xIDYzMi8yLzEKZiA2MzMvNy8xIDYzNC84LzEgNjM1LzIvMSA2MzYvMS8xCmYgNjM3LzgvMSA2MzgvOS8xIDYzOS81LzEgNjQwLzIvMQpmIDY0MS8xLzEgNjQyLzIvMSA2NDMvMy8xIDY0NC80LzEKZiA2NDUvMi8xIDY0Ni81LzEgNjQ3LzYvMSA2NDgvMy8xCmYgNjQ5LzEvMSA2NTAvMi8xIDY1MS8zLzEgNjUyLzQvMQpmIDY1My8yLzEgNjU0LzUvMSA2NTUvNi8xIDY1Ni8zLzEKZiA2NTcvMS8xIDY1OC8yLzEgNjU5LzMvMSA2NjAvNC8xCmYgNjYxLzIvMSA2NjIvNS8xIDY2My82LzEgNjY0LzMvMQpmIDY2NS8xLzEgNjY2LzIvMSA2NjcvMy8xIDY2OC80LzEKZiA2NjkvMi8xIDY3MC81LzEgNjcxLzYvMSA2NzIvMy8xCmYgNjczLzEvMSA2NzQvMi8xIDY3NS8zLzEgNjc2LzQvMQpmIDY3Ny8yLzEgNjc4LzUvMSA2NzkvNi8xIDY4MC8zLzEKZiA2ODEvMS8xIDY4Mi8yLzEgNjgzLzMvMSA2ODQvNC8xCmYgNjg1LzIvMSA2ODYvNS8xIDY4Ny82LzEgNjg4LzMvMQpmIDY4OS8xLzEgNjkwLzIvMSA2OTEvMy8xIDY5Mi80LzEKZiA2OTMvMi8xIDY5NC81LzEgNjk1LzYvMSA2OTYvMy8xCmYgNjk3LzEvMSA2OTgvMi8xIDY5OS8zLzEgNzAwLzQvMQpmIDcwMS8yLzEgNzAyLzUvMSA3MDMvNi8xIDcwNC8zLzEKZiA3MDUvMS8xIDcwNi8yLzEgNzA3LzMvMSA3MDgvNC8xCmYgNzA5LzIvMSA3MTAvNS8xIDcxMS82LzEgNzEyLzMvMQpmIDcxMy8xLzEgNzE0LzIvMSA3MTUvMy8xIDcxNi80LzEKZiA3MTcvMi8xIDcxOC81LzEgNzE5LzYvMSA3MjAvMy8xCmYgNzIxLzEvMSA3MjIvMi8xIDcyMy8zLzEgNzI0LzQvMQpmIDcyNS8yLzEgNzI2LzUvMSA3MjcvNi8xIDcyOC8zLzEKZiA3MjkvMS8xIDczMC8yLzEgNzMxLzMvMSA3MzIvNC8xCmYgNzMzLzIvMSA3MzQvNS8xIDczNS82LzEgNzM2LzMvMQpmIDczNy8xLzEgNzM4LzIvMSA3MzkvMy8xIDc0MC80LzEKZiA3NDEvMi8xIDc0Mi81LzEgNzQzLzYvMSA3NDQvMy8xCmYgNzQ1LzEvMSA3NDYvMi8xIDc0Ny8zLzEgNzQ4LzQvMQpmIDc0OS8yLzEgNzUwLzUvMSA3NTEvNi8xIDc1Mi8zLzEKZiA3NTMvMS8xIDc1NC8yLzEgNzU1LzMvMSA3NTYvNC8xCmYgNzU3LzIvMSA3NTgvNS8xIDc1OS82LzEgNzYwLzMvMQpmIDc2MS8xLzEgNzYyLzIvMSA3NjMvMy8xIDc2NC80LzEKZiA3NjUvMi8xIDc2Ni81LzEgNzY3LzYvMSA3NjgvMy8xCmYgNzY5LzEvMSA3NzAvMi8xIDc3MS8zLzEgNzcyLzQvMQpmIDc3My8yLzEgNzc0LzUvMSA3NzUvNi8xIDc3Ni8zLzEKZiA3NzcvMS8xIDc3OC8yLzEgNzc5LzMvMSA3ODAvNC8xCmYgNzgxLzIvMSA3ODIvNS8xIDc4My82LzEgNzg0LzMvMQpmIDc4NS8xLzEgNzg2LzIvMSA3ODcvMy8xIDc4OC80LzEKZiA3ODkvMi8xIDc5MC81LzEgNzkxLzYvMSA3OTIvMy8xCmYgNzkzLzEvMSA3OTQvMi8xIDc5NS8zLzEgNzk2LzQvMQpmIDc5Ny8yLzEgNzk4LzUvMSA3OTkvNi8xIDgwMC8zLzEKZiA4MDEvNy8xIDgwMi84LzEgODAzLzIvMSA4MDQvMS8xCmYgODA1LzgvMSA4MDYvOS8xIDgwNy81LzEgODA4LzIvMQpmIDgwOS83LzEgODEwLzgvMSA4MTEvMi8xIDgxMi8xLzEKZiA4MTMvOC8xIDgxNC85LzEgODE1LzUvMSA4MTYvMi8xCmYgODE3LzcvMSA4MTgvOC8xIDgxOS8yLzEgODIwLzEvMQpmIDgyMS84LzEgODIyLzkvMSA4MjMvNS8xIDgyNC8yLzEKZiA4MjUvNy8xIDgyNi84LzEgODI3LzIvMSA4MjgvMS8xCmYgODI5LzgvMSA4MzAvOS8xIDgzMS81LzEgODMyLzIvMQpmIDgzMy83LzEgODM0LzgvMSA4MzUvMi8xIDgzNi8xLzEKZiA4MzcvOC8xIDgzOC85LzEgODM5LzUvMSA4NDAvMi8xCmYgODQxLzcvMSA4NDIvOC8xIDg0My8yLzEgODQ0LzEvMQpmIDg0NS84LzEgODQ2LzkvMSA4NDcvNS8xIDg0OC8yLzEKZiA4NDkvNy8xIDg1MC84LzEgODUxLzIvMSA4NTIvMS8xCmYgODUzLzgvMSA4NTQvOS8xIDg1NS81LzEgODU2LzIvMQpmIDg1Ny83LzEgODU4LzgvMSA4NTkvMi8xIDg2MC8xLzEKZiA4NjEvOC8xIDg2Mi85LzEgODYzLzUvMSA4NjQvMi8xCmYgODY1LzcvMSA4NjYvOC8xIDg2Ny8yLzEgODY4LzEvMQpmIDg2OS84LzEgODcwLzkvMSA4NzEvNS8xIDg3Mi8yLzEKZiA4NzMvNy8xIDg3NC84LzEgODc1LzIvMSA4NzYvMS8xCmYgODc3LzgvMSA4NzgvOS8xIDg3OS81LzEgODgwLzIvMQpmIDg4MS83LzEgODgyLzgvMSA4ODMvMi8xIDg4NC8xLzEKZiA4ODUvOC8xIDg4Ni85LzEgODg3LzUvMSA4ODgvMi8xCmYgODg5LzcvMSA4OTAvOC8xIDg5MS8yLzEgODkyLzEvMQpmIDg5My84LzEgODk0LzkvMSA4OTUvNS8xIDg5Ni8yLzEKZiA4OTcvNy8xIDg5OC84LzEgODk5LzIvMSA5MDAvMS8xCmYgOTAxLzgvMSA5MDIvOS8xIDkwMy81LzEgOTA0LzIvMQpmIDkwNS83LzEgOTA2LzgvMSA5MDcvMi8xIDkwOC8xLzEKZiA5MDkvOC8xIDkxMC85LzEgOTExLzUvMSA5MTIvMi8xCmYgOTEzLzcvMSA5MTQvOC8xIDkxNS8yLzEgOTE2LzEvMQpmIDkxNy84LzEgOTE4LzkvMSA5MTkvNS8xIDkyMC8yLzEKZiA5MjEvNy8xIDkyMi84LzEgOTIzLzIvMSA5MjQvMS8xCmYgOTI1LzgvMSA5MjYvOS8xIDkyNy81LzEgOTI4LzIvMQpmIDkyOS83LzEgOTMwLzgvMSA5MzEvMi8xIDkzMi8xLzEKZiA5MzMvOC8xIDkzNC85LzEgOTM1LzUvMSA5MzYvMi8xCmYgOTM3LzcvMSA5MzgvOC8xIDkzOS8yLzEgOTQwLzEvMQpmIDk0MS84LzEgOTQyLzkvMSA5NDMvNS8xIDk0NC8yLzEKZiA5NDUvNy8xIDk0Ni84LzEgOTQ3LzIvMSA5NDgvMS8xCmYgOTQ5LzgvMSA5NTAvOS8xIDk1MS81LzEgOTUyLzIvMQpmIDk1My83LzEgOTU0LzgvMSA5NTUvMi8xIDk1Ni8xLzEKZiA5NTcvOC8xIDk1OC85LzEgOTU5LzUvMSA5NjAvMi8xCmYgOTYxLzEvMSA5NjIvMi8xIDk2My8zLzEgOTY0LzQvMQpmIDk2NS8yLzEgOTY2LzUvMSA5NjcvNi8xIDk2OC8zLzEKZiA5NjkvMS8xIDk3MC8yLzEgOTcxLzMvMSA5NzIvNC8xCmYgOTczLzIvMSA5NzQvNS8xIDk3NS82LzEgOTc2LzMvMQpmIDk3Ny8xLzEgOTc4LzIvMSA5NzkvMy8xIDk4MC80LzEKZiA5ODEvMi8xIDk4Mi81LzEgOTgzLzYvMSA5ODQvMy8xCmYgOTg1LzEvMSA5ODYvMi8xIDk4Ny8zLzEgOTg4LzQvMQpmIDk4OS8yLzEgOTkwLzUvMSA5OTEvNi8xIDk5Mi8zLzEKZiA5OTMvMS8xIDk5NC8yLzEgOTk1LzMvMSA5OTYvNC8xCmYgOTk3LzIvMSA5OTgvNS8xIDk5OS82LzEgMTAwMC8zLzEKZiAxMDAxLzEvMSAxMDAyLzIvMSAxMDAzLzMvMSAxMDA0LzQvMQpmIDEwMDUvMi8xIDEwMDYvNS8xIDEwMDcvNi8xIDEwMDgvMy8xCmYgMTAwOS8xLzEgMTAxMC8yLzEgMTAxMS8zLzEgMTAxMi80LzEKZiAxMDEzLzIvMSAxMDE0LzUvMSAxMDE1LzYvMSAxMDE2LzMvMQpmIDEwMTcvMS8xIDEwMTgvMi8xIDEwMTkvMy8xIDEwMjAvNC8xCmYgMTAyMS8yLzEgMTAyMi81LzEgMTAyMy82LzEgMTAyNC8zLzEKZiAxMDI1LzEvMSAxMDI2LzIvMSAxMDI3LzMvMSAxMDI4LzQvMQpmIDEwMjkvMi8xIDEwMzAvNS8xIDEwMzEvNi8xIDEwMzIvMy8xCmYgMTAzMy8xLzEgMTAzNC8yLzEgMTAzNS8zLzEgMTAzNi80LzEKZiAxMDM3LzIvMSAxMDM4LzUvMSAxMDM5LzYvMSAxMDQwLzMvMQpmIDEwNDEvMS8xIDEwNDIvMi8xIDEwNDMvMy8xIDEwNDQvNC8xCmYgMTA0NS8yLzEgMTA0Ni81LzEgMTA0Ny82LzEgMTA0OC8zLzEKZiAxMDQ5LzEvMSAxMDUwLzIvMSAxMDUxLzMvMSAxMDUyLzQvMQpmIDEwNTMvMi8xIDEwNTQvNS8xIDEwNTUvNi8xIDEwNTYvMy8xCmYgMTA1Ny8xLzEgMTA1OC8yLzEgMTA1OS8zLzEgMTA2MC80LzEKZiAxMDYxLzIvMSAxMDYyLzUvMSAxMDYzLzYvMSAxMDY0LzMvMQpmIDEwNjUvMS8xIDEwNjYvMi8xIDEwNjcvMy8xIDEwNjgvNC8xCmYgMTA2OS8yLzEgMTA3MC81LzEgMTA3MS82LzEgMTA3Mi8zLzEKZiAxMDczLzEvMSAxMDc0LzIvMSAxMDc1LzMvMSAxMDc2LzQvMQpmIDEwNzcvMi8xIDEwNzgvNS8xIDEwNzkvNi8xIDEwODAvMy8xCmYgMTA4MS8xLzEgMTA4Mi8yLzEgMTA4My8zLzEgMTA4NC80LzEKZiAxMDg1LzIvMSAxMDg2LzUvMSAxMDg3LzYvMSAxMDg4LzMvMQpmIDEwODkvMS8xIDEwOTAvMi8xIDEwOTEvMy8xIDEwOTIvNC8xCmYgMTA5My8yLzEgMTA5NC81LzEgMTA5NS82LzEgMTA5Ni8zLzEKZiAxMDk3LzEvMSAxMDk4LzIvMSAxMDk5LzMvMSAxMTAwLzQvMQpmIDExMDEvMi8xIDExMDIvNS8xIDExMDMvNi8xIDExMDQvMy8xCmYgMTEwNS8xLzEgMTEwNi8yLzEgMTEwNy8zLzEgMTEwOC80LzEKZiAxMTA5LzIvMSAxMTEwLzUvMSAxMTExLzYvMSAxMTEyLzMvMQpmIDExMTMvMS8xIDExMTQvMi8xIDExMTUvMy8xIDExMTYvNC8xCmYgMTExNy8yLzEgMTExOC81LzEgMTExOS82LzEgMTEyMC8zLzEKZiAxMTIxLzcvMSAxMTIyLzgvMSAxMTIzLzIvMSAxMTI0LzEvMQpmIDExMjUvOC8xIDExMjYvOS8xIDExMjcvNS8xIDExMjgvMi8xCmYgMTEyOS83LzEgMTEzMC84LzEgMTEzMS8yLzEgMTEzMi8xLzEKZiAxMTMzLzgvMSAxMTM0LzkvMSAxMTM1LzUvMSAxMTM2LzIvMQpmIDExMzcvNy8xIDExMzgvOC8xIDExMzkvMi8xIDExNDAvMS8xCmYgMTE0MS84LzEgMTE0Mi85LzEgMTE0My81LzEgMTE0NC8yLzEKZiAxMTQ1LzcvMSAxMTQ2LzgvMSAxMTQ3LzIvMSAxMTQ4LzEvMQpmIDExNDkvOC8xIDExNTAvOS8xIDExNTEvNS8xIDExNTIvMi8xCmYgMTE1My83LzEgMTE1NC84LzEgMTE1NS8yLzEgMTE1Ni8xLzEKZiAxMTU3LzgvMSAxMTU4LzkvMSAxMTU5LzUvMSAxMTYwLzIvMQpmIDExNjEvNy8xIDExNjIvOC8xIDExNjMvMi8xIDExNjQvMS8xCmYgMTE2NS84LzEgMTE2Ni85LzEgMTE2Ny81LzEgMTE2OC8yLzEKZiAxMTY5LzcvMSAxMTcwLzgvMSAxMTcxLzIvMSAxMTcyLzEvMQpmIDExNzMvOC8xIDExNzQvOS8xIDExNzUvNS8xIDExNzYvMi8xCmYgMTE3Ny83LzEgMTE3OC84LzEgMTE3OS8yLzEgMTE4MC8xLzEKZiAxMTgxLzgvMSAxMTgyLzkvMSAxMTgzLzUvMSAxMTg0LzIvMQpmIDExODUvNy8xIDExODYvOC8xIDExODcvMi8xIDExODgvMS8xCmYgMTE4OS84LzEgMTE5MC85LzEgMTE5MS81LzEgMTE5Mi8yLzEKZiAxMTkzLzcvMSAxMTk0LzgvMSAxMTk1LzIvMSAxMTk2LzEvMQpmIDExOTcvOC8xIDExOTgvOS8xIDExOTkvNS8xIDEyMDAvMi8xCmYgMTIwMS83LzEgMTIwMi84LzEgMTIwMy8yLzEgMTIwNC8xLzEKZiAxMjA1LzgvMSAxMjA2LzkvMSAxMjA3LzUvMSAxMjA4LzIvMQpmIDEyMDkvNy8xIDEyMTAvOC8xIDEyMTEvMi8xIDEyMTIvMS8xCmYgMTIxMy84LzEgMTIxNC85LzEgMTIxNS81LzEgMTIxNi8yLzEKZiAxMjE3LzcvMSAxMjE4LzgvMSAxMjE5LzIvMSAxMjIwLzEvMQpmIDEyMjEvOC8xIDEyMjIvOS8xIDEyMjMvNS8xIDEyMjQvMi8xCmYgMTIyNS83LzEgMTIyNi84LzEgMTIyNy8yLzEgMTIyOC8xLzEKZiAxMjI5LzgvMSAxMjMwLzkvMSAxMjMxLzUvMSAxMjMyLzIvMQpmIDEyMzMvNy8xIDEyMzQvOC8xIDEyMzUvMi8xIDEyMzYvMS8xCmYgMTIzNy84LzEgMTIzOC85LzEgMTIzOS81LzEgMTI0MC8yLzEKZiAxMjQxLzcvMSAxMjQyLzgvMSAxMjQzLzIvMSAxMjQ0LzEvMQpmIDEyNDUvOC8xIDEyNDYvOS8xIDEyNDcvNS8xIDEyNDgvMi8xCmYgMTI0OS83LzEgMTI1MC84LzEgMTI1MS8yLzEgMTI1Mi8xLzEKZiAxMjUzLzgvMSAxMjU0LzkvMSAxMjU1LzUvMSAxMjU2LzIvMQpmIDEyNTcvNy8xIDEyNTgvOC8xIDEyNTkvMi8xIDEyNjAvMS8xCmYgMTI2MS84LzEgMTI2Mi85LzEgMTI2My81LzEgMTI2NC8yLzEKZiAxMjY1LzcvMSAxMjY2LzgvMSAxMjY3LzIvMSAxMjY4LzEvMQpmIDEyNjkvOC8xIDEyNzAvOS8xIDEyNzEvNS8xIDEyNzIvMi8xCmYgMTI3My83LzEgMTI3NC84LzEgMTI3NS8yLzEgMTI3Ni8xLzEKZiAxMjc3LzgvMSAxMjc4LzkvMSAxMjc5LzUvMSAxMjgwLzIvMQpmIDEyODEvMS8xIDEyODIvMi8xIDEyODMvMy8xIDEyODQvNC8xCmYgMTI4NS8yLzEgMTI4Ni81LzEgMTI4Ny82LzEgMTI4OC8zLzEKZiAxMjg5LzEvMSAxMjkwLzIvMSAxMjkxLzMvMSAxMjkyLzQvMQpmIDEyOTMvMi8xIDEyOTQvNS8xIDEyOTUvNi8xIDEyOTYvMy8xCmYgMTI5Ny8xLzEgMTI5OC8yLzEgMTI5OS8zLzEgMTMwMC80LzEKZiAxMzAxLzIvMSAxMzAyLzUvMSAxMzAzLzYvMSAxMzA0LzMvMQpmIDEzMDUvMS8xIDEzMDYvMi8xIDEzMDcvMy8xIDEzMDgvNC8xCmYgMTMwOS8yLzEgMTMxMC81LzEgMTMxMS82LzEgMTMxMi8zLzEKZiAxMzEzLzEvMSAxMzE0LzIvMSAxMzE1LzMvMSAxMzE2LzQvMQpmIDEzMTcvMi8xIDEzMTgvNS8xIDEzMTkvNi8xIDEzMjAvMy8xCmYgMTMyMS8xLzEgMTMyMi8yLzEgMTMyMy8zLzEgMTMyNC80LzEKZiAxMzI1LzIvMSAxMzI2LzUvMSAxMzI3LzYvMSAxMzI4LzMvMQpmIDEzMjkvMS8xIDEzMzAvMi8xIDEzMzEvMy8xIDEzMzIvNC8xCmYgMTMzMy8yLzEgMTMzNC81LzEgMTMzNS82LzEgMTMzNi8zLzEKZiAxMzM3LzEvMSAxMzM4LzIvMSAxMzM5LzMvMSAxMzQwLzQvMQpmIDEzNDEvMi8xIDEzNDIvNS8xIDEzNDMvNi8xIDEzNDQvMy8xCmYgMTM0NS8xLzEgMTM0Ni8yLzEgMTM0Ny8zLzEgMTM0OC80LzEKZiAxMzQ5LzIvMSAxMzUwLzUvMSAxMzUxLzYvMSAxMzUyLzMvMQpmIDEzNTMvMS8xIDEzNTQvMi8xIDEzNTUvMy8xIDEzNTYvNC8xCmYgMTM1Ny8yLzEgMTM1OC81LzEgMTM1OS82LzEgMTM2MC8zLzEKZiAxMzYxLzEvMSAxMzYyLzIvMSAxMzYzLzMvMSAxMzY0LzQvMQpmIDEzNjUvMi8xIDEzNjYvNS8xIDEzNjcvNi8xIDEzNjgvMy8xCmYgMTM2OS8xLzEgMTM3MC8yLzEgMTM3MS8zLzEgMTM3Mi80LzEKZiAxMzczLzIvMSAxMzc0LzUvMSAxMzc1LzYvMSAxMzc2LzMvMQpmIDEzNzcvMS8xIDEzNzgvMi8xIDEzNzkvMy8xIDEzODAvNC8xCmYgMTM4MS8yLzEgMTM4Mi81LzEgMTM4My82LzEgMTM4NC8zLzEKZiAxMzg1LzEvMSAxMzg2LzIvMSAxMzg3LzMvMSAxMzg4LzQvMQpmIDEzODkvMi8xIDEzOTAvNS8xIDEzOTEvNi8xIDEzOTIvMy8xCmYgMTM5My8xLzEgMTM5NC8yLzEgMTM5NS8zLzEgMTM5Ni80LzEKZiAxMzk3LzIvMSAxMzk4LzUvMSAxMzk5LzYvMSAxNDAwLzMvMQpmIDE0MDEvMS8xIDE0MDIvMi8xIDE0MDMvMy8xIDE0MDQvNC8xCmYgMTQwNS8yLzEgMTQwNi81LzEgMTQwNy82LzEgMTQwOC8zLzEKZiAxNDA5LzEvMSAxNDEwLzIvMSAxNDExLzMvMSAxNDEyLzQvMQpmIDE0MTMvMi8xIDE0MTQvNS8xIDE0MTUvNi8xIDE0MTYvMy8xCmYgMTQxNy8xLzEgMTQxOC8yLzEgMTQxOS8zLzEgMTQyMC80LzEKZiAxNDIxLzIvMSAxNDIyLzUvMSAxNDIzLzYvMSAxNDI0LzMvMQpmIDE0MjUvMS8xIDE0MjYvMi8xIDE0MjcvMy8xIDE0MjgvNC8xCmYgMTQyOS8yLzEgMTQzMC81LzEgMTQzMS82LzEgMTQzMi8zLzEKZiAxNDMzLzEvMSAxNDM0LzIvMSAxNDM1LzMvMSAxNDM2LzQvMQpmIDE0MzcvMi8xIDE0MzgvNS8xIDE0MzkvNi8xIDE0NDAvMy8xCmYgMTQ0MS83LzEgMTQ0Mi84LzEgMTQ0My8yLzEgMTQ0NC8xLzEKZiAxNDQ1LzgvMSAxNDQ2LzkvMSAxNDQ3LzUvMSAxNDQ4LzIvMQpmIDE0NDkvNy8xIDE0NTAvOC8xIDE0NTEvMi8xIDE0NTIvMS8xCmYgMTQ1My84LzEgMTQ1NC85LzEgMTQ1NS81LzEgMTQ1Ni8yLzEKZiAxNDU3LzcvMSAxNDU4LzgvMSAxNDU5LzIvMSAxNDYwLzEvMQpmIDE0NjEvOC8xIDE0NjIvOS8xIDE0NjMvNS8xIDE0NjQvMi8xCmYgMTQ2NS83LzEgMTQ2Ni84LzEgMTQ2Ny8yLzEgMTQ2OC8xLzEKZiAxNDY5LzgvMSAxNDcwLzkvMSAxNDcxLzUvMSAxNDcyLzIvMQpmIDE0NzMvNy8xIDE0NzQvOC8xIDE0NzUvMi8xIDE0NzYvMS8xCmYgMTQ3Ny84LzEgMTQ3OC85LzEgMTQ3OS81LzEgMTQ4MC8yLzEKZiAxNDgxLzcvMSAxNDgyLzgvMSAxNDgzLzIvMSAxNDg0LzEvMQpmIDE0ODUvOC8xIDE0ODYvOS8xIDE0ODcvNS8xIDE0ODgvMi8xCmYgMTQ4OS83LzEgMTQ5MC84LzEgMTQ5MS8yLzEgMTQ5Mi8xLzEKZiAxNDkzLzgvMSAxNDk0LzkvMSAxNDk1LzUvMSAxNDk2LzIvMQpmIDE0OTcvNy8xIDE0OTgvOC8xIDE0OTkvMi8xIDE1MDAvMS8xCmYgMTUwMS84LzEgMTUwMi85LzEgMTUwMy81LzEgMTUwNC8yLzEKZiAxNTA1LzcvMSAxNTA2LzgvMSAxNTA3LzIvMSAxNTA4LzEvMQpmIDE1MDkvOC8xIDE1MTAvOS8xIDE1MTEvNS8xIDE1MTIvMi8xCmYgMTUxMy83LzEgMTUxNC84LzEgMTUxNS8yLzEgMTUxNi8xLzEKZiAxNTE3LzgvMSAxNTE4LzkvMSAxNTE5LzUvMSAxNTIwLzIvMQpmIDE1MjEvNy8xIDE1MjIvOC8xIDE1MjMvMi8xIDE1MjQvMS8xCmYgMTUyNS84LzEgMTUyNi85LzEgMTUyNy81LzEgMTUyOC8yLzEKZiAxNTI5LzcvMSAxNTMwLzgvMSAxNTMxLzIvMSAxNTMyLzEvMQpmIDE1MzMvOC8xIDE1MzQvOS8xIDE1MzUvNS8xIDE1MzYvMi8xCmYgMTUzNy83LzEgMTUzOC84LzEgMTUzOS8yLzEgMTU0MC8xLzEKZiAxNTQxLzgvMSAxNTQyLzkvMSAxNTQzLzUvMSAxNTQ0LzIvMQpmIDE1NDUvNy8xIDE1NDYvOC8xIDE1NDcvMi8xIDE1NDgvMS8xCmYgMTU0OS84LzEgMTU1MC85LzEgMTU1MS81LzEgMTU1Mi8yLzEKZiAxNTUzLzcvMSAxNTU0LzgvMSAxNTU1LzIvMSAxNTU2LzEvMQpmIDE1NTcvOC8xIDE1NTgvOS8xIDE1NTkvNS8xIDE1NjAvMi8xCmYgMTU2MS83LzEgMTU2Mi84LzEgMTU2My8yLzEgMTU2NC8xLzEKZiAxNTY1LzgvMSAxNTY2LzkvMSAxNTY3LzUvMSAxNTY4LzIvMQpmIDE1NjkvNy8xIDE1NzAvOC8xIDE1NzEvMi8xIDE1NzIvMS8xCmYgMTU3My84LzEgMTU3NC85LzEgMTU3NS81LzEgMTU3Ni8yLzEKZiAxNTc3LzcvMSAxNTc4LzgvMSAxNTc5LzIvMSAxNTgwLzEvMQpmIDE1ODEvOC8xIDE1ODIvOS8xIDE1ODMvNS8xIDE1ODQvMi8xCmYgMTU4NS83LzEgMTU4Ni84LzEgMTU4Ny8yLzEgMTU4OC8xLzEKZiAxNTg5LzgvMSAxNTkwLzkvMSAxNTkxLzUvMSAxNTkyLzIvMQpmIDE1OTMvNy8xIDE1OTQvOC8xIDE1OTUvMi8xIDE1OTYvMS8xCmYgMTU5Ny84LzEgMTU5OC85LzEgMTU5OS81LzEgMTYwMC8yLzEKZiAxNjAxLzEvMSAxNjAyLzIvMSAxNjAzLzMvMSAxNjA0LzQvMQpmIDE2MDUvMi8xIDE2MDYvNS8xIDE2MDcvNi8xIDE2MDgvMy8xCmYgMTYwOS8xLzEgMTYxMC8yLzEgMTYxMS8zLzEgMTYxMi80LzEKZiAxNjEzLzIvMSAxNjE0LzUvMSAxNjE1LzYvMSAxNjE2LzMvMQpmIDE2MTcvMS8xIDE2MTgvMi8xIDE2MTkvMy8xIDE2MjAvNC8xCmYgMTYyMS8yLzEgMTYyMi81LzEgMTYyMy82LzEgMTYyNC8zLzEKZiAxNjI1LzEvMSAxNjI2LzIvMSAxNjI3LzMvMSAxNjI4LzQvMQpmIDE2MjkvMi8xIDE2MzAvNS8xIDE2MzEvNi8xIDE2MzIvMy8xCmYgMTYzMy8xLzEgMTYzNC8yLzEgMTYzNS8zLzEgMTYzNi80LzEKZiAxNjM3LzIvMSAxNjM4LzUvMSAxNjM5LzYvMSAxNjQwLzMvMQpmIDE2NDEvMS8xIDE2NDIvMi8xIDE2NDMvMy8xIDE2NDQvNC8xCmYgMTY0NS8yLzEgMTY0Ni81LzEgMTY0Ny82LzEgMTY0OC8zLzEKZiAxNjQ5LzEvMSAxNjUwLzIvMSAxNjUxLzMvMSAxNjUyLzQvMQpmIDE2NTMvMi8xIDE2NTQvNS8xIDE2NTUvNi8xIDE2NTYvMy8xCmYgMTY1Ny8xLzEgMTY1OC8yLzEgMTY1OS8zLzEgMTY2MC80LzEKZiAxNjYxLzIvMSAxNjYyLzUvMSAxNjYzLzYvMSAxNjY0LzMvMQpmIDE2NjUvMS8xIDE2NjYvMi8xIDE2NjcvMy8xIDE2NjgvNC8xCmYgMTY2OS8yLzEgMTY3MC81LzEgMTY3MS82LzEgMTY3Mi8zLzEKZiAxNjczLzEvMSAxNjc0LzIvMSAxNjc1LzMvMSAxNjc2LzQvMQpmIDE2NzcvMi8xIDE2NzgvNS8xIDE2NzkvNi8xIDE2ODAvMy8xCmYgMTY4MS8xLzEgMTY4Mi8yLzEgMTY4My8zLzEgMTY4NC80LzEKZiAxNjg1LzIvMSAxNjg2LzUvMSAxNjg3LzYvMSAxNjg4LzMvMQpmIDE2ODkvMS8xIDE2OTAvMi8xIDE2OTEvMy8xIDE2OTIvNC8xCmYgMTY5My8yLzEgMTY5NC81LzEgMTY5NS82LzEgMTY5Ni8zLzEKZiAxNjk3LzEvMSAxNjk4LzIvMSAxNjk5LzMvMSAxNzAwLzQvMQpmIDE3MDEvMi8xIDE3MDIvNS8xIDE3MDMvNi8xIDE3MDQvMy8xCmYgMTcwNS8xLzEgMTcwNi8yLzEgMTcwNy8zLzEgMTcwOC80LzEKZiAxNzA5LzIvMSAxNzEwLzUvMSAxNzExLzYvMSAxNzEyLzMvMQpmIDE3MTMvMS8xIDE3MTQvMi8xIDE3MTUvMy8xIDE3MTYvNC8xCmYgMTcxNy8yLzEgMTcxOC81LzEgMTcxOS82LzEgMTcyMC8zLzEKZiAxNzIxLzEvMSAxNzIyLzIvMSAxNzIzLzMvMSAxNzI0LzQvMQpmIDE3MjUvMi8xIDE3MjYvNS8xIDE3MjcvNi8xIDE3MjgvMy8xCmYgMTcyOS8xLzEgMTczMC8yLzEgMTczMS8zLzEgMTczMi80LzEKZiAxNzMzLzIvMSAxNzM0LzUvMSAxNzM1LzYvMSAxNzM2LzMvMQpmIDE3MzcvMS8xIDE3MzgvMi8xIDE3MzkvMy8xIDE3NDAvNC8xCmYgMTc0MS8yLzEgMTc0Mi81LzEgMTc0My82LzEgMTc0NC8zLzEKZiAxNzQ1LzEvMSAxNzQ2LzIvMSAxNzQ3LzMvMSAxNzQ4LzQvMQpmIDE3NDkvMi8xIDE3NTAvNS8xIDE3NTEvNi8xIDE3NTIvMy8xCmYgMTc1My8xLzEgMTc1NC8yLzEgMTc1NS8zLzEgMTc1Ni80LzEKZiAxNzU3LzIvMSAxNzU4LzUvMSAxNzU5LzYvMSAxNzYwLzMvMQpmIDE3NjEvNy8xIDE3NjIvOC8xIDE3NjMvMi8xIDE3NjQvMS8xCmYgMTc2NS84LzEgMTc2Ni85LzEgMTc2Ny81LzEgMTc2OC8yLzEKZiAxNzY5LzcvMSAxNzcwLzgvMSAxNzcxLzIvMSAxNzcyLzEvMQpmIDE3NzMvOC8xIDE3NzQvOS8xIDE3NzUvNS8xIDE3NzYvMi8xCmYgMTc3Ny83LzEgMTc3OC84LzEgMTc3OS8yLzEgMTc4MC8xLzEKZiAxNzgxLzgvMSAxNzgyLzkvMSAxNzgzLzUvMSAxNzg0LzIvMQpmIDE3ODUvNy8xIDE3ODYvOC8xIDE3ODcvMi8xIDE3ODgvMS8xCmYgMTc4OS84LzEgMTc5MC85LzEgMTc5MS81LzEgMTc5Mi8yLzEKZiAxNzkzLzcvMSAxNzk0LzgvMSAxNzk1LzIvMSAxNzk2LzEvMQpmIDE3OTcvOC8xIDE3OTgvOS8xIDE3OTkvNS8xIDE4MDAvMi8xCmYgMTgwMS83LzEgMTgwMi84LzEgMTgwMy8yLzEgMTgwNC8xLzEKZiAxODA1LzgvMSAxODA2LzkvMSAxODA3LzUvMSAxODA4LzIvMQpmIDE4MDkvNy8xIDE4MTAvOC8xIDE4MTEvMi8xIDE4MTIvMS8xCmYgMTgxMy84LzEgMTgxNC85LzEgMTgxNS81LzEgMTgxNi8yLzEKZiAxODE3LzcvMSAxODE4LzgvMSAxODE5LzIvMSAxODIwLzEvMQpmIDE4MjEvOC8xIDE4MjIvOS8xIDE4MjMvNS8xIDE4MjQvMi8xCmYgMTgyNS83LzEgMTgyNi84LzEgMTgyNy8yLzEgMTgyOC8xLzEKZiAxODI5LzgvMSAxODMwLzkvMSAxODMxLzUvMSAxODMyLzIvMQpmIDE4MzMvNy8xIDE4MzQvOC8xIDE4MzUvMi8xIDE4MzYvMS8xCmYgMTgzNy84LzEgMTgzOC85LzEgMTgzOS81LzEgMTg0MC8yLzEKZiAxODQxLzcvMSAxODQyLzgvMSAxODQzLzIvMSAxODQ0LzEvMQpmIDE4NDUvOC8xIDE4NDYvOS8xIDE4NDcvNS8xIDE4NDgvMi8xCmYgMTg0OS83LzEgMTg1MC84LzEgMTg1MS8yLzEgMTg1Mi8xLzEKZiAxODUzLzgvMSAxODU0LzkvMSAxODU1LzUvMSAxODU2LzIvMQpmIDE4NTcvNy8xIDE4NTgvOC8xIDE4NTkvMi8xIDE4NjAvMS8xCmYgMTg2MS84LzEgMTg2Mi85LzEgMTg2My81LzEgMTg2NC8yLzEKZiAxODY1LzcvMSAxODY2LzgvMSAxODY3LzIvMSAxODY4LzEvMQpmIDE4NjkvOC8xIDE4NzAvOS8xIDE4NzEvNS8xIDE4NzIvMi8xCmYgMTg3My83LzEgMTg3NC84LzEgMTg3NS8yLzEgMTg3Ni8xLzEKZiAxODc3LzgvMSAxODc4LzkvMSAxODc5LzUvMSAxODgwLzIvMQpmIDE4ODEvNy8xIDE4ODIvOC8xIDE4ODMvMi8xIDE4ODQvMS8xCmYgMTg4NS84LzEgMTg4Ni85LzEgMTg4Ny81LzEgMTg4OC8yLzEKZiAxODg5LzcvMSAxODkwLzgvMSAxODkxLzIvMSAxODkyLzEvMQpmIDE4OTMvOC8xIDE4OTQvOS8xIDE4OTUvNS8xIDE4OTYvMi8xCmYgMTg5Ny83LzEgMTg5OC84LzEgMTg5OS8yLzEgMTkwMC8xLzEKZiAxOTAxLzgvMSAxOTAyLzkvMSAxOTAzLzUvMSAxOTA0LzIvMQpmIDE5MDUvNy8xIDE5MDYvOC8xIDE5MDcvMi8xIDE5MDgvMS8xCmYgMTkwOS84LzEgMTkxMC85LzEgMTkxMS81LzEgMTkxMi8yLzEKZiAxOTEzLzcvMSAxOTE0LzgvMSAxOTE1LzIvMSAxOTE2LzEvMQpmIDE5MTcvOC8xIDE5MTgvOS8xIDE5MTkvNS8xIDE5MjAvMi8xCmYgMTkyMS8xLzEgMTkyMi8yLzEgMTkyMy8zLzEgMTkyNC80LzEKZiAxOTI1LzIvMSAxOTI2LzUvMSAxOTI3LzYvMSAxOTI4LzMvMQpmIDE5MjkvMS8xIDE5MzAvMi8xIDE5MzEvMy8xIDE5MzIvNC8xCmYgMTkzMy8yLzEgMTkzNC81LzEgMTkzNS82LzEgMTkzNi8zLzEKZiAxOTM3LzEvMSAxOTM4LzIvMSAxOTM5LzMvMSAxOTQwLzQvMQpmIDE5NDEvMi8xIDE5NDIvNS8xIDE5NDMvNi8xIDE5NDQvMy8xCmYgMTk0NS8xLzEgMTk0Ni8yLzEgMTk0Ny8zLzEgMTk0OC80LzEKZiAxOTQ5LzIvMSAxOTUwLzUvMSAxOTUxLzYvMSAxOTUyLzMvMQpmIDE5NTMvMS8xIDE5NTQvMi8xIDE5NTUvMy8xIDE5NTYvNC8xCmYgMTk1Ny8yLzEgMTk1OC81LzEgMTk1OS82LzEgMTk2MC8zLzEKZiAxOTYxLzEvMSAxOTYyLzIvMSAxOTYzLzMvMSAxOTY0LzQvMQpmIDE5NjUvMi8xIDE5NjYvNS8xIDE5NjcvNi8xIDE5NjgvMy8xCmYgMTk2OS8xLzEgMTk3MC8yLzEgMTk3MS8zLzEgMTk3Mi80LzEKZiAxOTczLzIvMSAxOTc0LzUvMSAxOTc1LzYvMSAxOTc2LzMvMQpmIDE5NzcvMS8xIDE5NzgvMi8xIDE5NzkvMy8xIDE5ODAvNC8xCmYgMTk4MS8yLzEgMTk4Mi81LzEgMTk4My82LzEgMTk4NC8zLzEKZiAxOTg1LzEvMSAxOTg2LzIvMSAxOTg3LzMvMSAxOTg4LzQvMQpmIDE5ODkvMi8xIDE5OTAvNS8xIDE5OTEvNi8xIDE5OTIvMy8xCmYgMTk5My8xLzEgMTk5NC8yLzEgMTk5NS8zLzEgMTk5Ni80LzEKZiAxOTk3LzIvMSAxOTk4LzUvMSAxOTk5LzYvMSAyMDAwLzMvMQpmIDIwMDEvMS8xIDIwMDIvMi8xIDIwMDMvMy8xIDIwMDQvNC8xCmYgMjAwNS8yLzEgMjAwNi81LzEgMjAwNy82LzEgMjAwOC8zLzEKZiAyMDA5LzEvMSAyMDEwLzIvMSAyMDExLzMvMSAyMDEyLzQvMQpmIDIwMTMvMi8xIDIwMTQvNS8xIDIwMTUvNi8xIDIwMTYvMy8xCmYgMjAxNy8xLzEgMjAxOC8yLzEgMjAxOS8zLzEgMjAyMC80LzEKZiAyMDIxLzIvMSAyMDIyLzUvMSAyMDIzLzYvMSAyMDI0LzMvMQpmIDIwMjUvMS8xIDIwMjYvMi8xIDIwMjcvMy8xIDIwMjgvNC8xCmYgMjAyOS8yLzEgMjAzMC81LzEgMjAzMS82LzEgMjAzMi8zLzEKZiAyMDMzLzEvMSAyMDM0LzIvMSAyMDM1LzMvMSAyMDM2LzQvMQpmIDIwMzcvMi8xIDIwMzgvNS8xIDIwMzkvNi8xIDIwNDAvMy8xCmYgMjA0MS8xLzEgMjA0Mi8yLzEgMjA0My8zLzEgMjA0NC80LzEKZiAyMDQ1LzIvMSAyMDQ2LzUvMSAyMDQ3LzYvMSAyMDQ4LzMvMQpmIDIwNDkvMS8xIDIwNTAvMi8xIDIwNTEvMy8xIDIwNTIvNC8xCmYgMjA1My8yLzEgMjA1NC81LzEgMjA1NS82LzEgMjA1Ni8zLzEKZiAyMDU3LzEvMSAyMDU4LzIvMSAyMDU5LzMvMSAyMDYwLzQvMQpmIDIwNjEvMi8xIDIwNjIvNS8xIDIwNjMvNi8xIDIwNjQvMy8xCmYgMjA2NS8xLzEgMjA2Ni8yLzEgMjA2Ny8zLzEgMjA2OC80LzEKZiAyMDY5LzIvMSAyMDcwLzUvMSAyMDcxLzYvMSAyMDcyLzMvMQpmIDIwNzMvMS8xIDIwNzQvMi8xIDIwNzUvMy8xIDIwNzYvNC8xCmYgMjA3Ny8yLzEgMjA3OC81LzEgMjA3OS82LzEgMjA4MC8zLzEKZiAyMDgxLzcvMSAyMDgyLzgvMSAyMDgzLzIvMSAyMDg0LzEvMQpmIDIwODUvOC8xIDIwODYvOS8xIDIwODcvNS8xIDIwODgvMi8xCmYgMjA4OS83LzEgMjA5MC84LzEgMjA5MS8yLzEgMjA5Mi8xLzEKZiAyMDkzLzgvMSAyMDk0LzkvMSAyMDk1LzUvMSAyMDk2LzIvMQpmIDIwOTcvNy8xIDIwOTgvOC8xIDIwOTkvMi8xIDIxMDAvMS8xCmYgMjEwMS84LzEgMjEwMi85LzEgMjEwMy81LzEgMjEwNC8yLzEKZiAyMTA1LzcvMSAyMTA2LzgvMSAyMTA3LzIvMSAyMTA4LzEvMQpmIDIxMDkvOC8xIDIxMTAvOS8xIDIxMTEvNS8xIDIxMTIvMi8xCmYgMjExMy83LzEgMjExNC84LzEgMjExNS8yLzEgMjExNi8xLzEKZiAyMTE3LzgvMSAyMTE4LzkvMSAyMTE5LzUvMSAyMTIwLzIvMQpmIDIxMjEvNy8xIDIxMjIvOC8xIDIxMjMvMi8xIDIxMjQvMS8xCmYgMjEyNS84LzEgMjEyNi85LzEgMjEyNy81LzEgMjEyOC8yLzEKZiAyMTI5LzcvMSAyMTMwLzgvMSAyMTMxLzIvMSAyMTMyLzEvMQpmIDIxMzMvOC8xIDIxMzQvOS8xIDIxMzUvNS8xIDIxMzYvMi8xCmYgMjEzNy83LzEgMjEzOC84LzEgMjEzOS8yLzEgMjE0MC8xLzEKZiAyMTQxLzgvMSAyMTQyLzkvMSAyMTQzLzUvMSAyMTQ0LzIvMQpmIDIxNDUvNy8xIDIxNDYvOC8xIDIxNDcvMi8xIDIxNDgvMS8xCmYgMjE0OS84LzEgMjE1MC85LzEgMjE1MS81LzEgMjE1Mi8yLzEKZiAyMTUzLzcvMSAyMTU0LzgvMSAyMTU1LzIvMSAyMTU2LzEvMQpmIDIxNTcvOC8xIDIxNTgvOS8xIDIxNTkvNS8xIDIxNjAvMi8xCmYgMjE2MS83LzEgMjE2Mi84LzEgMjE2My8yLzEgMjE2NC8xLzEKZiAyMTY1LzgvMSAyMTY2LzkvMSAyMTY3LzUvMSAyMTY4LzIvMQpmIDIxNjkvNy8xIDIxNzAvOC8xIDIxNzEvMi8xIDIxNzIvMS8xCmYgMjE3My84LzEgMjE3NC85LzEgMjE3NS81LzEgMjE3Ni8yLzEKZiAyMTc3LzcvMSAyMTc4LzgvMSAyMTc5LzIvMSAyMTgwLzEvMQpmIDIxODEvOC8xIDIxODIvOS8xIDIxODMvNS8xIDIxODQvMi8xCmYgMjE4NS83LzEgMjE4Ni84LzEgMjE4Ny8yLzEgMjE4OC8xLzEKZiAyMTg5LzgvMSAyMTkwLzkvMSAyMTkxLzUvMSAyMTkyLzIvMQpmIDIxOTMvNy8xIDIxOTQvOC8xIDIxOTUvMi8xIDIxOTYvMS8xCmYgMjE5Ny84LzEgMjE5OC85LzEgMjE5OS81LzEgMjIwMC8yLzEKZiAyMjAxLzcvMSAyMjAyLzgvMSAyMjAzLzIvMSAyMjA0LzEvMQpmIDIyMDUvOC8xIDIyMDYvOS8xIDIyMDcvNS8xIDIyMDgvMi8xCmYgMjIwOS83LzEgMjIxMC84LzEgMjIxMS8yLzEgMjIxMi8xLzEKZiAyMjEzLzgvMSAyMjE0LzkvMSAyMjE1LzUvMSAyMjE2LzIvMQpmIDIyMTcvNy8xIDIyMTgvOC8xIDIyMTkvMi8xIDIyMjAvMS8xCmYgMjIyMS84LzEgMjIyMi85LzEgMjIyMy81LzEgMjIyNC8yLzEKZiAyMjI1LzcvMSAyMjI2LzgvMSAyMjI3LzIvMSAyMjI4LzEvMQpmIDIyMjkvOC8xIDIyMzAvOS8xIDIyMzEvNS8xIDIyMzIvMi8xCmYgMjIzMy83LzEgMjIzNC84LzEgMjIzNS8yLzEgMjIzNi8xLzEKZiAyMjM3LzgvMSAyMjM4LzkvMSAyMjM5LzUvMSAyMjQwLzIvMQpmIDIyNDEvMS8xIDIyNDIvMi8xIDIyNDMvMy8xIDIyNDQvNC8xCmYgMjI0NS8yLzEgMjI0Ni81LzEgMjI0Ny82LzEgMjI0OC8zLzEKZiAyMjQ5LzEvMSAyMjUwLzIvMSAyMjUxLzMvMSAyMjUyLzQvMQpmIDIyNTMvMi8xIDIyNTQvNS8xIDIyNTUvNi8xIDIyNTYvMy8xCmYgMjI1Ny8xLzEgMjI1OC8yLzEgMjI1OS8zLzEgMjI2MC80LzEKZiAyMjYxLzIvMSAyMjYyLzUvMSAyMjYzLzYvMSAyMjY0LzMvMQpmIDIyNjUvMS8xIDIyNjYvMi8xIDIyNjcvMy8xIDIyNjgvNC8xCmYgMjI2OS8yLzEgMjI3MC81LzEgMjI3MS82LzEgMjI3Mi8zLzEKZiAyMjczLzEvMSAyMjc0LzIvMSAyMjc1LzMvMSAyMjc2LzQvMQpmIDIyNzcvMi8xIDIyNzgvNS8xIDIyNzkvNi8xIDIyODAvMy8xCmYgMjI4MS8xLzEgMjI4Mi8yLzEgMjI4My8zLzEgMjI4NC80LzEKZiAyMjg1LzIvMSAyMjg2LzUvMSAyMjg3LzYvMSAyMjg4LzMvMQpmIDIyODkvMS8xIDIyOTAvMi8xIDIyOTEvMy8xIDIyOTIvNC8xCmYgMjI5My8yLzEgMjI5NC81LzEgMjI5NS82LzEgMjI5Ni8zLzEKZiAyMjk3LzEvMSAyMjk4LzIvMSAyMjk5LzMvMSAyMzAwLzQvMQpmIDIzMDEvMi8xIDIzMDIvNS8xIDIzMDMvNi8xIDIzMDQvMy8xCmYgMjMwNS8xLzEgMjMwNi8yLzEgMjMwNy8zLzEgMjMwOC80LzEKZiAyMzA5LzIvMSAyMzEwLzUvMSAyMzExLzYvMSAyMzEyLzMvMQpmIDIzMTMvMS8xIDIzMTQvMi8xIDIzMTUvMy8xIDIzMTYvNC8xCmYgMjMxNy8yLzEgMjMxOC81LzEgMjMxOS82LzEgMjMyMC8zLzEKZiAyMzIxLzEvMSAyMzIyLzIvMSAyMzIzLzMvMSAyMzI0LzQvMQpmIDIzMjUvMi8xIDIzMjYvNS8xIDIzMjcvNi8xIDIzMjgvMy8xCmYgMjMyOS8xLzEgMjMzMC8yLzEgMjMzMS8zLzEgMjMzMi80LzEKZiAyMzMzLzIvMSAyMzM0LzUvMSAyMzM1LzYvMSAyMzM2LzMvMQpmIDIzMzcvMS8xIDIzMzgvMi8xIDIzMzkvMy8xIDIzNDAvNC8xCmYgMjM0MS8yLzEgMjM0Mi81LzEgMjM0My82LzEgMjM0NC8zLzEKZiAyMzQ1LzEvMSAyMzQ2LzIvMSAyMzQ3LzMvMSAyMzQ4LzQvMQpmIDIzNDkvMi8xIDIzNTAvNS8xIDIzNTEvNi8xIDIzNTIvMy8xCmYgMjM1My8xLzEgMjM1NC8yLzEgMjM1NS8zLzEgMjM1Ni80LzEKZiAyMzU3LzIvMSAyMzU4LzUvMSAyMzU5LzYvMSAyMzYwLzMvMQpmIDIzNjEvMS8xIDIzNjIvMi8xIDIzNjMvMy8xIDIzNjQvNC8xCmYgMjM2NS8yLzEgMjM2Ni81LzEgMjM2Ny82LzEgMjM2OC8zLzEKZiAyMzY5LzEvMSAyMzcwLzIvMSAyMzcxLzMvMSAyMzcyLzQvMQpmIDIzNzMvMi8xIDIzNzQvNS8xIDIzNzUvNi8xIDIzNzYvMy8xCmYgMjM3Ny8xLzEgMjM3OC8yLzEgMjM3OS8zLzEgMjM4MC80LzEKZiAyMzgxLzIvMSAyMzgyLzUvMSAyMzgzLzYvMSAyMzg0LzMvMQpmIDIzODUvMS8xIDIzODYvMi8xIDIzODcvMy8xIDIzODgvNC8xCmYgMjM4OS8yLzEgMjM5MC81LzEgMjM5MS82LzEgMjM5Mi8zLzEKZiAyMzkzLzEvMSAyMzk0LzIvMSAyMzk1LzMvMSAyMzk2LzQvMQpmIDIzOTcvMi8xIDIzOTgvNS8xIDIzOTkvNi8xIDI0MDAvMy8xCmYgMjQwMS83LzEgMjQwMi84LzEgMjQwMy8yLzEgMjQwNC8xLzEKZiAyNDA1LzgvMSAyNDA2LzkvMSAyNDA3LzUvMSAyNDA4LzIvMQpmIDI0MDkvNy8xIDI0MTAvOC8xIDI0MTEvMi8xIDI0MTIvMS8xCmYgMjQxMy84LzEgMjQxNC85LzEgMjQxNS81LzEgMjQxNi8yLzEKZiAyNDE3LzcvMSAyNDE4LzgvMSAyNDE5LzIvMSAyNDIwLzEvMQpmIDI0MjEvOC8xIDI0MjIvOS8xIDI0MjMvNS8xIDI0MjQvMi8xCmYgMjQyNS83LzEgMjQyNi84LzEgMjQyNy8yLzEgMjQyOC8xLzEKZiAyNDI5LzgvMSAyNDMwLzkvMSAyNDMxLzUvMSAyNDMyLzIvMQpmIDI0MzMvNy8xIDI0MzQvOC8xIDI0MzUvMi8xIDI0MzYvMS8xCmYgMjQzNy84LzEgMjQzOC85LzEgMjQzOS81LzEgMjQ0MC8yLzEKZiAyNDQxLzcvMSAyNDQyLzgvMSAyNDQzLzIvMSAyNDQ0LzEvMQpmIDI0NDUvOC8xIDI0NDYvOS8xIDI0NDcvNS8xIDI0NDgvMi8xCmYgMjQ0OS83LzEgMjQ1MC84LzEgMjQ1MS8yLzEgMjQ1Mi8xLzEKZiAyNDUzLzgvMSAyNDU0LzkvMSAyNDU1LzUvMSAyNDU2LzIvMQpmIDI0NTcvNy8xIDI0NTgvOC8xIDI0NTkvMi8xIDI0NjAvMS8xCmYgMjQ2MS84LzEgMjQ2Mi85LzEgMjQ2My81LzEgMjQ2NC8yLzEKZiAyNDY1LzcvMSAyNDY2LzgvMSAyNDY3LzIvMSAyNDY4LzEvMQpmIDI0NjkvOC8xIDI0NzAvOS8xIDI0NzEvNS8xIDI0NzIvMi8xCmYgMjQ3My83LzEgMjQ3NC84LzEgMjQ3NS8yLzEgMjQ3Ni8xLzEKZiAyNDc3LzgvMSAyNDc4LzkvMSAyNDc5LzUvMSAyNDgwLzIvMQpmIDI0ODEvNy8xIDI0ODIvOC8xIDI0ODMvMi8xIDI0ODQvMS8xCmYgMjQ4NS84LzEgMjQ4Ni85LzEgMjQ4Ny81LzEgMjQ4OC8yLzEKZiAyNDg5LzcvMSAyNDkwLzgvMSAyNDkxLzIvMSAyNDkyLzEvMQpmIDI0OTMvOC8xIDI0OTQvOS8xIDI0OTUvNS8xIDI0OTYvMi8xCmYgMjQ5Ny83LzEgMjQ5OC84LzEgMjQ5OS8yLzEgMjUwMC8xLzEKZiAyNTAxLzgvMSAyNTAyLzkvMSAyNTAzLzUvMSAyNTA0LzIvMQpmIDI1MDUvNy8xIDI1MDYvOC8xIDI1MDcvMi8xIDI1MDgvMS8xCmYgMjUwOS84LzEgMjUxMC85LzEgMjUxMS81LzEgMjUxMi8yLzEKZiAyNTEzLzcvMSAyNTE0LzgvMSAyNTE1LzIvMSAyNTE2LzEvMQpmIDI1MTcvOC8xIDI1MTgvOS8xIDI1MTkvNS8xIDI1MjAvMi8xCmYgMjUyMS83LzEgMjUyMi84LzEgMjUyMy8yLzEgMjUyNC8xLzEKZiAyNTI1LzgvMSAyNTI2LzkvMSAyNTI3LzUvMSAyNTI4LzIvMQpmIDI1MjkvNy8xIDI1MzAvOC8xIDI1MzEvMi8xIDI1MzIvMS8xCmYgMjUzMy84LzEgMjUzNC85LzEgMjUzNS81LzEgMjUzNi8yLzEKZiAyNTM3LzcvMSAyNTM4LzgvMSAyNTM5LzIvMSAyNTQwLzEvMQpmIDI1NDEvOC8xIDI1NDIvOS8xIDI1NDMvNS8xIDI1NDQvMi8xCmYgMjU0NS83LzEgMjU0Ni84LzEgMjU0Ny8yLzEgMjU0OC8xLzEKZiAyNTQ5LzgvMSAyNTUwLzkvMSAyNTUxLzUvMSAyNTUyLzIvMQpmIDI1NTMvNy8xIDI1NTQvOC8xIDI1NTUvMi8xIDI1NTYvMS8xCmYgMjU1Ny84LzEgMjU1OC85LzEgMjU1OS81LzEgMjU2MC8yLzEKZiAyNTYxLzEvMSAyNTYyLzIvMSAyNTYzLzMvMSAyNTY0LzQvMQpmIDI1NjUvMi8xIDI1NjYvNS8xIDI1NjcvNi8xIDI1NjgvMy8xCmYgMjU2OS8xLzEgMjU3MC8yLzEgMjU3MS8zLzEgMjU3Mi80LzEKZiAyNTczLzIvMSAyNTc0LzUvMSAyNTc1LzYvMSAyNTc2LzMvMQpmIDI1NzcvMS8xIDI1NzgvMi8xIDI1NzkvMy8xIDI1ODAvNC8xCmYgMjU4MS8yLzEgMjU4Mi81LzEgMjU4My82LzEgMjU4NC8zLzEKZiAyNTg1LzEvMSAyNTg2LzIvMSAyNTg3LzMvMSAyNTg4LzQvMQpmIDI1ODkvMi8xIDI1OTAvNS8xIDI1OTEvNi8xIDI1OTIvMy8xCmYgMjU5My8xLzEgMjU5NC8yLzEgMjU5NS8zLzEgMjU5Ni80LzEKZiAyNTk3LzIvMSAyNTk4LzUvMSAyNTk5LzYvMSAyNjAwLzMvMQpmIDI2MDEvMS8xIDI2MDIvMi8xIDI2MDMvMy8xIDI2MDQvNC8xCmYgMjYwNS8yLzEgMjYwNi81LzEgMjYwNy82LzEgMjYwOC8zLzEKZiAyNjA5LzEvMSAyNjEwLzIvMSAyNjExLzMvMSAyNjEyLzQvMQpmIDI2MTMvMi8xIDI2MTQvNS8xIDI2MTUvNi8xIDI2MTYvMy8xCmYgMjYxNy8xLzEgMjYxOC8yLzEgMjYxOS8zLzEgMjYyMC80LzEKZiAyNjIxLzIvMSAyNjIyLzUvMSAyNjIzLzYvMSAyNjI0LzMvMQpmIDI2MjUvMS8xIDI2MjYvMi8xIDI2MjcvMy8xIDI2MjgvNC8xCmYgMjYyOS8yLzEgMjYzMC81LzEgMjYzMS82LzEgMjYzMi8zLzEKZiAyNjMzLzEvMSAyNjM0LzIvMSAyNjM1LzMvMSAyNjM2LzQvMQpmIDI2MzcvMi8xIDI2MzgvNS8xIDI2MzkvNi8xIDI2NDAvMy8xCmYgMjY0MS8xLzEgMjY0Mi8yLzEgMjY0My8zLzEgMjY0NC80LzEKZiAyNjQ1LzIvMSAyNjQ2LzUvMSAyNjQ3LzYvMSAyNjQ4LzMvMQpmIDI2NDkvMS8xIDI2NTAvMi8xIDI2NTEvMy8xIDI2NTIvNC8xCmYgMjY1My8yLzEgMjY1NC81LzEgMjY1NS82LzEgMjY1Ni8zLzEKZiAyNjU3LzEvMSAyNjU4LzIvMSAyNjU5LzMvMSAyNjYwLzQvMQpmIDI2NjEvMi8xIDI2NjIvNS8xIDI2NjMvNi8xIDI2NjQvMy8xCmYgMjY2NS8xLzEgMjY2Ni8yLzEgMjY2Ny8zLzEgMjY2OC80LzEKZiAyNjY5LzIvMSAyNjcwLzUvMSAyNjcxLzYvMSAyNjcyLzMvMQpmIDI2NzMvMS8xIDI2NzQvMi8xIDI2NzUvMy8xIDI2NzYvNC8xCmYgMjY3Ny8yLzEgMjY3OC81LzEgMjY3OS82LzEgMjY4MC8zLzEKZiAyNjgxLzEvMSAyNjgyLzIvMSAyNjgzLzMvMSAyNjg0LzQvMQpmIDI2ODUvMi8xIDI2ODYvNS8xIDI2ODcvNi8xIDI2ODgvMy8xCmYgMjY4OS8xLzEgMjY5MC8yLzEgMjY5MS8zLzEgMjY5Mi80LzEKZiAyNjkzLzIvMSAyNjk0LzUvMSAyNjk1LzYvMSAyNjk2LzMvMQpmIDI2OTcvMS8xIDI2OTgvMi8xIDI2OTkvMy8xIDI3MDAvNC8xCmYgMjcwMS8yLzEgMjcwMi81LzEgMjcwMy82LzEgMjcwNC8zLzEKZiAyNzA1LzEvMSAyNzA2LzIvMSAyNzA3LzMvMSAyNzA4LzQvMQpmIDI3MDkvMi8xIDI3MTAvNS8xIDI3MTEvNi8xIDI3MTIvMy8xCmYgMjcxMy8xLzEgMjcxNC8yLzEgMjcxNS8zLzEgMjcxNi80LzEKZiAyNzE3LzIvMSAyNzE4LzUvMSAyNzE5LzYvMSAyNzIwLzMvMQpmIDI3MjEvNy8xIDI3MjIvOC8xIDI3MjMvMi8xIDI3MjQvMS8xCmYgMjcyNS84LzEgMjcyNi85LzEgMjcyNy81LzEgMjcyOC8yLzEKZiAyNzI5LzcvMSAyNzMwLzgvMSAyNzMxLzIvMSAyNzMyLzEvMQpmIDI3MzMvOC8xIDI3MzQvOS8xIDI3MzUvNS8xIDI3MzYvMi8xCmYgMjczNy83LzEgMjczOC84LzEgMjczOS8yLzEgMjc0MC8xLzEKZiAyNzQxLzgvMSAyNzQyLzkvMSAyNzQzLzUvMSAyNzQ0LzIvMQpmIDI3NDUvNy8xIDI3NDYvOC8xIDI3NDcvMi8xIDI3NDgvMS8xCmYgMjc0OS84LzEgMjc1MC85LzEgMjc1MS81LzEgMjc1Mi8yLzEKZiAyNzUzLzcvMSAyNzU0LzgvMSAyNzU1LzIvMSAyNzU2LzEvMQpmIDI3NTcvOC8xIDI3NTgvOS8xIDI3NTkvNS8xIDI3NjAvMi8xCmYgMjc2MS83LzEgMjc2Mi84LzEgMjc2My8yLzEgMjc2NC8xLzEKZiAyNzY1LzgvMSAyNzY2LzkvMSAyNzY3LzUvMSAyNzY4LzIvMQpmIDI3NjkvNy8xIDI3NzAvOC8xIDI3NzEvMi8xIDI3NzIvMS8xCmYgMjc3My84LzEgMjc3NC85LzEgMjc3NS81LzEgMjc3Ni8yLzEKZiAyNzc3LzcvMSAyNzc4LzgvMSAyNzc5LzIvMSAyNzgwLzEvMQpmIDI3ODEvOC8xIDI3ODIvOS8xIDI3ODMvNS8xIDI3ODQvMi8xCmYgMjc4NS83LzEgMjc4Ni84LzEgMjc4Ny8yLzEgMjc4OC8xLzEKZiAyNzg5LzgvMSAyNzkwLzkvMSAyNzkxLzUvMSAyNzkyLzIvMQpmIDI3OTMvNy8xIDI3OTQvOC8xIDI3OTUvMi8xIDI3OTYvMS8xCmYgMjc5Ny84LzEgMjc5OC85LzEgMjc5OS81LzEgMjgwMC8yLzEKZiAyODAxLzcvMSAyODAyLzgvMSAyODAzLzIvMSAyODA0LzEvMQpmIDI4MDUvOC8xIDI4MDYvOS8xIDI4MDcvNS8xIDI4MDgvMi8xCmYgMjgwOS83LzEgMjgxMC84LzEgMjgxMS8yLzEgMjgxMi8xLzEKZiAyODEzLzgvMSAyODE0LzkvMSAyODE1LzUvMSAyODE2LzIvMQpmIDI4MTcvNy8xIDI4MTgvOC8xIDI4MTkvMi8xIDI4MjAvMS8xCmYgMjgyMS84LzEgMjgyMi85LzEgMjgyMy81LzEgMjgyNC8yLzEKZiAyODI1LzcvMSAyODI2LzgvMSAyODI3LzIvMSAyODI4LzEvMQpmIDI4MjkvOC8xIDI4MzAvOS8xIDI4MzEvNS8xIDI4MzIvMi8xCmYgMjgzMy83LzEgMjgzNC84LzEgMjgzNS8yLzEgMjgzNi8xLzEKZiAyODM3LzgvMSAyODM4LzkvMSAyODM5LzUvMSAyODQwLzIvMQpmIDI4NDEvNy8xIDI4NDIvOC8xIDI4NDMvMi8xIDI4NDQvMS8xCmYgMjg0NS84LzEgMjg0Ni85LzEgMjg0Ny81LzEgMjg0OC8yLzEKZiAyODQ5LzcvMSAyODUwLzgvMSAyODUxLzIvMSAyODUyLzEvMQpmIDI4NTMvOC8xIDI4NTQvOS8xIDI4NTUvNS8xIDI4NTYvMi8xCmYgMjg1Ny83LzEgMjg1OC84LzEgMjg1OS8yLzEgMjg2MC8xLzEKZiAyODYxLzgvMSAyODYyLzkvMSAyODYzLzUvMSAyODY0LzIvMQpmIDI4NjUvNy8xIDI4NjYvOC8xIDI4NjcvMi8xIDI4NjgvMS8xCmYgMjg2OS84LzEgMjg3MC85LzEgMjg3MS81LzEgMjg3Mi8yLzEKZiAyODczLzcvMSAyODc0LzgvMSAyODc1LzIvMSAyODc2LzEvMQpmIDI4NzcvOC8xIDI4NzgvOS8xIDI4NzkvNS8xIDI4ODAvMi8xCmYgMjg4MS8xLzEgMjg4Mi8yLzEgMjg4My8zLzEgMjg4NC80LzEKZiAyODg1LzIvMSAyODg2LzUvMSAyODg3LzYvMSAyODg4LzMvMQpmIDI4ODkvMS8xIDI4OTAvMi8xIDI4OTEvMy8xIDI4OTIvNC8xCmYgMjg5My8yLzEgMjg5NC81LzEgMjg5NS82LzEgMjg5Ni8zLzEKZiAyODk3LzEvMSAyODk4LzIvMSAyODk5LzMvMSAyOTAwLzQvMQpmIDI5MDEvMi8xIDI5MDIvNS8xIDI5MDMvNi8xIDI5MDQvMy8xCmYgMjkwNS8xLzEgMjkwNi8yLzEgMjkwNy8zLzEgMjkwOC80LzEKZiAyOTA5LzIvMSAyOTEwLzUvMSAyOTExLzYvMSAyOTEyLzMvMQpmIDI5MTMvMS8xIDI5MTQvMi8xIDI5MTUvMy8xIDI5MTYvNC8xCmYgMjkxNy8yLzEgMjkxOC81LzEgMjkxOS82LzEgMjkyMC8zLzEKZiAyOTIxLzEvMSAyOTIyLzIvMSAyOTIzLzMvMSAyOTI0LzQvMQpmIDI5MjUvMi8xIDI5MjYvNS8xIDI5MjcvNi8xIDI5MjgvMy8xCmYgMjkyOS8xLzEgMjkzMC8yLzEgMjkzMS8zLzEgMjkzMi80LzEKZiAyOTMzLzIvMSAyOTM0LzUvMSAyOTM1LzYvMSAyOTM2LzMvMQpmIDI5MzcvMS8xIDI5MzgvMi8xIDI5MzkvMy8xIDI5NDAvNC8xCmYgMjk0MS8yLzEgMjk0Mi81LzEgMjk0My82LzEgMjk0NC8zLzEKZiAyOTQ1LzEvMSAyOTQ2LzIvMSAyOTQ3LzMvMSAyOTQ4LzQvMQpmIDI5NDkvMi8xIDI5NTAvNS8xIDI5NTEvNi8xIDI5NTIvMy8xCmYgMjk1My8xLzEgMjk1NC8yLzEgMjk1NS8zLzEgMjk1Ni80LzEKZiAyOTU3LzIvMSAyOTU4LzUvMSAyOTU5LzYvMSAyOTYwLzMvMQpmIDI5NjEvMS8xIDI5NjIvMi8xIDI5NjMvMy8xIDI5NjQvNC8xCmYgMjk2NS8yLzEgMjk2Ni81LzEgMjk2Ny82LzEgMjk2OC8zLzEKZiAyOTY5LzEvMSAyOTcwLzIvMSAyOTcxLzMvMSAyOTcyLzQvMQpmIDI5NzMvMi8xIDI5NzQvNS8xIDI5NzUvNi8xIDI5NzYvMy8xCmYgMjk3Ny8xLzEgMjk3OC8yLzEgMjk3OS8zLzEgMjk4MC80LzEKZiAyOTgxLzIvMSAyOTgyLzUvMSAyOTgzLzYvMSAyOTg0LzMvMQpmIDI5ODUvMS8xIDI5ODYvMi8xIDI5ODcvMy8xIDI5ODgvNC8xCmYgMjk4OS8yLzEgMjk5MC81LzEgMjk5MS82LzEgMjk5Mi8zLzEKZiAyOTkzLzEvMSAyOTk0LzIvMSAyOTk1LzMvMSAyOTk2LzQvMQpmIDI5OTcvMi8xIDI5OTgvNS8xIDI5OTkvNi8xIDMwMDAvMy8xCmYgMzAwMS8xLzEgMzAwMi8yLzEgMzAwMy8zLzEgMzAwNC80LzEKZiAzMDA1LzIvMSAzMDA2LzUvMSAzMDA3LzYvMSAzMDA4LzMvMQpmIDMwMDkvMS8xIDMwMTAvMi8xIDMwMTEvMy8xIDMwMTIvNC8xCmYgMzAxMy8yLzEgMzAxNC81LzEgMzAxNS82LzEgMzAxNi8zLzEKZiAzMDE3LzEvMSAzMDE4LzIvMSAzMDE5LzMvMSAzMDIwLzQvMQpmIDMwMjEvMi8xIDMwMjIvNS8xIDMwMjMvNi8xIDMwMjQvMy8xCmYgMzAyNS8xLzEgMzAyNi8yLzEgMzAyNy8zLzEgMzAyOC80LzEKZiAzMDI5LzIvMSAzMDMwLzUvMSAzMDMxLzYvMSAzMDMyLzMvMQpmIDMwMzMvMS8xIDMwMzQvMi8xIDMwMzUvMy8xIDMwMzYvNC8xCmYgMzAzNy8yLzEgMzAzOC81LzEgMzAzOS82LzEgMzA0MC8zLzEKZiAzMDQxLzcvMSAzMDQyLzgvMSAzMDQzLzIvMSAzMDQ0LzEvMQpmIDMwNDUvOC8xIDMwNDYvOS8xIDMwNDcvNS8xIDMwNDgvMi8xCmYgMzA0OS83LzEgMzA1MC84LzEgMzA1MS8yLzEgMzA1Mi8xLzEKZiAzMDUzLzgvMSAzMDU0LzkvMSAzMDU1LzUvMSAzMDU2LzIvMQpmIDMwNTcvNy8xIDMwNTgvOC8xIDMwNTkvMi8xIDMwNjAvMS8xCmYgMzA2MS84LzEgMzA2Mi85LzEgMzA2My81LzEgMzA2NC8yLzEKZiAzMDY1LzcvMSAzMDY2LzgvMSAzMDY3LzIvMSAzMDY4LzEvMQpmIDMwNjkvOC8xIDMwNzAvOS8xIDMwNzEvNS8xIDMwNzIvMi8xCmYgMzA3My83LzEgMzA3NC84LzEgMzA3NS8yLzEgMzA3Ni8xLzEKZiAzMDc3LzgvMSAzMDc4LzkvMSAzMDc5LzUvMSAzMDgwLzIvMQpmIDMwODEvNy8xIDMwODIvOC8xIDMwODMvMi8xIDMwODQvMS8xCmYgMzA4NS84LzEgMzA4Ni85LzEgMzA4Ny81LzEgMzA4OC8yLzEKZiAzMDg5LzcvMSAzMDkwLzgvMSAzMDkxLzIvMSAzMDkyLzEvMQpmIDMwOTMvOC8xIDMwOTQvOS8xIDMwOTUvNS8xIDMwOTYvMi8xCmYgMzA5Ny83LzEgMzA5OC84LzEgMzA5OS8yLzEgMzEwMC8xLzEKZiAzMTAxLzgvMSAzMTAyLzkvMSAzMTAzLzUvMSAzMTA0LzIvMQpmIDMxMDUvNy8xIDMxMDYvOC8xIDMxMDcvMi8xIDMxMDgvMS8xCmYgMzEwOS84LzEgMzExMC85LzEgMzExMS81LzEgMzExMi8yLzEKZiAzMTEzLzcvMSAzMTE0LzgvMSAzMTE1LzIvMSAzMTE2LzEvMQpmIDMxMTcvOC8xIDMxMTgvOS8xIDMxMTkvNS8xIDMxMjAvMi8xCmYgMzEyMS83LzEgMzEyMi84LzEgMzEyMy8yLzEgMzEyNC8xLzEKZiAzMTI1LzgvMSAzMTI2LzkvMSAzMTI3LzUvMSAzMTI4LzIvMQpmIDMxMjkvNy8xIDMxMzAvOC8xIDMxMzEvMi8xIDMxMzIvMS8xCmYgMzEzMy84LzEgMzEzNC85LzEgMzEzNS81LzEgMzEzNi8yLzEKZiAzMTM3LzcvMSAzMTM4LzgvMSAzMTM5LzIvMSAzMTQwLzEvMQpmIDMxNDEvOC8xIDMxNDIvOS8xIDMxNDMvNS8xIDMxNDQvMi8xCmYgMzE0NS83LzEgMzE0Ni84LzEgMzE0Ny8yLzEgMzE0OC8xLzEKZiAzMTQ5LzgvMSAzMTUwLzkvMSAzMTUxLzUvMSAzMTUyLzIvMQpmIDMxNTMvNy8xIDMxNTQvOC8xIDMxNTUvMi8xIDMxNTYvMS8xCmYgMzE1Ny84LzEgMzE1OC85LzEgMzE1OS81LzEgMzE2MC8yLzEKZiAzMTYxLzcvMSAzMTYyLzgvMSAzMTYzLzIvMSAzMTY0LzEvMQpmIDMxNjUvOC8xIDMxNjYvOS8xIDMxNjcvNS8xIDMxNjgvMi8xCmYgMzE2OS83LzEgMzE3MC84LzEgMzE3MS8yLzEgMzE3Mi8xLzEKZiAzMTczLzgvMSAzMTc0LzkvMSAzMTc1LzUvMSAzMTc2LzIvMQpmIDMxNzcvNy8xIDMxNzgvOC8xIDMxNzkvMi8xIDMxODAvMS8xCmYgMzE4MS84LzEgMzE4Mi85LzEgMzE4My81LzEgMzE4NC8yLzEKZiAzMTg1LzcvMSAzMTg2LzgvMSAzMTg3LzIvMSAzMTg4LzEvMQpmIDMxODkvOC8xIDMxOTAvOS8xIDMxOTEvNS8xIDMxOTIvMi8xCmYgMzE5My83LzEgMzE5NC84LzEgMzE5NS8yLzEgMzE5Ni8xLzEKZiAzMTk3LzgvMSAzMTk4LzkvMSAzMTk5LzUvMSAzMjAwLzIvMQoK</ImportMesh>
  <ImportMesh filename="test-6_mesh_0002.obj">IyBUaWxlZDJVbml0eSBnZW5lcmF0ZWQgZmlsZS4gRG8gbm90IG1vZGlmeSBieSBoYW5kLgojIFdhdmVmcm9udCBmaWxlIGZvciAndGVzdC02X21lc2hfMDAwMi5vYmonCgojIFZlcnRpY2VzIChDb3VudCA9IDQwKQp2IC0yMDggLTE2MCAwCnYgLTIyNCAtMTYwIDAKdiAtMjI0IC0xNDQgMAp2IC0yMDggLTE0NCAwCnYgLTIyNCAtMTYwIDAKdiAtMjQwIC0xNjAgMAp2IC0yNDAgLTE0NCAwCnYgLTIyNCAtMTQ0IDAKdiAtMjQwIC0xNjAgMAp2IC0yNTYgLTE2MCAwCnYgLTI1NiAtMTQ0IDAKdiAtMjQwIC0xNDQgMAp2IC0yNTYgLTE2MCAwCnYgLTI3MiAtMTYwIDAKdiAtMjcyIC0xNDQgMAp2IC0yNTYgLTE0NCAwCnYgLTI3MiAtMTYwIDAKdiAtMjg4IC0xNjAgMAp2IC0yODggLTE0NCAwCnYgLTI3MiAtMTQ0IDAKdiAtMjg4IC0xNjAgMAp2IC0zMDQgLTE2MCAwCnYgLTMwNCAtMTQ0IDAKdiAtMjg4IC0xNDQgMAp2IC0zMDQgLTE2MCAwCnYgLTMyMCAtMTYwIDAKdiAtMzIwIC0xNDQgMAp2IC0zMDQgLTE0NCAwCnYgLTMyMCAtMTYwIDAKdiAtMzM2IC0xNjAgMAp2IC0zMzYgLTE0NCAwCnYgLTMyMCAtMTQ0IDAKdiAtMzM2IC0xNjAgMAp2IC0zNTIgLTE2MCAwCnYgLTM1MiAtMTQ0IDAKdiAtMzM2IC0xNDQgMAp2IC0zNTIgLTE2MCAwCnYgLTM2OCAtMTYwIDAKdiAtMzY4IC0xNDQgMAp2IC0zNTIgLTE0NCAwCgojIFRleHR1cmUgY29vcmlkaW5hdGVzIChDb3VudCA9IDQpCnZ0IDAuNSAwLjgKdnQgMC42IDAuOAp2dCAwLjYgMC45CnZ0IDAuNSAwLjkKCiMgTm9ybWFsCnZuIDAgMCAtMQoKIyBNZXNoIGRlc2NyaXB0aW9uCmcgdGVzdC02X21lc2hfMDAwMgoKIyBGYWNlcwpmIDEvMS8xIDIvMi8xIDMvMy8xIDQvNC8xCmYgNS8xLzEgNi8yLzEgNy8zLzEgOC80LzEKZiA5LzEvMSAxMC8yLzEgMTEvMy8xIDEyLzQvMQpmIDEzLzEvMSAxNC8yLzEgMTUvMy8xIDE2LzQvMQpmIDE3LzEvMSAxOC8yLzEgMTkvMy8xIDIwLzQvMQpmIDIxLzEvMSAyMi8yLzEgMjMvMy8xIDI0LzQvMQpmIDI1LzEvMSAyNi8yLzEgMjcvMy8xIDI4LzQvMQpmIDI5LzEvMSAzMC8yLzEgMzEvMy8xIDMyLzQvMQpmIDMzLzEvMSAzNC8yLzEgMzUvMy8xIDM2LzQvMQpmIDM3LzEvMSAzOC8yLzEgMzkvMy8xIDQwLzQvMQoK</ImportMesh>
  <ImportTexture filename="tileset.png">iVBORw0KGgoAAAANSUhEUgAAAKAAAACgCAYAAACLz2ctAAAABGdBTUEAALGPC/xhBQAAAAZiS0dEAP8A/wD/oL2nkwAAAAlwSFlzAAALEwAACxMBAJqcGAAAAAd0SU1FB+IEHAINAM499O0AACAASURBVHgBADSCy30B/wD//wAAAAAAAAAAAAAAAAAAAAAAAAAAAAAAAAAAAAAAAAAAAAAAAAAAAAAAAAAAAAAAAAAAAAAAAAAAAAAAAAAAAAAAAAAAAAAAAAAAAAAAAAAAAAAAAAAAAAAAAAAAAAAAAAAAAAAAAAAAAAAAAAAAAAAAAAAAAAAAAAAAAAAAAAEAAAAAAAAAAAAAAAAAAAAAAAAAAAAAAAAAAAAAAAAAAAAAAAAAAAAAAAAAAAAAAAAAAAAAAAAAAAAAAAAAAAAAAAAAAAAAAAAAAAAAAAAAAAAAAAAAAAAAAAAAAAAAAAAAAAAAAAAAAAAAAAAAAAAAAAAAAAAAAAAAAAAAAAEAAAEAAAAAAAAAAAAAAAAAAAAAAAAAAAAAAAAAAAAAAAAAAHx8fP8AAAAAAAAAAAAAAAAAAAAAAAAAAAAAAAAAAAAAAAAAAAAAAAAAAAAAAAAAAAAAAAAAAAAAhISEAQAAAAAAAAAAAAAAAAAAAAAAAAAAAAAAAAAAAAAAAAAAWFhY/wAAAAAAAAAAAAAAAAAAAAAAAAAAAAAAAAAAAAAAAAAAAAAAAAAAAAAAAAAAAAAAAAAAAAAAAAAAAAAAAAAAAAAAAAAAAAAAAAAAAAAAAAAAAAAAAAAAAAAAAAAAAAAAAAAAAAAAAAAAAAAAAAAAAAAAAAAAAAAAAAAAAACoqKgBAAAAAAAAAAAAAAAAAAAAAAAAAAAAAAAAAAAAAJX/4gIAAAAKAAAACQAAAAcAAAAHAAAABQAAAAMAAAACAAAAAQAAAP4AAAD9AAAA/AAAAPsAAAD5AAAB9wAAAPdrAR35AAAAAAAAAAAAAAAAAAAAAAAAAAAAAAAAAAAAAAQAAAAAAAAAAAAAAAAAAAAAAAAAAAAAAAAAAAAAAAAAAAAAAAAAAAAAAAAAAAAAAAAAAAAAAAAAAAAAAAAAAAAAAAAAAAAAAAAAAAAAAAAAAAAAAAAAAAAAAAAAAAAAAAAAAAAAAAAAAAAAAAAAAAAAAAAAAAAAAAAAAAAAAAAAAAAAAAAAAAAAAAAAAAAAAAAAAAAAAAAAAAAAAAAAAAAAAAAAAAAAAAAAAAAAAAAAAAAAAAAAAAAAAAAAAAAAAAAAAAAAAAAAAAAAAAAAAAAAAAAAAAAAAAAAAAAAAAAAAAAAAAAAAAAAAAAAAAAAAAAAAAAAAAAAAAAAAAAAAAAAAAAAAAAAAAAAAAAAAAAAAAAAAAB8fHz/AAAAAAAAAAAAAAAA3NzcAAAAAAAAAAAAAAAAAAAAAAAAAAAAAAAAAAAAAAAAAAAAAAAAAAAAAAAAAAAAAAAAAAAAAAB8fHz/AAAAAAAAAAAAAAAAhISEAQAAAAAAAAAAAAAAAAAAAAAAAAAAAAAAAAAAAAAAAAAAAAAAAAAAAAAAAAAAAAAAAAAAAAAAAAAAAAAAAAAAAAAAAAAAAAAAAAAAAAAAAAAAAAAAAAAAAAAAAAAAAAAAAAAAAAAAAAAAAAAAAAAAAAAAAAAAAAAAAAAAAAAAAAAAAAAAAAAAAAAAAAAAAAAAAAAAAAAAAAAAAAAAAAAAAAAAAAAAAAAAAAAAAACV/+MGAAD/CwAAAAsAAAAJAAABCAAA/wcAAAAFAAAABAAAAQIAAAABAAD//wAAAP0AAAD7AAAA+gAAAfgAAP8IAAAAB5X/4vRrAR71AAAAAAAAAAAAAAAAAAAAAAAAAAAAAAAABAAAAAAAAAAAAAAAAAAAAAAAAAAAAAAAAAAAAAAAAAAAAAAAAAAAAAAAAAAAAAAAAAAAAAAAAAAAAAAAAAAAAAAAAAAAAAAAAAAAAAAAAAAAAAAAAAAAAAAAAAAAAAAAAAAAAAAAAAAAAAAAAAAAAAAAAAAAAAAAAAAAAAAAAAAAAAAAAAAAAAAAAAAAAAAAAAAAAAAAAAAAAAAAAAAAAAAAAAAAAAAAAAAAAAAAAAAAAAAAAAAAAAAAAAAAAAAAAAAAAAAAAAAAAAAAAAAAAAAAAAAAAAAAAAAAAAAAAAAAAAAAAAAAAAAAAAAAAAAAAAAAAAAAAAAAAAAAAAAAAAAAAAAAAAAAAHx8fP8AAAAAAAAAANzc3AAAAAAAAAAAAAAAAAAAAAAAAAAAAAAAAAAAAAAAAAAAAAAAAAAAAAAAAAAAAAAAAAAAAAAAAAAAAAAAAAAAAAAAAAAAANzc3AAAAAAAAAAAAAAAAAB8fHz/AAAAAAAAAACEhIQBAAAAAAAAAAAAAAAAAAAAAAAAAAAAAAAAAAAAAAAAAAAAAAAAAAAAAAAAAAAAAAAAAAAAAAAAAAAAAAAAAAAAAAAAAAAAAAAAAAAAAAAAAAAAAAAAAAAAAAAAAAAAAAAAAAAAAAAAAAAAAAAAAAAAAAAAAAAAAAAAAAAAAAAAAAAAAAAAAAAAAAAAAAAAAAAAAAAAAAAAAAAAAAAAlf/iBwAAAA0AAAEMAAD/CwAAAAoAAAAIAAAABwAAAAcAAAAEAAAAAgAA/wEAAAD+AAAA/QAAAfsAAP/6AAD/9wAAAPcAAAAFAAAAA5X/4gJrAR7zAAAAAAAAAAAAAAAAAAAAAAAAAAAEAAAAAAAAAAAAAAAAAAAAAAAAAAAAAAAAAAAAAAAAAAAAAAAAAAAAAAAAAAAAAAAAAAAAAAAAAAAAAAAAAAAAAAAAAAAAAAAAAAAAAAAAAAAAAAAAAAAAAAAAAAAAAAAAAAAAAAAAAAAAAAAAAAAAAAAAAAAAAAAAAAAAAAAAAAAAAAAAAAAAAAAAAAAAAAAAAAAAAAAAAAAAAAAAAAAAAAAAAAAAAAAAAAAAAAAAAAAAAAAAAAAAAAAAAAAAAAAAAAAAAAAAAAAAAAAAAAAAAAAAAAAAAAAAAAAAAAAAAAAAAAAAAAAAAAAAAAAAAAAAAAAAAAAAAAAAAAAAAAAAAAAAAAB8fHz/3NzcAAAAAAAAAAAAAAAAAAAAAAAAAAAAAAAAAAAAAAAAAAAAAAAAAAAAAAAAAAAAAAAAAAAAAAAAAAAAAAAAAAAAAAAAAAAAAAAAAAAAAAAAAAAAAAAAAAAAAAAAAAAAAAAAANzc3AAAAAAAAAAAAHx8fP+EhIQBAAAAAAAAAAAAAAAAAAAAAAAAAAAAAAAAAAAAAAAAAAAAAAAAAAAAAAAAAAAAAAAAAAAAAAAAAAAAAAAAAAAAAAAAAAAAAAAAAAAAAAAAAAAAAAAAAAAAAAAAAAAAAAAAAAAAAAAAAAAAAAAAAAAAAAAAAAAAAAAAAAAAAAAAAAAAAAAAAAAAAAAAAAAAAAAAAAAAAJX/4gUAAAAMAAAADQAA/w0AAAALAAAACwAA/wlr1rmyAAAAAAAAAAAAAAAAAAAAAAAAAAAAAAAAAAAAAJUqR1MAAAAHAAAABgAAAAQAAAECAAD/AZX/4v9rAR70AAAAAAAAAAAAAAAAAAAAAAH/AP//AAAAAAAAAAAAAAAAAAAAAAAAAAAAAAAAAAAAAAAAAAAAAAAAAAAAAAAAAAAAAAAAAAAAAAAAAAAAAAAAAAAAAAAAAAAAAAAAAAAAAAAAAAAAAAAAAAAAAAAAAAAAAAAAAAAAAAAAAAAAAAAAAAAAAAAAAAAAAAAAAAAAAAAAAQAAAAAAAAAAAAAAAAAAAAAAAAAAAAAAAAAAAAAAAAAAAAAAAAAAAAAAAAAAAAAAAAAAAAAAAAAAAAAAAAAAAAAAAAAAAAAAAAAAAAAAAAAAAAAAAAAAAAAAAAAAAAAAAAAAAAAAAAAAAAAAAAAAAAAAAAAAAAAAAAAAAAAAfXx8ANzc3AAAAAAAAAAAAAAAAAAAAAAAAAAAAAAAAAAAAAAAAAAAAAAAAAAAAAAAAAAAAP///wD///8A////AAAAAAABAQEAAAAAAAICAgAAAAAAAAAAAAAAAAAAAAAAAAAAAAAAAAAAAAAAAAAAAAAAAAAAAAAAAAAAACQkJADc3NwAAAAAAAAAAAAAAAAAAAAAAAAAAAAAAAAAAAAAAAAAAAAAAAAAAAAAAAAAAAAAAAAAAAAAAAAAAAAAAAAAAAAAAAAAAAAAAAAAAAAAAAAAAAAAAAAAAAAAAAAAAAAAAAAAAAAAAAAAAAAAAAAAAAAAAAAAAADx8fEAAAAAALe3twEAAAAAAAAAAAAAAACV/+IBAAAADwAAAQ8AAP8OAAAADgAAAAxr1rm4AAAAAAAAAAAAAAAAAAAAAAAAAAAAAAAAAAAAAAAAAAAAAAAAAAAAAAAAAACVKkhPAAD/8wAAAPMAAADyAAAB8gAA//BrAR74AAAAAAAAAAAAAAAAAgAAAAAAAAAAAAAAAAAAAAAAAAAAAAAAAAAAAAAAAAAAAAAAAAAAAAAAAAAAAAAAAAAAAAAAAAAAAAAAAAAAAAAAAAAAAAAAAAAAAAAAAAAAAAAAAAAAAAAAAAAAAAAAAAAAAAAAAAAAAAAAAAAAAAAAAAAAAAAAAAAAAAAAAAAAAAAAAAAAAAAAAAAAAAAAAAAAAAAAAAAAAAAAAAAAAAAAAAAAAAAAAAAAAAAAAAAAAAAAAAAAAAAAAAAAAAAAAAAAAAAAAAAAAAAAAAAAAAAAAAAAAAAAAAAAAAAAAAAAAAAAAAAAAAAAAAAAAAAAAAAAAAAAAAAAAAAAAAAAAAAAAAAAAAAAAAAAAAAAAAAAAAAAAAAAAAAAAAAAAAAAAAAAAAAAAAAA/v7+APz8/AD6+voA+vr6APr6+gD6+voA+/v7APr6+gD7+/sA+vr6APz8/AD+/v4AAAAAAAAAAAAAAAAAAAAAAAAAAAAAAAAAAAAAAAAAAAAAAAAAAAAAAAAAAAAAAAAAAAAAAAAAAAAAAAAAAAAAAAAAAADx8fEA8fHxAPHx8QDx8fEA8fHxAAAAAAAAAAAAAAAAAAAAAAAAAAAAAAAAAAAAAAAAAAAAAAAAAAAAAAAAAAAAAAAAAAAAAAAAAAAAAAAAAPHx8QDx8fEA8fHxAAAAAAAPDw8AAAAAAAAAAAAAAAAAAAAAAAAAAAoAAAALAAAACwAAAAwAAAEMa9a5uAAAAAAAAAAAAAAAAAAAAAAAAAAAAAAAAAAAAAAAAAAAAAAAAAAAAAAAAAAAAAAAAGvWuLEAAAENAAAADAAAAAsAAP8KAAAACpX/4gMAAAAAAAAAAAAAAAAEAAAAAAAAAAAAAAAAAAAAAAAAAAAAAAAAAAAAAAAAAAAAAAAAAAAAAAAAAAAAAAAAAAAAAAAAAAAAAAAAAAAAAAAAAAAAAAAAAAAAAAAAAAAAAAAAAAAAAAAAAAAAAAAAAAAAAAAAAAAAAAAAAAAAAAAAAAAAAAAAAAAAAAAAAAAAAAAAAAAAAAAAAAAAAAAAAAAAAAAAAAAAAAAAAAAAAAAAAAAAAAAAAAAAAAAAAAAAAAAAAAAAAAAAAAAAAAAAAAAAAAAAAAAAAAAAAAAAAAAAAAAAAAAAAAAAAAAAAAAAAAAAAAAAAAAAAAAAAAAAAAAAAAAAAAAAAAAAAAAAAAAAAAAAAAAAAAAAAAAAAAAAAAAAAAAAAAAAAAAAAAAA/v7+AP39/QD9/f0A/v7+AP7+/gD///8A////AP///wAAAAAAAQEBAAEBAQABAQEAAgICAAMDAwACAgIAAwMDAAICAgAAAAAAAAAAAAAAAAAAAAAAAAAAAAAAAAAAAAAA8fHxAAAAAAAAAAAAAAAAAAAAAAAAAAAAAAAAAA8PDwAAAAAAAAAAAAAAAADx8fEA8fHxAAAAAAAPDw8AAAAAAAAAAAAAAAAAAAAAAAAAAAAAAAAAAAAAAAAAAAAAAAAA8fHxAAAAAAAAAAAAAAAAAA8PDwAAAAAAAAAAAAAAAAAAAAAAAAAAAAAAAACV/+ICAAAACAAAAQgAAP8JAAAACmvWuLgAAAAAAAAAAJUqRwAAAAAAAAAAAAAAAAAAAAAAAAAAAAAAAAAAAAAAAAAAAAAAAABr1rkAAAAAAGvWuLGVKkhLAAD/+wAAAPoAAAD5AAAB+AAAAPYAAAAAAAAAAAQAAAAAAAAAAAAAAAAAAAAAAAAAAAAAAAAAAAAAAAAAAAAAAAAAAAAAAAAAAAAAAAAAAAAAAAAAAAAAAAAAAAAAAAAAAAAAAAAAAAAAAAAAAAAAAAAAAAAAAAAAAAAAAAAAAAAAAAAAAAAAAAAAAAAAAAAAAAAAAAAAAAAAAAAAAAAAAAAAAAAAAAAAAAAAAAAAAAAAAAAAAAAAAAAAAAAAAAAAAAAAAAAAAAAAAAAAAAAAAAAAAAAAAAAAAAAAAAAAAAAAAAAAAAAAAAAAAAAAAAAAAAAAAAAAAAAAAAAAAAAAAAAAAAAAAAAAAAAAAAAAAAAAAAAAAAAAAAAAAAAALS0tAAAAAADc3NwAAAAAAAAAAAAAAAAAAAAAAPz8/AD9/f0A/f39AP39/QD9/f0A////AP7+/gD///8A////AAAAAAABAQEAAQEBAAICAgABAQEAAwMDAAICAgAEBAQAAwMDAAQEBAAAAAAAAAAAAAAAAAAAAAAAJCQkABIREQAPDw8AAAAAAAAAAAAAAAAAAAAAAAAAAAAAAAAAAAAAAAAAAAAAAAAAAAAAAA8PDwAAAAAAAAAAAPHx8QAAAAAAAAAAAAAAAAAAAAAAAAAAAAAAAAAAAAAAAAAAAAAAAAAAAAAADw8PAAAAAAAAAAAAAAAAAAAAAAAAAAAAAAAAAAAAAAAAAAAAAAAAAAAAAQYAAP8HAAAACAAAAQlr1ri8AAAAAAAAAACVKkcAAAAAAAAAAAAAAAAAAAAAAAAAAAAAAAAAAAAAAAAAAAAAAAAAAAAAAJUqRwBr1rkAAAAAAGvWuLWVKkhEAAD/CAAAAAcAAP8IAAAA9gAAAAAAAAAABAAAAAAAAAAAAAAAAAAAAAAAAAAAAAAAAAAAAAAAAAAAAAAAAAAAAAAAAAAAAAAAAAAAAAAAAAAAAAAAAAAAAAAAAAAAAAAAAAAAAAAAAAAAAAAAAAAAAAAAAAAAAAAAAAAAAAAAAAAAAAAAAAAAAAAAAAAAAAAAAAAAAAAAAAAAAAAAAAAAAAAAAAAAAAAAAAAAAAAAAAAAAAAAAAAAAAAAAAAAAAAAAAAAAAAAAAAAAAAAAAAAAAAAAAAAAAAAAAAAAAAAAAAAAAAAAAAAAAAAAAAAAAAAAAAAAAAAAAAAAAAAAAAAAAAAAAAAAAAAAAAAAAAAAAAAAAAAAAAAAAAAAAAALS0tAAAAAAAAAAAAAAAAANzc3AD7+/sA/f39APz8/AD8/PwA/v7+AP39/QD9/f0A////AP///wD///8AAAAAAAEBAQABAQEAAgICAAICAgD+/v4AAwMDAP///wD///8AAAAAAAQEBAAkJCQAAAAAAAAAAAASEREABgcHAAAAAAAAAAAAAAAAAAAAAAAAAAAAAAAAAAAAAAAAAAAAAAAAAAAAAAAAAAAAAAAAAAAAAAAAAAAADw8PAAAAAAAAAAAAAAAAAAAAAAAAAAAAAAAAAAAAAAAAAAAAAAAAAAAAAAAAAAAAAAAAAAAAAAAAAAAAAAAAAAAAAAAAAAAAAAAAAAAAAAAAAAAAAAD/BgAAAQYAAP8GAAABBwAAAAAAAAAAlSpHAAAAAAAAAAAAAAAAAAAAAAAAAAAAAAAAAAAAAAAAAAAAAAAAAAAAAAAAAAAAAAAAAJUqRwBr1rkAAAAAAAAAAAgAAAAHAAABBgAAAAWV/+IGawEe+gAAAAAEAAAAAAAAAAAAAAAAAAAAAAAAAAAAAAAAAAAAAAAAAAAAAAAAAAAAAAAAAAAAAAAAAAAAAAAAAAAAAAAAAAAAAAAAAAAAAAAAAAAAAAAAAAAAAAAAAAAAAAAAAAAAAAAAAAAAAAAAAAAAAAAAAAAAAAAAAAAAAAAAAAAAAAAAAAAAAAAAAAAAAAAAAAAAAAAAAAAAAAAAAAAAAAAAAAAAAAAAAAAAAAAAAAAAAAAAAAAAAAAAAAAAAAAAAAAAAAAAAAAAAAAAAAAAAAAAAAAAAAAAAAAAAAAAAAAAAAAAAAAAAAAAAAAAAAAAAAAAAAAAAAAAAAAAAAAAAAAAAAAAAAAAAAAAAAAALS0tAAAAAAD///8AAAAAAAAAAAAAAAAAAAAAAMfHxwD9/f0A/f39AP7+/gD+/v4A////AP///wAAAAAAAQEBAAEBAQACAgIAAgICAAMDAwADAwMAOTk5AAAAAAAAAAAAAAAAABIREQAAAAAAAAAAAAYHBwAAAAAAAAAAAAAAAAAAAAAAAAAAAAAAAAAAAAAAAAAAAAAAAAAAAAAAAAAAAAAAAAAAAAAAAAAAAAAAAAAAAAAAAAAAAAAAAAAAAAAAAAAAAAAAAAAAAAAAAAAAAAAAAAAAAAAAAAAAAAAAAAAAAAAAAAAAAAAAAAAAAAAAAAAAAAAAAAAAAAAAAAAAAJX/4gEAAAEEAAD/BAAAAAUAAP8FAAAAAAAAAAAAAAAAAAAAAAAAAAAAAAAAAAAAAAAAAAAAAAAAAAAAAAAAAAAAAAAAAAAAAAAAAAAAAAAAAAAAAAAAAAAAAAAAAAD/BQAAAAQAAP8FAAABBAAAAAMAAAAAAAAAAAQAAAAAAAAAAAAAAAAAAAAAAAAAAAAAAAAAAAAAAAAAAAAAAAAAAAAAAAAAAAAAAAAAAAAAAAAAAAAAAAAAAAAAAAAAAAAAAAAAAAAAAAAAAAAAAAAAAAAAAAAAAAAAAAAAAAAAAAAAAAAAAAAAAAAAAAAAAAAAAAAAAAAAAAAAAAAAAAAAAAAAAAAAAAAAAAAAAAAAAAAAAAAAAAAAAAAAAAAAAAAAAAAAAAAAAAAAAAAAAAAAAAAAAAAAAAAAAAAAAAAAAAAAAAAAAAAAAAAAAAAAAAAAAAAAAAAAAAAAAAAAAAAAAAAAAAAAAAAAAAAAAAAAAAAAAAAAAAAAAAAAAAAAAAAAAAAAAAAAAAAAAAAAAAAqKioA/v7+AP7+/gD+/v4AAAAAAAAAAAAAAAAAAAAAAAAAAAAAAAAAAAAAAAAAAAAAAAAAAAAAAAAAAAAAAAAAAAAAAAAAAAASEREAAAAAAAAAAAAAAAAABgcHAAAAAAAAAAAAAAAAAAAAAAAAAAAAAAAAAAAAAAAAAAAAAAAAAAAAAAAAAAAAAAAAAAAAAAAAAAAAAAAAAAAAAAAAAAAAAAAAAAAAAAAAAAAAAAAAAAAAAAAAAAAAAAAAAAAAAAAAAAAAAAAAAAAAAAAAAAAAAAAAAAAAAAAAAAAAAAAAAAAAAAAAAAAAAAAAAAAAAAAAAAAAAAAAAgAA/wMAAAADAAAABAAAAQQAAAAAAAAAAGvWuQCVKkcAAAAAAAAAAAAAAAAAAAAAAAAAAAAAAAAAAAAAAAAAAAAAAAAAAAAAAAAAAABr1rkAAAAAAAAAAAAAAAAFAAABBAAA/wMAAAADAAAAAwAAAAAAAAAABAAAAAAAAAAAAAAAAAAAAAAAAAAAAAAAAAAAAAAAAAAAAAAAAAAAAAAAAAAAAAAAAAAAAAAAAAAAAAAAAAAAAAAAAAAAAAAAAAAAAAAAAAAAAAAAAAAAAAAAAAAAAAAAAAAAAAAAAAAAAAAAAAAAAAAAAAAAAAAAAAAAAAAAAAAAAAAAAAAAAAAAAAAAAAAAAAAAAAAAAAAAAAAAAAAAAAAAAAAAAAAAAAAAAAAAAAAAAAAAAAAAAAAAAAAAAAAAAAAAAAAAAAAAAAAAAAAAAAAAAAAAAAAAAAAAAAAAAAAAAAAAAAAAAAAAAAAAAAAAAAAAAAAAAAAAAAAAAAAAAAAAAAAAAAAAAAAAAAAAAAAAAAAAAAAAAAABAQEAAgICAAAAAAAjIiIA/v7+AP7//wD+/v4A/v7+AP/+/gD+/v4A/v7+AP7+/gD+/v4AAAAAAAAAAAAAAAAAAAAAAAYHBwAAAAAAAAAAAAAAAAAAAAAAAAAAAAAAAAAAAAAAAAAAAAAAAAAAAAAAAAAAAAAAAAAAAAAAAAAAAAAAAAAAAAAAAAAAAAAAAAAAAAAAAAAAAAAAAAAAAAAAAAAAAAAAAAAAAAAAAAAAAAAAAAAAAAAAAAAAAAAAAAAAAAAAAAAAAAAAAAAAAAAAAAAAAAAAAAAAAAAAAAAAAAAAAAAAAAAAAAAAAAAAAAAAAAACAAAAAgAAAAEAAAABAAD/AZUqR2Fr1rmfAAAAAGvWuQCVKkcAAAAAAAAAAAAAAAAAAAAAAAAAAAAAAAAAAAAAAAAAAAAAAAAAa9a5AAAAAAAAAAAAlSpHaQAAAQEAAAACAAAAAgAA/wIAAAECAAAAAAAAAAAEAAAAAAAAAAAAAAAAAAAAAAAAAAAAAAAAAAAAAAAAAAAAAAAAAAAAAAAAAAAAAAAAAAAAAAAAAAAAAAAAAAAAAAAAAAAAAAAAAAAAAAAAAAAAAAAAAAAAAAAAAAAAAAAAAAAAAAAAAAAAAAAAAAAAAAAAAAAAAAAAAAAAAAAAAAAAAAAAAAAAAAAAAAAAAAAAAAAAAAAAAAAAAAAAAAAAAAAAAAAAAAAAAAAAAAAAAAAAAAAAAAAAAAAAAAAAAAAAAAAAAAAAAAAAAAAAAAAAAAAAAAAAAAAAAAAAAAAAAAAAAAAAAAAAAAAAAAAAAAAAAAAAAAAAAAAAAAAAAAAAAAAAAAAAAAAAAAAAAAAAAAAAAAAAAAAAAAAAAAAAAAAAAAAAAAIDAwAAAQEAAf//AAICAgD+/v4A////AP7+/gD///8A////AP7+/gAAAAAAAAAAAAAAAAAAAAAAAAAAAAAAAAAAAAAAAAAAAAAAAAAAAAAAAAAAAAAAAAAAAAAAAAAAAAAAAAAAAAAAAAAAAAAAAAAAAAAAAAAAAAAAAAAAAAAAAAAAAAAAAAAAAAAAAAAAAAAAAAAAAAAAAAAAAAAAAAAAAAAAAAAAAAAAAAAAAAAAAAAAAAAAAAAAAAAAAAAAAAAAAAAAAAAASY1++AAAIABJREFUAAAAAAAAAAAAAAAAAAAAAAAAAAAAAAAAAAAAAAAAAAAAAAAAAAABAQAA/wAAAAAAAAAAAJUqR3Jr1rmOAAAAAGvWuQAAAAAAAAAAAAAAAAAAAAAAAAAAAAAAAAAAAAAAAAAAAAAAAAAAAAAAAAAAAJUqR3sAAAAAAAD/AQAAAAAAAAAAAAABAAAA//8AAAAAAAAAAAIAAAAAAAAAAAAAAAAAAAAAAAAAAAAAAAAAAAAAAAAAAAAAAAAAAAAAAAAAAAAAAAAAAAAAAAAAAAAAAAAAAAAAAAAAAAAAAAAAAAAAAAAAAAAAAAAAAAAAAAAAAAAAAAAAAAAAAAAAAAAAAAAAAAAAAAAAAAAAAAAAAAAAAAAAAAAAAAAAAAAAAAAAAAAAAAAAAAAAAAAAAAAAAAAAAAAAAAAAAAAAAAAAAAAAAAAAAAAAAAAAAAAAAAAAAAAAAAAAAAAAAAAAAAAAAAAAAAAAAAAAAAAAAAAAAAAAAAAAAAAAAAAAAAAAAAAAAAAAAAAAAAAAAAAAAAAAAAAAAAAAAAAAAAAAAAAAAAAAAAAAAAAAAAAAAAAAAAAAAAAAAAAAAAAAAAAAAAAAAAAAAAAAAAAAAAAAAAAAAAAAAAAAAAAAAAAAAAAAAAAAAAAAAAAAAAAAAAAAAAAAAAAAAAAAAAAAAAAAAAAAAAAAAAAAAAAAAAAAAAAAAAAAAAAAAAAAAAAAAAAAAAAAAAAAAAAAAAAAAAAAAAAAAAAAAAAAAAAAAAAAAAAAAAAAAAAAAAAAAAAAAAAAAAAAAAAAAAAAAAAAAAAAAAAAAAAAAAAAAAAAAAAAAAAAAAAAAAAAAAAAAAAAAAAAAAAAAAAAAAAAAAAAAAAAAAAAAAAAAAAAAAAAAAAAAAAAAAAA/gAAAP4AAP/+AAAA/gAAAf4AAAD9AAAA/pUqR4IAAAAAAAAAAAAAAAAAAAAAAAAAAAAAAAAAAAAAAAAAAAAAAAAAAAAAAAAAAAAAAACVKkiRAAAAAAAAAf4AAAH+AAAA/gAAAP4AAP/+AAAA/wAAAAAAAAAABAAAAAAAAAAAAAAAAAAAAAAAAAAAAAAAAAAAAAAAAAAAAAAAAAAAAAAAAAAAAAAAAAAAAAAAAAAAAAAAAAAAAAAAAAAAAAAAAAAAAAAAAAAAAAAAAAAAAAAAAAAAAAAAAAAAAAAAAAAAAAAAAAAAAAAAAAAAAAAAAAAAAAAAAAAAAAAAAAAAAAAAAAAAAAAAAAAAAAAAAAAAAAAAAAAAAAAAAAAAAAAAAAAAAAAAAAAAAAAAAAAAAAAAAAAAAAAAAAAAAAAAAAAAAAAAAAAAAAAAAAAAAAAAAAAAAAAAAAAAAAAAAAAAAAAAAAAAAAAAAAAAAAAAAAAAAAAAAAAAAAAAAAAAAAAAAAAAAAAAAAAAAAAAAAAAAAAAAAAAAAAAAAAAAAAAAAAAAAAAAAAAAAAAAAAAAAAAAAAAAAAAAAAAAAAAAAAAAAAAAAAAAAAAAAAAAAAAAAAAAAAAAAAAAAAAAAAAAAAAAAAAAAAAAAAAAAAAAAAAAAAAAAAAAAAAAAAAAAAAAAAAAAAAAAAAAAAAAAAAAAAAAAAAAAAAAAAAAAAAAAAAAAAAAAAAAAAAAAAAAAAAAAAAAAAAAAAAAAAAAAAAAAAAAAAAAAAAAAAAAAAAAAAAAAAAAAAAAAAAAAAAAAAAAAAAAAAAAPHx8QAAAAAAAAAAAAAAAAAAAAAAAAAAAAAAAAAAAAH+AAD//QAAAf0AAAD9AAD//AAAAP0AAAD8AAAA/pUqR5oAAAAYa9a5TgAAAAAAAAAAAAAAAAAAAAAAAAAAAAAAAAAAAACVKkfEAAAA7wAA/woAAAAGAAD/AAAAAPsAAAD9AAAA/QAAAf0AAAD9AAAAAAAAAAAEAAAAAAAAAAAAAAAAAAAAAAAAAAAAAAAAAAAAAAAAAAAAAAAAAAAAAAAAAAAAAAAAAAAAAAAAAAAAAAAAAAAAAAAAAAAAAAAAAAAAAAAAAAAAAAAAAAAAAAAAAAAAAAAAAAAAAAAAAAAAAAAAAAAAAAAAAAAAAAAAAAAAAAAAAAAAAAAAAAAAAAAAAAAAAAAAAAAAAAAAAAAAAAAAAAAAAAAAAAAAAAAAAAAAAAAAAAAAAAAAAAAAAAAAAAAAAAAAAAAAAAAAAAAAAAAAAAAAAAAAAAAAAAAAAAAAAAAAAAAAAAAAAAAAAAAAAAAAAAAAAAAAAAAAAAAAAAAAAAAAAAAAAAAAAAAAAAAAAAAAAAAAAAAAAAAAAAAAAAAAAAAAAAAAAAAAAAAAAAAAAAAAAAAAAAAAAAAAAAAAAAAAAAAAAAAAAAAAAAAAAAAAAAAAAAAAAAAAAAAAAAAAAAAAAAAAAAAAAAAAAAAAAAAAAAAAAAAAAAAAAAAAAAAAAAAAAAAAAAAAAAAAAAAAAAAAAAAAAAAAAAAAAAAAAAAAAAAAAAAAAAAAAAAAAAAAAAAAAAAAAAAAAAAAAAAAAAAAAAAAAAAAAAAAAAAAAAAAAADx8fEAAAAAAAAAAAAAAAAAAAAAAAAAAAAAAAAAAAAAAA8PDwAAAAAAAAAAAAAAAAAAAAAAAAAAAGsBHf+V/+L8AAD//AAAAfsAAAH8AAD/+gAAAPsAAAAGAAAACAAAAAaVKkfJAAAADWvWuSoAAAAAAAAAAAAAAACVKkfeAAAA+AAAAAYAAAAHAAAACgAAAAkAAAEFAAD/AQAAAPoAAAH8AAD//AAAAPwAAAAAAAAAAAQAAAAAAAAAAAAAAAAAAAAAAAAAAAAAAAAAAAAAAAAAAAAAAAAAAAAAAAAAAAAAAAAAAAAAAAAAAAAAAAAAAAAAAAAAAAAAAAAAAAAAAAAAAAAAAAAAAAAAAAAAAAAAAAAAAAAAAAAAAAAAAAAAAAAAAAAAAAAAAAAAAAAAAAAAAAAAAAAAAAAAAAAAAAAAAAAAAAAAAAAAAAAAAAAAAAAAAAAAAAAAAAAAAAAAAAAAAAAAAAAAAAAAAAAAAAAAAAAAAAAAAAAAAAAAAAAAAAAAAAAAAAAAAAAAAAAAAAAAAAAAAAAAAAAAAAAAAAAAAAAAAAAAAAAAAAAAAAAAAAAAAAAAAAAAAAAAAAAAAAAAAAAAAAAAAAAAAAAAAAAAAAAAAAAAAAAAAAAAAAAAAAAAAAAAAAAAAAAAAAAAAAAAAAAAAAAAAAAAAAAAAAAAAAAAAAAAAAAAAAAAAAAAAAAAAAAAAAAAAAAAAAAAAAAAAAAAAAAAAAAAAAAAAAAAAAAAAAAAAAAAAAAAAAAAAAAAAAAAAAAAAAAAAAAAAAAAAAAAAAAAAAAAAAAAAAAAAAAAAAAAAAAAAAAAAAAAAAAAAAAAAPHx8QAAAAAAAAAAAA8PDwAAAAAAAAAAAAAAAAAAAAAAAAAAAAAAAAAAAAAAAAAAAAAAAAAAAAAAAAAAAAAAAAAAAAAAAAAAAAAAAfoAAAD6AAD/+gAAAPkAAAH4AAD/BgAAAAgAAAAHAAAABgAAAAYAAAADAAAAAAAAAAAAAAAAAAAAAAAAAAMAAAAEAAAABgAAAAgAAAAKAAAADAAA/woAAAAEAAAA/gAA//kAAAD6awEe+wAAAAAAAAAABAAAAAAAAAAAAAAAAAAAAAAAAAAAAAAAAAAAAAAAAAAAAAAAAAAAAAAAAAAAAAAAAAAAAAAAAAAAAAAAAAAAAAAAAAAAAAAAAAAAAAAAAAAAAAAAAAAAAAAAAAAAAAAAAAAAAAAAAAAAAAAAAAAAAAAAAAAAAAAAAAAAAAAAAAAAAAAAAAAAAAAAAAAAAAAAAAAAAAAAAAAAAAAAAAAAAAAAAAAAAAAAAAAAAAAAAAAAAAAAAAAAAAAAAAAAAAAAAAAAAAAAAAAAAAAAAAAAAAAAAAAAAAAAAAAAAAAAAAAAAAAAAAAAAAAAAAAAAAAAAAAAAAAAAAAAAAAAAAAAAAAAAAAAAAAAAAAAAAAAAAAAAAAAAAAAAAAAAAAAAAAAAAAAAAAAAAAAAAAAAAAAAAAAAAAAAAAAAAAAAAAAAAAAAAAAAAAAAAAAAAAAAAAAAAAAAAAAAAAAAAAAAAAAAAAAAAAAAAAAAAAAAAAAAAAAAAAAAAAAAAAAAAAAAAAAAAAAAAAAAAAAAAAAAAAAAAAAAAAAAAAAAAAAAAAAAAAAAAAAAAAAAAAAAAAAAAAAAAAAAAAAAAAAAAAAAPHx8QAAAAAAAAAAAA8PDwAAAAAAAAAAAAAAAAAAAAAAAAAAAAAAAAAAAAAAAAAAAAAAAAAAAAAAAAAAAAAAAAAAAAAAAAAAAAAAAAAAAAAAAAAA+gAAAPkAAAH4AAD/9wAA/xAAAAAHAAAABwAAAAYAAAAFAAAAAwAAAAQAAAAAAAAAAAAAAAAAAAAAAAAABQAAAP4AAAAGAAAABwAAAAYAAAAIAAAACAAAAAMAAAEDAAAA+QAAAPkAAAAAAAAAAAAAAAACAAAAAAAAAAAAAAAAAAAAAAAAAAAAAAAAAAAAAAAAAAAAAAAAAAAAAAAAAAAAAAAAAAAAAAAAAAAAAAAAAAAAAAAAAAAAAAAAAAAAAAAAAAAAAAAAAAAAAAAAAAAAAAAAAAAAAAAAAAAAAAAAAAAAAAAAAAAAAAAAAAAAAAAAAAAAAAAAAAAAAAAAAAAAAAAAAAAAAAAAAAAAAAAAAAAAAAAAAAAAAAAAAAAAAAAAAAAAAAAAAAAAAAAAAAAAAAAAAAAAAAAAAAAAAAAAAAAAAAAAAAAAAAAAAAAAAAAAAAAAAAAAAAAAAAAAAAAAAAAAAAAAAAAAAAAAAAAAAAAAAAAAAAAAAAAAAAAAAAAAAAAAAAAAAAAAAAAAAAAAAAAAAAAAAAAAAAAAAAAAAAAAAAAAAAAAAAAAAAAAAAAAAAAAAAAAAAAAAAAAAAAAAAAAAAAAAAAAAAAAAAAAAAAAAAAAAAAAAAAAAAAAAAAAAAAAAAAAAAAAAAAAAAAAAAAAAAAAAAAAAAAAAAAAAAAAAAAAAAAAAAAAAAAAAAAAAAAAAAAAAAAAAAAAAAAAAAAAAAAAAPHx8QDx8fEAAAAAAA8PDwAPDw8AAAAAAAAAAAAAAAAAAAAAAAAAAAAAAAAAAAAAAAAAAAAAAAAAAAAAAAAAAAAAAAAAAAAAAAAAAAAAAAAAAAAAAAAAAABrAR3+AAAA9wAA//cAAAH3AAAAAwAAAAQAAAAFAAAABQAAAAUAAAAFAAAABQAAAAAAAAAAAAAAAAAAAAAAAAAFAAAABgAAAAcAAAAGAAAACAAAAAYAAAAIAAAACAAA/wAAAP/+AAD/+AAAAAAAAAAAAAAAAAQAAAAAAAAAAAAAAAAAAAAAAAAAAAAAAAAAAAAAAAAAAAAAAAAAAAAAAAAAAAAAAAAAAAAAAAAAAAAAAAAAAAAAAAAAAAAAAAAAAAAAAAAAAAAAAAAAAAAAAAAAAAAAAAAAAAAAAAAAAAAAAAAAAAAAAAAAAAAAAAAAAAAAAAAAAAAAAAAAAAAAAAAAAAAAAAAAAAAAAAAAAAAAAAAAAAAAAAAAAAAAAAAAAAAAAAAAAAAAAAAAAAAAAAAAAAAAAAAAAAAAAAAAAAAAAAAAAAAAAAAAAAAAAAAAAAAAAAAAAAAAAAAAAAAAAAAAAAAAAAAAAAAAAAAAAAAAAAAAAAAAAAAAAAAAAAAAAAAAAAAAAAAAAAAAAAAAAAAAAAAAAAAAAAAAAAAAAAAAAAAAAAAAAAAAAAAAAAAAAAAAAAAAAAAAAAAAAAAAAAAAAAAAAAAAAAAAAAAAAAAAAAAAAAAAAAAAAAAAAAAAAAAAAAAAAAAAAAAAAAAAAAAAAAAAAAAAAAAAAAAAAAAAAAAAAAAAAAAAAAAAAAAAAAAAAAAAAAAAAAAAAAAA8fHxAAAAAAAAAAAADw8PAPHx8QAAAAAAAAAAAAAAAAAAAAAAAAAAAAAAAAAAAAAAAAAAAAAAAAAAAAAAAAAAAAAAAAAAAAAAAAAAAAAAAAAAAAAAAAAAAAAAAAAAAAAAAAAAAAAAAAAAAP/3AAABBgAA/wsAAAADAAAAAwAAAAMAAAAEAAAABAAAAAUAAAAFAAAAAAAAAAAAAAAAAAAAAAAAAAYAAAAAAAAA/QAAAAUAAAAFAAAABgAAAAUAAAAEAAAA/wAAAP5rAR7+AAAAAAAAAAAAAAAAAgAAAAAAAAAAAAAAAAAAAAAAAAAAAAAAAAAAAAAAAAAAAAAAAAAAAAAAAAAAAAAAAAAAAAAAAAAAAAAAAAAAAAAAAAAAAAAAAAAAAAAAAAAAAAAAAAAAAAAAAAAAAAAAAAAAAAAAAAAAAAAAAAAAAAAAAAAAAAAAAAAAAAAAAAAAAAAAAAAAAAAAAAAAAAAAAAAAAAAAAAAAAAAAAAAAAAAAAAAAAAAAAAAAAAAAAAAAAAAAAAAAAAAAAAAAAAAAAAAAAAAAAAAAAAAAAAAAAAAAAAAAAAAAAAAAAAAAAAAAAAAAAAAAAAAAAAAAAAAAAAAAAAAAAAAAAAAAAAAAAAAAAAAAAAAAAAAAAAAAAAAAAAAAAAAAAAAAAAAAAAAAAAAAAAAAAAAAAAAAAAAAAAAAAAAAAAAAAAAAAAAAAAAAAAAAAAAAAAAAAAAAAAAAAAAAAAAAAAAAAAAAAAAAAAAAAAAAAAAAAAAAAAAAAAAAAAAAAAAAAAAAAAAAAAAAAAAAAAAAAAAAAAAAAAAAAAAAAAAAAAAAAPHx8QDx8fEA8fHxAPHx8QAAAAAADw8PAA8PDwAAAAAADw8PAAAAAADx8fEAAAAAAAAAAAAAAAAAAAAAAAAAAAAAAAAAAAAAAAAAAAAAAAAAAAAAAAAAAAAAAAAAAAAAAAAAAAAAAAAAAAAAAAAAAAAAAAAAAAAAAGsBHv8AAAD2AAAA+gAAAP8AAAAAAAAAAAAAAAEAAAECAAAAAwAAAAQAAAAAAAAAAAAAAAAAAAAAAAAABQAAAAUAAAAFAAAABAAAAAMAAAACAAAAAgAAAAEAAAH9AAAA/wAAAAAAAAAAAAAAAAAAAAAEAAAAAAAAAAAAAAAAAAAAAAAAAAAAAAAAAAAAAAAAAAAAAAAAAAAAAAAAAAAAAAAAAAAAAAAAAAAAAAAAAAAAAAAAAAAAAAAAAAAAAAAAAAAAAAAAAAAAAAAAAAAAAAAAAAAAAAAAAAAAAAAAAAAAAAAAAAAAAAAAAAAAAAAAAAAAAAAAAAAAAAAAAAAAAAAAAAAAAAAAAAAAAAAAAAAAAAAAAAAAAAAAAAAAAAAAAAAAAAAAAAAAAAAAAAAAAAAAAAAAAAAAAAAAAAAAAAAAAAAAAAAAAAAAAAAAAAAAAAAAAAAAAAAAAAAAAAAAAAAAAAAAAAAAAAAAAAAAAAAAAAAAAAAAAAAAAAAAAAAAAAAAAAAAAAAAAAAAAAAAAAAAAAAAAAAAAAAAAAAAAAAAAAAAAAAAAAAAAAAAAAAAAAAAAAAAAAAAAAAAAAAAAAAAAAAAAAAAAAAAAAAAAAAAAAAAAAAAAAAAAAAAAAAAAAAAAAAAAAAAAAAAAAAAAAAA8fHxAAAAAAAAAAAAAAAAAAAAAAAAAAAAAAAAAA8PDwAAAAAAAAAAAAAAAAAAAAAAAAAAAAAAAAAAAAAADw8PAPHx8QAAAAAAAAAAAAAAAAAAAAAAAAAAAAAAAAAAAAAAAAAAAAAAAAAAAAAAAAAAAAAAAAAAAAAAAAAAAAAAAAAAAAAAAAAAAAAAAAAAAAAAAAAAAGsBHfqV/+L6AAAA+wAAAP4AAAD/AAAAAAAA/wEAAAACAAAAAwAAAAAAAAAAAAAAAAAAAAAAAAAEAAAA/gAAAAIAAAACAAAAAQAAAAEAAAD/AAAA/gAA//0AAAEFlf/iA2sBHv0AAAAAAAAAAAQAAAAAAAAAAAAAAAAAAAAAAAAAAAAAAAAAAAAAAAAAAAAAAAAAAAAAAAAAAAAAAAAAAAAAAAAAAAAAAAAAAAAAAAAAAAAAAAAAAAAAAAAAAAAAAAAAAAAAAAAAAAAAAAAAAAAAAAAAAAAAAAAAAAAAAAAAAAAAAAAAAAAAAAAAAAAAAAAAAAAAAAAAAAAAAAAAAAAAAAAAAAAAAAAAAAAAAAAAAAAAAAAAAAAAAAAAAAAAAAAAAAAAAAAAAAAAAAAAAAAAAAAAAAAAAAAAAAAAAAAAAAAAAAAAAAAAAAAAAAAAAAAAAAAAAAAAAAAAAAAAAAAAAAAAAAAAAAAAAAAAAAAAAAAAAAAAAAAAAAAAAAAAAAAAAAAAAAAAAAAAAAAAAAAAAAAAAAAAAAAAAAAAAAAAAAAAAAAAAAAAAAAAAAAAAAAAAAAAAAAAAAAAAAAAAAAAAAAAAAAAAAAAAAAAAAAAAAAAAAAAAAAAAAAAAAAAAAAAAAAAAAAAAAAAAAAPDw8AAAAAAAAAAAAAAAAAAAAAAAAAAAAAAAAAAAAAAAAAAAAAAAAAAAAAAAAAAAAAAAAAAAAAAAAAAAAAAAAAAAAAAAAAAAAAAAAAAAAAAAAAAAAAAAAAAAAAAAAAAAAAAAAAAAAAAAAAAADx8fEAAAAAAA8PDwAAAAAAAAAAAAAAAAAAAAAAAAAAAAAAAAAAAAAAAAAAAAAAAPsAAAD5AAAA+QAAAPsAAAD8AAAA/gAAAP4AAAD/AAAAAAAAAAAAAAAAAAAAAGvWuQYAAAAGAAAADJUqR/EAAAD/AAAA/AAAAPwAAAD7AAAAAgAA/wEAAAEDAAAA/QAAAAAAAAAABAAAAAAAAAAAAAAAAAAAAAAAAAAAAAAAAAAAAAAAAAAAAAAAAAAAAAAAAAAAAAAAAAAAAAAAAAAAAAAAAAAAAAAAAAAAAAAAAAAAAAAAAAAAAAAAAAAAAAAAAAAAAAAAAAAAAAAAAAAAAAAAAAAAAAAAAAAAAAAAAAAAAAAAAAAAAAAAAAAAAAAAAAAAAAAAAAAAAAAAAAAAAAAAAAAAAAAAAAAAAAAAAAAAAAAAAAAAAAAAAAAAAAAAAAAAAAAAAAAAAAAAAAAAAAAAAAAAAAAAAAAAAAAAAAAAAAAAAAAAAAAAAAAAAAAAAAAAAAAAAAAAAAAAAAAAAAAAAAAAAAAAAAAAAAAAAAAAAAAAAAAAAAAAAAAAAAAAAAAAAAAAAAAAAAAAAAAAAAAAAAAAAAAAAAAAAAAAAAAAAAAAAAAAAAAAAAAAAAAAAAAAAAAAAAAAAAAAAAAAAAAAAAAAAAAAAAAAAAAAAAAAAAAAAAAAAAAAAAAAAAAAAAAAAAAAAAAAAAAAAAAAAAAAAAAAAAAAAAAAAAAAAAAAAAAAAAAAAAAAAAAAAAAAAAAAAAAAAAAAAAAAAAAAAAAAAAAAAAAPDw8A8fHxAA8PDwAAAAAAAAAAAAAAAADx8fEAAAAAAAAAAAAAAAAAAAAAAAAAAAAAAAAA8fHxAAAAAAAAAAAAAAAAAAAAAAAAAAAAAAAAAAAAAAAAAAAAAAAA/gAAAPkAAAD0AAAA9gAAAPcAAAD5AAAA+wAAAPwAAAAAAAAAAAAAAAAAAAAAAAAAAAAAAAAAAAAA/wAA+gEAAPoAAAD5AAAB+AAA//0AAAD/AAABAAAA/wAAAAAAAAAAAAAAAAAEAAAAAAAAAAAAAAAAAAAAAAAAAAAAAAAAAAAAAAAAAAAAAAAAAAAAAAAAAAAAAAAAAAAAAAAAAAAAAAAAAAAAAAAAAAAAAAAAAAAAAAAAAAAAAAAAAAAAAAAAAAAAAAAAAAAAAAAAAAAAAAAAAAAAAAAAAAAAAAAAAAAAAAAAAAAAAAAAAAAAAAAAAAAAAAAAAAAAAAAAAAAAAAAAAAAAAAAAAAAAAAAAAAAAAAAAAAAAAAAAAAAAAAAAAAAAAAAAAAAAAAAAAAAAAAAAAAAAAAAAAAAAAAAAAAAAAAAAAAAAAAAAAAAAAAAAAAAAAAAAAAAAAAAAAAAAAAAAAAAAAAAAAAAAAAAAAAAAAAAAAAAAAAAAAAAAAAAAAAAAAAAAAAAAAAAAAAAAAAAAAAAAAAAAAAAAAAAAAAAAAAAAAAAAAAAAAAAAAAAAAAAAAAAAAAAAAAAAAAAAAAAAAAAAAAAAAAAAAAAAAAAAAAAAAAAAAAAAAAAAAAAAAAAAAAAAAAAAAAAAAAAAAAAAAAAAAAAAAAAAAAAAAAAAAAAAAAAAAAAAAAAAAAAAAAAAAAAAAAAAAAAAAAAAAAAAAAAAAAAAAAAAAAAA8fHxAA8PDwDx8fEAAAAAAAAAAAAPDw8AAAAAAAAAAAAAAAAAAAAAAAAAAAAAAAAAAAAAAAAAAAAAAAAAAAAAAAAAAAAAAAAAAAAAAAAAAAAAAAH5AAD/+AAAAPgAAAHzAAD/9AAAAPX/AAALAQAABwAAAAAAAAAAAAAAAAAAAACVKkf0AAAA9wAAAPMAAAD3AAAA9AAAAPcAAP/5AAAA+gAAAPwAAAD+AAAA/QAAAAAAAAAAAAAAAAQAAAAAAAAAAAAAAAAAAAAAAAAAAAAAAAAAAAAAAAAAAAAAAAAAAAAAAAAAAAAAAAAAAAAAAAAAAAAAAAAAAAAAAAAAAAAAAAAAAAAAAAAAAAAAAAAAAAAAAAAAAAAAAAAAAAAAAAAAAAAAAAAAAAAAAAAAAAAAAAAAAAAAAAAAAAAAAAAAAAAAAAAAAAAAAAAAAAAAAAAAAAAAAAAAAAAAAAAAAAAAAAAAAAAAAAAAAAAAAAAAAAAAAAAAAAAAAAAAAAAAAAAAAAAAAAAAAAAAAAAAAAAAAAAAAAAAAAAAAAAAAAAAAAAAAAAAAAAAAAAAAAAAAAAAAAAAAAAAAAAAAAAAAAAAAAAAAAAAAAAAAAAAAAAAAAAAAAAAAAAAAAAAAAAAAAAAAAAAAAAAAAAAAAAAAAAAAAAAAAAAAAAAAAAAAAAAAAAAAAAAAAAAAAAAAAAAAAAAAAAAAAAAAABOueImAAAgAElEQVQAAAAAAAAAAAAAAAAAAAAAAAAAAAAAAAAAAAAAAAAAAAAAAAAAAAAAAAAAAAAAAAAAAAAAAAAAAAAAAAAAAAAAAAAAAAAAAAAAAAAAAAAAAAAAAAAAAAAAAAAAAAAAAAAAAAAAAA8PDwDx8fEA8fHxAAAAAAAPDw8AAAAAAAAAAAAAAAAAAAAAAAAAAAAAAAAAAAAAAAAAAAAAAAAAAAAAAAAAAAAAAAAAAAAAAAAAAAAAAAAAAAAAAAAA//cAAAD1AAAA9QAA//UAAADzAAAA8QEAAAcAAAACAAAAAAAAAAAAAAAAAAAAAAAAAPP/AAD4AQAA8wAAAfQAAAD2AAD/9AAAAPUAAAD1AAAA+wAA//prAR79AAAAAAAAAAAAAAAABAAAAAAAAAAAAAAAAAAAAAAAAAAAAAAAAAAAAAAAAAAAAAAAAAAAAAAAAAAAAAAAAAAAAAAAAAAAAAAAAAAAAAAAAAAAAAAAAAAAAAAAAAAAAAAAAAAAAAAAAAAAAAAAAAAAAAAAAAAAAAAAAAAAAAAAAAAAAAAAAAAAAAAAAAAAAAAAAAAAAAAAAAAAAAAAAAAAAAAAAAAAAAAAAAAAAAAAAAAAAAAAAAAAAAAAAAAAAAAAAAAAAAAAAAAAAAAAAAAAAAAAAAAAAAAAAAAAAAAAAAAAAAAAAAAAAAAAAAAAAAAAAAAAAAAAAAAAAAAAAAAAAAAAAAAAAAAAAAAAAAAAAAAAAAAAAAAAAAAAAAAAAAAAAAAAAAAAAAAAAAAAAAAAAAAAAAAAAAAAAAAAAAAAAAAAAAAAAAAAAAAAAAAAAAAAAAAAAAAAAAAAAAAAAAAAAAAAAAAAAAAAAAAAAAAAAAAAAAAAAAAAAAAAAAAAAAAAAAAAAAAAAAAAAAAAAAAAAAAAAAAAAAAAAAAAAAAAAAAAAAAAAAAAAAAAAAAAAAAAAAAAAAAAAAAAAAAAAAAAAAAAAAAAAAAAAAAAAAAAAAAAAAAAAA8PDwAAAAAAAAAAAAAAAAAAAAAAAAAAAAAAAAAAAAAAAAAAAAAAAAAAAAAAAAAAAAAAAAAAAAAAAAAAAAAAAAAAAAAAAAAAAAAAAAAAAAAAawEe/pX/4vEAAADwAAAA8QAAAPAAAAEKAAD/BwAAAAEAAAAAAAAAAAAAAAAAAAAAa9a5GQAAAAAAAAAAAAAAAAAAAACVKkd+AAAA8QAAAPAAAAD4AAAB+gAAAAAAAAAAAAAAAAAAAAAEAAAAAAAAAAAAAAAAAAAAAAAAAAAAAAAAAAAAAAAAAAAAAAAAAAAAAAAAAAAAAAAAAAAAAAAAAAAAAAAAAAAAAAAAAAAAAAAAAAAAAAAAAAAAAAAAAAAAAAAAAAAAAAAAAAAAAAAAAAAAAAAAAAAAAAAAAAAAAAAAAAAAAAAAAAAAAAAAAAAAAAAAAAAAAAAAAAAAAAAAAAAAAAAAAAAAAAAAAAAAAAAAAAAAAAAAAAAAAAAAAAAAAAAAAAAAAAAAAAAAAAAAAAAAAAAAAAAAAAAAAAAAAAAAAAAAAAAAAAAAAAAAAAAAAAAAAAAAAAAAAAAAAAAAAAAAAAAAAAAAAAAAAAAAAAAAAAAAAAAAAAAAAAAAAAAAAAAAAAAAAAAAAAAAAAAAAAAAAAAAAAAAAAAAAAAAAAAAAAAAAAAAAAAAAAAAAAAAAAAAAAAAAAAAAAAAAAAAAAAAAAAAAAAAAAAAAAAAAAAAAAAAAAAAAAAAAAAAAAAAAAAAAAAAAAAAAAAAAAAAAAAAAAAA8fHxAAAAAAAAAAAAAAAAAAAAAAAAAAAADw8PAAAAAAAAAAAAAAAAAAAAAAAAAAAAAAAAAAAAAAAAAAAAAAAAAAAAAAAAAAAAAAAAAAAAAAAAAAAAAAAAAAAAAAAAAAAAAAAAAAAAAAAAAAAAAAAAAAAAAAAAAAAAAAAAAAAAAAAAAAAAAAAAAAAAAAAAAAAAAAAA6wAAABIAAAAPAAAACQAAAAYAAAACAAAA/AAAAAAAAAAAAAAAAAAAAAAAAAAAAAAAAAAAAAAAAAAAAAAAAAAAAO0AAADsAAAA9AAAAfcAAP/3AAAAAAAAAAAAAAAAAAAAAAQAAAAAAAAAAAAAAAAAAAAAAAAAAAAAAAAAAAAAAAAAAAAAAAAAAAAAAAAAAAAAAAAAAAAAAAAAAAAAAAAAAAAAAAAAAAAAAAAAAAAAAAAAAAAAAAAAAAAAAAAAAAAAAAAAAAAAAAAAAAAAAAAAAAAAAAAAAAAAAAAAAAAAAAAAAAAAAAAAAAAAAAAAAAAAAAAAAAAAAAAAAAAAAAAAAAAAAAAAAAAAAAAAAAAAAAAAAAAAAAAAAAAAAAAAAAAAAAAAAAAAAAAAAAAAAAAAAAAAAAAAAAAAAAAAAAAAAAAAAAAAAAAAAAAAAAAAAAAAAAAAAAAAAAAAAAAAAAAAAAAAAAAAAAAAAAAAAAAAAAAAAAAAAAAAAAAAAAAAAAAAAAAAAAAAAAAAAAAAAAAAAAAAAAAAAAAAAAAAAAAAAAAAAAAAAAAAAAAAAAAAAAAAAAAAAAAAAAAAAAAAAAAAAAAAAAAAAAAAAAAAAAAAAAAAAAAAAAAAAAAAAAAAAAAAAADx8fEAAAAAAAAAAAAPDw8AAAAAAAAAAAAAAAAAAAAAAPHx8QDx8fEAAAAAAA8PDwAAAAAAAAAAAAAAAAAAAAAAAAAAAAAAAAAAAAAAAAAAAAAAAAAAAAAAAAAAAAAAAAAAAAAAAAAAAAAAAAAAAAAAAAAAAAAAAAAAAAAAAAAAAAAAAAAAAAAAAAAAAAAAAAAAAAAAAAAAAAAAAABrAR75lf/i6AAAAAoAAAAGAAD/AgAAAP0AAAD5AAAAAAAAAAAAAAAAAAAAAJUqSKwAAP/2AAAA8wAAAe4AAP/rAAAA5wAAAekAAADzAAAA9GsBHvsAAAAAAAAAAAAAAAAAAAAABAAAAAAAAAAAAAAAAAAAAAAAAAAAAAAAAAAAAAAAAAAAAAAAAAAAAAAAAAAAAAAAAAAAAAAAAAAAAAAAAAAAAAAAAAAAAAAAAAAAAAAAAAAAAAAAAAAAAAAAAAAAAAAAAAAAAAAAAAAAAAAAAAAAAAAAAAAAAAAAAAAAAAAAAAAAAAAAAAAAAAAAAAAAAAAAAAAAAAAAAAAAAAAAAAAAAAAAAAAAAAAAAAAAAAAAAAAAAAAAAAAAAAAAAAAAAAAAAAAAAAAAAAAAAAAAAAAAAAAAAAAAAAAAAAAAAAAAAAAAAAAAAAAAAAAAAAAAAAAAAAAAAAAAAAAAAAAAAAAAAAAAAAAAAAAAAAAAAAAAAAAAAAAAAAAAAAAAAAAAAAAAAAAAAAAAAAAAAAAAAAAAAAAAAAAAAAAAAAAAAAAAAAAAAAAAAAAAAAAAAAAAAAAAAAAAAAAAAAAAAAAAAAAAAAAAAAAAAAAAAAAAAAAAAAAAAAAAAAAAAAAAAAAAAAAAAA8PDwAAAAAAAAAAAAAAAAAAAAAAAAAAAAAAAAAAAAAADw8PAAAAAADx8fEA8fHxAAAAAAAPDw8AAAAAAAAAAAAAAAAAAAAAAAAAAAAAAAAAAAAAAAAAAAAAAAAAAAAAAAAAAAAAAAAAAAAAAAAAAAAAAAAAAAAAAAAAAAAAAAAAAAAAAAAAAAAAAAAAAAAAAAAAAAAAAAAAAAAAAAAAAAAAAADsAAAABwAAAAIAAAD8AAAA+QAAAPYAAAAAAAAAAAAAAAAAAAAAAAD/4wAAAPcAAADzAAD/7wAAAOkAAADlAAD/8gAAAPMAAAH0AAAAAAAAAAAAAAAAAAAAAAAAAAAB/wD//wAAAAAAAAAAAAAAAAAAAAAAAAAAAAAAAAAAAAAAAAAAAAAAAAAAAAAAAAAAAAAAAAAAAAAAAAAAAAAAAAAAAAAAAAAAAAAAAAAAAAAAAAAAAAAAAAAAAAAAAAAAAAAAAAAAAAAAAAAAAAAAAAAAAAAAAAAAAAAAAAAAAAAAAAEAAAAAAAAAAAAAAAAAAAAAAAAAAAAAAAAAAAAAAAAAAAAAAAAAAAAAAAAAAAAAAAAAAAAAAAAAAAAAAAAAAAAAAAAAAAAAAAAAAAAAAAAAAAAAAAAAAAAAAAAAAAAAAAAAAAAAAAAAAAAAAAAAAAAAAAAAAAAAAAAAAAAAAAEAAAGpqan/AAAAAAAAAAD///8A/v7+AP///wD///8A/v7+AP///wD+/v4A////AP///wD+/v4A////AP7+/gD///8A////AP7+/gAAAAAAAAAAAAAAAAAAAAAAAAAAAAAAAAAAAAAAAAAAAAAAAAAAAAAAAAAAAAAAAABsbGwBWFhY/wAAAAAAAAAAAAAAAAAAAAAAAAAAAAAAAAAAAAAAAAAAAAAAAAAAAAAAAAAA8fHxAAAAAAAAAAAAAAAAAAAAAAAPDw8AAAAAAAAAAAAAAAAAAAAAAAAAAAAAAAAAAAAAAAAAAAAAAAAAAAAAAAAAAAAAAAAAAAAAAAAAAACoqKgBAAAAAAAAAAAAAAAAAAAAAAAAAAAAAAAAAAAAAAAAAACV/+IEAAAAFgAAABkAAAAVAAAAEQAAAA4AAAAHAAAABAAAAAAAAAD8AAAA9gAAAPMAAADuAAAB6wAAAPMAAP/xAAAB8WsBHfsAAAAAAAAAAAAAAAAAAAAAAAAAAAIAAAAAAAAAAAAAAAAAAAAAAAAAAAAAAAAAAAAAAAAAAAAAAAAAAAAAAAAAAAAAAAAAAAAAAAAAAAAAAAAAAAAAAAAAAAAAAAAAAAAAAAAAAAAAAAAAAAAAAAAAAAAAAAAAAAAAAAAAAAAAAAAAAAAAAAAAAAAAAAAAAAAAAAAAAAAAAAAAAAAAAAAAAAAAAAAAAAAAAAAAAAAAAAAAAAAAAAAAAAAAAAAAAAAAAAAAAAAAAAAAAAAAAAAAAAAAAAAAAAAAAAAAAAAAAAAAAAAAAAAAAAAAAAAAAAAAAAAAAAAAAAAAAAAAAAAAAAAAAAAAAAAAAAAAAAAAAAAAAAAAAAAAAFdXVwEAAAAAAAAAAAAAAAAAAAAAAAAAAAAAAAAAAAAAAAAAAAAAAAAAAAAAAAAAAAAAAAAAAAAAAAAAAAAAAAAAAAAAAAAAAAAAAAAAAAAAAAAAAAAAAAAAAAAAAAAAAAAAAAAAAAAAAAAAAAAAAAAAAAAAbGxsAQAAAAAAAAAAAAAAAAAAAAAAAAAAAAAAAAAAAAAAAAAAAAAAAAAAAAAAAAAAAAAAAAAAAAAPDw8ADw8PAA8PDwAPDw8AAAAAAPHx8QAAAAAAAAAAAAAAAAAAAAAAAAAAAAAAAAAAAAAAAAAAAAAAAAAAAAAAAAAAAAAAAAAAAAAAAAAAAAAAAAAAAAAAAAAAAAAAAAAAAAAAAAAAAAAAAAAAAAAAAAAAAGsBHvwAAADpAAAB3gAAANsAAADbAAAA2gAAANwAAADbAAAA2wAAANsAAADcAAAA2wAAAOMAAP/tAAD/7gAAAO9rAR37AAAAAAAAAAAAAAAAAAAAAAAAAAAAAAAAAQAAAAAAAAAAAAAAAAAAAAAAAAAAAAAAAAAAAAAAAAAAAAAAAAAAAAAAAAAAAAAAAAAAAAAAAAAAAAAAABR8AP8QXwAA3CUAAQAAAAAAAAAAAAAAAAAAAAAAAAAAAAAAAAAAAAAAAAAAAAAAAAAAAAAAAAAAAAAAAAAAAAAAAAAAAAAAAAAAAAAAAAAAAAAAAAAAAAAAAAAAAAAAAAAAAAAAAAAAAAAAAAAAAAAAAAAAAAAAAAAAAAAAAAAAAAAAAAAAAAAAAAAAAAAAAAAAAAAAAAAAAAAAAAAAAAAAAAAAAAAAAAAAAAAAAAAAAAAAAAAAAAAAAAAAAAAAAAAAAAAAAAAA/z09AQBgYAEA5uYB/woKAgEQEAEAAAAC//T0AQACAgAAAAAAAAAAAAD29gEAAAAAAAAAAAAAAAABwuL1APD5AAA+FQsAAAAAAAAAAAAAAAAABgb/AAAAAAAAAAAA6uoAAAYG/wAHB/8A8PD+ABcX/gDJyf8A9/f/AcPD/wAAAAAAAAAAAAAAAAAAAAAAAAAAAAAAAAAAAAAAAAAAAAAAAAAAAAAAAAAAAAAAAAAAAAAAAAAAAAAAAAAAAAAAAAAAAAAAAAAAAAAAAAAAAAAAAAAAAAAAAAAAAAAAAAAAAAAAAAAAAAAAAAAAAAAAAAAAAAAAAAAAAAAAAAAAUdz+Asb1AAIfBgEB6vwAAgkCAALu/P8DCAIBAgUBAAIAAAAD+f4AAwIBAAIDAAADAAAAA/v/AAMAAAADAwEAAv3/AAICAQACAAAAAAAAAAD+/wD+/gAA/QQBAPz+/wD8AgEA+/r+APsGAgD7AwAA/P4AAP37/wD9CwIA/9rc3f8BAAAAAAAAAAAAAAAAAAAAAAAAAAAAAAAAAAAAAAAAAAAAAAAAAAAAAAAAAAAAAAAAAAAAAAAAAAAk2wD/8KEAABBfAAAAAAAA3CUAAQAAAAAAAAAAAAAAAAAAAAAAAAAAAAAAAAAAAAAAAAAAAAAAAAAAAAAAAAAAAAAAAAAAAAAAAAAAAAAAAAAAAAAAAAAAAAAAAAAAAAAAAAAAAAAAAAAAAAAAAAAAAAAAAAAAAAAAAAAAAAAAAAAAAAAAAAAAAAAAAAAAAAAAAAAAAAAAAAAAAAAAAAAAAAAAAAAAAAAAAAAAAAAAAAAAAAAAAAAAAAAAAAAAAAAAAAAAAAAAAP89PQEAYGABAAAAAgAODgMA8vIFAAAABAAEBAMA/PwDAPz8Af/8/AEAAAAAAAAAAAAAAAAA+PgAAcPf5wDr+AAAAAAAAAAAAABEGxkA/v4AAAAAAAAAAAAA+fkAAAMD/wD7+/8A+/v+AAIC/AD+/vwAAAD8AAIC/ADV1f4A9/f/AcPD/wAAAAAAAAAAAAAAAAAAAAAAAAAAAAAAAAAAAAAAAAAAAAAAAAAAAAAAAAAAAAAAAAAAAAAAAAAAAAAAAAAAAAAAAAAAAAAAAAAAAAAAAAAAAAAAAAAAAAAAAAAAAAAAAAAAAAAAAAAAAAAAAAAAAAAAAAAAAAAAAAAAAAAt1f8D4Pr/AhMEAQICAAADAAAAAwIBAAMAAAADAgAAA/z/AAQAAAAEAgEAA/z/AAQAAAAEEfPi1u4NHjIAAAADAAAAAwAAAAEAAAABAAAA/gAAAP4AAAD7/v8A+/4AAPoAAAD5BAEA+v7/APoFAQD77/3//CUHAfz3/gD+JAf//wQAAAAAAAAAAAAAAAAAAAAAAAAAAAAAAAAAAAAAAAAAAAAAAAAAAAAAAAAAAAAAAAAAAAAAFHwA/wAAAAAAAAAAAAAAAAAAAAAUfAD/7IQAAQAAAAAAAAAAAAAAAAAAAAAAAAAAAAAAAAAAAAAAAAAAAAAAAAAAAAAAAAAAAAAAAAAAAAAAAAAAAAAAAAAAAAAAAAAAAAAAAAAAAAAAAAAAAAAAAAAAAAAAAAAAAAAAAAAAAAAAAAAAAAAAAAAAAAAAAAAAAAAAAAAAAAAAAAAAAAAAAAAAAAAAAAAAAAAAAAAAAAAAAAAAAAAAAAAAAAAAAAAAAAAAAAAAAAAAAAAAAGBgAQAAAAL/9vYFAQICBwD8/AkABAQJAPr6BwD+/gUAAAACAAICAQD+/gEA/PwAAPz8AAHH4s0A+f4AAAABAAAAAAAAAAAAALzm5wBGHDMA+voAAP7+AAADAwAA/f3/AAAA/QACAvwAAAD5AP7+9wAAAPcA/Pz4ACsr+wDV1f4AAAD/AAAAAAAAAAAAAAAAAAAAAAAAAAAAAAAAAAAAAAAAAAAAAAAAAAAAAAAAAAAAAAAAAAAAAAAAAAAAAAAAAAAAAAAAAAAAAAAAAAAAAAAAAAAAAAAAAAAAAAAAAAAAAAAAAAAAAAAAAAAAAAAAAAAAAAAAAAAAAAAAAAAAAOr8/wEeBgEB/gAAAvn+AAMCAQAD/v8ABPv/AAUCAQAEAQAABf8AAAX7/gAFAgEABf7/AAUAAAAAAAAADgAAAAQAAAADAAAAAQAAAAAAAAD+AAAA/AAAAPsCAQD5AgAAAv7/AP8BAAD+AgEA/fn/AP0RAwEB9f4AAez8/wEkBwD/BAAAAAAAAAAAAAAAAAAAAAAAAAAAAAAAAAAAAAAAAAAAAAAAAAAAAAAAAAAAAAAAACTbAP/woQAAAAAAAAAAAAAAAAAAAAAAAAAAAAAk2wD/3CUAAQAAAAAAAAAAAAAAAAAAAAAAAAAAAAAAAAAAAAAAAAAAAAAAAAAAAAAAAAAAAAAAAAAAAAAAAAAAAAAAAAAAAAAAAAAAAAAAAAAAAAAAAAAAAAAAAAAAAAAAAAAAnHKuCAAAAAYBAAAE/wAAAgAAAP8AAAD/AAAA+wD/APlkj1L6AAAAAAAAAAAAAAAAAAAAAAAAAAAAAAAAAAAAAAAAAAAAAAAAAAAAAAAAAAAAICABAODgBAEMDAcAAgINAAICEAD+/hAA/v4MAAAACf/+/gQA/PwCAP7+AAD+/gEBzOOmAPn9AADy+wAAAP8AAAAAAAAAAQAAAP8AALrkzQBAFloAAAAAAPv7/wAAAP4A/v78AAEB+AD///QABATwAAEB8AD7+wAA/v7/ADc3+wC6ugAAAAAAAAAAAAAAAAAAAAAAAAAAAAAAAAAAAAAAAAAAAAAAAAAAAAAAAAAAAAAAAAAAAAAAAAAAAAAAAABTNRr/AAAAAAAAAAAAAAAAAAAAAAAAAAAAAAAAAAAAAK3L5gEAAAAAAAAAAAAAAAAAAAAAAAAAAAAAAAAAAAAA9v4AAez8/wIIAgEC/P8AAgcAAAT7/wAFBQEABfv/AAYCAQAG/P8ABgIAAAYAAAAGAgEAB+wMHkoCAAAPAAAABAAAAAMAAAAB/v8AAON2zqkAAAAAAAAAAAAAAAAAAAAAAAAAAB+LMiEAAAD8FvTi8O4NHgz1/gABAAAAAAAAAAAEAAAAAAAAAAAAAAAAAAAAAAAAAAAAAAAAAAAAAAAAAAAAAAAAAAAAAAAAAAAk2wD/AAAAAAAAAAAAAAAAAAAAAAAAAAAAAAAAAAAAAAAAAAAk2wD/3CUAAQAAAAAAAAAAAAAAAAAAAAAAAAAAAAAAAAAAAAAAAAAAAAAAAAAAAAAAAAAAAAAAAAAAAAAAAAAAAAAAAAAAAAAAAAAAAAAAAAAAAAAAAAAAnXKuCv8AAAsBAAAI/wAAB/8AAAUA/wAEAAEA/wAAAP4BAAD5/wEA+JxyrvcBAAD1Y45S+QAAAAAAAAAAAAAAAAAAAAAAAAAAAAAAAAAAAAAAAAAAAAAAAP/Q0AIBEhIEAAQECQD4+BAAAgIYAPz8GAAAABP//PwMAAAABwD+/gIA/v4CAc/jeAD5/gAA+v4AAAAAAAAAAQAAAAAAAAAAAAAAAQAAAAAAAMDppgA7EogAAAD/AAAA/QD///oAAAD0AAAA7QD+/ugA/v4AAAAA/AAAAPsA6en9AAAA/QAAAAAAAAAAAAAAAAAAAAAAAAAAAAAAAAAAAABTNRr/AAAAAAAAAAAAAAAAAAAAAAAAAAAAAAAAAAAAAAAAAAAAAAAAAAAAAAAAAAAAAAAAAAAAAAAAAAAAAAAAUzUa/63L5gEAAAAAAAAAAAAAAAAAAAAAAAAAAAAAAAAeBgEB/gAAAfn+AAIBAQACAAAAAwAAAAT9AAAFAgEABgAAAAcEAQAHAAAACAAAAAcAAAAH43bOsQAAAAAAAAAAAAAAAAAAAAAAAAAAAAAAAAAAAAAAAAAAAAAAAAAAAAAfizIvAAAAA/z/AALuDR4T+v4AAf4A/wH2/gAB1fgBAQEAAAAAAAAAAAAAAAAAAAAAAAAAAAAAAAAAAAAAAAAAAAAAAAAAAAAAJNsA/wAAAADwoQAAEF8AAAAAAADwoQAAAAAAABBfAAAAAAAA8KEAABBfAAAAAAAA3CUAAQAAAAAAAAAAAAAAAAAAAAAAAAAAAAAAAAAAAAAAAAAAAAAAAAAAAAAAAAAAAAAAAAAAAAAAAAAAAAAAAAAAAAAAAAAAnHKuAgAAAA8AAAAMAAAAEAAAAA4AAAAKAf8AB/8BAAMAAAAAAAAA/QAAAPoAAAD2AAAA8gD/AO8BAQDvY45S9AAAAAAAAAAAAAAAAAAAAAAAAAAAAAAAAAAAAAAAAAAA/6GhBgD+/goAAAASAPz8GwD+/iD//v4gAP7+GQD+/hAA/v4JAPz8AwHV500A9fwAAPX8AADv+AAAAAAAAAABAAAAAAAAAAAAAAD/AAAAAAAAAAEAAAD/AAA3DrMA///9AAAA+AD+/vAAAADnAAAA4AAAAOAA/PzlAAQE7QDz8/YBnp76AAAAAAAAAAAAAAAAAAAAAAAAAAAAAAAAUzUa/wAAAAAAAAAAAAAAAAAAAAAAAAAAAAAAAAAAAAAAAAAAAAAAAAAAAAAAAAAAAAAAAAAAAAAAAAAAAAAAAAAAAAAAAAAAAAAAAK3L5gEAAAAAAAAAAAAAAAAAAAAAAAAAACvV/wb3/gAE/QAABPr+AAUEAQAG43bO5gAAAAAAAAAAAAAAAAAAAAAAAAAAAAAAAAAAAAAAAAAAAAAAAAAAAAAAAAAAAAAAAAAAAAAAAAAAAAAAAAAAAAAAAAAAH4syPfz/APQAAAD1BwEA9vf+APgAAAD5/gD//Pb+AP0ZBQH+AgAAAAAAAAAAAAAAAAAAAAAAAAAAAAAAAAAAAAAAAAAAAAAAACTbAP8AAAAA8KEAABBfAAAAAAAA8KEAABBfAAAQXwAA8KEAAAAAAAAQXwAA8KEAAAAAAAAk2wD/AAAAAAAAAAAAAAAAAAAAAAAAAAAAAAAAAAAAAAAAAAAAAAAAAAAAAAAAAAAAAAAAAAAAAAAAAAAAAAAAAAAAAJ1yrgEAAAAQAAAAGAEAAB8AAAAhXnpRxAAAACL/AQAhAQAAIQAAACEAAAAgAAAAH156UcMAAAIr08QAACAASURBVAAfAAEAIP8AAB2ccq4RAAAAAAAAAAAAAAAAAAAAAAAAAAAAAAAAAAAAAAAAAAAA/PwCAAQEAwD8/AcA/v4NAAAAEwD+/hkA/v4eAPz8IQD8/CIB2+pNAPr9AAD5/QAA8fkAAAABAAAAAAAAAAAAAAD/AAAA/wAAAAEAAAAAAAAA/wAAAAAAAMnzTQAAACIA/v4gAAAAHQD+/hkA/v4TAAAADAACAgcAAAAEAA0NAgAAAAAAAAAAAAAAAAAAAAAAAAAAAAAAAAAAAAAAAAAAAAAAAAAAAAAAAAAAAAAAABgdIgAAAAAAAAAAAAAAAAAAAAAAAAAAAK3L5gCty+YAGB0iAAAAAAAhP1oAIT9aAAAAAAAAAAAAAAAAAAAAAAAAAAAAAAAAAAAAAAAAAAAAAAAAAAAAAAAAAAAACwMAAAAAAAAAAAAAAAAAAAAAAAAAAAAAAAAAAAAAAAAAAAAAAAAAAAAAAAAAAAAAAAAAAAAAAAAAAAAAAAAAAAAAAAAAAAAAAAAAAB+LMkv+/wABBAEAAAAAAAAAAAAAAAAAAAAAAAAAAAAAAAAAAAAAAAAEAAAAAAAAAAAAAAAAAAAAAAAAAAAAAAAAAAAAAAAAAAAk2wD/AAAAAPChAAAQXwAAAAAAAAAAAAAAAAAAAAAAAAAAAAAAAAAAAAAAAAAAAAAQXwAA8KEAABBfAAAk2wD/3CUAAQAAAAAAAAAAAAAAAAAAAAAAAAAAAAAAAAAAAAAAAAAAAAAAAAAAAAAAAAAAAAAAAAAAAAAAAAAA/wAAEgAAABoA/wAY/wEAFF56UaYAAAAAXnpRmKKFr4v/AQADAAAAAAAAAP1eelF1AAAAAF56UbKiha9ZAAEABwAAAAWccq4CZI5S7QAAAAAAAAAAAAAAAAAAAAAAAAAAAAAAAP/29gEBAgIDAAAABf/+/ggA/v4MAP7+EAD8/BMA/v4VAd/rIwD4/QAA+f4AAPr+AAD9/wAAAQAAAAABAAAAAAAACAcAAPj5AAAA/wAAAAEAAAAAAAAA/wAAAAAAAMrzLgAyCd0AAgIAAAAA8wAAAAwA/v4IAAAABAD8/AIA/v4BAAAAAAAAAAAAAAAAAAAAAAAAAAAAAAAAAAAAAAAAAAAAAAAAAAAAAK3L5gBrUjwA6OPeAAAAAAAAAAAAAAAAAK3L5gAAAAAAa1I8AAAAAAAAAAAAAAAAAAAAAADfwaYAAAAAAAAAAAAAAAAAAAAAAAAAAAAAAAAAAAAAAAAAAAAAAAAACQIA//n/AP/1/QAABAEAAB+LMiH+/wAIAwEACf8AAAoAAAAKAAAAC/7/AAoAAAAKAgEACQAAAAcAAAAE4XXOhwAAAAAAAAAAAAAAAAAAAAAdijJXAAAA/wIBAP/8/wAAAgAA//n/AP8GAgD/+v4AAAAAAAAOAwH/Kwj//wQAAAAAAAAAAAAAAAAAAAAAAAAAAAAAAAAAAAAAAAAAANsDAAC9xgAAMVIAADcAAAAAAAAAAAAAAAAAAAAAAAAAAAAAAAAAAAAAAAAAAAAAAAAAAADZUgAAz8kAAEM6AAABAAAAAAAAAAAAAAAAAAAAAAAAAAAAAAAAAAAAAAAAAAAAAAAAAAAAAAAAAAAAAAAAAAAAAAAAAJxxrg8AAAAYAAAAGQABABcAAAAVooavhF56UXwAAAAAXntRdQAAAAAAAAAAAAAAAAAAAAAAAAAAooavhAAAABoAAAAFAAAAAgEAAP6ccq79ZI5S8AAAAAAAAAAAAAAAAAAAAAAAAAAAAAAAAAD8/AH//PwCAP7+BAD+/gcA/PwJAPz8CgHm7yMA+v0AAPr9AAD6/gAA8foAAAEAAAAAAAAAAP8AAAAAAAAVEQAA6+8AAPj6AAAAAAAAAAAAAAAAAAAA/wAAAAEAAM73IwAyCfUAAAAIAP7+BgACAgQA/v4DAP7+AQACAgAAAAAAAAAAAAAAAAAAAAAAAAAAAAAAAABTNRr/AAAAAAAAAACty+YAa1I8AAAAAAAAAAAAAAAAAAAAAACty+YAAAAAAGtSPAAAAAAA6OPeACE/WgAhIjgAAAAAAK3L5gBTNRoAAAAAAFM1Gv+ty+YBAAAAAAAAAAAAAAAAAAAAAAsCAP/j+gD/AAAA/wcCAP4EAQD+/v8A/gEBAP77/wD/AgAA/wAAAAACAQAAAgEAAQAAAAL+/wAC43bOiwAAAAAAAAAAAAAAAAAAAAAfizJrAAAA9gAAAP/+/wD/AgEA/wIAAP8U9OLb6gweG/7/AAD+AP8ACQIB//f+/wAAAAAAAgAAAAAAAAAAAAAAAAAAAAAAAAAAAAAAAP/eAP//3gD/AAAAAAAAAAAAAAAA2wMAANsDAADwoQAAEF8AAAAAAAAAAAAAEF8AAPChAADbAwAA2wMAAAAAAAAAAAAAAAAAAP/eAP//3gD/AAAAAAAAAAAAAAAAAAAAAAAAAADdgv8DAAAAAAAAAAAAAAAAAAAAAAAAAACccq4FAAEAFgD/ABVeelG5XnpRogAAABZeelF8AAAAAAAAAAAAAAAA8P7rAPD+6wAAAAAAAAAAAAAAAABeelF8AAEAFV56UaJeelG5/wAAFQAAABWdcq4MAAAAAAAAAAAAAAAAAAAAAAAAAAAAAAAA//r6AQD8/AIA/v4CAPz8AwD+/gMB6/EuAPr+AAD5/gAA+v0AAPn8AAAAAAAAAAAAAAAAAAAAAQAAAAAAABUQAAAUEAAABwYAAAAAAAAAAAAAAAAAAAABAAAAAAAAAAAAAM74LgAAAAMAAgIDAP7+AgAAAAEA/f0BAAAAAAAAAAAAAAAAAAAAAAAAAAAAAAAAUzUa/wAAAAAAAAAAAAAAAAAAAAAAAAAA6OPeAAAAAAAAAAAArcvmAAAAAABTNRoAAAAAAOjj3gAAAAAA38GmAN/BpgCMjIwAUzUaABgdIgAAAAAAAAAAAFM1Gv8AAAAAAAAAAAAAAAAAAAAA1/j/AAcCAP8GAgD/+/8A/vv/AP79AAD+/f8A/gQBAP0CAQD+AgEA/v7/AP8AAAD/AAAA/+N2zpAAAAAAAAAAAAAAAAAdijJ3H4sycf7/AP4AAAD+AAAA/QIBAP7+/wD/FPTi0O4NHiQCAAD/AwEA/wgCAf8AAAAAAAAAAAAAAAACAAAAAAAAAAAAAAAAAAAAAAAAAAD/3gD/AAAAAAAAAAC9xgAAMSoAABIQAAAAAAAAAAAAAKgoAADJ8wAA2wMAANsDAADJ8wAAqCgAAAAAAAAAAAAAEhAAADEqAAC9xgAAAAAAAAAAAAD/3gD/AAAAAAAAAAAAAAAAAAAAAAAAAAYAAAAA5Jr//+Sa//8AAAAAnHKuAwD/ABIAAAASAQEAEwAAAAAAAAAAXnpRdwAAAAAAAAAAAAAAAPD+6wDu5PIA7uTyAPD+6wAAAAAAAAAAAAAAAABeelF4AAAAAAAAAAAAAAAUAAAAEwAAAAuccq4KAAAAAOSa///kmv//AAAAAAAAAAAAAAAAAAAAAAD8/AAA/v4BAe7xTQD5/QAA+P0AAPn+AAD6/gAA8/wAAAAAAAAAAAAAAAAAAAAAAAAQCwAAFREAABUQAAAVEQAACAUAAAD/AAAAAQAAAP8AAAAAAAAAAAAAAAAAAM73TQAAAAEAAAABAAAAAAAAAAAAAAAAAAAAAAAAAAAAAAAAAAAAAAAAAAAAAAAAAAAAAAAAAACty+YAUzUaAAAAAAAAAAAAAAAAAK3L5gBTNRoAUzUaABgdIgDo494AAAAAAAAAAAAAAAAArcvmAAAAAAAAAAAAAAAAAAAAAAAAAAAAAAAAAAAAAAAAAAAAAAAAAAAAAAAKAgD/CwIA/woCAP4HAQD+AAAA/f7/AP0AAAD9AAAA/QAAAP0AAAD9AgEA/QAAAP7hdc6aAAAAAAAAAAAAAAAAH4sydhT04okS8+KPAgEA/gAAAP4AAAD//v8A/wIBAP/uDR4uAQAA/wAAAAAAAAAAAAAAAAAAAAAAAAAAAAAAAAQAAAAAAAAAAAAAAAAAAAAA/94A/wAAAAAAAAAAAAAAAAAAAAAAAAAAAAAAAAAAAAAAAAAAAAAAAAAAAAAAAAAAAAAAAAAAAAAAAAAAAAAAAAAAAAAAAAAAAAAAAAAAAAAAAAAAAAAAAAAAAAD/3gD/ASIAAQAAAADdgv8FAAAABwAAAPcAAAAAAAAAAOSa//8AAAAAAAAAAAAAAAAAAAAA6q4AAAAAAAAWUgAAAAAAAAAAAADw/usA7uTyACcirwAAAAAA2d5RAAAcAAAQAhUAAAAAAAAAAADqrgAAAAAAAEgoUaoAAAAAAAAAAAAAAADkmv8AAAAAAAAAAAAAAAAAAAAAAAD4+AAAAgIAAP7+AQHz8ngA+f0AAPr+AAD7/gAA+v0AAO/4AAAAAAAAAAAAAAABAAAA/wAADAcAABUNAAAUEAAAAP8AAAEBAAAB/wAA6/AAAPj5AAAAAQAAAP8AAAABAAAAAAAAAAAAAM74eAAwBloAAAAAAAAAAAAAAAAAAAAAAAAAAAAAAAAAAAAAAAAAAAAAAAAAAAAAAAAAAHR0dADfwaYAAAAAAAAAAACty+YAUzUaACE/WgD33sgAAAAAAAAAAAAAAAAArcvmAFM1GgAAAAAAUzUaAAAAAAAAAAAAAAAAAAAAAAAAAAAAAAAAAAAAAAAAAAAAAAAAAA8DAf/i+v//EwQB/v8AAP4FAQD++f8A/QIBAPwAAAD9AAAA/P7/AP0CAQD9AAAA/AAAAAAAAAAAAAAAAB+LMnIAAAAA7AwecAIBAPsAAAD9/v8A/gAAAP4AAAD/4XXOxh+LMi4AAAAAAAAAAAAAAAAAAAAAAAAAAAAAAAAAAAAAAgAAAAAAAAAAAAAAAP/eAP8AAAAAAAAAAAAAAAC9xgAAMSoAABIQAAAAAAAAAAAAAL3GAAAxKgAAEhAAAAAAAAAAAAAAEhAAADEqAAC9xgAAAAAAAAAAAAASEAAAMSoAAL3GAAAAAAAAAAAAAAAAAAD/3gD/AAAAAAAAAAYAAAAGAAAAABxmAQEAAAAAAAAAAPnoAAAAAAAAAAAAAAAAAAAWUgAAFlIAAAAAAAAAAAAA8P7rAO7k8gAnIq8AAAAAAAAAAAAnIq8A7uTyAPD+6wAAAAAAAAAAABZSAAAWUgAAAAAAAAAAAAAAAAAA+egAAAAAAAAAAAAAHGYBAQAAAAAAAAAAAAAAAAD8/AAB8/OmAPn/AAD6/gAA+f0AAPn8AAD5/QAA/gAAAAABAAAAAAAAAP8AAAYFAAAUDQAAFQ0AABUQAAAVEAAAFRAAABURAAAVEAAACAYAAAAAAAAAAAAAAP8AAAAAAAAAAAAAAAAAAND5pgAAAAAAAAAAAAAAAAAAAAAAAAAAAAAAAAAAAAAAAAAAAAAAAAAAAAAhP1oAAAAAAAAAAAAAAAAArcvmAFM1GgAAAAAAAAAAAAAAAADo494AAAAAAK3L5gBTNRoAAAAAAAAAAAAAAAAAGB0iAAAAAAAAAAAAAAAAAAAAAAAAAAAAAAAAAAAAAAAAAAAAKwj//woCAP8LAgD/CgIA/gAAAP38/wD9/P8A/QAAAPwAAAD8AgEA+/7/APvhdc6rAAAAAB+LMmMdijJp/v8A+wAAAPwAAAD8AAAA/f7/AP4CAQD/AAAAAON2zrsAAAAA/P8AAAAAAAAAAAAAAAAAAAAAAAAAAAAAAAAAAAAAAAAEAAAAAAAAAAD/3gD/AAAAAAAAAAAAAAAAAAAAAAAAAAAAAAAAAAAAAAAAAAAAAAAAAAAAAAAAAAAAAAAAAAAAAAAAAAAAAAAAAAAAAAAAAAAAAAAAAAAAAAAAAAAAAAAAAAAAAAAAAAAAAAAAAAAAAAAAAAD+3AX/36YAEQAAAAUAAAAAAAAAABxmAQHkmv//BxgAAPnoAAAHGAAAAAAAAAAAAAAAAAAAAAAAAAAAAAAAAAAAAAAAAAAAAAAAAAAAAAAAAAAAAAAAAAAAAAAAAAAAAAAAAAAAAAAAAAAAAAAAAAAAAAAAAPnoAAAHGAAAAAAAALjYrwgAAAAAAAAAAAAAAAAAAAAAAfX1zQD+/wAA+fwAAPn9AAD6/QAA+f4AAPD5AAAAAQAAAP8AAAAAAAACAgAAFg0AABUNAAAUDgAAFRAAAAEAAAD/AQAA/wAAAP8AAAD/AAAA7PAAAPj5AAAAAQAAAAAAAAAAAAAA/wAAAAAAAND6zQArARkAAAAAAAAAAAAAAAAAAAAAAAAAAFM1Gv8AAAAAAAAAAAAAAACMjIwAa1I8AAAAAAAAAAAAAAAAAAAAAAAAAAAA6OPeAAAAAACty+YAAAAAAAAAAAAAAAAAAAAAAAAAAAAAAAAA6OPeAAAAAAAAAAAAAAAAAAAAAAAAAAAAAAAAAAAAAACv1N4AJiQj/+L6//8TBAH+/wAA/v4A//0A/wH9AAEA/Pz/APwCAAD743bOuwAAAAAAAAAA4XXOnQAAAAAAAAAAAAAAAAAAAAAAAAAAAAAAAAAAAAAAAAAAAAAAAAAAAAAEAQD/+/8AAAIAAAAAAAAAAAAAAAAAAAAAAAAAAAAAAAIAAAAA/94A/wAAAAAAAAAAAAAAAAAAAAC9xgAAMSoAABIQAAAAAAAAAAAAAAAAAAAAAAAAAAAAAAAAAAAAAAAAAAAAAAAAAAAAAAAAAAAAAAAAAAAAAAAAAAAAABIQAAAxKgAAvcYAAAAAAAAAAAAAAAAAAP/+BAAfVBbvAAAABQAAAAAAAAAAnHKuBLjYrxUAAAAABxgAAPnoAAAAAAAA6q4AAOquAADqrgAAAAAAABACFQASHA4A2d5RAAAAAAAAAAAA2d5RABIcDgAQAhUAAAAAAOquAADqrgAA6q4AAAAAAAD56AAABxgAAAAAAAC52K8eAAAABQAAAAAAAAAAAAAAAAHz8+cAAAAAAPn+AAD6/gAA+f0AAPn9AAD5/QAAAAEAAAD/AAAAAQAAAAEAABUNAAAVDgAAFQ8AABUNAAAVEQAAFBAAABUQAAAWEQAAFRAAABUQAAAUEAAACAcAAAD/AAAAAAAAAAEAAAABAAAAAQAAAAAAANX/5wAAAAAAAAAAAAAAAAAAAAAAAAAAAAAAAAAAAAAhP1oAAAAAAAAAAAAAAAAA6OPeAFM1GgCty+YArcvmAAAAAAAhP1oAAAAAAAAAAABTNRoAAAAAAAAAAAAAAAAArcvmAAAAAAAYHSIAAAAAAAAAAACty+YBAAAAAAAAAAAAAAAAAAAAAAAICv8rCP//CgIA/wsCAP/y/f/+CAIB/v4A//0DAAD8FvTi1uN2zswAAAAAAAAAAAAAAAAAAAAAAAAAAAAAAAAAAAAAAAAAAAAAAAAAAAAAAAAAAAAAAAAAAAAAH4syNwAAAP8CAAD/AgEA/wQBAP8AAAAA/wAAAAAAAAAAAAAABAAAAAAAAAAAAAAAAAAAAAAAAAAAAAAAAAAAAAAAAAAAAAAAAAAAAAAAAAAAvcYAADEqAAASEAAAAAAAAAAAAAAAAAAAAAAAABIQAAAxKgAAvcYAAEM6AAAAAAAAAAAAAAAAAAAAAAAAAAAAAAAAAAD//wIAAP8EAP/+BAAAAAAEAAAAAAAAAAAAAAAFAAAABgAAAAAAAAAABxgAAPnoAAAHGAAAAAAAABZSAAAAAAAAAAAAABACFQAAHAAA2d5RAAAAAAASHA4AEAIVAAAAAAAAAAAAFlIAAOquAAAAAAAA+egAAAcYAAAAAAAAAAAAAAAAAAUBAAAFnHGuAWSPUv8B7e32AAAAAAD8/gAA+v0AAPn9AAD6/gAA+v4AAPL7AAAA/wAAAAAAAAD/AAATDAAAFA4AABUNAAAUDQAAEgwAABURAAAAAAAAAAEAAAAAAAAA/wAAAQAAAAEAAAABAAAA6/AAAPj5AAAAAAAAAAAAAAAAAAAAAAAAAAAAAND69gAAAAEAAAAAAAAAAAAAAAAAAAAAAAAAAAAAAADfwaYAAAAAAOjj3gAAAAAAAAAAAFM1GgAAAAAA38GmACE/WgAAAAAAAAAAAAAAAAAAAAAAGB0iAFMAAAAAAAAA6OPeABgdIgAAAAAArcvmAQAAAAAAAAAAAAAAAAAAAAAAAAAAAAAAAPX+AQAPAwD/4vr//woCAP/4/v/+CQIB/f0AAP0AAAAAHYoyKQAAAAoCAQAJAAAACgAAAAgAAAAIAAAABQAAAAQAAAABAAAA//7/APzjds6lAAAAAB+LMkEAAAD+AQAA/gIBAP4AAAD+9/4A/wcBAP8JAgD/DgIB/wAA/wAC/94A/wAAAAAAAAAAAAAAAAAAAAC9xgAAMSoAABIQAAAAAAAAAAAAAAAAAAAAAAAAAAAAAAAAAAAAAAAAAAAAAAAAAAAAAAAAAAAAAAAAAAAAAAAAAAAAAAAAAAAAAAAAEhAAADEqAAC9xgAAAAAAAAD/AwD//gQAAP8EABxNKdsAAAAAAAAAAAEAAAQAAAAEuNivMAAAAAAAAAAABxgAAAAAAAAWUgAAAAAAAAAAAADqrgAAAAAAABACFQASHA4AEhwOABACFQAAAAAA6q4AAAAAAAAAAAAAFlIAAAAAAAAHGAAAAAAAAAAAAAC42K84/wAABf8AAAUAAQADAAAAAAAQIQAABBcAAPsRAAD6DAAA+QgAAPkEAADw+wAAAQEAABQQAAAnHwAAOi4AADoxAAA1LwAALC0AACgsAAAkLAAAvMAAAMDGAADEygAAydAAAMzVAADR2QAA1N8AAOPqAAD4+gAAAAEAAAABAAAAAQAAAAEAAAABAAAAAQAAAAAAAAAAAAAAAAAAAAAAAAAAAAAAAAAAAAAAAAAAAAAAAAAAAAAAAAAAAAAAAAAAAAAAAAAAAAAAAAAYHSIA38GmAAAAAABTNRoArcvmAAAAAADo494AGB0iAAAAAAAAAAAAAAAAAAAAAAAAAAAAAAAAAAAAAAAAAAAAAAAAAAAAAAAAAAAAut7n/ysI//8KAgD/FAQB/hQEAf3/AAD9+P7//OoMHhsDAQD6AgEA+QAAAPn+/wD4AAAA+QAAAPkAAAD6AAAA+wAAAPwAAAD843bOpQAAAAAfizJIAAAA/AEAAP3/AAD+/v8A/gMAAP4EAQD/7/3//wsCAP/5/wAAr9TeAAQAAAAAAAAAAAAAAAAAAAAAAAAAAAAAAAAAAAAAAAAAAAAAAAAAAAAAAAAAAAAAAAAAAAAAAAAAAAAAAAAAAAAAAAAAAAAAAAAAAAAAAAAAAAAAAAAAAAAAAAAAAAAAAAAAAAAAAAAAAAAAAAAAAAAA//8DAAD/AwD//wMAAP8DAAAAAAAAAAAA/wAAAgEAAAP/AAADuNivRUgoUbsAAAAAAAAAAAAAAAAAAAAA6q4AANK/2gAAvwAAAAAAAOYZ1QAAAAAAGucrAAAAAAAAAAAALgAmABZSAAAAAAAAAAAAAAAAAAAAAAAAuNivTAAAAAQBAAACAAAAA/8AAAMAAAD8APHgCgAKHPYA+/0AAPv8AAD7/AAA/P0AAA4KAADu8wAA7PAAAP3+AAD8/gAA/f4AAPz9AAD8/QAA/f8AAPz9AAD2+gAA9vkAAPf5AAD2+QAA9voAAPb6AAD6+wAAAAAAAAAAAAAAAAAAAAAAAAAAAAAAAAAAAAAAAAAAAAAwBgoAxQAAAAAAAAAAAAAAAAAAAAAAAAAAAADfwaYArcvmAFM1GgAAAAAAAAAAABgdIgAAAAAAAAAAAOjj3gAAAAAAAAAAAAAAAAAAAAAArcvmAFM1GgAAAAAAGB0iAOjj3gDo494AAAAAAAAAAAAAAAAAAAAAAAAAAAAAAAAAAAAAAADw7AAAEBQAr9TeACYkI//i+v//CgIA/wAAAP4NAwH8+/8AAvv/APwEAQD7AAAAAwIBAAMAAAADEvPiuewMHlACAQAAAAAAA+F1zqgAAAAAAAAAAAAAAPwAAAD8/wAA/RLz4tjqDB4b+/8A/vz/AP4GAQD/5fsA/wsCAAAACAr/AgAAAAAAAAAAAAAAAAAAAAAAAAAAAAAAAAAAAAAAAAAAAAAAAAAAAAC9xgAAMSoAABIQAAAAAAAAAAAAAAAAAAAAAAAAAAAAAAAAAAASEAAAMSoAAL3GAAAAAAAAAAAAAAAAAAAAAAAAAAAAAAAAAAAA/wIAAAACAAD/AgD//wMAAAAAAAAAAAABAAAC/wAAAQAAAAIBAAAAAAAAAAAAAAAAAAAA6q4AALxt2gDSv9oAAAAAAAAAAAAuQSYAAAAAAAAAAAAuQSYAAAAAAAAAAADSv9oAvG3aAOquAAAAAAAAAAAAAAAAAAAAAAACAQAAAf8AAAL/AAABAAAAAQAAAAAA/v4AAPTiGQAHBQAABwUAAAcGAAAHBQAABwUAAAsIAAAAAQAA7/IAAOvuAADq7gAA6u8AAOrvAADq7gAA6u8AAPf5AAD3+gAA9voAAPf5AAD3+QAA9/oAAAAAAAAAAAAAAAAAAAAAAAAAAAAAAAAAAAAAAAAAAAAAKwEZAAAAAAAAAAAAAAAAAAAAAAAAAAAAAAAAAAAAAAAAAAAAAAAAAAAAAAAAAAAYHSIAAAAAAOjj3gDo494ArcvmAK3L5gAAAAAAAAAAAFM1GgAAAAAAAAAAAOjj3gDo494AGB0iAAAAAAAAAAAAAAAAAAAAAAAAAAAAAAAAAAAAAAAAAAAAAFgu/wAAAAAACAr/Kwj//woCAP8UBAH+FAQB/fv/AP76/gD9AAAA/AAAAPsAAAD8/v8A/AAAAPzsDB5FAAAA/AAAAPz+/wD8AAAAAAAAAAAfizJI/v8A+wAAAPwBAAD7AAAAAP7/AP3+AAD9CQIA/hQEAf78//8AKwj//wAAAAAEAAAAAAAAAAAAAAAAAAAAAL3GAAAxKgAAEhAAAAAAAAAAAAAAAAAAAAAAAAAAAAAAAAAAAAAAAAAAAAAAAAAAAAAAAAAAr6I5kQAAIABJREFUAAAAAAAAAAAAAAAAAAAAAAAAAAAAAAAAAAAAAAAAABIQAAAxKgAAvcYAAEE1AgD//wIAAAACAAD/AgAAAAAAAAAAAP8AAAEBAAAA/wAA//8AAAG42K9ZAQAAHBnnK4sAAAAAAAAAAAAAAAAAAAAALkEmAAAAAAAAAAAAAAAAAAAAAAAuQSYA0r/aAAAAAAAAAAAA0r/aAAAAAADmGdV7AAAA5QAAAAEAAAABAQAAAP8AAAAAAAAAAAAAAAAAAAAAAAAAAPXiNAAHGswA+/0AAPr8AAAH/AAACQYAAPX5AAAAAAAA8vYAAPz+AAD9/gAA/f0AAP39AAD9/gAA+PoAAPb5AAD2+QAA9vkAAPb5AAD7/AAAAAAAAAAAAAAAAAAAAAAAAAAAAAAAAAAAAAAAADIINAD5+QAAAAAAAAAAAAAAAAAAAAAAAAAAAK3L5gFTNRr/AAAAAFM1GgAYHSIAAAAAAAAAAADo494AAAAAAK3L5gAAAAAAUzUaAAAAAAAAAAAAIT9aAFMApgCty+YAUzUaAAAAAAAAAAAAGB0iAOjj3gAAAAAAAAAAAAAAAAAAAAAAAAAAAAAAAAAAAAAAAPDsAAAQFAAAAAAAFgQB/+D6//8MAgH/AAAA/gcCAP4EAQD9+/8A/gAAAP0CAQD9AAAA/QMBAP3/AAD9AAAAAuN2zq8AAAAAAAAAAAAAAPsCAQD6AAAA+v3/APvxDR4cAP4A/AcBAP73/gD+6/z//xkFAf+v1N0AAAgKAAA0gst9AgAAAAAAAAAAAAAAAAAAAAAAAAAAAAAAAAAAAAAAAAAAAAAAAAAAAAAAAAAAAAAAAAAAAAAAAAAAAAAAAAAAAAAAAAAAAAAAAAAAAAAAAAAAAAAAAAAAAAAAAAAAAAAAAAAAAAAAAAAAAAAAAAD/AQAAAAEAAP8BAAD/AQAAAAEAAAAAAAAAAAABAAD+AAAA/wAAAP8AAAD+AQAA/f8AAPfmGdWGAAAAAAAAAAAuQSYALkEmAAAAAAAAAAAAAAAAAAAAAAAAAAAAAAAAAC5BJgAuQSYAAAAAAAAAAADmGdWLAQAA9gD/AP4BAAD+AAAA/v8AAP8AAAD+AP8AAAAAAAAAAAAAAPf3AAD+/v8A9uFbAAcEAAAIBQAABwUAAAcFAAAPCgAAAAEAAAAAAAD29wAA6e4AAOrvAADp7wAA6u0AAPb5AAD3+QAA9/kAAPb6AAD3+QAAAAAAAAAAAAAAAAAAAAAAAAAAAAAAAAAAAAAAADIIWwAAAP8AAAAAAAAAAAAAAAAAAAAAAAAAAAAAAABTNRr/AAAAAAAAAAAAAAAA6OPeAAkiOAAJIjgAIT9aAK3L5gAAAAAAUzUaAAAAAAAYHSIAIT9aAN/BpgAAAAAAAAAAAAAAAAAAAAAA6OPeAOjj3gAAAAAAUzUa/wAAAAAAAAAAAAAAAAAAAAAAAAAAAAAAAAAAAAAAAAAAr9TeAPn/AAAAAAAA/gD/AAYCAP8EAQD/+/8A//z/AP8BAAD//v8A/wAAAP//AAD/AAAA/+F1zrIAAAAAAAAAAAAAAAAAAAD6/v8A+wEAAPsCAQD7AAAA/AsDAP35/wD+BgIA/woCAP8rCP//AAgK/wDw7AAEAAAAAAAAAAAAAAAAAAAAAAAAAAAAAAAAAAAAAAAAAAAAAAAAAAAAAAAAAAAAAAAAAAAAAAAAAAAAAAAAAAAAAAAAAAAAAAAAAAAAAAAAAAAAAAAAAAAAAAAAAAAAAAAAAAAAAAAAAAAAAAAAAAABAAD/AQAAAAEA/wABAAD/AQAAAAAAAAAAAP8AAP0BAAD+AQAA/gAAAP7/AAD9AAAA90goUXoAKAAAAAAAAAAAAAAAAAAAAAAAAPnoAAAAAAAAAAAAAPnoAAAHGAAAAAAAAAAAAAAuQSYAAAAAAC4AJnW52K9sAAEA/f8AAP0AAAD9AAAA/QAAAP8BAQD9AAAAAAAAAAAAAAAAAP39AQD+/gAA9+GKAAYbdgAIBgAA+/wAAPv9AAACAAAA/v8AAAABAAD5+wAA6u4AAPz9AAD+/QAAEQkAAPb5AAD3+gAA9vkAAP7/AAAAAAAAAAAAAAAAAAAAAAAAAAAAAAAAAAAyCIoAAAAAAAAAAQAJCQAA/PwAAAAAAAAAAAAAAAAAUzUa/wAAAAAAAAAAAAAAAAAAAAAhP1oA38GmAAAAAACty+YAAAAAAFM1GgAYHSIAAAAAAAAAAAAAAAAAAAAAAAAAAABTNRoArcvmAFM1GgAAAAAAAAAAAAAAAAAAAAAAUzUa/63L5gEAAAAAAAAAAAAAAAAAAAAAAAAAAAAAAABRLCIA3PkAAAAAAAAAAAAA+v4AAQECAAEFAQABAAAAAf8AAAH+AAABAgAAAAAAAAAAAAD+AAAAAAAAAAAAAAAAH4syPwAAAPoCAQD6AAAA+gEAAPz3/gD8CQIA/f7/AP3u/f/+GQUB/6/U3QAACAoAAFgu/wQAAAAAAAAAAAAAAAAAAAAAAAAAAAAAAAAAAAAAAAAAAAAAAAAAAAAAAAAAAAAAAAAAAAAAAAAAAAAAAAAAAAAAAAAAAAAAAAAAAAAAAAAAAAAAAAAAAAAAAAAAAAAAAAAAAAAAAAAAAAAAAAAAAP8AAAH/AAAA/wAAAAAAAAAAAAAAAAAAAAAAAQAA/v8AAPwBAAD8/wAA/AAAAPoA/wD6AAAAAAAAAAAAAAAAAAAAAAAAAAD56AAABxgAAADwAAAAAAAABxgAAPnoAAAHGAAAAAAAAAAAAAAAAAAAAAAAAAAAAPoAAAD7AAAA+wAAAPwAAAD9AAAA/P//AP0AAAAAAAAAAAAAAAAA/v7/AP7+AAAAAP8A/OS1AAcZSwD6BgAA+/0AAA8LAADv9AAAAAAAAAD/AAD8/QAA6+8AAP7+AAAHAwAA9/oAAPb5AAD4+gAAAAAAAAAAAAAAAAAAAAAAAAAAAAAAAAAAMgi1AP7+/wACAgAAAAD/APf3AAAFBQAAAAAAAAAAAAAAAAAAAAAAAAAAAAAAAAAAAAAAAAAAAIyMjAAAAAAAAAAAAFM1GgAAAAAAGB0iAAAAAADo494AIT9aAN/BpgAAAAAAAAAAAAAAAABTNRoAAAAAACE/WgAAAAAA38GmAAAAAAAAAAAAAAAAAAAAAAAAAAAAAAAAAAAAAAAAEBQAAAAAAAAAAADq/P8BHgYBAQAAAAH0/gAC+f4AAhH14ujuDR4iAAAAAwIAAAL+/wACAgEAAOF1zroAAAAAAAAAAB+LMkEAAAD7AAAA+gAAAPoCAAD7/QAA+/4A//0AAAH9EgQA/v78AP8rCP//2ggK/wDw7AAAAAAAAgEiAAEAAAAAAAAAAAAAAABDOgAAz9YAAO7wAAAAAAAAAAAAAAAAAAAAAAAAAAAAAAAAAAAAAAAAAAAAAAAAAAAAAAAAAAAAAAAAAAAAAAAAAAAAAAAAAAAAAAAAAAAAAAAAAADu8AAAz9YAAEI6AAAAAAAAAAAAAAEA/wDlt80xAAAAAAAAAAD/AAD7AAAA+wAAAPsAAAD6AQAA+kgpUaMAAAAAAAAAAAAAAAAAAAAA+egAAAcYAAAAAAAAAAAAAAAAAAAAAAAABxgAAPnoAAAAAAAAAAAAAAAAAAAAAAAARyhRmgD/APkBAAD6AQAA+gEAAPsBAAD7ZI9S/gAAAAAAAAAAAPn5AAD9/QAA///+AP///gD+/v4A/uXUAAcEAAAIBQAABwUAAAQDAAAAAAAAAAEAAAAAAAD/AAAA7PEAAPf5AAD2+QAA9vkAAAAAAAAAAAAAAAAAAAAAAAAAAAAAAAAAADII1AAAAP4AAgL+AP7+/gD+/gAAAwP/AAAAAAAAAAAAAAAAAAAAAAAAAAAAAAAAAAAAAAAAAACty+YAAAAAAFM1GgBrUjwAGB0iABgdIgAAAAAA6OPeAAAAAADfwaYAAAAAAAAAAACty+YArcvmAK3L5gCty+YA38GmAAAAAAAhP1oAAAAAAAAAAABTNRr/AAAAAAAAAAAAAAAAAKjSAQAAAABRJBgB3PkBAfb+AAHs/P8C7Pz/AwUBAAIGAgAD7g0eHvz/AAQAAAADAgEAAwIBAAHhdc6/AAAAAAAAAAAAAAAA/v8A+v7/APoAAAD6AAAA+vv/APv+/wD8FAQB/PX+//7i+v//DwMB/6/U3gAAAAAAAFgu/wAAAAACAAAAAAAAAAAAAAAAAAAAAAAAAAAAAAAAAAAAAAAAAAAAAAAAAAAAAEM6AADP1gAA7vAAAAAAAAAAAAAAAAAAAAAAAAAAAAAAAAAAAO7wAADP1gAAQzoAAAAAAAAAAAAAAAAAAAAAAAAAAAAAAQH/AAAB/gAAAf4AAAH+AAAAAP4AAAAAAAAAAGSOUvoAAAD6/wAA+QEAAPj/AAD4AAAAAAAAAAAAAAAAAAAAAPnoAAAHGAAAAAAAAAAAAAAAAAAAAAAAAAAAAAAAAAAABxgAAPnoAAAAAAAAAAAAAAAAAAAAAAAAAAEA+P8AAPn/AAD5/wAA+P//APoAAAAAAAAAAADs7AAAAgL/AP7+/gD+/v0A/v77AAAA+QAAAPgABOngAAcFAAAHBQAADgoAAAAAAAAA/wAAAAAAAAAAAAAAAAAA9vkAAPb5AAD6/AAAAAAAAAAAAAAAAAAAAAAAAAAAAAAyCOAAAAD3AAAA+AAAAPoAAAD8AAIC/QACAv8A/v4AAAAAAAAAAAAAAAAAAAAAAAAAAAAAAAAArcvmAFM1GgBrUjwAGB0iAOjj3gDo494A6OPeAOjj3gAAAAAArcvmACE/WgAhP1oAIT9aAFM1GgBrUjwAa1I8AAAAAACty+YAjIyMAAAAAAAhP1oAAAAAAAAAAAAAAAAAAAAAAAAAAAAAEBQAAPj2AdX4AQHg+v8CEwQBAgsCAQIEAQED/v8ABAMAAAQFAQAEBQEABAAAAAMAAAACAAAAAQAAAAAAAAAAAAAAACCLMjsCAQD6AwEA+f7/APoAAAD7AgEA/P4AAP33/gD+FAQB/goCAP8rCP//AAgK/wDw7AAAAAAAAAAAAAQAAAAAASIAAf/eAP8AAAAAAAAAAEM6AAC9xgAAMSoAABIQAAAAAAAAAAAAAAAAAAAAAAAAAAAAAAAAAAAAAAAAAAAAAAAAAAAAAAAAAAAAAAAAAAAAAAAAAAAAAAAAAADu8AAAz9YAAEM6AAAAAAAAAAD+AAEB/wDisdwhAAAADQAAAAAAAAAAAAAAAAAAAPgAAAD4//8ABwABAAYAAAAAAAAAAAAAAAD56AAABxgAAAAAAAAAAAAAAAAAAAAAAAAAAAAAAAAAAAAAAAAAAAAABxgAAPnoAAAHGAAAAAAAAAAAAAAAAAD2AAAA9wEAAPj/AAD5AQEA+QAAAAAAAAAAAAQE/wD8/P4ABAT7AP7++AD+/vQAAADwAAAA7QAAAAAABur1AAcTKwD6/QAADgkAAPL2AAAAAAAAAP8AAAAAAAD2+QAA9/kAAAAAAAAAAAAAAAAAAAAAAAAAAAAAMgjVAAAA9wD+/u4AAgLxAAAA9AACAvgAAAD8AAQE/gAAAP8AAAAAAAAAAAAAAAAAAAAAAAAAAAAAAABTNRoAAAAAAOjj3gAAAAAAAAAAAAAAAAAAAAAAAAAAAAAAAAAAAAAAjIyMAFM1GgAAAAAAAAAAAOjj3gAYHSIAa1I8AAAAAADo494A38GmACE/WgAAAAAAAAAAAAAAAAAAAAAAAAAAAAAAAABRLCIAxvX/AR4GAQH+AAAC+/8AAwQAAAP+AAAE/wAABf7/AAX/AAAEAQAAA/8AAALhdc7DAAAAAAAAAAAdijI7/wAA+gEAAPn/AAD6/gAA+vz+APsLAwD7AAAA/P4AAP3i+v//GQUB/6/c5/8AAAAAAFgu/wAAAAAAAAAABAAAAAAAAAAAASIAAf/eAP8AAAAAAAAAAAAAAAAAAAAAAAAAAAAAAAAAAAAAAAAAAAAAAAAAAAAAAAAAAAAAAAAAAAAAAAAAAAAAAAAAAAAAAAAAAAAAAAAAAAAAAAAAAAAAAAAAAAAAAAAAAAAAAAABAf4A4KzpFAAAAAsAAAD9AAAAAAAAAAAAAAAAZI5S+JxyrvcAAQAGSChR2AAAAAAAAAAA+egAAAcYAAAAAAAAAAAAAAAAAAD56AAAIDJSAAAAAAD53v8ABxgAAAAAAAAAAAAABxgAAPnoAAAHGAAAAAAAAEgoUcO42K8mAAAA9wAAAPhjjlL/AAAAAAAAAAAABwf/APf3/AD+/vkAAAD0AAIC7QD+/ucAAAAAAAAA8gAAAAgADO3hAPoPSgD8/AAAAAEAAAAAAAAAAAAAAAAAAPf6AAD8/gAAAAAAAAAAAAAAAAAAAAAAADIItgAAAP0AAAD4AAIC8AAAAOcA/v7tAAIC9AD+/vkAAAD9APX1/gAAAAAAAAAAAAAAAAAAAAAAAAAAAAAAAAAAAAAAAAAAAAAAABgdIgAAAAAAAAAAAAAAAAAAAAAA6OPeAFM1GgCty+YArcvmAAAAAAAAAAAAAAAAAADL5gBTNRoAGB0iABgdIgDo494A38GmAAAAAAAAAAAAAAAAAAAAAAAAAAAAUSQYAdz5AQH2/v8B7vwAAgAAAAMHAgAE+v4ABQQBAAUAAAAFAAAABQIBAAT/AAAD4XXOxgAAAAAAAAAAH4syOQAAAPwAAAD6/wAA+gAAAPkFAQD6EfTi6AAAAADoCx4J9P7//iAGAf7T4+f/AAAAAABIGv8AAAAAAAAAAAAAAAAEAAAAAAAAAAAAAAAAASIAAf/eAP8AAAAAQzoAAL3GAAAxKgAAEhAAAAAAAABDOgAAvcYAADEqAAASEAAAAAAAAAAAAAAAAAAA7vAAAM/WAABDOgAAAAAAAAAAAADu8AAAz9YAAEM6AAAAAAAAAAAAAN+n+AUAAAALAAAA/AAAAPwAAAAAAAAAAAAAAAAAAAAAAAAA9kgoUfAAAAAAAAAAAPnoAAAHGAAAAAAAAAAAAAAAAAAA+egAAN8iAQAxKgAAAAAAAM8AAQAh3v8ABxgAAAAAAAAAAAAABxgAAPnoAAAHGAAAAAAAAEgoUdq42K8OZI5S+AAAAAAAAAAAAAAAAADw8P4ABwf8AAAA+AAAAPAAAADoAAAAAAAAAPMAAAAMAAAABQAAAAMAEvHVAPwKdQAPCgAA8fUAAAAAAAAAAQAA9vkAAAAAAAAAAAAAAAAAAAAAAAAyCIsAAAD/AAAA/QAAAPoAAAD0AAAA7QACAugA/v7wAP7+9wAEBPsABAT/AAAAAAAAAAAAAAAArcvmAVM1Gv8AAAAAAAAAAAAAAAAYHSIA6OPeAK3L5gAAAAAAAAAAAAAAAAAAAAAAUzUaAGtSPAAAAAAAAAAAAOjj3gAAAAAArcvmAAAAAADo494AAAAAAAAAAAAAAAAAAAAAAAAAAAAAAAAAAAAAAAAAAADV+AEB8f3/ARMEAQICAAAC+f8AA/8AAAQJAgAE/gAABfv/AAUCAAAEAAAAA+F1zskAAAAAAAAAAB2KMjj+/wD8AgEA+gAAAPoAAAD5/v8A+vz/APsAAAAA8Q0eCxICAP7+/AD/JAf//9MAAP8AAAAAAAAAAAAAAAAAAAAAAAAAAAQAAAAAAAAAAAAAAAAAAAAAASIAAf/eAP8AAAAAAAAAAAAAAAAAAAAAAAAAAAAAAAAAAAAAAAAAAAAAAAAAAAAAAAAAAAAAAAAAAAAAAAAAAAAAAAAAAAAAAAAAAAAAAAAAAAAAAAAAAAAAAAABIgABAAABAN2C//0AAAD9AAAA/AAAAAAAAAAAAAAAAAAAAABkjlL75Jr/AAAAAAAAAAAABxgAAAAAAAAAAAAAAAAAAAAAAADfIgEAMSoAABIQAAAAAAAAMSoAAM8AAQAo9v8AAAAAAAAAAAAAAAAABxgAAAAAAAAAAAAAAAAAAAEAAPQAAAAAAAAAAAAAAAAAAAAAABcX/gDy8vsA/Pz2AAAA7wAAAAAAAgL3AAAA6wAAAAgA/v4EAAICAQAAAAAAFvZcAPsHpADzAQAA/v8AAAAAAAD//wAAAAAAAAAAAAAAAAAAMghcAAAAAAAAAP8A/v7+AAAA/AACAvkAAADzAP7+8AAAAO8ABAT2AAAA/AAXF/4AAAAAAAAAAAAAAAAAAAAArcvmAVM1Gv8AAAAAAAAAAOjj3gAAAAAAUzUaAAAAAAAhP1oAAAAAAAAAAACMjIwAAMvmAFM1GgAYHSIAGB0iAAAAAABrHSIA6OPeAAAAAAAAAAAAAAAAAAAAAAAAAAAAAAAAAAAAAAAAAAAAAAAAAAcBAAAfBgEB2/n/AiD24/UAAAAA7AweGgABAAQBAAAEBAEABP7/AAPhdc7LAAAAAAAAAAAfizI2/v8A/QIBAPsAAAD6EvPi2OoMHhsHAQD7/gAA/PENHgv+AAD98P0A/g8DAf+v1N0AAAgKAABIGv8AAAAAAAAAAAAAAAAAAAAABAAAAAAAAAAAAAAAAAAAAAAAAAAAASIAAf/eAP9DOgAAvcYAAEM6AAAAAAAAAAAAAAAAAAAAAAAAAAAAAAAAAAAAAAAAAAAAAAAAAAAAAAAAAAAAAAAAAADu8AAAz9YAAEM6AAAAAAAAASIAAQAAAAAAAAAAAAAA+wAAAPsAAAD7AAAAAAAAAAAAAAAAAAAAAOSa//8AAAAAAAAAAAAAAAAAAAAAAAAAAAAAAAAbRAEAvcYAADEqAAASEAAAAAAAAAAAAAASEAAAMSoAAM/WAQBDOgAA5bz/AAAAAAAAAAAAAAAAAAAAAAAAAAAARyhR/gAAAAEAAAAAAAAAAAAAAAAAycn/ACAg/QAAAPgABQUAAAAA+wACAvMA/v4HAP7+BQACAgIAAAABAAAAAAAAAAAAG/k0APoLzADv9AAAAAAAAAAAAAAAAAAAAAAAADIINAAAAAAAAAAAAAAAAAAAAP8AAAD+AAAA+wD+/vkA/v73AAQE9gD5+fkACwv8AMnJ/wAAAAAAAAAAAAAAAAAAAAAAAAAArcvmAQAAAAAAAAAAAAAAAAAAAAAAAAAAUzUa/9/BpgAAAAAAIT9aAFM1GgCty+YArcvmAADL5gBTNRoAAAAAAAAAAAAAAAAAAAAAAAAAAAAAAAAAAAAAAAAAAACty+YBAAAAAAAAAAAAAAAA6vz/AQgCAQIKAgEC6gweEAQBAAYDAAAHAAAABP8AAAQAAAAD43bOzQAAAAAAAAAAH4syNgAAAPwAAAD7AQAA+v8AAPoAAAAABwEA+vn/APsEAQD8/gAA/e38//4ZBQH/2tzd/wAICv8A8OwAAAAAAAAAAAAAAAAAAAAAAAAAAAABAAAAAAAAAAAAAAAAAAAAAAAAAAAAAAAAAAAAAAAAAAC8pAD/QzoAAAAAAAAAAAAAAAAAAL3GAAAxKgAAEhAAAAAAAADu8AAAz9YAAEM6AAAAAAAAAAAAAO7wAADP1gAARFwAAQAAAAAAAAAAAAAAAAAAAADdgv8CAAAADAAAAAojfgHoAAAAAAAAAAAAAAAAAAAAAAAAAAAAAAAAnHKuByAyUvgxKgAAEhAAAAAAAAAAAAAAvcYAADEqAAASEAAAAAAAAO7wAADP1gAAQzoAAAAAAAAAAAAA7vAAAM/WAADgzq4NAQAA9WOOUv8AAAAAAAAAAAAAAAAAAAAAAAAAAP89PQEACQkBACAgAwAJCQMA/v4FAAAABAACAgMA/PwCAPv7AgAJCQAAAAAAAAAAAAAAAAAAAAAAANT75wD4+wAAAAAAAAAAAAA0ChkAAAAAAAAAAAAAAAAAAAAAAPr6/wACAv8ABAT+AP7+/QACAvsAAAD8AAIC/ADV1f4A9/f/AcPD/wAAAAAAAAAAAAAAAAAAAAAAAAAAAAAAAAAAAAAAAAAAAAAAAAAAAAAAAAAAAAAAAFM1Gv8AAAAAAAAAAAAAAAAAAAAAAAAAAAAAAAAAAAAAAAAAAAAAAAAAAAAAAAAAAAAAAACty+YBAAAAAAAAAAAAAAAAAAAAAAAAAAANz/4FCgIAAwIAAQQEAQAGAwEABv8AAAgAAAAHAAAABuF1ztIAAAAAAAAAAB+LMjUAAAD9/v8A+wMBAPr/AAD6/P8A+gcBAPr5/wD7BAEA/Pj+//32/gD9IAYB/iQH//+v3Oj/APDsAABYLv8AAAAAAAAAAAAAAAAAAAAAAAAAAAQAAAAAAAAAAAAAAAAAAAAAAAAAAAAAAAAAAAAAAAAAAERcAAEAAAAAAAAAAAAAAAD/3gD/AAAAAAAAAAAAAAAAAAAAAAAAAAAAAAAAAAAAAAEiAAEAAAAAAAAAAAAAAAAAAAAAAAAAAAAAAAAAAAAAAAAAACN+Af7dgv/7AAAA+gAAAAAAAAAAAAAAAAAAAAAAAAAAAAAAAAAAAABkjlL5nXKuBODOAAkBAAAI/wAABmNsUuUAAAAAAAAAAAAAAAAAAAAAAAAAAAAAAAAAAAAAnZSuHgH/APn/AQD5AAAA+GSOUvkAAAAAAAAAAAAAAAAAAAAAAAAAAAAAAAAAAAAAAcPD//89PQAA4OD9ADc3/gDp6f0A9/cCABISAQD+/gEABQUAAPz8AAAAAAAAAAAAAAAAAAAAAAAAKAEKAND/9gAAAQAAMAYKAPz8AAAAAAAAAAAAAAAAAAAAAAAAAgIAAP7+AAAAAP8A8PD/AAkJ/gAXF/4Aycn/APf3/wHDw/8AAAAAAAAAAAAAAAAAAAAAAAAAAAAAAAAAAAAAAAAAAAAAAAAAAAAAAAAAAAAAAAAAAAAArcvmAQAAAAAAAAAAAAAAAAAAAAAAAAAAAAAAAAAAAAAAAAAAAAAAAAAAAAAAAAAAAAAAAAAAAAAAAAAAAAAAAAAAAAAAAAAAAAAAAB4GAQH+AAAB9v4AAgMAAAIAAAAD/QAAAwAAAAPhdc7SAAAAAB2KMjcCAQD//v8A/gIBAPxLqO2sAAAgAElEQVQCAQD7/f8A+/4AAPoEAQD79f7//AgCAfz4/v/99v4A/SAGAf4kB///r9zo/wAAAAAAWC7/AAAAAAAAAAAAAAAAAAAAAAAAAAAAAAAAAQAAAAAAAAAAAAAAAAAAAAAAAAAAAAAAAAAAAAAAAAAAAAAAACn///8AAAAAAAAAAAAAAAAAAAAAAAAAAAAAAAAAAAAAAAAAAAAAAAAAAAAAAAAAAAAAAAAAAAAA1wEBAQAAAAAAAAAAAAAAAAAAAAAAAAAAAAAAAAAAAAAAAAAAAAAAAAAAAAAAAAAAAAAAAAAAAAAAAAAAAAAAAAAAAAAAAAAAAAAAAAAAAAAAAAAAAAAAAAAAAAAAAAAAAAAAAAAAAAAAAAAAAAAAAAAAAAAAAAAAAAAAAAAAAAAAAAAAAAAAAAAAAAAAAAAAAAAAAAAAAAAAAAAAAAAAAAAAAAAAAAAAAAAAAAAAAAAAAAAAAAAAAAAAAAAAAAAAAAAAAAAAAAAAAAAAAAAAAAAAAAAAAAAAAAAAAAAAAAAAAAAAAAAAAAAAAAAAAAAAAAAAAAAAAAAAAAAAAAAAAAAAAAAAAAAAAAAAAAAAAAAAAAAAAAAAAAAAAAAAAAAAAAAAAAAAAAAAAAAAAAAAAAAAAAAAAAAAAAAAAAAAAAAAAAAAAAAAAAAAAAAAAAAAAAAAAAAAAAAAAAAAAAAAAAAAAAAAAAAAAAAAAAAAAAAAAAAAAAAAAAAAAAAAAAAAAAAAAAAAAAAAAAAAAAAAAAAAAAAAAAAAAAAAAAAAAAAAAAAAAAAAAAAAAAAAAAAAAAAAAAAAAAAAAAAAAAAAAAAAAAAAAAAAAAAAAAAAAAAAAAAAAAAAAAAAAAAAAAAAAAAAAAAAAAAAAAAAAAAAAAAAAAAAAAAAAAAAAAAAAAAAAAAAAAAAAAAAAAAAAAAAAAAAAAAAAAAAAAAAAAAAAAAAAAAEAAAAAAAAAAAAAAAAAAAAAAAAAAAp////AAAAAAAAAAAAAAAA1/HxAAAAAAAAAAAAAAAAAAAAAAAAAAAAAAAAAAAAAAAAAAAAAAAAAAAAAAAAAAAAAAAAAAAAAAAp////AAAAAAAAAAAAAAAA1wEBAQAAAAAAAAAAAAAAAAAAAAAAAAAAAAAAAAAAAAAAAAAAAAAAAAAAAAAAAAAAAAAAAAAAAAAAAAAAAAAAAAAAAAAAAAAAAAAAAAAAAAAAAAAAAAAAAAAAAAAAAAAAAAAAAAAAAAAAAAAAAAAAAAAAAAAAAAAAAAAAAAAAAAAAAAAAAAAAAAAAAAAAAAAAAAAAAAAAAAAAAAAAAAAAAAAAAAAAAAAAAAAAAAAAAAAAAAAAAAAAAAAAAAAAAAAAAAAAAAAAAAAAAAAAAAAAAAAAAAAAAAAAAAAAAAAAAAAAAAAAAAAAAAAAAAAAAAAAAAAAAAAAAAAAAAAAAAAAAAAAAAAAAAAAAAAAAAAAAAAAAAAAAAAAAAAAAAAAAAAAAAAAAAAAAAAAAAAAAAAAAAAAAAAAAAAAAAAAAAAAAAAAAAAAAAAAAAAAAAAAAAAAAAAAAAAAAAAAAAAAAAAAAAAAAAAAAAAAAAAAAAAAAAAAAAAAAAAAAAAAAAAAAAAAAAAAAAAAAAAAAAAAAAAAAAAAAAAAAAAAAAAAAAAAAAAAAAAAAAAAAAAAAAAAAAAAAAAAAAAAAAAAAAAAAAAAAAAAAAAAAAAAAAAAAAAAAAAAAAAAAAAAAAAAAAAAAAAAAAAAAAAAAAAAAAAAAAAAAAAAAAAAAAAAAAAAAAAAAAAAAAAAAAAAAAAAAAAAAAAAAAAAAAEAAAAAAAAAACn///8AAAAAAAAAANfx8QAAAAAAAAAAAAAAAAAAAAAAAAAAAAAAAAAAAAAAAAAAAAAAAAAAAAAAAAAAAAAAAAAAAAAAAAAAAAAAAAAAAAAAAAAAAAAAAAAAAAAAAAAAAAAAAAApDw8AAAAAAAAAAADXAQEBAAAAAAAAAAAAAAAAAAAAAAAAAAAAAAAAAAAAAAAAAAAAAAAAAAAAAAAAAAAAAAAAAAAAAAAAAAAAAAAAAAAAAAAAAAAAAAAAAAAAAAAAAAAAAAAAAAAAAAAAAAAAAAAAAAAAAAAAAAAAAAAAAAAAAAAAAAAAAAAAAAAAAAAAAAAAAAAAAAAAAAAAAAAAAAAAAAAAAAAAAAAAAAAAAAAAAAAAAAAAAAAAAAAAAAAAAAAAAAAAAAAAAAAAAAAAAAAAAAAAAAAAAAAAAAAAAAAAAAAAAAAAAAAAAAAAAAAAAAAAAAAAAAAAAAAAAAAAAAAAAAAAAAAAAAAAAAAAAAAAAAAAAAAAAAAAAAAAAAAAAAAAAAAAAAAAAAAAAAAAAAAAAAAAAAAAAAAAAAAAAAAAAAAAAAAAAAAAAAAAAAAAAAAAAAAAAAAAAAAAAAAAAAAAAAAAAAAAAAAAAAAAAAAAAAAAAAAAAAAAAAAAAAAAAAAAAAAAAAAAAAAAAAAAAAAAAAAAAAAAAAAAAAAAAAAAAAAAAAAAAAAAAAAAAAAAAAAAAAAAAAAAAAAAAAAAAAAAAAAAAAAAAAAAAAAAAAAAAAAAAAAAAAAAAAAAAAAAAAAAAAAAAAAAAAAAAAAAAAAAAAAAAAAAAAAAAAAAAAAAAAAAAAAAAAAAAAAAAAAAAAAAAAAAAQAAAAAp////1/HxAAAAAAAAAAAAAAAAAAAAAAAAAAAAAAAAAAAAAAAAAAAAAAAAAAAAAAAAAAAAAAAAAAAAAAAAAAAAAAAAAAAAAAAAAAAAAAAAAAAAAAAAAAAAAAAAAAAAAAAAAAAAAAAAAAAAAAAAAAAAAAAAACkPDwDXAQEBAAAAAAAAAAAAAAAAAAAAAAAAAAAAAAAAAAAAAAAAAAAAAAAAAAAAAAAAAAAAAAAAAAAAAAAAAAAAAAAAAAAAAAAAAAAAAAAAAAAAAAAAAAAAAAAAAAAAAAAAAAAAAAAAAAAAAAAAAAAAAAAAAAAAAAAAAAAAAAAAAAAAAAAAAAAAAAAAAAAAAAAAAAAAAAAAAAAAAAAAAAAAAAAAAAAAAAAAAAAAAAAAAAAAAAAAAAAAAAAAAAAAAAAAAAAAAAAAAAAAAAAAAAAAAAAAAAAAAAAAAAAAAAAAAAAAAAAAAAAAAAAAAAAAAAAAAAAAAAAAAAAAAAAAAAAAAAAAAAAAAAAAAAAAAAAAAAAAAAAAAAAAAAAAAAAAAAAAAAAAAAAAAAAAAAAAAAAAAAAAAAAAAAAAAAAAAAAAAAAAAAAAAAAAAAAAAAAAAAAAAAAAAAAAAAAAAAAAAAAAAAAAAAAAAAAAAAAAAAAAAAAAAAAAAAAAAAAAAAAAAAAAAAAAAAAAAAAAAAAAAAAAAAAAAAAAAAAAAAAAAAAAAAAAAAAAAAAAAAAAAAAAAAAAAAAAAAAAAAAAAAAAAAAAAAAAAAAAAAAAAAAAAAAAAAAAAAAAAAAAAAAAAAAAAAAAAAAAAAAAAAAAAAAAAAAAAAAAAAAAAAAAAAAAAAAAAAAAAAAAAAABKf///9fx8QAAAAAAAAAAAAAAAAAAAAAAAAAAAAAAAAAAAAAAAAAAAAAAAAAAAAAAAAAAAAAAAAAA/v4AAP7+AAAAAAAAAgIAAAAAAAACAgAAAAAAAAAAAAAAAAAAAAAAAAAAAAAAAAAAAAAAAAAAAAAAAAAAAAAAAAAAACkPDwDXAQEBAAAAAAAAAAAAAAAAAAAAAAAAAAAAAAAAAAAAAAAAAAAAAAAAAAAAAAAAAAAAAAAAAAAAAAAAAAAAAAAAAAAAAAAAAAAAAAAAAAAAAAAAAAAAAAAAAAAAAAAAAAAAAAAAAAAAAAAAAAAAAAAAAAAAAAAAAAAAAAAAAAAAAAAAAAAAAAAAAAAAAAAAAAAAAAAAAAAAAAAAAAAAAAAAAAAAAAAAAAAAAAAAAAAAAAAAAAAAAAAAAAAAAAAAAAAAAAAAAAAAAAAAAAAAAAAAAAAAAAAAAAAAAAAAAAAAAAAAAAAAAAAAAAAAAAAAAAAAAAAAAAAAAAAAAAAAAAAAAAAAAAAAAAAAAAAAAAAAAAAAAAAAAAAAAAAAAAAAAAAAAAAAAAAAAAAAAAAAAAAAAAAAAAAAAAAAAAAAAAAAAAAAAAAAAAAAAAAAAAAAAAAAAAAAAAAAAAAAAAAAAAAAAAAAAAAAAAAAAAAAAAAAAAAAAAAAAAAAAAAAAAAAAAAAAAAAAAAAAAAAAAAAAAAAAAAAAAAAAAAAAAAAAAAAAAAAAAAAAAAAAAAAAAAAAAAAAAAAAAAAAAAAAAAAAAAAAAAAAAAAAAAAAAAAAAAAAAAAAAAAAAAAAAAAAAAAAAAAAAAAAAAAAAAAAAAAAAAAAAAAAAAAAAAAAAAAAAAAAAQAAAAAAAAAAAAAAAAAAAAAAAAAAAAAAAAAAAAAAAAAAAAAAAAAAAAAAP7+AAD8/AAA/PwAAP7+AAAAAAAA/v4AAAICAAAAAAAAAAAAAAICAAAEBAAABAQAAAICAAAAAAAAAAAAAAAAAAAAAAAAAAAAAAAAAAAAAAAAAAAAAAAAAAAAAAAAAAAAAAAAAAAAAAAAAAAAAAAAAAAAAAAAAAAAAAAAAAAAAAAAAAAAAAAAAAAAAAAAAAAAAAAAAAAAAAAAAAAAAAAAAAAAAAAAAAAAAAAAAAAAAAAAAAAAAAAAAAAAAAAAAAAAAAAAAAAAAAAAAAAAAAAAAAAAAAAAAAAAAAAAAAAAAAAAAAAAAAAAAAAAAAAAAAAAAAAAAAAAAAAAAAAAAAAAAAAAAAAAAAAAAAAAAAAAAAAAAAAAAAAAAAAAAAAAAAAAAAAAAAAAAAAAAAAAAAAAAAAAAAAAAAAAAAAAAAAAAAAAAAAAAAAAAAAAAAAAAAAAAAAAAAAAAAAAAAAAAAAAAAAAAAAAAAAAAAAAAAAAAAAAAAAAAAAAAAAAAAAAAAAAAAAAAAAAAAAAAAAAAAAAAAAAAAAAAAAAAAAAAAAAAAAAAAAAAAAAAAAAAAAAAAAAAAAAAAAAAAAAAAAAAAAAAAAAAAAAAAAAAAAAAAAAAAAAAAAAAAAAAAAAAAAAAAAAAAAAAAAAAAAAAAAAAAAAAAAAAAAAAAAAAAAAAAAAAAAAAAAAAAAAAAAAAAAAAAAAAAAAAAAAAAAAAAAAAAAAAAAAAAAAAAAAAAAAAAAAAAAAAAAAAAAAAAAAAAAAAAAAAAAAAAAAAAAAAAAAAAAAAAAAAAAAAAAABAAAAAAAAAAAAAAAAAAAAAAAAAAAAAAAAAAAAAAAAAAAAP7+AAD6+gAA/PwAAPz8AAD+/gAA/PwAAAAAAAAAAAAAAAAAAAAAAAAAAAAABAQAAAICAAAEBAAABAQAAAYGAAACAgAAAAAAAAAAAAAAAAAAAAAAAAAAAAAAAAAAAAAAAAAAAAAAAAAAAAAAAAAAAAAAAAAAAAAAAAAAAAAAAAAAAAAAAAAAAAAAAAAAAAAAAAAAAAAAAAAAAAAAAAAAAAAAAAAAAAAAAAAAAAAAAAAAAAAAAAAAAAAAAAAAAAAAAAAAAAAAAAAAAAAAAAAAAAAAAAAAAAAAAAAAAAAAAAAAAAAAAAAAAAAAAAAAAAAAAAAAAAAAAAAAAAAAAAAAAAAAAAAAAAAAAAAAAAAAAAAAAAAAAAAAAAAAAAAAAAAAAAAAAAAAAAAAAAAAAAAAAAAAAAAAAAAAAAAAAAAAAAAAAAAAAAAAAAAAAAAAAAAAAAAAAAAAAAAAAAAAAAAAAAAAAAAAAAAAAAAAAAAAAAAAAAAAAAAAAAAAAAAAAAAAAAAAAAAAAAAAAAAAAAAAAAAAAAAAAAAAAAAAAAAAAAAAAAAAAAAAAAAAAAAAAAAAAAAAAAAAAAAAAAAAAAAAAAAAAAAAAAAAAAAAAAAAAAAAAAAAAAAAAAAAAAAAAAAAAAAAAAAAAAAAAAAAAAAAAAAAAAAAAAAAAAAAAAAAAAAAAAAAAAAAAAAAAAAAAAAAAAAAAAAAAAAAAAAAAAAAAAAAAAAAAAAAAAAAAAAAAAAAAAAAAAAAAAAAAAAAAAAAAAAAAAAAAAAAAAAAAAAAAAAAAAAAAAAAAAAAAAAAAAAESAAAAAAPDwDX8fEAAAAAAAAAAAAAAAAAAAAAAAD6+gAA+voAAPz8AAD6+gAA/v4AAP7+AAD8/AAA/v4AAP7+AAAAAAAAAgIAAAICAAAEBAAAAgIAAAICAAAGBgAA/PwAAAYGAAAGBgAAAAAAAAAAAAAAAAAAAAAAKQ8PAB0AAADXAAAAAAAAAAAAAAAAAAAAAAAAAAAAAAAAAAAAAAAAAAAAAAAAAAAAAAAAAAAAAAAAAAAAAAAAAAAAAAAAAAAAAAAAAAAAAAAAAAAAAAAAAAAAAAAAAAAAAAAAAAAAAAAAAAAAAAAAAAAAAAAAAAAAAAAAAAAAAAAAAAAAAAAAAAAAAAAAAAAAAAAAAAAAAAAAAAAAAAAAAAAAAAAAAAAAAAAAAAAAAAAAAAAAAAAAAAAAAAAAAAAAAAAAAAAAAAAAAAAAAAAAAAAAAAAAAAAAAAAAAAAAAAAAAAAAAAAAAAAAAAAAAAAAAAAAAAAAAAAAAAAAAAAAAAAAAAAAAAAAAAAAAAAAAAAAAAAAAAAAAAAAAAAAAAAAAAAAAAAAAAAAAAAAAAAAAAAAAAAAAAAAAAAAAAAAAAAAAAAAAAAAAAAAAAAAAAAAAAAAAAAAAAAAAAAAAAAAAAAAAAAAAAAAAAAAAAAAAAAAAAAAAAAAAAAAAAAAAAAAAAAAAAAAAAAAAAAAAAAAAAAAAAAAAAAAAAAAAAAAAAAAAAAAAAAAAAAAAAAAAAAAAAAAAAAAAAAAAAAAAAAAAAAAAAAAAAAAAAAAAAAAAAAAAAAAAAAAAAAAAAAAAAAAAAAAAAAAAAAAAAAAAAAAAAAAAAAAAAAAAAAAAAAAAAAAAAAAAAAAAAQAAAAASAAAAAAPDwAAAAAAAAAAANfx8QAA+PgAAPz8AAD6+gAA+voAAPz8AAD6+gAA/PwAAAAAAAD+/gAA/PwAAAAAAAAEBAAAAgIAAAAAAAAEBAAABgYAAAAAAAD+/gAAAAAAAAAAAAAGBgApDw8AAAAAAAAAAAAdAAAACf//AAAAAAAAAAAAAAAAAAAAAAAAAAAAAAAAAAAAAAAAAAAAAAAAAAAAAAAAAAAAAAAAAAAAAAAAAAAAAAAAAAAAAAAAAAAAAAAAAAAAAAAAAAAAAAAAAAAAAAAAAAAAAAAAAAAAAAAAAAAAAAAAAAAAAAAAAAAAAAAAAAAAAAAAAAAAAAAAAAAAAAAAAAAAAAAAAAAAAAAAAAAAAAAAAAAAAAAAAAAAAAAAAAAAAAAAAAAAAAAAAAAAAAAAAAAAAAAAAAAAAAAAAAAAAAAAAAAAAAAAAAAAAAAAAAAAAAAAAAAAAAAAAAAAAAAAAAAAAAAAAAAAAAAAAAAAAAAAAAAAAAAAAAAAAAAAAAAAAAAAAAAAAAAAAAAAAAAAAAAAAAAAAAAAAAAAAAAAAAAAAAAAAAAAAAAAAAAAAAAAAAAAAAAAAAAAAAAAAAAAAAAAAAAAAAAAAAAAAAAAAAAAAAAAAAAAAAAAAAAAAAAAAAAAAAAAAAAAAAAAAAAAAAAAAAAAAAAAAAAAAAAAAAAAAAAAAAAAAAAAAAAAAAAAAAAAAAAAAAAAAAAAAAAAAAAAAAAAAAAAAAAAAAAAAAAAAAAAAAAAAAAAAAAAAAAAAAAAAAAAAAAAAAAAAAAAAAAAAAAAAAAAAAAAAAAAAAAAAAAAAAAAAAAAAAAAAAAAAAAAAAAABAAAAAAAAAAASAAAAAAAAAAAAAAAAA8PAAAPDwAAAAAAAAAAANfPzwAA/PwAAPr6AAAAAAAA/PwAAP7+AAD+/gAAAAAAAAICAAACAgAABAQAAPr6AAD8/AAA+voAKTExAAAAAAAAAAAAAAAAAB0AAAAAAAAAAAAAAAn//wAAAAAAAAAAAAAAAAAAAAAAAAAAAAAAAAAAAAAAAAAAAAAAAAAAAAAAAAAAAAAAAAAAAAAAAAAAAAAAAAAAAAAAAAAAAAAAAAAAAAAAAAAAAAAAAAAAAAAAAAAAAAAAAAAAAAAAAAAAAAAAAAAAAAAAAAAAAAAAAAAAAAAAAAAAAAAAAAAAAAAAAAAAAAAAAAAAAAAAAAAAAAAAAAAAAAAAAAAAAAAAAAAAAAAAAAAAAAAAAAAAAAAAAAAAAAAAAAAAAAAAAAAAAAAAAAAAAAAAAAAAAAAAAAAAAAAAAAAAAAAAAAAAAAAAAAAAAAAAAAAAAAAAAAAAAAAAAAAAAAAAAAAAAAAAAAAAAAAAAAAAAAAAAAAAAAAAAAAAAAAAAAAAAAAAAAAAAAAAAAAAAAAAAAAAAAAAAAAAAAAAAAAAAAAAAAAAAAAAAAAAAAAAAAAAAAAAAAAAAAAAAAAAAAAAAAAAAAAAAAAAAAAAAAAAAAAAAAAAAAAAAAAAAAAAAAAAAAAAAAAAAAAAAAAAAAAAAAAAAAAAAAAAAAAAAAAAAAAAAAAAAAAAAAAAAAAAAAAAAAAAAAAAAAAAAAAAAAAAAAAAAAAAAAAAAAAAAAAAAAAAAAAAAAAAAAAAAAAAAAAAAAAAAAAAAAAAAAAAAAAAAAAAAAAAAAAAAAAAAAAAAAAAAAAEAAAAAAAAAAAAAAAAAAAAAAAAAABEAAAA/AAAAPsAAAAAAAAAADExAAAAAAAAAAAAAAAAAAAAAAAAAAAAAAAAAAAAAAAAAAAAAAAAAAAAAAAAAAAAAAAAAAAAAAAdAAAAAAAAAAAAAAAAAAAACf//AAAAAAAAAAAAAAAAAAAAAAAAAAAAAAAAAAAAAAAAAAAAAAAAAAAAAAAAAAAAAAAAAAAAAAAAAAAAAAAAAAAAAAAAAAAAAAAAAAAAAAAAAAAAAAAAAAAAAAAAAAAAAAAAAAAAAAAAAAAAAAAAAAAAAAAAAAAAAAAAAAAAAAAAAAAAAAAAAAAAAAAAAAAAAAAAAAAAAAAAAAAAAAAAAAAAAAAAAAAAAAAAAAAAAAAAAAAAAAAAAAAAAAAAAAAAAAAAAAAAAAAAAAAAAAAAAAAAAAAAAAAAAAAAAAAAAAAAAAAAAAAAAAAAAAAAAAAAAAAAAAAAAAAAAAAAAAAAAAAAAAAAAAAAAAAAAAAAAAAAAAAAAAAAAAAAAAAAAAAAAAAAAAAAAAAAAAAAAAAAAAAAAAAAAAAAAAAAAAAAAAAAAAAAAAAAAAAAAAAAAAAAAAAAAAAAAAAAAAAAAAAAAAAAAAAAAAAAAAAAAAAAAAAAAAAAAAAAAAAAAAAAAAAAAAAAAAAAAAAAAAAAAAAAAAAAAAAAAAAAAAAAAAAAAAAAAAAAAAAAAAAAAAAAAAAAAAAAAAAAAAAAAAAAAAAAAAAAAAAAAAAAAAAAAAAAAAAAAAAAAAAAAAAAAAAAAAAAAAAAAAAAAAAAAAAAAAAAAAAAAAAAAAAAAAAAAAAAAAAAAAAAAAAAAAAAAAAAAAAAAAAAAAQAAAAAAAAAAAAAAAAAAAAAAAAAAAAAAAAEAAAAAAAAAPsAAAA4AAAA/AAAAP4AAAD+AAAA/P//APwAAAD+AAAA/gAAAPwAAAD9AQEAAAAAAAAAAAAAAAAAAAAAAAn//wAAAAAAAAAAAAAAAAAAAAAAAAAAAAAAAAAAAAAAAAAAAAAAAAAAAAAAAAAAAAAAAAAAAAAAAAAAAAAAAAAAAAAAAAAAAAAAAAAAAAAAAAAAAAAAAAAAAAAAAAAAAAAAAAAAAAAAAAAAAAAAAAAAAAAAAAAAAAAAAAAAAAAAAAAAAAAAAAAAAAAAAAAAAAAAAAAAAAAAAAAAAAAAAAAAAAAAAAAAAAAAAAAAAAAAAAAAAAAAAAAAAAAAAAAAAAAAAAAAAAAAAAAAAAAAAAAAAAAAAAAAAAAAAAAAAAAAAAAAAAAAAAAAAAAAAAAAAAAAAAAAAAAAAAAAAAAAAAAAAAAAAAAAAAAAAAAAAAAAAAAAAAAAAAAAAAAAAAAAAAAAAAAAAAAAAAAAAAAAAAAAAAAAAAAAAAAAAAAAAAAAAAAAAAAAAAAAAAAAAAAAAAAAAAAAAAAAAAAAAAAAAAAAAAAAAAAAAAAAAAAAAAAAAAAAAAAAAAAAAAAAAAAAAAAAAAAAAAAAAAAAAAAAAAAAAAAAAAAAAAAAAAAAAAAAAAAAAAAAAAAAAAAAAAAAAAAAAAAAAAAAAAAAAAAAAAAAAAAAAAAAAAAAAAAAAAAAAAAAAAAAAAAAAAAAAAAAAAAAAAAAAAAAAAAAAAAAAAAAAAAAAAAAAAAAAAAAAAAAAAAAAAAAAAAAAAAAAAAAAAAAAAAAAAAAAAAAAAAAAAAAAAAABAAAAAAAAAAAAAAAAAAAAAAAAAAAAAAAAAAAAAAAAAAAAAAAAAMAAAAAAAAAAAAAAP4AAAACAQEABgAAAPz//wD+AAAA/gAAAPz//wAAAAAAAAAAAAAAAAAAAAAAAAAAAAAAAAAAAAAAAAAAAAAAAAAAAAAAAAAAAAAAAAAAAAAAAAAAAAAAAAAAAAAAAAAAAAAAAAAAAAAAAAAAAAAAAAAAAAAAAAAAAAAAAAAAAAAAAAAAAAAAAAAAAAAAAAAAAAAAAAAAAAAAAAAAAAAAAAAAAAAAAAAAAAAAAAAAAAAAAAAAAAAAAAAAAAAAAAAAAAAAAAAAAAAAAAAAAAAAAAAAAAAAAAAAAAAAAAAAAAAAAAAAAAAAAAAAAAAAAAAAAAAAAAAAAAAAAAAAAAAAAAAAAAAAAAAAAAAAAAAAAAAAAAAAAAAAAAAAAAAAAAAAAAAAAAAAAAAAAAAAAAAAAAAAAAAAAAAAAAAAAAAAAAAAAAAAAAAAAAAAAAAAAAAAAAAAAAAAAAAAAAAAAAAAAAAAAAAAAAAAAAAAAAAAAAAAAAAAAAAAAMgrnlsAACAASURBVAAAAAAAAAAAAAAAAAAAAAAAAAAAAAAAAAAAAAAAAAAAAAAAAAAAAAAAAAAAAAAAAAAAAAAAAAAAAAAAAAAAAAAAAAAAAAAAAAAAAAAAAAAAAAAAAAAAAAAAAAAAAAAAAAAAAAAAAAAAAAAAAAAAAAAAAAAAAAAAAAAAAAAAAAAAAAAAAAAAAAAAAAAAAAAAAAAAAAAAAAAAAAAAAAAAAAAAAAAAAAAAAAAAAAAAAAAAAAAAAAAAAAAAAAAAAAAAAAAAAAAAAAAAAAAAAAAAAAAAAAAAAAAAAAACAAAAAAAAAAAAAAAAAAAAAAAAAAAAAAAAAAAAAAAAAAAAAAAAAAAAAAAAAAAAAAAAAAAAAAAAAAAAAAAAAAAAAAAAAAAAAAAAAAAAAAAAAAAAAAAAAAAAAAAAAAAAAAAAAAAAAAAAAAAAAAAAAAAAAAAAAAAAAAAAAAAAAAAAAAAAAAAAAAAAAAAAAAAAAAAAAAAAAAAAAAAAAAAAAAAAAAAAAAAAAAAAAAAAAAAAAAAAAAAAAAAAAAAAAAAAAAAAAAAAAAAAAAAAAAAAAAAAAAAAAAAAAAAAAAAAAAAAAAAAAAAAAAAAAAAAAAAAAAAAAAAAAAAAAAAAAAAAAAAAAAAAAAAAAAAAAAAAAAAAAAAAAAAAAAAAAAAAAAAAAAAAAAAAAAAAAAAAAAAAAAAAAAAAAAAAAAAAAAAAAAAAAAAAAAAAAAAAAAAAAAAAAAAAAAAAAAAAAAAAAAAAAAAAAAAAAAAAAAAAAAAAAAAAAAAAAAAAAAAAAAAAAAAAAAAAAAAAAAAAAAAAAAAAAAAAAAAAAAAAAAAAAAAAAAAAAAAAAAAAAAAAAAAAAAAAAAAAAAAAAAAAAAAAAAAAAAAAAAAAAAAAAAAAAAAAAAAAAAAAAAAAAAAAAAAAAAAAAAAAAAAAAAAAAAAAAAAAAAAAAAAAAAAAAAAAAAAAAAAAAAAAAAAAAAAAAAAAAAAAAAAAAAAAAAAAAAAAAAAAAAAAAAAAAAAAAAAAAAAAAAAAAAAAAAAAAAAAAAAAAAAAAAAAAAAAAAAAAAAAAAAAAAAAAAAAAAAAAAAAAAAAAAAAAAAAAAAAAAAAAAAAAAAAAAAAAAAAAAAAAAAAAAAAAAAAAAIAAAAAAAAAAAAAAAAAAAAAAAAAAAAAAAAAAAAAAAAAAAAAAAAAAAAAAAAAAAAAAAAAAAAAAAAAAAAAAAAAAAAAAAAAAAAAAAAAAAAAAAAAAAAAAAAAAAAAAAAAAAAAAAAAAAAAAAAAAAAAAAAAAAAAAAAAAAAAAAAAAAAAAAAAAAAAAAAAAAAAAAAAAAAAAAAAAAAAAAAAAAAAAAAAAAAAAAAAAAAAAAAAAAAAAAAAAAAAAAAAAAAAAAAAAAAAAAAAAAAAAAAAAAAAAAAAAAAAAAAAAAAAAAAAAAAAAAAAAAAAAAAAAAAAAAAAAAAAAAAAAAAAAAAAAAAAAAAAAAAAAAAAAAAAAAAAAAAAAAAAAAAAAAAAAAAAAAAAAAAAAAAAAAAAAAAAAAAAAAAAAAAAAAAAAAAAAAAAAAAAAAAAAAAAAAAAAAAAAAAAAAAAAAAAAAAAAAAAAAAAAAAAAAAAAAAAAAAAAAAAAAAAAAAAAAAAAAAAAAAAAAAAAAAAAAAAAAAAAAAAAAAAAAAAAAAAAAAAAAAAAAAAAAAAAAAAAAAAAAAAAAAAAAAAAAAAAAAAAAAAAAAAAAAAAAAAAAAAAAAAAAAAAAAAAAAAAAAAAAAAAAAAAAAAAAAAAAAAAAAAAAAAAAAAAAAAAAAAAAAAAAAAAAAAAAAAAAAAAAAAAAAAAAAAAAAAAAAAAAAAAAAAAAAAAAAAAAAAAAAAAAAAAAAAAAAAAAAAAAAAAAAAAAAAAAAAAAAAAAAAAAAAAAAAAAAAAAAAAAAAAAAAAAAAAAAAAAAAAAAAAAAAAAAAAAAAAAAAAAAAAAAAAAAAAAAAAAAAAAAAAAAAAAAAAAAAAgAAAAAAAAAAAAAAAAAAAAAAAAAAAAAAAAAAAAAAAAAAAAAAAAAAAAAAAAAAAAAAAAAAAAAAAAAAAAAAAAAAAAAAAAAAAAAAAAAAAAAAAAAAAAAAAAAAAAAAAAAAAAAAAAAAAAAAAAAAAAAAAAAAAAAAAAAAAAAAAAAAAAAAAAAAAAAAAAAAAAAAAAAAAAAAAAAAAAAAAAAAAAAAAAAAAAAAAAAAAAAAAAAAAAAAAAAAAAAAAAAAAAAAAAAAAAAAAAAAAAAAAAAAAAAAAAAAAAAAAAAAAAAAAAAAAAAAAAAAAAAAAAAAAAAAAAAAAAAAAAAAAAAAAAAAAAAAAAAAAAAAAAAAAAAAAAAAAAAAAAAAAAAAAAAAAAAAAAAAAAAAAAAAAAAAAAAAAAAAAAAAAAAAAAAAAAAAAAAAAAAAAAAAAAAAAAAAAAAAAAAAAAAAAAAAAAAAAAAAAAAAAAAAAAAAAAAAAAAAAAAAAAAAAAAAAAAAAAAAAAAAAAAAAAAAAAAAAAAAAAAAAAAAAAAAAAAAAAAAAAAAAAAAAAAAAAAAAAAAAAAAAAAAAAAAAAAAAAAAAAAAAAAAAAAAAAAAAAAAAAAAAAAAAAAAAAAAAAAAAAAAAAAAAAAAAAAAAAAAAAAAAAAAAAAAAAAAAAAAAAAAAAAAAAAAAAAAAAAAAAAAAAAAAAAAAAAAAAAAAAAAAAAAAAAAAAAAAAAAAAAAAAAAAAAAAAAAAAAAAAAAAAAAAAAAAAAAAAAAAAAAAAAAAAAAAAAAAAAAAAAAAAAAAAAAAAAAAAAAAAAAAAAAAAAAAAAAAAAAAAAAAAAAAAAAAAAAAAAAAAAAAAAAAAAAAAACAAAAAAAAAAAAAAAAAAAAAAAAAAAAAAAAAAAAAAAAAAAAAAAAAAAAAAAAAAAAAAAAAAAAAAAAAAAAAAAAAAAAAAAAAAAAAAAAAAAAAAAAAAAAAAAAAAAAAAAAAAAAAAAAAAAAAAAAAAAAAAAAAAAAAAAAAAAAAAAAAAAAAAAAAAAAAAAAAAAAAAAAAAAAAAAAAAAAAAAAAAAAAAAAAAAAAAAAAAAAAAAAAAAAAAAAAAAAAAAAAAAAAAAAAAAAAAAAAAAAAAAAAAAAAAAAAAAAAAAAAAAAAAAAAAAAAAAAAAAAAAAAAAAAAAAAAAAAAAAAAAAAAAAAAAAAAAAAAAAAAAAAAAAAAAAAAAAAAAAAAAAAAAAAAAAAAAAAAAAAAAAAAAAAAAAAAAAAAAAAAAAAAAAAAAAAAAAAAAAAAAAAAAAAAAAAAAAAAAAAAAAAAAAAAAAAAAAAAAAAAAAAAAAAAAAAAAAAAAAAAAAAAAAAAAAAAAAAAAAAAAAAAAAAAAAAAAAAAAAAAAAAAAAAAAAAAAAAAAAAAAAAAAAAAAAAAAAAAAAAAAAAAAAAAAAAAAAAAAAAAAAAAAAAAAAAAAAAAAAAAAAAAAAAAAAAAAAAAAAAAAAAAAAAAAAAAAAAAAAAAAAAAAAAAAAAAAAAAAAAAAAAAAAAAAAAAAAAAAAAAAAAAAAAAAAAAAAAAAAAAAAAAAAAAAAAAAAAAAAAAAAAAAAAAAAAAAAAAAAAAAAAAAAAAAAAAAAAAAAAAAAAAAAAAAAAAAAAAAAAAAAAAAAAAAAAAAAAAAAAAAAAAAAAAAAAAAAAAAAAAAAAAAAAAAAAAAAAAAAAAAAAAAAAAAAAAAIAAAAAAAAAAAAAAAAAAAAAAAAAAAAAAAAAAAAAAAAAAAAAAAAAAAAAAAAAAAAAAAAAAAAAAAAAAAAAAAAAAAAAAAAAAAAAAAAAAAAAAAAAAAAAAAAAAAAAAAAAAAAAAAAAAAAAAAAAAAAAAAAAAAAAAAAAAAAAAAAAAAAAAAAAAAAAAAAAAAAAAAAAAAAAAAAAAAAAAAAAAAAAAAAAAAAAAAAAAAAAAAAAAAAAAAAAAAAAAAAAAAAAAAAAAAAAAAAAAAAAAAAAAAAAAAAAAAAAAAAAAAAAAAAAAAAAAAAAAAAAAAAAAAAAAAAAAAAAAAAAAAAAAAAAAAAAAAAAAAAAAAAAAAAAAAAAAAAAAAAAAAAAAAAAAAAAAAAAAAAAAAAAAAAAAAAAAAAAAAAAAAAAAAAAAAAAAAAAAAAAAAAAAAAAAAAAAAAAAAAAAAAAAAAAAAAAAAAAAAAAAAAAAAAAAAAAAAAAAAAAAAAAAAAAAAAAAAAAAAAAAAAAAAAAAAAAAAAAAAAAAAAAAAAAAAAAAAAAAAAAAAAAAAAAAAAAAAAAAAAAAAAAAAAAAAAAAAAAAAAAAAAAAAAAAAAAAAAAAAAAAAAAAAAAAAAAAAAAAAAAAAAAAAAAAAAAAAAAAAAAAAAAAAAAAAAAAAAAAAAAAAAAAAAAAAAAAAAAAAAAAAAAAAAAAAAAAAAAAAAAAAAAAAAAAAAAAAAAAAAAAAAAAAAAAAAAAAAAAAAAAAAAAAAAAAAAAAAAAAAAAAAAAAAAAAAAAAAAAAAAAAAAAAAAAAAAAAAAAAAAAAAAAAAAAAAAAAAAAAAAAAAAAAAAAAAAAAAAAAAAAAAAAAAAAAAAAgAAAAAAAAAAAAAAAAAAAAAAAAAAAAAAAAAAAAAAAAAAAAAAAAAAAAAAAAAAAAAAAAAAAAAAAAAAAAAAAAAAAAAAAAAAAAAAAAAAAAAAAAAAAAAAAAAAAAAAAAAAAAAAAAAAAAAAAAAAAAAAAAAAAAAAAAAAAAAAAAAAAAAAAAAAAAAAAAAAAAAAAAAAAAAAAAAAAAAAAAAAAAAAAAAAAAAAAAAAAAAAAAAAAAAAAAAAAAAAAAAAAAAAAAAAAAAAAAAAAAAAAAAAAAAAAAAAAAAAAAAAAAAAAAAAAAAAAAAAAAAAAAAAAAAAAAAAAAAAAAAAAAAAAAAAAAAAAAAAAAAAAAAAAAAAAAAAAAAAAAAAAAAAAAAAAAAAAAAAAAAAAAAAAAAAAAAAAAAAAAAAAAAAAAAAAAAAAAAAAAAAAAAAAAAAAAAAAAAAAAAAAAAAAAAAAAAAAAAAAAAAAAAAAAAAAAAAAAAAAAAAAAAAAAAAAAAAAAAAAAAAAAAAAAAAAAAAAAAAAAAAAAAAAAAAAAAAAAAAAAAAAAAAAAAAAAAAAAAAAAAAAAAAAAAAAAAAAAAAAAAAAAAAAAAAAAAAAAAAAAAAAAAAAAAAAAAAAAAAAAAAAAAAAAAAAAAAAAAAAAAAAAAAAAAAAAAAAAAAAAAAAAAAAAAAAAAAAAAAAAAAAAAAAAAAAAAAAAAAAAAAAAAAAAAAAAAAAAAAAAAAAAAAAAAAAAAAAAAAAAAAAAAAAAAAAAAAAAAAAAAAAAAAAAAAAAAAAAAAAAAAAAAAAAAAAAAAAAAAAAAAAAAAAAAAAAAAAAAAAAAAAAAAAAAAAAAAAAAAAAAAAAAAAAAAAAACAAAAAAAAAAAAAAAAAAAAAAAAAAAAAAAAAAAAAAAAAAAAAAAAAAAAAAAAAAAAAAAAAAAAAAAAAAAAAAAAAAAAAAAAAAAAAAAAAAAAAAAAAAAAAAAAAAAAAAAAAAAAAAAAAAAAAAAAAAAAAAAAAAAAAAAAAAAAAAAAAAAAAAAAAAAAAAAAAAAAAAAAAAAAAAAAAAAAAAAAAAAAAAAAAAAAAAAAAAAAAAAAAAAAAAAAAAAAAAAAAAAAAAAAAAAAAAAAAAAAAAAAAAAAAAAAAAAAAAAAAAAAAAAAAAAAAAAAAAAAAAAAAAAAAAAAAAAAAAAAAAAAAAAAAAAAAAAAAAAAAAAAAAAAAAAAAAAAAAAAAAAAAAAAAAAAAAAAAAAAAAAAAAAAAAAAAAAAAAAAAAAAAAAAAAAAAAAAAAAAAAAAAAAAAAAAAAAAAAAAAAAAAAAAAAAAAAAAAAAAAAAAAAAAAAAAAAAAAAAAAAAAAAAAAAAAAAAAAAAAAAAAAAAAAAAAAAAAAAAAAAAAAAAAAAAAAAAAAAAAAAAAAAAAAAAAAAAAAAAAAAAAAAAAAAAAAAAAAAAAAAAAAAAAAAAAAAAAAAAAAAAAAAAAAAAAAAAAAAAAAAAAAAAAAAAAAAAAAAAAAAAAAAAAAAAAAAAAAAAAAAAAAAAAAAAAAAAAAAAAAAAAAAAAAAAAAAAAAAAAAAAAAAAAAAAAAAAAAAAAAAAAAAAAAAAAAAAAAAAAAAAAAAAAAAAAAAAAAAAAAAAAAAAAAAAAAAAAAAAAAAAAAAAAAAAAAAAAAAAAAAAAAAAAAAAAAAAAAAAAAAAAAAAAAAAAAAAAAAAAAAAAAAAAAAAAAAIAAAAAAAAAAAAAAAAAAAAAAAAAAAAAAAAAAAAAAAAAAAAAAAAAAAAAAAAAAAAAAAAAAAAAAAAAAAAAAAAAAAAAAAAAAAAAAAAAAAAAAAAAAAAAAAAAAAAAAAAAAAAAAAAAAAAAAAAAAAAAAAAAAAAAAAAAAAAAAAAAAAAAAAAAAAAAAAAAAAAAAAAAAAAAAAAAAAAAAAAAAAAAAAAAAAAAAAAAAAAAAAAAAAAAAAAAAAAAAAAAAAAAAAAAAAAAAAAAAAAAAAAAAAAAAAAAAAAAAAAAAAAAAAAAAAAAAAAAAAAAAAAAAAAAAAAAAAAAAAAAAAAAAAAAAAAAAAAAAAAAAAAAAAAAAAAAAAAAAAAAAAAAAAAAAAAAAAAAAAAAAAAAAAAAAAAAAAAAAAAAAAAAAAAAAAAAAAAAAAAAAAAAAAAAAAAAAAAAAAAAAAAAAAAAAAAAAAAAAAAAAAAAAAAAAAAAAAAAAAAAAAAAAAAAAAAAAAAAAAAAAAAAAAAAAAAAAAAAAAAAAAAAAAAAAAAAAAAAAAAAAAAAAAAAAAAAAAAAAAAAAAAAAAAAAAAAAAAAAAAAAAAAAAAAAAAAAAAAAAAAAAAAAAAAAAAAAAAAAAAAAAAAAAAAAAAAAAAAAAAAAAAAAAAAAAAAAAAAAAAAAAAAAAAAAAAAAAAAAAAAAAAAAAAAAAAAAAAAAAAAAAAAAAAAAAAAAAAAAAAAAAAAAAAAAAAAAAAAAAAAAAAAAAAAAAAAAAAAAAAAAAAAAAAAAAAAAAAAAAAAAAAAAAAAAAAAAAAAAAAAAAAAAAAAAAAAAAAAAAAAAAAAAAAAAAAAAAAAAAAAAAAAAAAAAAAAAgAAAAAAAAAAAAAAAAAAAAAAAAAAAAAAAAAAAAAAAAAAAAAAAAAAAAAAAAAAAAAAAAAAAAAAAAAAAAAAAAAAAAAAAAAAAAAAAAAAAAAAAAAAAAAAAAAAAAAAAAAAAAAAAAAAAAAAAAAAAAAAAAAAAAAAAAAAAAAAAAAAAAAAAAAAAAAAAAAAAAAAAAAAAAAAAAAAAAAAAAAAAAAAAAAAAAAAAAAAAAAAAAAAAAAAAAAAAAAAAAAAAAAAAAAAAAAAAAAAAAAAAAAAAAAAAAAAAAAAAAAAAAAAAAAAAAAAAAAAAAAAAAAAAAAAAAAAAAAAAAAAAAAAAAAAAAAAAAAAAAAAAAAAAAAAAAAAAAAAAAAAAAAAAAAAAAAAAAAAAAAAAAAAAAAAAAAAAAAAAAAAAAAAAAAAAAAAAAAAAAAAAAAAAAAAAAAAAAAAAAAAAAAAAAAAAAAAAAAAAAAAAAAAAAAAAAAAAAAAAAAAAAAAAAAAAAAAAAAAAAAAAAAAAAAAAAAAAAAAAAAAAAAAAAAAAAAAAAAAAAAAAAAAAAAAAAAAAAAAAAAAAAAAAAAAAAAAAAAAAAAAAAAAAAAAAAAAAAAAAAAAAAAAAAAAAAAAAAAAAAAAAAAAAAAAAAAAAAAAAAAAAAAAAAAAAAAAAAAAAAAAAAAAAAAAAAAAAAAAAAAAAAAAAAAAAAAAAAAAAAAAAAAAAAAAAAAAAAAAAAAAAAAAAAAAAAAAAAAAAAAAAAAAAAAAAAAAAAAAAAAAAAAAAAAAAAAAAAAAAAAAAAAAAAAAAAAAAAAAAAAAAAAAAAAAAAAAAAAAAAAAAAAAAAAAAAAAAAAAAAAAAAAAAAAAAAACAAAAAAAAAAAAAAAAAAAAAAAAAAAAAAAAAAAAAAAAAAAAAAAAAAAAAAAAAAAAAAAAAAAAAAAAAAAAAAAAAAAAAAAAAAAAAAAAAAAAAAAAAAAAAAAAAAAAAAAAAAAAAAAAAAAAAAAAAAAAAAAAAAAAAAAAAAAAAAAAAAAAAAAAAAAAAAAAAAAAAAAAAAAAAAAAAAAAAAAAAAAAAAAAAAAAAAAAAAAAAAAAAAAAAAAAAAAAAAAAAAAAAAAAAAAAAAAAAAAAAAAAAAAAAAAAAAAAAAAAAAAAAAAAAAAAAAAAAAAAAAAAAAAAAAAAAAAAAAAAAAAAAAAAAAAAAAAAAAAAAAAAAAAAAAAAAAAAAAAAAAAAAAAAAAAAAAAAAAAAAAAAAAAAAAAAAAAAAAAAAAAAAAAAAAAAAAAAAAAAAAAAAAAAAAAAAAAAAAAAAAAAAAAAAAAAAAAAAAAAAAAAAAAAAAAAAAAAAAAAAAAAAAAAAAAAAAAAAAAAAAAAAAAAAAAAAAAAAAAAAAAAAAAAAAAAAAAAAAAAAAAAAAAAAAAAAAAAAAAAAAAAAAAAAAAAAAAAAAAAAAAAAAAAAAAAAAAAAAAAAAAAAAAAAAAAAAAAAAAAAAAAAAAAAAAAAAAAAAAAAAAAAAAAAAAAAAAAAAAAAAAAAAAAAAAAAAAAAAAAAAAAAAAAAAAAAAAAAAAAAAAAAAAAAAAAAAAAAAAAAAAAAAAAAAAAAAAAAAAAAAAAAAAAAAAAAAAAAAAAAAAAAAAAAAAAAAAAAAAAAAAAAAAAAAAAAAAAAAAAAAAAAAAAAAAAAAAAAAAAAAAAAAAAAAAAAAAAAAAAAAAAAAAAAAAAAAIAAAAAAAAAAAAAAAAAAAAAAAAAAAAAAAAAAAAAAAAAAAAAAAAAAAAAAAAAAAAAAAAAAAAAAAAAAAAAAAAAAAAAAAAAAAAAAAAAAAAAAAAAAAAAAAAAAAAAAAAAAAAAAAAAAAAAAAAAAAAAAAAAAAAAAAAAAAAAAAAAAAAAAAAAAAAAAAAAAAAAAAAAAAAAAAAAAAAAAAAAAAAAAAAAAAAAAAAAAAAAAAAAAAAAAAAAAAAAAAAAAAAAAAAAAAAAAAAAAAAAAAAAAAAAAAAAAAAAAAAAAAAAAAAAAAAAAAAAAAAAAAAAAAAAAAAAAAAAAAAAAAAAAAAAAAAAAAAAAAAAAAAAAAAAAAAAAAAAAAAAAAAAAAAAAAAAAAAAAAAAAAAAAAAAAAAAAAAAAAAAAAAAAAAAAAAAAAAAAAAAAAAAAAAAAAAAAAAAAAAAAAAAAAAAAAAAAAAAAAAAAAAAAAAAAAAAAAAAAAAAAAAAAAAAAAAAAAAAAAAAAAAAAAAAAAAAAAAAAAAAAAAAAAAAAAAAAAAAAAAAAAAAAAAAAAAAAAAAAAAAAAAAAAAAAAAAAAAAAAAAAAAAAAAAAAAAAAAAAAAAAAAAAAAAAAAAAAAAAAAAAAAAAAAAAAAAAAAAAAAAAAAAAAAAAAAAAAAAAAAAAAAAAAAAAAAAAAAAAAAAAAAAAAAAAAAAAAAAAAAAAAAAAAAAAAAAAAAAAAAAAAAAAAAAAAAAAAAAAAAAAAAAAAAAAAAAAAAAAAAAAAAAAAAAAAAAAAAAAAAAAAAAAAAAAAAAAAAAAAAAAAAAAAAAAAAAAAAAAAAAAAAAAAAAAAAAAAAAAAAAAAAAAAAAAAAAAgAAAAAAAAAAAAAAAAAAAAAAAAAAAAAAAAAAAAAAAAAAAAAAAAAAAAAAAAAAAAAAAAAAAAAAAAAAAAAAAAAAAAAAAAAAAAAAAAAAAAAAAAAAAAAAAAAAAAAAAAAAAAAAAAAAAAAAAAAAAAAAAAAAAAAAAAAAAAAAAAAAAAAAAAAAAAAAAAAAAAAAAAAAAAAAAAAAAAAAAAAAAAAAAAAAAAAAAAAAAAAAAAAAAAAAAAAAAAAAAAAAAAAAAAAAAAAAAAAAAAAAAAAAAAAAAAAAAAAAAAAAAAAAAAAAAAAAAAAAAAAAAAAAAAAAAAAAAAAAAAAAAAAAAAAAAAAAAAAAAAAAAAAAAAAAAAAAAAAAAAAAAAAAAAAAAAAAAAAAAAAAAAAAAAAAAAAAAAAAAAAAAAAAAAAAAAAAAAAAAAAAAAAAAAAAAAAAAAAAAAAAAAAAAAAAAAAAAAAAAAAAAAAAAAAAAAAAAAAAAAAAAAAAAAAAAAAAAAAAAAAAAAAAAAAAAAAAAAAAAAAAAAAAAAAAAAAAAAAAAAAAAAAAAAAAAAAAAAAAAAAAAAAAAAAAAAAAAAAAAAAAAAAAAAAAAAAAAAAAAAAAAAAAAAAAAAAAAAAAAAAAAAAAAAAAAAAAAAAAAAAAAAAAAAAAAAAAAAAAAAAAAAAAAAAAAAAAAAAAAAAAAAAAAAAAAAAAAAAAAAAAAAAAAAAAAAAAAAAAAAAAAAAAAAAAAAAAAAAAAAAAAAAAAAAAAAAAAAAAAAAAAAAAAAAAAAAAAAAAAAAAAAAAAAAAAAAAAAAAAAAAAAAAAAAAAAAAAAAAAAAAAAAAAAAAAAAAAAAAAAAAAAAAAAAAAAACAAAAAAAAAAAAAAAAAAAAAAAAAAAAAAAAAAAAAAAAAAAAAAAAAAAAAAAAAAAAAAAAAAAAAAAAAAAAAAAAAAAAAAAAAAAAAAAAAAAAAAAAAAAAAAAAAAAAAAAAAAAAAAAAAAAAAAAAAAAAAAAAAAAAAAAAAAAAAAAAAAAAAAAAAAAAAAAAAAAAAAAAAAAAAAAAAAAAAAAAAAAAAAAAAAAAAAAAAAAAAAAAAAAAAAAAAAAAAAAAAAAAAAAAAAAAAAAAAAAAAAAAAAAAAAAAAAAAAAAAAAAAAAAAAAAAAAAAAAAAAAAAAAAAAAAAAAAAAAAAAAAAAAAAAAAAAAAAAAAAAAAAAAAAAAAAAAAAAAAAAAAAAAAAAAAAAAAAa9K3pgAAIABJREFUAAAAAAAAAAAAAAAAAAAAAAAAAAAAAAAAAAAAAAAAAAAAAAAAAAAAAAAAAAAAAAAAAAAAAAAAAAAAAAAAAAAAAAAAAAAAAAAAAAAAAAAAAAAAAAAAAAAAAAAAAAAAAAAAAAAAAAAAAAAAAAAAAAAAAAAAAAAAAAAAAAAAAAAAAAAAAAAAAAAAAAAAAAAAAAAAAAAAAAAAAAAAAAAAAAAAAAAAAAAAAAAAAAAAAAAAAAAAAAAAAAAAAAAAAAAAAAAAAAAAAAAAAAAAAAAAAAAAAAAAAAAAAAAAAAAAAAAAAAAAAAAAAAAAAAAAAAAAAAAAAAAAAAAAAAAAAAAAAAAAAAAAAAAAAAAAAAAAAAAAAAAAAAAAAAAAAAAAAAAAAAAAAAAAAAAAAAAAAAAAAAAAAAAAAAAAAAAAAAAAAAAAAAAAAAAAAAAAAAAAAAAAAAAAAAAAAAAAAAAAAAAAAAAAAAAAAAAAAAIAAAAAAAAAAAAAAAAAAAAAAAAAAAAAAAAAAAAAAAAAAAAAAAAAAAAAAAAAAAAAAAAAAAAAAAAAAAAAAAAAAAAAAAAAAAAAAAAAAAAAAAAAAAAAAAAAAAAAAAAAAAAAAAAAAAAAAAAAAAAAAAAAAAAAAAAAAAAAAAAAAAAAAAAAAAAAAAAAAAAAAAAAAAAAAAAAAAAAAAAAAAAAAAAAAAAAAAAAAAAAAAAAAAAAAAAAAAAAAAAAAAAAAAAAAAAAAAAAAAAAAAAAAAAAAAAAAAAAAAAAAAAAAAAAAAAAAAAAAAAAAAAAAAAAAAAAAAAAAAAAAAAAAAAAAAAAAAAAAAAAAAAAAAAAAAAAAAAAAAAAAAAAAAAAAAAAAAAAAAAAAAAAAAAAAAAAAAAAAAAAAAAAAAAAAAAAAAAAAAAAAAAAAAAAAAAAAAAAAAAAAAAAAAAAAAAAAAAAAAAAAAAAAAAAAAAAAAAAAAAAAAAAAAAAAAAAAAAAAAAAAAAAAAAAAAAAAAAAAAAAAAAAAAAAAAAAAAAAAAAAAAAAAAAAAAAAAAAAAAAAAAAAAAAAAAAAAAAAAAAAAAAAAAAAAAAAAAAAAAAAAAAAAAAAAAAAAAAAAAAAAAAAAAAAAAAAAAAAAAAAAAAAAAAAAAAAAAAAAAAAAAAAAAAAAAAAAAAAAAAAAAAAAAAAAAAAAAAAAAAAAAAAAAAAAAAAAAAAAAAAAAAAAAAAAAAAAAAAAAAAAAAAAAAAAAAAAAAAAAAAAAAAAAAAAAAAAAAAAAAAAAAAAAAAAAAAAAAAAAAAAAAAAAAAAAAAAAAAAAAAAAAAAAAAAAAAAAAAAAAAAAAAAAAAAAAAAgAAAAAAAAAAAAAAAAAAAAAAAAAAAAAAAAAAAAAAAAAAAAAAAAAAAAAAAAAAAAAAAAAAAAAAAAAAAAAAAAAAAAAAAAAAAAAAAAAAAAAAAAAAAAAAAAAAAAAAAAAAAAAAAAAAAAAAAAAAAAAAAAAAAAAAAAAAAAAAAAAAAAAAAAAAAAAAAAAAAAAAAAAAAAAAAAAAAAAAAAAAAAAAAAAAAAAAAAAAAAAAAAAAAAAAAAAAAAAAAAAAAAAAAAAAAAAAAAAAAAAAAAAAAAAAAAAAAAAAAAAAAAAAAAAAAAAAAAAAAAAAAAAAAAAAAAAAAAAAAAAAAAAAAAAAAAAAAAAAAAAAAAAAAAAAAAAAAAAAAAAAAAAAAAAAAAAAAAAAAAAAAAAAAAAAAAAAAAAAAAAAAAAAAAAAAAAAAAAAAAAAAAAAAAAAAAAAAAAAAAAAAAAAAAAAAAAAAAAAAAAAAAAAAAAAAAAAAAAAAAAAAAAAAAAAAAAAAAAAAAAAAAAAAAAAAAAAAAAAAAAAAAAAAAAAAAAAAAAAAAAAAAAAAAAAAAAAAAAAAAAAAAAAAAAAAAAAAAAAAAAAAAAAAAAAAAAAAAAAAAAAAAAAAAAAAAAAAAAAAAAAAAAAAAAAAAAAAAAAAAAAAAAAAAAAAAAAAAAAAAAAAAAAAAAAAAAAAAAAAAAAAAAAAAAAAAAAAAAAAAAAAAAAAAAAAAAAAAAAAAAAAAAAAAAAAAAAAAAAAAAAAAAAAAAAAAAAAAAAAAAAAAAAAAAAAAAAAAAAAAAAAAAAAAAAAAAAAAAAAAAAAAAAAAAAAAAAAAAAAAAAAAAAAAAAAAAAAAAAAAAAAAAAAAAAAAACAAAAAAAAAAAAAAAAAAAAAAAAAAAAAAAAAAAAAAAAAAAAAAAAAAAAAAAAAAAAAAAAAAAAAAAAAAAAAAAAAAAAAAAAAAAAAAAAAAAAAAAAAAAAAAAAAAAAAAAAAAAAAAAAAAAAAAAAAAAAAAAAAAAAAAAAAAAAAAAAAAAAAAAAAAAAAAAAAAAAAAAAAAAAAAAAAAAAAAAAAAAAAAAAAAAAAAAAAAAAAAAAAAAAAAAAAAAAAAAAAAAAAAAAAAAAAAAAAAAAAAAAAAAAAAAAAAAAAAAAAAAAAAAAAAAAAAAAAAAAAAAAAAAAAAAAAAAAAAAAAAAAAAAAAAAAAAAAAAAAAAAAAAAAAAAAAAAAAAAAAAAAAAAAAAAAAAAAAAAAAAAAAAAAAAAAAAAAAAAAAAAAAAAAAAAAAAAAAAAAAAAAAAAAAAAAAAAAAAAAAAAAAAAAAAAAAAAAAAAAAAAAAAAAAAAAAAAAAAAAAAAAAAAAAAAAAAAAAAAAAAAAAAAAAAAAAAAAAAAAAAAAAAAAAAAAAAAAAAAAAAAAAAAAAAAAAAAAAAAAAAAAAAAAAAAAAAAAAAAAAAAAAAAAAAAAAAAAAAAAAAAAAAAAAAAAAAAAAAAAAAAAAAAAAAAAAAAAAAAAAAAAAAAAAAAAAAAAAAAAAAAAAAAAAAAAAAAAAAAAAAAAAAAAAAAAAAAAAAAAAAAAAAAAAAAAAAAAAAAAAAAAAAAAAAAAAAAAAAAAAAAAAAAAAAAAAAAAAAAAAAAAAAAAAAAAAAAAAAAAAAAAAAAAAAAAAAAAAAAAAAAAAAAAAAAAAAAAAAAAAAAAAAAAAAAAAAAAAAAAAAAAAAAAAAAAAAIAAAAAAAAAAAAAAAAAAAAAAAAAAAAAAAAAAAAAAAAAAAAAAAAAAAAAAAAAAAAAAAAAAAAAAAAAAAAAAAAAAAAAAAAAAAAAAAAAAAAAAAAAAAAAAAAAAAAAAAAAAAAAAAAAAAAAAAAAAAAAAAAAAAAAAAAAAAAAAAAAAAAAAAAAAAAAAAAAAAAAAAAAAAAAAAAAAAAAAAAAAAAAAAAAAAAAAAAAAAAAAAAAAAAAAAAAAAAAAAAAAAAAAAAAAAAAAAAAAAAAAAAAAAAAAAAAAAAAAAAAAAAAAAAAAAAAAAAAAAAAAAAAAAAAAAAAAAAAAAAAAAAAAAAAAAAAAAAAAAAAAAAAAAAAAAAAAAAAAAAAAAAAAAAAAAAAAAAAAAAAAAAAAAAAAAAAAAAAAAAAAAAAAAAAAAAAAAAAAAAAAAAAAAAAAAAAAAAAAAAAAAAAAAAAAAAAAAAAAAAAAAAAAAAAAAAAAAAAAAAAAAAAAAAAAAAAAAAAAAAAAAAAAAAAAAAAAAAAAAAAAAAAAAAAAAAAAAAAAAAAAAAAAAAAAAAAAAAAAAAAAAAAAAAAAAAAAAAAAAAAAAAAAAAAAAAAAAAAAAAAAAAAAAAAAAAAAAAAAAAAAAAAAAAAAAAAAAAAAAAAAAAAAAAAAAAAAAAAAAAAAAAAAAAAAAAAAAAAAAAAAAAAAAAAAAAAAAAAAAAAAAAAAAAAAAAAAAAAAAAAAAAAAAAAAAAAAAAAAAAAAAAAAAAAAAAAAAAAAAAAAAAAAAAAAAAAAAAAAAAAAAAAAAAAAAAAAAAAAAAAAAAAAAAAAAAAAAAAAAAAAAAAAAAAAAAAAAAAAAAAAAAAAAAAAAAAAo8BAQEAAAAAAAAAAAAAAAAAAAAAAAAAAAAAAAAAAAAAAAAAAAAAAAAAAAAAAAAAAAAAAAAAAAAAAAAAAAAAAAAAAAAAAAAAAAAAAAAAAAAAAAAAAAAAAAAAAAAAAAAAAAAAAAAAAAAAAAAAAAAAAAAAAAAAAAAAAAAAAACxAgIBAAAAAAAAAAAAAAAAAAAAAAAAAAAAAAAAAAAAAAAAAAAAAAAAAAAAAAAAAAAAAAAAAAAAAAAAAAAAAAAAAAAAAAAAAAAAAAAAAAAAAAAAAAAAAAAAAAAAAAAAAAAAAAAAAAAAAAAAAAAAAAAAAAAAAAAAAAAAAAAAAAAAAAAAAAAAAAAAAAAAAAAAAAAAAAAAAAAAAAAAAAAAAAAAAAAAAAAAAAAAAAAAAAAAAAAAAAAAAAAAAAAAAAAAAAAAAAAAAAAAAAAAAAAAAAAAAAAAAAAAAAAAAAAAAAAAAAAAAAAAAAAAAAAAAAAAAAAAAAAAAAAAAAAAAAAAAAAAAAAAAAAAAAAAAAAAAAAAAAAAAAAAAAAAAAAAAAAAAAAAAAAAAAAAAAAAAAAAAAAAAAAAAAAAAAAAAAAAAAAAAAAAAAAAAAAAAAAAAAAAAAAAAAAAAAAAAAAAAAAAAAAAAAAAAAAAAAAAAAAAAAAAAAAAAAAAAAAAAAAAAAAAAAAAAAAAAAAAAAAAAAAAAAAAAAAAAAAAAAAAAAAAAAAAAAAAAAAAAAAAAAAAAAAAAAAAAAAAAAAAAAAAAAAAAAAAAAAAAAAAAAAAAAAAAAAAAAAAAAAAAAAAAAAAAAAAAAAAAAAAAAAAAAAAAAAAAAAAAAAAAAAAAAAAAAAAAAAAAAAAAAACAAAAAI8BAQEAAAAAAAAAAAAAAAAAAAAAAAAAAAAAAAAAAAAAAAAAAAAAAAAAAAAAAAAAAAAAAAAAAAAAAAAAAAAAAAAAAAAAAAAAAAAAAAAAAAAAAAAAAAAAAAAAAAAAAAAAAAAAAAAAAAAAAAAAAAAAAAAAAAAAsQICAQAAAAAAAAAAAAAAAAAAAAAAAAAAAAAAAAAAAAAAAAAAAAAAAAAAAAAAAAAAAAAAAAAAAAAAAAAAAAAAAAAAAAAAAAAAAAAAAAAAAAAAAAAAAAAAAAAAAAAAAAAAAAAAAAAAAAAAAAAAAAAAAAAAAAAAAAAAAAAAAAAAAAAAAAAAAAAAAAAAAAAAAAAAAAAAAAAAAAAAAAAAAAAAAAAAAAAAAAAAAAAAAAAAAAAAAAAAAAAAAAAAAAAAAAAAAAAAAAAAAAAAAAAAAAAAAAAAAAAAAAAAAAAAAAAAAAAAAAAAAAAAAAAAAAAAAAAAAAAAAAAAAAAAAAAAAAAAAAAAAAAAAAAAAAAAAAAAAAAAAAAAAAAAAAAAAAAAAAAAAAAAAAAAAAAAAAAAAAAAAAAAAAAAAAAAAAAAAAAAAAAAAAAAAAAAAAAAAAAAAAAAAAAAAAAAAAAAAAAAAAAAAAAAAAAAAAAAAAAAAAAAAAAAAAAAAAAAAAAAAAAAAAAAAAAAAAAAAAAAAAAAAAAAAAAAAAAAAAAAAAAAAAAAAAAAAAAAAAAAAAAAAAAAAAAAAAAAAAAAAAAAAAAAAAAAAAAAAAAAAAAAAAAAAAAAAAAAAAAAAAAAAAAAAAAAAAAAAAAAAAAAAAAAAAAAAAAAAAAAAAAAAAAAAAAAAAAAAAAAAAAAAAAAAAAAAAAAAAAAAAAAAAAAAAAAAAAAAAAAAAAAAAAAAAAAAAAAAAAAAAAAAAAAAAAAAAAAAAAAAAAAAAAAAAAAAAAAAAAAAAAAAAAAAAAAAAAAAAAAAAAAAAAAAAAAAAAAAAAAAAAAAAAAAAAAAAAAAAAAAAAAAAAAAAAAAAAAAAAAAAAAAAAAAAAAAAAAAAAAAAAAAAAAAAAAAAAAAAAAAAAAAAAAAAAAAAAAAAAAAAAAAAAAAAAAAAAAAAAAAAAAAAAAAAAAAAAAAAAAAAAAAAAAAAAAAAAAAAAAAAAAAAAAAAAAAAAAAAAAAAAAAAAAAAAAAAAAAAAAAAAAAAAAAAAAAAAAAAAAAAAAAAAAAAAAAAAAAAAAAAAAAAAAAAAAAAAAAAAAAAAAAAAAAAAAAAAAAAAAAAAAAAAAAAAAAAAAAAAAAAAAAAAAAAAAAAAAAAAAAAAAAAAAAAAAAAAAAAAAAAAAAAAAAAAAAAAAAAAAAAAAAAAAAAAAAAAAAAAAAAAAAAAAAAAAAAAAAAAAAAAAAAAAAAAAAAAAAAAAAAAAAAAAAAAAAAAAAAAAAAAAAAAAAAAAAAAAAAAAAAAAAAAAAAAAAAAAAAAAAAAAAAAAAAAAAAAAAAAAAAAAAAAAAAAAAAAAAAAAAAAAAAAAAAAAAAAAAAAAAAAAAAAAAAAAAAAAAAAAAAAAAAAAAAAAAAAAAAAAAAAAAAAAAAAAAAAAAAAAAAAAAAAAAAAAAAAAAAAAAAAAAAAAAAAAAAAAAAAAAAAAAAAAAAAAAAAAAAAAAAAAAAAAAAAAAAAAAAAAAAAAAAAAAAAAAAAAAAAAAAAAAAAAAAAAAAAAAAAAAAAAAAAAAAAAAAAAAAAAAAAAAAAAAAAAAAAAAAAAAAAAAAAAAAAAAAAAAAAAAAAAAAAAAAAAAAAAAAAAAAAAAAAAAAAAAAAAAAAAAAAAAAAAAAAAAAAAAAAAAAAAAAAAAAAAAAAAAAAAAAAAAAAAAAAAAAAAAAAAAAAAAAAAAAAAAAAAAAAAAAAAAAAAAAAAAAAAAAAAAAAAAAAAAAAAAAAAAAAAAAAAAAAAAAAAAAAAAAAAAAAAAAAAAAAAAAAAAAAAAAAAAAAAAAAAAAAAAAAAAAAAAAAAAAAAAAAAAAAAAAAAAAAAAAAAAAAAAAAAAAAAAAAAAAAAAAAAAAAAAAAAAAAAAAAAAAAAAAAAAAAAAAAAAAAAAAAAAAAAAAAAAAAAAAAAAAAAAAAAAAAAAAAAAAAAAAAAAAAAAAAAAAAAAAAAAAAAAAAAAAAAAAAAAAAAAAAAAAAAAAAAAAAAAAAAAAAAAAAAAAAAAAAAAAAAAAAAAAAAAAAAAAAAAAAAAAAAAAAAAAAAAAAAAAAAAAAAAAAAAAAAAAAAAAAAAAAAAAAAAAAAAAAAAAAAAAAAAAAAAAAAAAAAAAAAAAAAAAAAAAAAAAAAAAAAAAAAAAAAAAAAAAAAAAAAAAAAAAAAAAAAAAAAAAAAAAAAAAAAAAAAAAAAAAAAAAAAAAAAAAAAAAAAAAAAAAAAAAAAAAAAAAAAAAAAAAAAAAAAAAAAAAAAAAAAAAAAAAAAAAAAAAAAAAAAAAAAAAAAAAAAAAAAAAAAAAAAAAAAAAAAAAAAAAAAAAAAAAAAAAAAAAAAAAAAAAAAAAAAAAAAAAAAAAAAAAAAAAAAAAAAAAAAAAAAAAAAAAAAAAAAAAAAAAAAAAAAAAAAAAAAAAAAAAAAAAAAAAAAAAAAAAAAAAAAAAAAAAAAAAAAAAAAAAAAAAAAAAAAAAAAAAAAAAAAAAAAAAAAAAAAAAAAAAAAAAAAAAAAAAAAAAAAAAAAAAAAAAAAAAAAAAAAAAAAAAAAAAAAAAAAAAAAAAAAAAAAAAAAAAAAAAAAAAAAAAAAAAAAAAAAAAAAAAAAAAAAAAAAAAAAAAAAAAAAAAAAAAAAAAAAAAAAAAAAAAAAAAAAAAAAAAAAAAAAAAAAAAAAAAAAAAAAAAAAAAAAAAAAAAAAAAAAAAAAAAAAAAAAAAAAAAAAAAAAAAAAAAAAAAAAAAAAAAAAAAAAAAAAAAAAAAAAAAAAAAAAAAAAAAAAAAAAAAAAAAAAAAAAAAAAAAAAAAAAAAAAAAAAAAAAAAAAAAAAAAAAAAAAAAAAAAAAAAAAAAAAAAAAAAAAAAAAAAAAAAAAAAAAAAAAAAAAAAAAAAAAAAAAAAAAAAAAAAAAAAAAAAAAAAAAAAAAAAAAAAAAAAAAAAAAAAAAAAAAAAAAAAAAAAAAAAAAAAAAAAAAAAAAAAAAAAAAAAAAAAAAAAAAAAAAAAAAAAAAAAAAAAAAAAAAAAAAAAAAAAAAAAAAAAAAAAAAAAAAAAAAAAAAAAAAAAAAAAAAAAAAAAAAAAAAAAAAAAAAAAAAAAAAAAAAAAAAAAAAAAAAAAAAAAAAAAAAAAAAAAAAAAAAAAAAAAAAAAAAAAAAAAAAAAAAAAAAAAAAAAAAAAAAAAAAAAAAAAAAAAAAAAAAAAAAAAAAAAAAAAAAAAAAAAAAAAAAAAAAAAAAAAAAAAAAAAAAAAAAAAAAAAAAAAAAAAAAAAAAAAAAAAAAAAAAAAAAAAAAAAAAAAAAAAAAAAAAAAAAAAAAAAAAAAAAAAAAAAAAAAAAAAAAAAAAAAAAAAAAAAAAAAAAAAAAAAAAAAAAAAAAAAAAAAAAAAAAAAAAAAAAAAAAAAAAAAAAAAAAAAAAAAAAAAAAAAAAAAAAAAAAAAAAAAAAAAAAAAAAAAAAAAAAAAAAAAAAAAAAAAAAAAAAAAAAAAAAAAAAAAAAAAAAAAAAAAAAAAAAAAAAAAAAAAAAAAAAAAAAAAAAAAAAAAAAAAAAAAAAAAAAAAAAAAAAAAAAAAAAAAAAAAAAAAAAAAAAAAAAAAAAAAAAAAAAAAAAAAAAAAAAAAAAAAAAAAAAAAAAAAAAAAAAAAAAAAAAAAAAAAAAAAAAAAAAAAAAAAAAAAAAAAAAAAAAAAAAAAAAAAAAAAAAAAAAAAAAAAAAAAAAAAAAAAAAAAAAAAAAAAAAAAAAAAAAAAAAAAAAAAAAAAAAAAAAAAAAAAAAAAAAAAAAAAAAAAAAAAAAAAAAAAAAAAAAAAAAAAAAAAAAAAAAAAAAAAAAAAAAAAAAAAAAAAAAAAAAAAAAAAAAAAAAAAAAAAAAAAAAAAAAAAAAAAAAAAAAAAAAAAAAAAAAAAAAAAAAAAAAAAAAAAAAAAAAAAAAAAAAAAAAAAAAAAAAAAAAAAAAAAAAAAAAAAAAAAAAAAAAAAAAAAAAAAAAAAAAAAAAAAAAAAAAAAAAAAAAAAAAAAAAAAAAAAAAAAAAAAAAAAAAAAAAAAAAAAAAAAAAAAAAAAAAAAAAAAAAAAAAAAAAAAAAAAAAAAAAAAAAAAAAAAAAAAAAAAAAAAAAAAAAAAAAAAAAAAAAAAAAAAAAAAAAAAAAAAAAAAAAAAAAAAAAAAAAAAAAAAAAAAAAAAAAAAAAAAAAAAAAAAAAAAAAAAAAAAAAAAAAAAAAAAAAAAAAAAAAAAAAAAAAAAAAAAAAAAAAAAAAAAAAAAAAAAAAAAAAAAAAAAAAAAAAAAAAAAAAAAAAAAAAAAAAAAAAAAAAAAAAAAAAAAAAAAAAAAAAAAAAAAAAAAAAAAAAAAAAAAAAAAAAAAAAAAAAAAAAAAAAAAAAAAAAAAAAAAAAAAAAAAAAAAAAAAAAAAAAAAAAAAAAAAAAAAAAAAAAAAAAAAAAAAAAAAAAAAAAAAAAAAAAAAAAAAAAAAAAAAAAAAAAAAAAAAAAAAAAAAAAAAAAAAAAAAAAAAAAAAAAAAAAAAAAAAAAAAAAAAAAAAAAAAAAAAAAAAAAAAAAAAAAAAAAAAAAAAAAAAAAAAAAAAAAAAAAAAAAAAAAAAAAAAAAAAAAAAAAAAAAAAAAAAAAAAAAAAAAAAAAAAAAAAAAAAAAAAAAAAAAAAAAAAAAAAAAAAAAAAAAAAAAAAAAAAAAAAAAAAAAAAAAAAAAAAAAAAAAAAAAAAAAAAAAAAAAAAAAAAAAAAAAAAAAAAAAAAAAAAAAAAAAAAAAAAAAAAAAAAAAAAAAAAAAAAAAAAAAAAAAAAAAAAAAAAAAAAAAAAAAAAAAAAAAAAAAAAAAAAAAAAAAAAAAAAAAAAAAAAAAAAAAAAAAAAAAAAAAAAAAAAAAAAAAAAAAAAAAAAAAAAAAAAAAAAAAAAAAAAAAAAAAAAAAAAAAAAAAAAAAAAAAAAAAAAAAAAAAAAAAAAAAAAAAAAAAAAAAAAAAAAAAAAAAAAAAAAAAAAAAAAAAAAAAAAAAAAAAAAAAAAAAAAAAAAAAAAAAAAAAAAAAAAAAAAAAAAAAAAAAAAAAAAAAAAAAAAAAAAAAAAAAAAAAAAAAAAAAAAAAAAAAAAAAAAAAAAAAAAAAAAAAAAAAAAAAAAAAAAAAAAAAAAAAAAAAAAAAAAAAAAAAAAAAAAAAAAAAAAAAAAAAAAAAAAAAAAAAAAAAAAAAAAAAAAAAAAAAAAAAAAAAAAAAAAAAAAAAAAAAAAAAAAAAAAAAAAAAAAAAAAAAAAAAAAAAAAAAAAAAAAAAAAAAAAAAAAAAAAAAAAAAAAAAAAAAAAAAAAAAAAAAAAAAAAAAAAAAAAAAAAAAAAAAAAAAAAAAAAAAAAAAAAAAAAAAAAAAAAAAAAAAAAAAAAAAAAAAAAAAAAAAAAAAAAAAAAAAAAAAAAAAAAAAAAAAAAAAAAAAAAAAAAAAAAAAAAAAAAAAAAAAAAAAAAAAAAAAAAAAAAAAAAAAAAAAAAAAAAAAAAAAAAAAAAAAAAAAAAAAAAAAAAAAAAAAAAAAAAAAAAAAAAAAAAAAAAAAAAAAAAAAAAAAAAAAAAAAAAAAAAAAAAAAAAAAAAAAAAAAAAAAAAAAAAAAAAAAAAAAAAAAAAAAAAAAAAAAAAAAAAAAAAAAAAAAAAAAAAAAAAAAAAAAAAAAAAAAAAAAAAAAAAAAAAAAAAAAAAAAAAAAAAAAAAAAAAAAAAAAAAAAAAAAAAAAAAAAAAAAAAAAAAAAAAAAAAAAAAAAAAAAAAAAAAAAAAAAAAAAAAAAAAAAAAAAAAAAAAAAAAAAAAAAAAAAAAAAAAAAAAAAAAAAAAAAAAAAAAAAAAAAAAAAAAAAAAAAAAAAAAAAAAAAAAAAAAAAAAAAAAAAAAAAAAAAAAAAAAAAAAAAAAAAAAAAAAAAAAAAAAAAAAAAAAAAAAAAAAAAAAAAAAAAAAAAAAAAAAAAAAAAAAAAAAAAAAAAAAAAAAAAAAAAAAAAAAAAAAAAAAAAAAAAAAAAAADGvMcYAAAgAElEQVQAAAAAAAAAAAAAAAAAAAAAAAAAAAAAAAAAAAAAAAAAAAAAAAAAAAAAAAAAAAAAAAAAAAAAAAAAAAAAAAAAAAAAAAAAAAAAAAAAAAAAAAAAAAAAAAAAAAAAAAAAAAAAAAAAAAAAAAAAAAAAAAAAAAAAAAAAAAAAAAAAAAAAAAAAAAAAAAAAAAAAAAAAAAAAAAAAAAAAAAAAAAAAAAAAAAAAAAAAAAAAAAAAAAAAAAAAAAAAAAAAAAAAAAAAAAAAAAAAAAAAAAAAAAAAAAAAAAAAAAAAAAAAAAAAAAAAAAAAAAAAAAAAAAAAAAAAAAAAAAAAAAAAAAAAAAAAAAAAAAAAAAAAAAAAAAAAAAAAAAAAAAAAAAAAAAAAAAAAAAAAAAAAAAAAAAAAAAAAAAAAAAAAAAAAAAAAAAAAAAAAAAAAAAAAAAAAAAAAAAAAAAAAAAAAAAAAAAAAAAAAAAAAAAAAAAAAAAAAAAAAAAAAAAAAAAAAAAAAAAAAAAAAAAAAAAAAAAAAAAAAAAAAAAAAAAAAAAAAAAAAAAAAAAAAAAAAAAAAAAAAAAAAAAAAAAAAAAAAAAAAAAAAAAAAAAAAAAAAAAAAAAAAAAAAAAAAAAAAAAAAAAAAAAAAAAAAAAAAAAAAAAAAAAAAAAAAAAAAAAAAAAAAAAAAAAAAAAAAAAAAAAAAAAAAAAAAAAAAAAAAAAAAAAAAAAAAAAAAAAAAAAAAAAAAAAAAAAAAAAAAAAAAAAAAAAAAAAAAAAAAAAAAAAAAAAAAAAAAAAAAAAAAAAAAAAAAAAAAAAAAAAAAAAAAAAAAAAAAAAAAAAAAAAAAAAAAAAAAAAAAAAAAAAAAAAAAAAAAAAAAAAAAAAAAAAAAAAAAAAAAAAAAAAAAAAAAAAAAAAAAAAAAAAAAAAAAAAAAAAAAAAAAAAAAAAAAAAAAAAAAAAAAAAAAAAAAAAAAAAAAAAAAAAAAAAAAAAAAAAAAAAAAAAAAAAAAAAAAAAAAAAAAAAAAAAAAAAAAAAAAAAAAAAAAAAAAAAAAAAAAAAAAAAAAAAAAAAAAAAAAAAAAAAAAAAAAAAAAAAAAAAAAAAAAAAAAAAAAAAAAAAAAAAAAAAAAAAAAAAAAAAAAAAAAAAAAAAAAAAAAAAAAAAAAAAAAAAAAAAAAAAAAAAAAAAAAAAAAAAAAAAAAAAAAAAAAAAAAAAAAAAAAAAAAAAAAAAAAAAAAAAAAAAAAAAAAAAAAAAAAAAAAAAAAAAAAAAAAAAAAAAAAAAAAAAAAAAAAAAAAAAAAAAAAAAAAAAAAAAAAAAAAAAAAAAAAAAAAAAAAAAAAAAAAAAAAAAAAAAAAAAAAAAAAAAAAAAAAAAAAAAAAAAAAAAAAAAAAAAAAAAAAAAAAAAAAAAAAAAAAAAAAAAAAAAAAAAAAAAAAAAAAAAAAAAAAAAAAAAAAAAAAAAAAAAAAAAAAAAAAAAAAAAAAAAAAAAAAAAAAAAAAAAAAAAAAAAAAAAAAAAAAAAAAAAAAAAAAAAAANILLfQAAAAAAAAAAAAAAAAAAAAAAAAAAAAAAAAAAAAAAAAAAAAAAAAAAAAAAAAAAAAAAAAAAAAAAAAAAAAAAAAAAAAAAAAAAAAAAAAAAAAAAAAAAAAAAAAAAAAAAAAAAAAAAAAAAAAAAAAAAAAAAAAAAAAAAAAAAAAAAAAAAAAAAAAAAAAAAAAAAAAAAAAAAAAAAAAAAAAAAAAAAAAAAAAAAAAAAAAAAAAAAAAAAAAAAAAAAAAAAAAAAAAAAAAAAAAAAAAAAAAAAAAAAAAAAAAAAAAAAAAAAAAAAAAAAAAAAAAAAAAAAAAAAAAAAAAAAAAAAAAAAAAAAAAAAAAAAAAAAAAAAAAAAAAAAAAAAAAAAAAAAAAAAAAAAAAAAAAAAAAAAAAAAAAAAAAAAAAAAAAAAAAAAAAAAAAAAAAAAAAAAAAAAAAAAAAAAAAAAAAAAAAAAAAAAAAAAAAAAAAAAAAAAAAAAAAAAAAAAAAAAAAAAAAAAAAAAAAAAAAAAAAAAAAAAAAAAAAAAAAAAAAAAAAAAAAAAAAAAAAAAAAAAAAAAAAAAAAAAAAAAAAAAAAAAAAAAAAAAAAAAAAAAAAAAAAAAAAAAAAAAAAAAAAAAAAAAAAAAAAAAAAAAAAAAAAAAAAAAAAAAAAAAAAAAAAAAAAAAAAAAAAAAAAAAAAAAAAAAAAAAAAAAAAAAAAAAAAAAAAAAAAAAAAAAAAAAAAAAAAAAAAAAAAAAAAAAAAAAAAAAAAAAAAAAAAAAAAAAAAAAAAAAAAAAAAAAAAAAAAAAAAAAAAAAAAAAAAAAAAAAAAAAAAAAAAAAAAAAAAAAAAAAAAAAAAAAAAAAAAAAAAAAAAAAAAAAAAAAAAAAAAAAAAAAAAAAAAAAAAAAAAAAAAAAAAAAAAAAAAAAAAAAAAAAAAAAAAAAAAAAAAAAAAAAAAAAAAAAAAAAAAAAAAAAAAAAAAAAAAAAAAAAAAAAAAAAAAAAAAAAAAAAAAAAAAAAAAAAAAAAAAAAAAAAAAAAAAAAAAAAAAAAAAAAAAAAAAAAAAAAAAAAAAAAAAAAAAAAAAAAAAAAAAAAAAAAAAAAAAAAAAAAAAAAAAAAAAAAAAAAAAAAAAAAAAAAAAAAAAAAAAAAAAAAAAAAAAAAAAAAAAAAAAAAAAAAAAAAAAAAAAAAAAAAAAAAAAAAAAAAAAAAAAAAAAAAAAAAAAAAAAAAAAAAAAAAAAAAAAAAAAAAAAAAAAAAAAAAAAAAAAAAAAAAAAAAAAAAAAAAAAAAAAAAAAAAAAAAAAAAAAAAAAAAAAAAAAAAAAAAAAAAAAAAAAAAAAAAAAAAAAAAAAAAAAAAAAAAAAAAAAAAAAAAAAAAAAAAAAAAAAAAAAAAAAAAAAAAAAAAAAAAAAAAAAAAAAAAAAAAAAAAAAAAAAAAAAAAAAAAAAAAAAAAAAAAAAAAAAAAAAAAAAAAAAAAAAAAAAAAAAAAAAAAAAAAAAAAAAAAAAAAAAAAAAAAAAAAAAAAAAAAAAAAAAAAAAAAAAAAAAAAAAAAAAAAAAAAAAAAAAAAAAAAAAAAAAAAAAAAAAAAAAAAAAAAAAAAAAAAAAAAAAAAAAAAAAAAAAAAAAAAAAAAAAAAAAAAAAAAAAAAAAAAAAAAAAAAAAAAAAAAAAAAAAAAAAAAAAAAAAAAAAAAAAAAAAAAAAAAAAAAAAAAAAAAAAAAAAAAAAAAAAAAAAAAAAAAAAAAAAAAAAAAAAAAAAAAAAAAAAAAAAAAAAAAAAAAAAAAAAAAAAAAAAAAAAAAAAAAAAAAAAAAAAAAAAAAAAAAAAAAAAAAAAAAAAAAAAAAAAAAAAAAAAAAAAAAAAAAAAAAAAAAAAAAAAAAAAAAAAAAAAAAAAAAAAAAAAAAAAAAAAAAAAAAAAAAAAAAAAAAAAAAAAAAAAAAAAAAAAAAAAAAAAAAAAAAAAAAAAAAAAAAAAAAAAAAAAAAAAAAAAAAAAAAAAAAAAAAAAAAAAAAAAAAAAAAAAAAAAAAAAAAAAAAAAAAAAAAAAAAAAAAAAAAAAAAAAAAAAAAAAAAAAAAAAAAAAAAAAAAAAAAAAAAAAAAAAAAAAAAAAAAAAAAAAAAAAAAAAAAAAAAAAAAAAAAAAAAAAAAAAAAAAAAAAAAAAAAAAAAAAAAAAAAAAAAAAAAAAAAAAAAAAAAAAAAAAAAAAAAAAAAAAAAAAAAAAAAAAAAAAAAAAAAAAAAAAAAAAAAAAAAAAAAAAAAAAAAAAAAAAAAAAAAAAAAAAAAAAAAAAAAAAAAAAAAAAAAAAAAAAAAAAAAAAAAAAAAAAAAAAAAAAAAAAAAAAAAAAAAAAAAAAAAAAAAAAAAAAAAAAAAAAAAAAAAAAAAAAAAAAAAAAAAAAAAAAAAAAAAAAAAAAAAAAAAAAAAAAAAAAAAAAAAAAAAAAAAAAAAAAAAAAAAAAAAAAAAAAAAAAAAAAAAAAAAAAAAAAAAAAAAAAAAAAAAAAAAAAAAAAAAAAAAAAAAAAAAAAAAAAAAAAAAAAAAAAAAAAAAAAAAAAAAAAAAAAAAAAAAAAAAAAAAAAAAAAAAAAAAAAAAAAAAAAAAAAAAAAAAAAAAAAAAAAAAAAAAAAAAAAAAAAAAAAAAAAAAAAAAAAAAAAAAAAAAAAAAAAAAAAAAAAAAAAAAAAAAAAAAAAAAAAAAAAAAAAAAAAAAAAAAAAAAAAAAAAAAAAAAAAAAAAAAAAAAAAAAAAAAAAAAAAAAAAAAAAAAAAAAAAAAAAAAAAAAAAAAAAAAAAAAAAAAAAAAAAAAAAAAAAAAAAAAAAAAAAAAAAAAAAAAAAAAAAAAAAAAAAAAAAAAAAAAAAAAAAAAAAAAAAAAAAAAAAAAAAAAAAAAAAAAAAAAAAAAAAAAAAAAAAAAAAAAAAAAAAAAAAAAAAAAAAAAAAAAAAAAAAAAAAAAAAAAAAAAAAAAAAAAAAAAAAAAAAAAAAAAAAAAAAAAAAAAAAAAAAAAAAAAAAAAAAAAAAAAAAAAAAAAAAAAAAAAAAAAAAAAAAAAAAAAAAAAAAAAAAAAAAAAAAAAAAAAAAAAAAAAAAAAAAAAAAAAAAAAAAAAAAAAAAAAAAAAAAAAAAAAAAAAAAAAAAAAAAAAAAAAAAAAAAAAAAAAAAAAAAAAAAAAAAAAAAAAAAAAAAAAAAAAAAAAAAAAAAAAAAAAAAAAAAAAAAAAAAAAAAAAAAAAAAAAAAAAAAAAAAAAAAAAAAAAAAAAAAAAAAAAAAAAAAAAAAAAAAAAAAAAAAAAAAAAAAAAAAAAAAAAAAAAAAAAAAAAAAAAAAAAAAAAAAAAAAAAAAAAAAAAAAAAAAAAAAAAAAAAAAAAAAAAAAAAAAAAAAAAAAAAAAAAAAAAAAAAAAAAAAAAAAAAAAAAAAAAAAAAAAAAAAAAAAAAAAAAAAAAAAAAAAAAAAAAAAAAAAAAAAAAAAAAAAAAAAAAAAAAAAAAAAAAAAAAAAAAAAAAAAAAAAAAAAAAAAAAAAAAAAAAAAAAAAAAAAAAAAAAAAAAAAAAAAAAAAAAAAAAAAAAAAAAAAAAAAAAAAAAAAAAAAAAAAAAAAAAAAAAAAAAAAAAAAAAAAAAAAAAAAAAAAAAAAAAAAAAAAAAAAAAAAAAAAAAAAAAAAAAAAAAAAAAAAAAAAAAAAAAAAAAAAAAAAAAAAAAAAAAAAAAAAAAAAAAAAAAAAAAAAAAAAAAAAAAAAAAAAAAAAAAAAAAAAAAAAAAAAAAAAAAAAAAAAAAAAAAAAAAAAAAAAAAAAAAAAAAAAAAAAAAAAAAAAAAAAAAAAAAAAAAAAAAAAAAAAAAAAAAAAAAAAAAAAAAAAAAAAAAAAAAAAAAAAAAAAAAAAAAAAAAAAAAAAAAAAAAAAAAAAAAAAAAAAAAAAAAAAAAAAAAAAAAAAAAAAAAAAAAAAAAAAAAAAAAAAAAAAAAAAAAAAAAAAAAAAAAAAAAAAAAAAAAAAAAAAAAAAAAAAAAAAAAAAAAAAAAAAAAAAAAAAAAAAAAAAAAAAAAAAAAAAAAAAAAAAAAAAAAAAAAAAAAAAAAAAAAAAAAAAAAAAAAAAAAAAAAAAAAAAAAAAAAAAAAAAAAAAAAAAAAAAAAAAAAAAAAAAAAAAAAAAAAAAAAAAAAAAAAAAAAAAAAAAAAAAAAAAAAAAAAAAAAAAAAAAAAAAAAAAAAAAAAAAAAAAAAAAAAAAAAAAAAAAAAAAAAAAAAAAAAAAAAAAAAAAAAAAAAAAAAAAAAAAAAAAAAAAAAAAAAAAAAAAAAAAAAAAAAAAAAAAAAAAAAAAAAAAAAAAAAAAAAAAAAAAAAAAAAAAAAAAAAAAAAAAAAAAAAAAAAAAAAAAAAAAAAAAAAAAAAAAAAAAAAAAAAAAAAAAAAAAAAAAAAAAAAAAAAAAAAAAAAAAAAAAAAAAAAAAAAAAAAAAAAAAAAAAAAAAAAAAAAAAAAAAAAAAAAAAAAAAAAAAAAAAAAAAAAAAAAAAAAAAAAAAAAAAAAAAAAAAAAAAAAAAAAAAAAAAAAAAAAAAAAAAAAAAAAAAAAAAAAAAAAAAAAAAAAAAAAAAAAAAAAAAAAAAAAAAAAAAAAAAAAAAAAAAAAAAAAAAAAAAAAAAAAAAAAAAAAAAAAAAAAAAAAAAAAAAAAAAAAAAAAAAAAAAAAAAAAAAAAAAAAAAAAAAAAAAAAAAAAAAAAAAAAAAAAAAAAAAAAAAAAAAAAAAAAAAAAAAAAAAAAAAAAAAAAAAAAAAAAAAAAAAAAAAAAAAAAAAAAAAAAAAAAAAAAAAAAAAAAAAAAAAAAAAAAAAAAAAAAAAAAAAAAAAAAAAAAAAAAAAAAAAAAAAAAAAAAAAAAAAAAAAAAAAAAAAAAAAAAAAAAAAAAAAAAAAAAAAAAAAAAAAAAAAAAAAAAAAAAAAAAAAAAAAAAAAAAAAAAAAAAAAAAAAAAAAAAAAAAAAAAAAAAAAAAAAAAAAAAAAAAAAAAAAAAAAAAAAAAAAAAAAAAAAAAAAAAAAAAAAAAAAAAAAAAAAAAAAAAAAAAAAAAAAAAAAAAAAAAAAAAAAAAAAAAAAAAAAAAAAAAAAAAAAAAAAAAAAAAAAAAAAAAAAAAAAAAAAAAAAAAAAAAAAAAAAAAAAAAAAAAAAAAAAAAAAAAAAAAAAAAAAAAAAAAAAAAAAAAAAAAAAAAAAAAAAAAAAAAAAAAAAAAAAAAAAAAAAAAAAAAAAAAAAAAAAAAAAAAAAAAAAAAAAAAAAAAAAAAAAAAAAAAAAAAAAAAAAAAAAAAAAAAAAAAAAAAAAAAAAAAAAAAAAAAAAAAAAAAAAAAAAAAAAAAAAAAAAAAAAAAAAAAAAAAAAAAAAAAAAAAAAAAAAAAAAAAAAAAAAAAAAAAAAAAAAAAAAAAAAAAAAAAAAAAAAAAAAAAAAAAAAAAAAAAAAAAAAAAAAAAAAAAAAAAAAAAAAAAAAAAAAAAAAAAAAAAAAAAAAAAAAAAAAAAAAAAAAAAAAAAAAAAAAAAAAAAAAAAAAAAAAAAAAAAAAAAAAAAAAAAAAAAAAAAAAAAAAAAAAAAAAAAAAAAAAAAAAAAAAAAAAAAAAAAAAAAAAAAAAAAAAAAAAAAAAAAAAAAAAAAAAAAAAAAAAAAAAAAAAAAAAAAAAAAAAAAAAAAAAAAAAAAAAAAAAAAAAAAAAAAAAAAAAAAAAAAAAAAAAAAAAAAAAAAAAAAAAAAAAAAAAAAAAAAAAAAAAAAAAAAAAAAAAAAAAAAAAAAAAAAAAAAAAAAAAAAAAAAAAAAAAAAAAAAAAAAAAAAAAAAAAAAAAAAAAAAAAAAAAAAAAAAAAAAAAAAAAAAAAAAAAAAAAAAAAAAAAAAAAAAAAAAAAAAAAAAAAAAAAAAAAAAAAAAAAAAAAAAAAAAAAAAAAAAAAAAAAAAAAAAAAAAAAAAAAAAAAAAAAAAAAAAAAAAAAAAAAAAAAAAAAAAAAAAAAAAAAAAAAAAAAAAAAAAAAAAAAAAAAAAAAAAAAAAAAAAAAAAAAAAAAAAAAAAAAAAAAAAAAAAAAAAAAAAAAAAAAAAAAAAAAAAAAAAAAAAAAAAAAAAAAAAAAAAAAAAAAAAAAAAAAAAAAAAAAAAAAAAAAAAAAAAAAAAAAAAAAAAAAAAAAAAAAAAAAAAAAAAAAAAAAAAAAAAAAAAAAAAAAAAAAAAAAAAAAAAAAAAAAAAAAAAAAAAAAAAAAAAAAAAAAAAAAAAAAAAAAAAAAAAAAAAAAAAAAAAAAAAAAAAAAAAAAAAAAAAAAAAAAAAAAAAAAAAAAAAAAAAAAAAAAAAAAAAAAAAAAAAAAAAAAAAAAAAAAAAAAAAAAAAAAAAAAAAAAAAAAAAAAAAAAAAAAAAAAAAAAAAAAAAAAAAAAAAAAAAAAAAAAAAAAAAAAAAAAAAAAAAAAAAAAAAAAAAAAAAAAAAAAAAAAAAAAAAAAAAAAAAAAAAAAAAAAAAAAAAAAAAAAAAAAAAAAAAAAAAAAAAAAAAAAAAAAAAAAAAAAAAAAAAAAAAAAAAAAAAAAAAAAAAAAAAAAAAAAAAAAAAAAAAAAAAAAAAAAAAAAAAAAAAAAAAAAAAAAAAAAAAAAAAAAAAAAAAAAAAAAAAAAAAAAAAAAAAAAAAAAAAAAAAAAAAAAAAAAAAAAAAAAAAAAAAAAAAAAAAAAAAAAAAAAAAAAAAAAAAAAAAAAAAAAAAAAAAAAAAAAAAAAAAAAAAAAAAAAAAAAAAAAAAAAAAAAAAAAAAAAAAAAAAAAAAAAAAAAAAAAAAAAAAAAAAAAAAAAAAAAAAAAAAAAAAAAAAAAAAAAAAAAAAAAAAAAAAAAAAAAAAAAAAAAAAAAAAAAAAAAAAAAAAAAAAAAAAAAAAAAAAAAAAAAAAAAAAAAAAAAAAAAAAAAAAAAAAAAAAAAAAAAAAAAAAAAAAAAAAAAAAAAAAAAAAAAAAAAAAAAAAAAAAAAAAAAAAAAAAAAAAAAAAAAAAAAAAAAAAAAAAAAAAAAAAAAAAAAAAAAAAAAAAAAAAAAAAAAAAAAAAAAAAAAAAAAAAAAAAAAAAAAAAAAAAAAAAAAAAAAAAAAAAAAAAAAAAAAAAAAAAAAAAAAAAAAAAAAAAAAAAAAAAAAAAAAAAAAAAAAAAAAAAAAAAAAAAAAAAAAAAAAAAAAAAAAAAAAAAAAAAAAAAAAAAAAAAAAAAAAAAAAAAAAAAAAAAAAAAAAAAAAAAAAAAAAAAAAAAAAAAAAAAAAAAAAAAAAAAAAAAAAAAAAAAAAAAAAAAAAAAAAAAAAAAAAAAAAAAAAAAAAAAAAAAAAAAAAAAAAAAAAAAAAAAAAAAAAAAAAAAAAAAAAAAAAAAAAAAAAAAAAAAAAAAAAAAAAAAAAAAAAAAAAAAAAAAAAAAAAAAAAAAAAAAAAAAAAAAAAAAAAAAAAAAAAAAAAAAAAAAAAAAAAAAAAAAAAAAAAAAAAAAAAAAAAAAAAAAAAAAAAAAAAAAAAAAAAAAAAAAAAAAAAAAAAAAAAAAAAAAAAAAAAAAAAAAAAAAAAAAAAAAAAAAAAAAAAAAAAAAAAAAAAAAAAAAAAAAAAAAAAAAAAAAAAAAAAAAAAAAAAAAAAAAAAAAAAAAAAAAAAAAAAAAAAAAAAAAAAAAAAAAAAAAAAAAAAAAAAAAAAAAAAAAAAAAAAAAAAAAAAAAAAAAAAAAAAAAAAAAAAAAAAAAAAAAAAAAAAAAAAAAAAAAAAAAAAAAAAAAAAAAAAAAAAAAAAAAAAAAAAAAAAAAAAAAAAAAAAAAAAAAAAAAAAAAAAAAAAAAAAAAAAAAAAAAAAAAAAAAAAAAAAAAAAAAAAAAAAAAAAAAAAAAAAAAAAAAAAAAAAAAAAAAAAAAAAAAAAAAAAAAAAAAAAAAAAAAAAAAAAAAAAAAAAAAAAAAAAAAAAAAAAAAAAAAAAAAAAAAAAAAAAAAAAAAAAAAAAAAAAAAAAAAAAAAAAAAAAAAAAAAAAAAAAAAAAAAAAAAAAAAAAAAAAAAAAAAAAAAAAAAAAAAAAAAAAAAAAAAAAAAAAAAAAAAAAAAAAAAAAAAAAAAAAAAAAAAAAAAAAAAAAAAAAAAAAAAAAAAAAAAAAAAAAAAAAAAAAAAAAAAAAAAAAAAAAAAAAAAAAAAAAAAAAAAAAAAAAAAAAAAAAAAAAAAAAAAAAAAAAAAAAAAAAAAAAAAAAAAAAAAAAAAAAAAAAAAAAAAAAAAAAAAAAAAAAAAAAAAAAAAAAAAAAAAAAAAAAAAAAAAAAAAAAAAAAAAAAAAAAAAAAAAAAAAAAAAAAAAAAAAAAAAAAAAAAAAAAAAAAAAAAAAAAAAAAAAAAAAAAAAAAAAAAAAAAAAAAAAAAAAAAAAAAAAAAAAAAAAAAAAAAAAAAAAAAAAAAAAAAAAAAAAAAAAAAAAAAAAAAAAAAAAAAAAAAAAAAAAAAAAAAAAAAAAAAAAAAAAAAAAAAAAAAAAAAAAAAAAAAAAAAAAAAAAAAAAAAAAAAAAAAAAAAAAAAAAAAAAAAAAAAAAAAAAAAAAAAAAAAAAAAAAAAAAAAAAAAAAAAAAAAAAAAAAAAAAAAAAAAAAAAAAAAAAAAAAAAAAAAAAAAAAAAAAAAAAAAAAAAAAAAAAAAAAAAAAAAAAAAAAAAAAAAAAAAAAAAAAAAAAAAAAAAAAAAAAAAAAAAAAAAAAAAAAAAAAAAAAAAAAAAAAAAAAAAAAAAAAAAAAAAAAAAAAAAAAAAAAAAAAAAAAAAAAAAAAAAAAAAAAAAAAAAAAAAAAAAAAAAAAAAAAAAAAAAAAAAAAAAAAAAAAAAAAAAAAAAAAAAAAAAAAAAAAAAAAAAAAAAAAAAAAAAAAAAAAAAAAAAAAAAAAAAAAAAAAAAAAAAAAAAAAAAAAAAAAAAAAAAAAAAAAAAAAAAAAAAAAAAAAAAAAAAAAAAAAAAAAAAAAAAAAAAAAAAAAAAAAAAAAAAAAAAAAAAAAAAAAAAAAAAAAAAAAAAAAAAAAAAAAAAAAAAAAAAAAAAAAAAAAAAAAAAAAAAAAAAAAAAAAAAAAAAAAAAAAAAAAAAAAAAAAAAAAAAAAAAAAAAAAAAAAAAAAAAAAAAAAAAAAAAAAAAAAAAAAAAAAAAAAAAAAAAAAAAAAAAAAAAAAAAAAAAAAAAAAAAAAAAAAAAAAAAAAAAAAAAAAAAAAAAAAAAAAAAAAAAAAAAAAAAAAAAAAAAAAAAAAAAAAAAAAAAAAAAAAAAAAAAAAAAAAAAAAAAAAAAAAAAAAAAAAAAAAAAAAAAAAAAAAAAAAAAAAAAAAAAAAAAAAAAAAAAAAAAAAAAAAAAAAAAAAAAAAAAAAAAAAAAAAAAAAAAAAAAAAAAAAAAAAAAAAAAAAAAAAAAAAAAAAAAAAAAAAAAAAAAAAAAAAAAAAACP+sXkAACAASURBVAAAAAAAAAAAAAAAAAAAAAAAAAAAAAAAAAAAAAAAAAAAAAAAAAAAAAAAAAAAAAAAAAAAAAAAAAAAAAAAAAAAAAAAAAAAAAAAAAAAAAAAAAAAAAAAAAAAAAAAAAAAAAAAAAAAAAAAAAAAAAAAAAAAAAAAAAAAAAAAAAAAAAAAAAAAAAAAAAAAAAAAAAAAAAAAAAAAAAAAAAAAAAAAAAAAAAAAAAAAAAAAAAAAAAAAAAAAAAAAAAAAAAAAAAAAAAAAAAAAAAAAAAAAAAAAAAAAAAAAAAAAAAAAAAAAAAAAAAAAAAAAAAAAAAAAAAAAAAAAAAAAAAAAAAAAAAAAAAAAAAAAAAAAAAAAAAAAAAAAAAAAAAAAAAAAAAAAAAAAAAAAAAAAAAAAAAAAAAAAAAAAAAAAAAAAAAAAAAAAAAAAAAAAAAAAAAAAAAAAAAAAAAAAAAAAAAAAAAAAAAAAAAAAAAAAAAAAAAAAAAAAAAAAAAAAAAAAAAAAAAAAAAAAAAAAAAAAAAAAAAAAAAAAAAAAAAAAAAAAAAAAAAAAAAAAAAAAAAAAAAAAAAAAAAAAAAAAAAAAAAAAAAAAAAAAAAAAAAAAAAAAAAAAAAAAAAAAAAAAAAAAAAAAAAAAAAAAAAAAAAAAAAAAAAAAAAAAAAAAAAAAAAAAAAAAAAAAAAAAAAAAAAAAAAAAAAAAAAAAAAAAAAAAAAAAAAAAAAAAAAAAAAAAAAAAAAAAAAAAAAAAAAAAAAAAAAAAAAAAAAAAAAAAAAAAAAAAAAAAAAAAAAAAAAAAAAAAAAAAAAAAAAAAAAAAAAAAAAAAAAAAAAAAAAAAAAAAAAAAAAAAAAAAAAAAAAAAAAAAAAAAAAAAAAAAAAAAAAAAAAAAAAAAAAAAAAAAAAAAAAAAAAAAAAAAAAAAAAAAAAAAAAAAAAAAAAAAAAAAAAAAAAAAAAAAAAAAAAAAAAAAAAAAAAAAAAAAAAAAAAAAAAAAAAAAAAAAAAAAAAAAAAAAAAAAAAAAAAAAAAAAAAAAAAAAAAAAAAAAAAAAAAAAAAAAAAAAAAAAAAAAAAAAAAAAAAAAAAAAAAAAAAAAAAAAAAAAAAAAAAAAAAAAAAAAAAAAAAAAAAAAAAAAAAAAAAAAAAAAAAAAAAAAAAAAAAAAAAAAAAAAAAAAAAAAAAAAAAAAAAAAAAAAAAAAAAAAAAAAAAAAAAAAAAAAAAAAAAAAAAAAAAAAAAAAAAAAAAAAAAAAAAAAAAAAAAAAAAAAAAAAAAAAAAAAAAAAAAAAAAAAAAAAAAAAAAAAAAAAAAAAAAAAAAAAAAAAAAAAAAAAAAAAAAAAAAAAAAAAAAAAAAAAAAAAAAAAAAAAAAAAAAAAAAAAAAAAAAAAAAAAAAAAAAAAAAAAAAAAAAAAAAAAAAAAAAAAAAAAAAAAAAAAAAAAAAAAAAAAAAAAAAAAAAAAAAAAAAAAAAAAAAAAAAAAAAAAAAAAAAAAAAAAAAAAAAAAAAAAAAAAAAAAAAAAAAAAAAAAAAAAAAAAAAAAAAAAAAAAAAAAAAAAAAAAAAAAAAAAAAAAAAAAAAAAAAAAAAAAAAAAAAAAAAAAAAAAAAAAAAAAAAAAAAAAAAAAAAAAAAAAAAAAAAAAAAAAAAAAAAAAAAAAAAAAAAAAAAAAAAAAAAAAAAAAAAAAAAAAAAAAAAAAAAAAAAAAAAAAAAAAAAAAAAAAAAAAAAAAAAAAAAAAAAAAAAAAAAAAAAAAAAAAAAAAAAAAAAAAAAAAAAAAAAAAAAAAAAAAAAAAAAAAAAAAAAAAAAAAAAAAAAAAAAAAAAAAAAAAAAAAAAAAAAAAAAAAAAAAAAAAAAAAAAAAAAAAAAAAAAAAAAAAAAAAAAAAAAAAAAAAAAAAAAAAAAAAAAAAAAAAAAAAAAAAAAAAAAAAAAAAAAAAAAAAAAAAAAAAAAAAAAAAAAAAAAAAAAAAAAAAAAAAAAAAAAAAAAAAAAAAAAAAAAAAAAAAAAAAAAAAAAAAAAAAAAAAAAAAAAAAAAAAAAAAAAAAAAAAAAAAAAAAAAAAAAAAAAAAAAAAAAAAAAAAAAAAAAAAAAAAAAAAAAAAAAAAAAAAAAAAAAAAAAAAAAAAAAAAAAAAAAAAAAAAAAAAAAAAAAAAAAAAAAAAAAAAAAAAAAAAAAAAAAAAAAAAAAAAAAAAAAAAAAAAAAAAAAAAAAAAAAAAAAAAAAAAAAAAAAAAAAAAAAAAAAAAAAAAAAAAAAAAAAAAAAAAAAAAAAAAAAAAAAAAAAAAAAAAAAAAAAAAAAAAAAAAAAAAAAAAAAAAAAAAAAAAAAAAAAAAAAAAAAAAAAAAAAAAAAAAAAAAAAAAAAAAAAAAAAAAAAAAAAAAAAAAAAAAAAAAAAAAAAAAAAAAAAAAAAAAAAAAAAAAAAAAAAAAAAAAAAAAAAAAAAAAAAAAAAAAAAAAAAAAAAAAAAAAAAAAAAAAAAAAAAAAAAAAAAAAAAAAAAAAAAAAAAAAAAAAAAAAAAAAAAAAAAAAAAAAAAAAAAAAAAAAAAAAAAAAAAAAAAAAAAAAAAAAAAAAAAAAAAAAAAAAAAAAAAAAAAAAAAAAAAAAAAAAAAAAAAAAAAAAAAAAAAAAAAAAAAAAAAAAAAAAAAAAAAAAAAAAAAAAAAAAAAAAAAAAAAAAAAAAAAAAAAAAAAAAAAAAAAAAAAAAAAAAAAAAAAAAAAAAAAAAAAAAAAAAAAAAAAAAAAAAAAAAAAAAAAAAAAAAAAAAAAAAAAAAAAAAAAAAAAAAAAAAAAAAAAAAAAAAAAAAAAAAAAAAAAAAAAAAAAAAAAAAAAAAAAAAAAAAAAAAAAAAAAAAAAAAAAAAAAAAAAAAAAAAAAAAAAAAAAAAAAAAAAAAAAAAAAAAAAAAAAAAAAAAAAAAAAAAAAAAAAAAAAAAAAAAAAAAAAAAAAAAAAAAAAAAAAAAAAAAAAAAAAAAAAAAAAAAAAAAAAAAAAAAAAAAAAAAAAAAAAAAAAAAAAAAAAAAAAAAAAAAAAAAAAAAAAAAAAAAAAAAAAAAAAAAAAAAAAAAAAAAAAAAAAAAAAAAAAAAAAAAAAAAAAAAAAAAAAAAAAAAAAAAAAAAAAAAAAAAAAAAAAAAAAAAAAAAAAAAAAAAAAAAAAAAAAAAAAAAAAAAAAAAAAAAAAAAAAAAAAAAAAAAAAAAAAAAAAAAAAAAAAAAAAAAAAAAAAAAAAAAAAAAAAAAAAAAAAAAAAAAAAAAAAAAAAAAAAAAAAAAAAAAAAAAAAAAAAAAAAAAAAAAAAAAAAAAAAAAAAAAAAAAAAAAAAAAAAAAAAAAAAAAAAAAAAAAAAAAAAAAAAAAAAAAAAAAAAAAAAAAAAAAAAAAAAAAAAAAAAAAAAAAAAAAAAAAAAAAAAAAAAAAAAAAAAAAAAAAAAAAAAAAAAAAAAAAAAAAAAAAAAAAAAAAAAAAAAAAAAAAAAAAAAAAAAAAAAAAAAAAAAAAAAAAAAAAAAAAAAAAAAAAAAAAAAAAAAAAAAAAAAAAAAAAAAAAAAAAAAAAAAAAAAAAAAAAAAAAAAAAAAAAAAAAAAAAAAAAAAAAAAAAAAAAAAAAAAAAAAAAAAAAAAAAAAAAAAAAAAAAAAAAAAAAAAAAAAAAAAAAAAAAAAAAAAAAAAAAAAAAAAAAAAAAAAAAAAAAAAAAAAAAAAAAAAAAAAAAAAAAAAAAAAAAAAAAAAAAAAAAAAAAAAAAAAAAAAAAAAAAAAAAAAAAAAAAAAAAAAAAAAAAAAAAAAAAAAAAAAAAAAAAAAAAAAAAAAAAAAAAAAAAAAAAAAAAAAAAAAAAAAAAAAAAAAAAAAAAAAAAAAAAAAAAAAAAAAAAAAAAAAAAAAAAAAAAAAAAAAAAAAAAAAAAAAAAAAAAAAAAAAAAAAAAAAAAAAAAAAAAAAAAAAAAAAAAAAAAAAAAAAAAAAAAAAAAAAAAAAAAAAAAAAAAAAAAAAAAAAAAAAAAAAAAAAAAAAAAAAAAAAAAAAAAAAAAAAAAAAAAAAAAAAAAAAAAAAAAAAAAAAAAAAAAAAAAAAAAAAAAAAAAAAAAAAAAAAAAAAAAAAAAAAAAAAAAAAAAAAAAAAAAAAAAAAAAAAAAAAAAAAAAAAAAAAAAAAAAAAAAAAAAAAAAAAAAAAAAAAAAAAAAAAAAAAAAAAAAAAAAAAAAAAAAAAAAAAAAAAAAAAAAAAAAAAAAAAAAAAAAAAAAAAAAAAAAAAAAAAAAAAAAAAAAAAAAAAAAAAAAAAAAAAAAAAAAAAAAAAAAAAAAAAAAAAAAAAAAAAAAAAAAAAAAAAAAAAAAAAAAAAAAAAAAAAAAAAAAAAAAAAAAAAAAAAAAAAAAAAAAAAAAAAAAAAAAAAAAAAAAAAAAAAAAAAAAAAAAAAAAAAAAAAAAAAAAAAAAAAAAAAAAAAAAAAAAAAAAAAAAAAAAAAAAAAAAAAAAAAAAAAAAAAAAAAAAAAAAAAAAAAAAAAAAAAAAAAAAAAAAAAAAAAAAAAAAAAAAAAAAAAAAAAAAAAAAAAAAAAAAAAAAAAAAAAAAAAAAAAAAAAAAAAAAAAAAAAAAAAAAAAAAAAAAAAAAAAAAAAAAAAAAAAAAAAAAAAAAAAAAAAAAAAAAAAAAAAAAAAAAAAAAAAAAAAAAAAAAAAAAAAAAAAAAAAAAAAAAAAAAAAAAAAAAAAAAAAAAAAAAAAAAAAAAAAAAAAAAAAAAAAAAAAAAAAAAAAAAAAAAAAAAAAAAAAAAAAAAAAAAAAAAAAAAAAAAAAAAAAAAAAAAAAAAAAAAAAAAAAAAAAAAAAAAAAAAAAAAAAAAAAAAAAAAAAAAAAAAAAAAAAAAAAAAAAAAAAAAAAAAAAAAAAAAAAAAAAAAAAAAAAAAAAAAAAAAAAAAAAAAAAAAAAAAAAAAAAAAAAAAAAAAAAAAAAAAAAAAAAAAAAAAAAAAAAAAAAAAAAAAAAAAAAAAAAAAAAAAAAAAAAAAAAAAAAAAAAAAAAAAAAAAAAAAAAAAAAAAAAAAAAAAAAAAAAAAAAAAAAAAAAAAAAAAAAAAAAAAAAAAAAAAAAAAAAAAAAAAAAAAAAAAAAAAAAAAAAAAAAAAAAAAAAAAAAAAAAAAAAAAAAAAAAAAAAAAAAAAAAAAAAAAAAAAAAAAAAAAAAAAAAAAAAAAAAAAAAAAAAAAAAAAAAAAAAAAAAAAAAAAAAAAAAAAAAAAAAAAAAAAAAAAAAAAAAAAAAAAAAAAAAAAAAAAAAAAAAAAAAAAAAAAAAAAAAAAAAAAAAAAAAAAAAAAAAAAAAAAAAAAAAAAAAAAAAAAAAAAAAAAAAAAAAAAAAAAAAAAAAAAAAAAAAAAAAAAAAAAAAAAAAAAAAAAAAAAAAAAAAAAAAAAAAAAAAAAAAAAAAAAAAAAAAAAAAAAAAAAAAAAAAAAAAAAAAAAAAAAAAAAAAAAAAAAAAAAAAAAAAAAAAAAAAAAAAAAAAAAAAAAAAAAAAAAAAAAAAAAAAAAAAAAAAAAAAAAAAAAAAAAAAAAAAAAAAAAAAAAAAAAAAAAAAAAAAAAAAAAAAAAAAAAAAAAAAAAAAAAAAAAAAAAAAAAAAAAAAAAAAAAAAAAAAAAAAAAAAAAAAAAAAAAAAAAAAAAAAAAAAAAAAAAAAAAAAAAAAAAAAAAAAAAAAAAAAAAAAAAAAAAAAAAAAAAAAAAAAAAAAAAAAAAAAAAAAAAAAAAAAAAAAAAAAAAAAAAAAAAAAAAAAAAAAAAAAAAAAAAAAAAAAAAAAAAAAAAAAAAAAAAAAAAAAAAAAAAAAAAAAAAAAAAAAAAAAAAAAAAAAAAAAAAAAAAAAAAAAAAAAAAAAAAAAAAAAAAAAAAAAAAAAAAAAAAAAAAAAAAAAAAAAAAAAAAAAAAAAAAAAAAAAAAAAAAAAAAAAAAAAAAAAAAAAAAAAAAAAAAAAAAAAAAAAAAAAAAAAAAAAAAAAAAAAAAAAAAAAAAAAAAAAAAAAAAAAAAAAAAAAAAAAAAAAAAAAAAAAAAAAAAAAAAAAAAAAAAAAAAAAAAAAAAAAAAAAAAAAAAAAAAAAAAAAAAAAAAAAAAAAAAAAAAAAAAAAAAAAAAAAAAAAAAAAAAAAAAAAAAAAAAAAAAAAAAAAAAAAAAAAAAAAAAAAAAAAAAAAAAAAAAAAAAAAAAAAAAAAAAAAAAAAAAAAAAAAAAAAAAAAAAAAAAAAAAAAAAAAAAAAAAAAAAAAAAAAAAAAAAAAAAAAAAAAAAAAAAAAAAAAAAAAAAAAAAAAAAAAAAAAAAAAAAAAAAAAAAAAAAAAAAAAAAAAAAAAAAAAAAAAAAAAAAAAAAAAAAAAAAAAAAAAAAAAAAAAAAAAAAAAAAAAAAAAAAAAAAAAAAAAAAAAAAAAAAAAAAAAAAAAAAAAAAAAAAAAAAAAAAAAAAAAAAAAAAAAAAAAAAAAAAAAAAAAAAAAAAAAAAAAAAAAAAAAAAAAAAAAAAAAAAAAAAAAAAAAAAAAAAAAAAAAAAAAAAAAAAAAAAAAAAAAAAAAAAAAAAAAAAAAAAAAAAAAAAAAAAAAAAAAAAAAAAAAAAAAAAAAAAAAAAAAAAAAAAAAAAAAAAAAAAAAAAAAAAAAAAAAAAAAAAAAAAAAAAAAAAAAAAAAAAAAAAAAAAAAAAAAAAAAAAAAAAAAAAAAAAAAAAAAAAAAAAAAAAAAAAAAAAAAAAAAAAAAAAAAAAAAAAAAAAAAAAAAAAAAAAAAAAAAAAAAAAAAAAAAAAAAAAAAAAAAAAAAAAAAAAAAAAAAAAAAAAAAAAAAAAAAAAAAAAAAAAAAAAAAAAAAAAAAAAAAAAAAAAAAAAAAAAAAAAAAAAAAAAAAAAAAAAAAAAAAAAAAAAAAAAAAAAAAAAAAAAAAAAAAAAAAAAAAAAAAAAAAAAAAAAAAAAAAAAAAAAAAAAAAAAAAAAAAAAAAAAAAAAAAAAAAAAAAAAAAAAAAAAAAAAAAAAAAAAAAAAAAAAAAAAAAAAAAAAAAAAAAAAAAAAAAAAAAAAAAAAAAAAAAAAAAAAAAAAAAAAAAAAAAAAAAAAAAAAAAAAAAAAAAAAAAAAAAAAAAAAAAAAAAAAAAAAAAAAAAAAAAAAAAAAAAAAAAAAAAAAAAAAAAAAAAAAAAAAAAAAAAAAAAAAAAAAAAAAAAAAAAAAAAAAAAAAAAAAAAAAAAAAAAAAAAAAAAAAAAAAAAAAAAAAAAAAAAAAAAAAAAAAAAAAAAAAAAAAAAAAAAAAAAAAAAAAAAAAAAAAAAAAAAAAAAAAAAAAAAAAAAAAAAAAAAAAAAAAAAAAAAAAAAAAAAAAAAAAAAAAAAAAAAAAAAAAAAAAAAAAAAAAAAAAAAAAAAAAAAAAAAAAAAAAAAAAAAAAAAAAAAAAAAAAAAAAAAAAAAAAAAAAAAAAAAAAAAAAAAAAAAAAAAAAAAAAAAAAAAAAAAAAAAAAAAAAAAAAAAAAAAAAAAAAAAAAAAAAAAAAAAAAAAAAAAAAAAAAAAAAAAAAAAAAAAAAAAAAAAAAAAAAAAAAAAAAAAAAAAAAAAAAAAAAAAAAAAAAAAAAAAAAAAAAAAAAAAAAAAAAAAAAAAAAAAAAAAAAAAAAAAAAAAAAAAAAAAAAAAAAAAAAAAAAAAAAAAAAAAAAAAAAAAAAAAAAAAAAAAAAAAAAAAAAAAAAAAAAAAAAAAAAAAAAAAAAAAAAAAAAAAAAAAAAAAAAAAAAAAAAAAAAAAAAAAAAAAAAAAAAAAAAAAAAAAAAAAAAAAAAAAAAAAAAAAAAAAAAAAAAAAAAAAAAAAAAAAAAAAAAAAAAAAAAAAAAAAAAAAAAAAAAAAAAAAAAAAAAAAAAAAAAAAAAAAAAAAAAAAAAAAAAAAAAAAAAAAAAAAAAAAAAAAAAAAAAAAAAAAAAAAAAAAAAAAAAAAAAAAAAAAAAAAAAAAAAAAAAAAAAAAAAAAAAAAAAAAAAAAAAAAAAAAAAAAAAAAAAAAAAAAAAAAAAAAAAAAAAAAAAAAAAAAAAAAAAAAAAAAAAAAAAAAAAAAAAAAAAAAAAAAAAAAAAAAAAAAAAAAAAAAAAAAAAAAAAAAAAAAAAAAAAAAAAAAAAAAAAAAAAAAAAAAAAAAAAAAAAAAAAAAAAAAAAAAAAAAAAAAAAAAAAAAAAAAAAAAAAAAAAAAAAAAAAAAAAAAAAAAAAAAAAAAAAAAAAAAAAAAAAAAAAAAAAAAAAAAAAAAAAAAAAAAAAAAAAAAAAAAAAAAAAAAAAAAAAAAAAAAAAAAAAAAAAAAAAAAAAAAAAAAAAAAAAAAAAAAAAAAAAAAAAAAAAAAAAAAAAAAAAAAAAAAAAAAAAAAAAAAAAAAAAAAAAAAAAAAAAAAAAAAAAAAAAAAAAAAAAAAAAAAAAAAAAAAAAAAAAAAAAAAAAAAAAAAAAAAAAAAAAAAAAAAAAAAAAAAAAAAAAAAAAAAAAAAAAAAAAAAAAAAAAAAAAAAAAAAAAAAAAAAAAAAAAAAAAAAAAAAAAAAAAAAAAAAAAAAAAAAAAAAAAAAAAAAAAAAAAAAAAAAAAAAAAAAAAAAAAAAAAAAAAAAAAAAAAAAAAAAAAAAAAAAAAAAAAAAAAAAAAAAAAAAAAAAAAAAAAAAAAAAAAAAAAAAAAAAAAAAAAAAAAAAAAAAAAAAAAAAAAAAAAAAAAAAAAAAAAAAAAAAAAAAAAAAAAAAAAAAAAAAAAAAAAAAAAAAAAAAAAAAAAAAAAAAAAAAAAAAAAAAAAAAAAAAAAAAAAAAAAAAAAAAAAAAAAAAAAAAAAAAAAAAAAAAAAAAAAAAAAAAAAAAAAAAAAAAAAAAAAAAAAAAAAAAAAAAAAAAAAAAAAAAAAAAAAAAAAAAAAAAAAAAAAAAAAAAAAAAAAAAAAAAAAAAAAAAAAAAAAAAAAAAAAAAAAAAAAAAAAAAAAAAAAAAAAAAAAAAAAAAAAAAAAAAAAAAAAAAAAAAAAAAAAAAAAAAAAAAAAAAAAAAAAAAAAAAAAAAAAAAAAAAAAAAAAAAAAAAAAAAAAAAAAAAAAAAAAAAAAAAAAAAAAAAAAAAAAAAAAAAAAAAAAAAAAAAAAAAAAAAAAAAAAAAAAAAAAAAAAAAAAAAAAAAAAAAAAAAAAAAAAAAAAAAAAAAAAAAAAAAAAAAAAAAAAAAAAAAAAAAAAAAAAAAAAAAAAAAAAAAAAAAAAAAAAAAAAAAAAAAAAAAAAAAAAAAAAAAAAAAAAAAAAAAAAAAAAAAAAAAAAAAAAAAAAAAAAAAAAAAAAAAAAAAAAAAAAAAAAAAAAAAAAAAAAAAAAAAAAAAAAAAAAAAAAAAAAAAAAAAAAAAAAAAAAAAAAAAAAAAAAAAAAAAAAAAAAAAAAAAAAAAAAAAAAAAAAAAAAAAAAAAAAAAAAAAAAAAAAAAAAAAAAAAAAAAAAAAAAAAAAAAAAAAAAAAAAAAAAAAAAAAAAAAAAAAAAAAAAAAAAAAAAAAAAAAAAAAAAAAAAAAAAAAAAAAAAAAAAAAAAAAAAAAAAAAAAAAAAAAAAAAAAAAAAAAAAAAAAAAAAAAAAAAAAAAAAAAAAAAAAAAAAAAAAAAAAAAAAAAAAAAAAAAAAAAAAAAAAAAAAAAAAAAAAAAAAAAAAAAAAAAAAAAAAAAAAAAAAAAAAAAAAAAAAAAAAAAAAAAAAAAAAAAAAAAAAAAAAAAAAAAAAAAAAAAAAAAAAAAAAAAAAAAAAAAAAAAAAAAAAAAAAAAAAAAAAAAAAAAAAAAAAAAAAAAAAAAAAAAAAAAAAAAAAAAAAAAAAAAAAAAAAAAAAAAAAAAAAAAAAAAAAAAAAAAAAAAAAAAAAAAAAAAAAAAAAAAAAAAAAAAAAAAAAAAAAAAAAAAAAAAAAAAAAAAAAAAAAAAAAAAAAAAAAAAAAAAAAAAAAAAAAAAAAAAAAAAAAAAAAAAAAAAAAAAAAAAAAAAAAAAAAAAAAAAAAAAAAAAAAAAAAAAAAAAAAAAAAAAAAAAAAAAAAAAAAAAAAAAAAAAAAAAAAAAAAAAAAAAAAAAAAAAAAAAAAAAAAAAAAAAAAAAAAAAAAAAAAAAAAAAAAAAAAAAAAAAAAAAAAAAAAAAAAAAAAAAAAAAAAAAAAAAAAAAAAAAAAAAAAAAAAAAAAAAAAAAAAAAAAAAAAAAAAAAAAAAAAAAAAAAAAAAAAAAAAAAAAAAAAAAAAAAAAAAAAAAAAAAAAAAAAAAAAAAAAAAAAAAAAAAAAAAAAAAAAAAAAAAAAAAAAAAAAAAAAAAAAAAAAAAAAAAAAAAAAAAAAAAAAAAAAAAAAAAAAAAAAAAAAAAAAAAAAAAAAAAAAAAAAAAAAAAAAAAAAAAAAAAAAAAAAAAAAAAAAAAAAAAAAAAAAAAAAAAAAAAAAAAAAAAAAAAAAAAAAAAAAAAAAAAAAAAAAAAAAAAAAAAAAAAAAAAAAAAAAAAAAAAAAAAAAAAAAAAAAAAAAAAAAAAAAAAAAAAAAAAAAAAAAAAAAAAAAAAAAAAAAAAAAAAAAAAAAAAAAAAAAAAAAAAAAAAAAAAAAAAAAAAAAAAAAAAAAAAAAAAAAAAAAAAAAAAAAAAAAAAAAAAAAAAAAAAAAAAAAAAAAAAAAAAAAAAAAAAAAAAAAAAAAAAAAAAAAAAAAAAAAAAAAAAAAAAAAAAAAAAAAAAAAAAAAAAAAAAAAAAAAAAAAAAAAAAAAAAAAAAAAAAAAAAAAAAAAAAAAAAAAAAAAAAAAAAAAAAAAAAAAAAAAAAAAAAAAAAAAAAAAAAAAAAAAAAAAAAAAAAAAAAAAAAAAAAAAAAAAAAAAAAAAAAAAAAAAAAAAAAAAAAAAAAAAAAAAAAAAAAAAAAAAAAAAAAAAAAAAAAAAAAAAAAAAAAAAAAAAAAAAAAAAAAAAAAAAAAAAAAAAAAAAAAAAAAAAAAAAAAAAPQ+3TwAAIABJREFUAAAAAAAAAAAAAAAAAAAAAAAAAAAAAAAAAAAAAAAAAAAAAAAAAAAAAAAAAAAAAAAAAAAAAAAAAAAAAAAAAAAAAAAAAAAAAAAAAAAAAAAAAAAAAAAAAAAAAAAAAAAAAAAAAAAAAAAAAAAAAAAAAAAAAAAAAAAAAAAAAAAAAAAAAAAAAAAAAAAAAAAAAAAAAAAAAAAAAAAAAAAAAAAAAAAAAAAAAAAAAAAAAAAAAAAAAAAAAAAAAAAAAAAAAAAAAAAAAAAAAAAAAAAAAAAAAAAAAAAAAAAAAAAAAAAAAAAAAAAAAAAAAAAAAAAAAAAAAAAAAAAAAAAAAAAAAAAAAAAAAAAAAAAAAAAAAAAAAAAAAAAAAAAAAAAAAAAAAAAAAAAAAAAAAAAAAAAAAAAAAAAAAAAAAAAAAAAAAAAAAAAAAAAAAAAAAAAAAAAAAAAAAAAAAAAAAAAAAAAAAAAAAAAAAAAAAAAAAAAAAAAAAAAAAAAAAAAAAAAAAAAAAAAAAAAAAAAAAAAAAAAAAAAAAAAAAAAAAAAAAAAAAAAAAAAAAAAAAAAAAAAAAAAAAAAAAAAAAAAAAAAAAAAAAAAAAAAAAAAAAAAAAAAAAAAAAAAAAAAAAAAAAAAAAAAAAAAAAAAAAAAAAAAAAAAAAAAAAAAAAAAAAAAAAAAAAAAAAAAAAAAAAAAAAAAAAAAAAAAAAAAAAAAAAAAAAAAAAAAAAAAAAAAAAAAAAAAAAAAAAAAAAAAAAAAAAAAAAAAAAAAAAAAAAAAAAAAAAAAAAAAAAAAAAAAAAAAAAAAAAAAAAAAAAAAAAAAAAAAAAAAAAAAAAAAAAAAAAAAAAAAAAAAAAAAAAAAAAAAAAAAAAAAAAAAAAAAAAAAAAAAAAAAAAAAAAAAAAAAAAAAAAAAAAAAAAAAAAAAAAAAAAAAAAAAAAAAAAAAAAAAAAAAAAAAAAAAAAAAAAAAAAAAAAAAAAAAAAAAAAAAAAAAAAAAAAAAAAAAAAAAAAAAAAAAAAAAAAAAAAAAAAAAAAAAAAAAAAAAAAAAAAAAAAAAAAAAAAAAAAAAAAAAAAAAAAAAAAAAAAAAAAAAAAAAAAAAAAAAAAAAAAAAAAAAAAAAAAAAAAAAAAAAAAAAAAAAAAAAAAAAAAAAAAAAAAAAAAAAAAAAAAAAAAAAAAAAAAAAAAAAAAAAAAAAAAAAAAAAAAAAAAAAAAAAAAAAAAAAAAAAAAAAAAAAAAAAAAAAAAAAAAAAAAAAAAAAAAAAAAAAAAAAAAAAAAAAAAAAAAAAAAAAAAAAAAAAAAAAAAAAAAAAAAAAAAAAAAAAAAAAAAAAAAAAAAAAAAAAAAAAAAAAAAAAAAAAAAAAAAAAAAAAAAAAAAAAAAAAAAAAAAAAAAAAAAAAAAAAAAAAAAAAAAAAAAAAAAAAAAAAAAAAAAAAAAAAAAAAAAAAAAAAAAAAAAAAAAAAAAAAAAAAAAAAAAAAAAAAAAAAAAAAAAAAAAAAAAAAAAAAAAAAAAAAAAAAAAAAAAAAAAAAAAAAAAAAAAAAAAAAAAAAAAAAAAAAAAAAAAAAAAAAAAAAAAAAAAAAAAAAAAAAAAAAAAAAAAAAAAAAAAAAAAAAAAAAAAAAAAAAAAAAAAAAAAAAAAAAAAAAAAAAAAAAAAAAAAAAAAAAAAAAAAAAAAAAAAAAAAAAAAAAAAAAAAAAAAAAAAAAAAAAAAAAAAAAAAAAAAAAAAAAAAAAAAAAAAAAAAAAAAAAAAAAAAAAAAAAAAAAAAAAAAAAAAAAAAAAAAAAAAAAAAAAAAAAAAAAAAAAAAAAAAAAAAAAAAAAAAAAAAAAAAAAAAAAAAAAAAAAAAAAAAAAAAAAAAAAAAAAAAAAAAAAAAAAAAAAAAAAAAAAAAAAAAAAAAAAAAAAAAAAAAAAAAAAAAAAAAAAAAAAAAAAAAAAAAAAAAAAAAAAAAAAAAAAAAAAAAAAAAAAAAAAAAAAAAAAAAAAAAAAAAAAAAAAAAAAAAAAAAAAAAAAAAAAAAAAAAAAAAAAAAAAAAAAAAAAAAAAAAAAAAAAAAAAAAAAAAAAAAAAAAAAAAAAAAAAAAAAAAAAAAAAAAAAAAAAAAAAAAAAAAAAAAAAAAAAAAAAAAAAAAAAAAAAAAAAAAAAAAAAAAAAAAAAAAAAAAAAAAAAAAAAAAAAAAAAAAAAAAAAAAAAAAAAAAAAAAAAAAAAAAAAAAAAAAAAAAAAAAAAAAAAAAAAAAAAAAAAAAAAAAAAAAAAAAAAAAAAAAAAAAAAAAAAAAAAAAAAAAAAAAAAAAAAAAAAAAAAAAAAAAAAAAAAAAAAAAAAAAAAAAAAAAAAAAAAAAAAAAAAAAAAAAAAAAAAAAAAAAAAAAAAAAAAAAAAAAAAAAAAAAAAAAAAAAAAAAAAAAAAAAAAAAAAAAAAAAAAAAAAAAAAAAAAAAAAAAAAAAAAAAAAAAAAAAAAAAAAAAAAAAAAAAAAAAAAAAAAAAAAAAAAAAAAAAAAAAAAAAAAAAAAAAAAAAAAAAAAAAAAAAAAAAAAAAAAAAAAAAAAAAAAAAAAAAAAAAAAAAAAAAAAAAAAAAAAAAAAAAAAAAAAAAAAAAAAAAAAAAAAAAAAAAAAAAAAAAAAAAAAAAAAAAAAAAAAAAAAAAAAAAAAAAAAAAAAAAAAAAAAAAAAAAAAAAAAAAAAAAAAAAAAAAAAAAAAAAAAAAAAAAAAAAAAAAAAAAAAAAAAAAAAAAAAAAAAAAAAAAAAAAAAAAAAAAAAAAAAAAAAAAAAAAAAAAAAAAAAAAAAAAAAAAAAAAAAAAAAAAAAAAAAAAAAAAAAAAAAAAAAAAAAAAAAAAAAAAAAAAAAAAAAAAAAAAAAAAAAAAAAAAAAAAAAAAAAAAAAAAAAAAAAAAAAAAAAAAAAAAAAAAAAAAAAAAAAAAAAAAAAAAAAAAAAAAAAAAAAAAAAAAAAAAAAAAAAAAAAAAAAAAAAAAAAAAAAAAAAAAAAAAAAAAAAAAAAAAAAAAAAAAAAAAAAAAAAAAAAAAAAAAAAAAAAAAAAAAAAAAAAAAAAAAAAAAAAAAAAAAAAAAAAAAAAAAAAAAAAAAAAAAAAAAAAAAAAAAAAAAAAAAAAAAAAAAAAAAAAAAAAAAAAAAAAAAAAAAAAAAAAAAAAAAAAAAAAAAAAAAAAAAAAAAAAAAAAAAAAAAAAAAAAAAAAAAAAAAAAAAAAAAAAAAAAAAAAAAAAAAAAAAAAAAAAAAAAAAAAAAAAAAAAAAAAAAAAAAAAAAAAAAAAAAAAAAAAAAAAAAAAAAAAAAAAAAAAAAAAAAAAAAAAAAAAAAAAAAAAAAAAAAAAAAAAAAAAAAAAAAAAAAAAAAAAAAAAAAAAAAAAAAAAAAAAAAAAAAAAAAAAAAAAAAAAAAAAAAAAAAAAAAAAAAAAAAAAAAAAAAAAAAAAAAAAAAAAAAAAAAAAAAAAAAAAAAAAAAAAAAAAAAAAAAAAAAAAAAAAAAAAAAAAAAAAAAAAAAAAAAAAAAAAAAAAAAAAAAAAAAAAAAAAAAAAAAAAAAAAAAAAAAAAAAAAAAAAAAAAAAAAAAAAAAAAAAAAAAAAAAAAAAAAAAAAAAAAAAAAAAAAAAAAAAAAAAAAAAAAAAAAAAAAAAAAAAAAAAAAAAAAAAAAAAAAAAAAAAAAAAAAAAAAAAAAAAAAAAAAAAAAAAAAAAAAAAAAAAAAAAAAAAAAAAAAAAAAAAAAAAAAAAAAAAAAAAAAAAAAAAAAAAAAAAAAAAAAAAAAAAAAAAAAAAAAAAAAAAAAAAAAAAAAAAAAAAAAAAAAAAAAAAAAAAAAAAAAAAAAAAAAAAAAAAAAAAAAAAAAAAAAAAAAAAAAAAAAAAAAAAAAAAAAAAAAAAAAAAAAAAAAAAAAAAAAAAAAAAAAAAAAAAAAAAAAAAAAAAAAAAAAAAAAAAAAAAAAAAAAAAAAAAAAAAAAAAAAAAAAAAAAAAAAAAAAAAAAAAAAAAAAAAAAAAAAAAAAAAAAAAAAAAAAAAAAAAAAAAAAAAAAAAAAAAAAAAAAAAAAAAAAAAAAAAAAAAAAAAAAAAAAAAAAAAAAAAAAAAAAAAAAAAAAAAAAAAAAAAAAAAAAAAAAAAAAAAAAAAAAAAAAAAAAAAAAAAAAAAAAAAAAAAAAAAAAAAAAAAAAAAAAAAAAAAAAAAAAAAAAAAAAAAAAAAAAAAAAAAAAAAAAAAAAAAAAAAAAAAAAAAAAAAAAAAAAAAAAAAAAAAAAAAAAAAAAAAAAAAAAAAAAAAAAAAAAAAAAAAAAAAAAAAAAAAAAAAAAAAAAAAAAAAAAAAAAAAAAAAAAAAAAAAAAAAAAAAAAAAAAAAAAAAAAAAAAAAAAAAAAAAAAAAAAAAAAAAAAAAAAAAAAAAAAAAAAAAAAAAAAAAAAAAAAAAAAAAAAAAAAAAAAAAAAAAAAAAAAAAAAAAAAAAAAAAAAAAAAAAAAAAAAAAAAAAAAAAAAAAAAAAAAAAAAAAAAAAAAAAAAAAAAAAAAAAAAAAAAAAAAAAAAAAAAAAAAAAAAAAAAAAAAAAAAAAAAAAAAAAAAAAAAAAAAAAAAAAAAAAAAAAAAAAAAAAAAAAAAAAAAAAAAAAAAAAAAAAAAAAAAAAAAAAAAAAAAAAAAAAAAAAAAAAAAAAAAAAAAAAAAAAAAAAAAAAAAAAAAAAAAAAAAAAAAAAAAAAAAAAAAAAAAAAAAAAAAAAAAAAAAAAAAAAAAAAAAAAAAAAAAAAAAAAAAAAAAAAAAAAAAAAAAAAAAAAAAAAAAAAAAAAAAAAAAAAAAAAAAAAAAAAAAAAAAAAAAAAAAAAAAAAAAAAAAAAAAAAAAAAAAAAAAAAAAAAAAAAAAAAAAAAAAAAAAAAAAAAAAAAAAAAAAAAAAAAAAAAAAAAAAAAAAAAAAAAAAAAAAAAAAAAAAAAAAAAAAAAAAAAAAAAAAAAAAAAAAAAAAAAAAAAAAAAAAAAAAAAAAAAAAAAAAAAAAAAAAAAAAAAAAAAAAAAAAAAAAAAAAAAAAAAAAAAAAAAAAAAAAAAAAAAAAAAAAAAAAAAAAAAAAAAAAAAAAAAAAAAAAAAAAAAAAAAAAAAAAAAAAAAAAAAAAAAAAAAAAAAAAAAAAAAAAAAAAAAAAAAAAAAAAAAAAAAAAAAAAAAAAAAAAAAAAAAAAAAAAAAAAAAAAAAAAAAAAAAAAAAAAAAAAAAAAAAAAAAAAAAAAAAAAAAAAAAAAAAAAAAAAAAAAAAAAAAAAAAAAAAAAAAAAAAAAAAAAAAAAAAAAAAAAAAAAAAAAAAAAAAAAAAAAAAAAAAAAAAAAAAAAAAAAAAAAAAAAAAAAAAAAAAAAAAAAAAAAAAAAAAAAAAAAAAAAAAAAAAAAAAAAAAAAAAAAAAAAAAAAAAAAAAAAAAAAAAAAAAAAAAAAAAAAAAAAAAAAAAAAAAAAAAAAAAAAAAAAAAAAAAAAAAAAAAAAAAAAAAAAAAAAAAAAAAAAAAAAAAAAAAAAAAAAAAAAAAAAAAAAAAAAAAAAAAAAAAAAAAAAAAAAAAAAAAAAAAAAAAAAAAAAAAAAAAAAAAAAAAAAAAAAAAAAAAAAAAAAAAAAAAAAAAAAAAAAAAAAAAAAAAAAAAAAAAAAAAAAAAAAAAAAAAAAAAAAAAAAAAAAAAAAAAAAAAAAAAAAAAAAAAAAAAAAAAAAAAAAAAAAAAAAAAAAAAAAAAAAAAAAAAAAAAAAAAAAAAAAAAAAAAAAAAAAAAAAAAAAAAAAAAAAAAAAAAAAAAAAAAAAAAAAAAAAAAAAAAAAAAAAAAAAAAAAAAAAAAAAAAAAAAAAAAAAAAAAAAAAAAAAAAAAAAAAAAAAAAAAAAAAAAAAAAAAAAAAAAAAAAAAAAAAAAAAAAAAAAAAAAAAAAAAAAAAAAAAAAAAAAAAAAAAAAAAAAAAAAAAAAAAAAAAAAAAAAAAAAAAAAAAAAAAAAAAAAAAAAAAAAAAAAAAAAAAAAAAAAAAAAAAAAAAAAAAAAAAAAAAAAAAAAAAAAAAAAAAAAAAAAAAAAAAAAAAAAAAAAAAAAAAAAAAAAAAAAAAAAAAAAAAAAAAAAAAAAAAAAAAAAAAAAAAAAAAAAAAAAAAAAAAAAAAAAAAAAAAAAAAAAAAAAAAAAAAAAAAAAAAAAAAAAAAAAAAAAAAAAAAAAAAAAAAAAAAAAAAAAAAAAAAAAAAAAAAAAAAAAAAAAAAAAAAAAAAAAAAAAAAAAAAAAAAAAAAAAAAAAAAAAAAAAAAAAAAAAAAAAAAAAAAAAAAAAAAAAAAAAAAAAAAAAAAAAAAAAAAAAAAAAAAAAAAAAAAAAAAAAAAAAAAAAAAAAAAAAAAAAAAAAAAAAAAAAAAAAAAAAAAAAAAAAAAAAAAAAAAAAAAAAAAAAAAAAAAAAAAAAAAAAAAAAAAAAAAAAAAAAAAAAAAAAAAAAAAAAAAAAAAAAAAAAAAAAAAAAAAAAAAAAAAAAAAAAAAAAAAAAAAAAAAAAAAAAAAAAAAAAAAAAAAAAAAAAAAAAAAAAAAAAAAAAAAAAAAAAAAAAAAAAAAAAAAAAAAAAAAAAAAAAAAAAAAAAAAAAAAAAAAAAAAAAAAAAAAAAAAAAAAAAAAAAAAAAAAAAAAAAAAAAAAAAAAAAAAAAAAAAAAAAAAAAAAAAAAAAAAAAAAAAAAAAAAAAAAAAAAAAAAAAAAAAAAAAAAAAAAAAAAAAAAAAAAAAAAAAAAAAAAAAAAAAAAAAAAAAAAAAAAAAAAAAAAAAAAAAAAAAAAAAAAAAAAAAAAAAAAAAAAAAAAAAAAAAAAAAAAAAAAAAAAAAAAAAAAAAAAAAAAAAAAAAAAAAAAAAAAAAAAAAAAAAAAAAAAAAAAAAAAAAAAAAAAAAAAAAAAAAAAAAAAAAAAAAAAAAAAAAAAAAAAAAAAAAAAAAAAAAAAAAAAAAAAAAAAAAAAAAAAAAAAAAAAAAAAAAAAAAAAAAAAAAAAAAAAAAAAAAAAAAAAAAAAAAAAAAAAAAAAAAAAAAAAAAAAAAAAAAAAAAAAAAAAAAAAAAAAAAAAAAAAAAAAAAAAAAAAAAAAAAAAAAAAAAAAAAAAAAAAAAAAAAAAAAAAAAAAAAAAAAAAAAAAAAAAAAAAAAAAAAAAAAAAAAAAAAAAAAAAAAAAAAAAAAAAAAAAAAAAAAAAAAAAAAAAAAAAAAAAAAAAAAAAAAAAAAAAAAAAAAAAAAAAAAAAAAAAAAAAAAAAAAAAAAAAAAAAAAAAAAAAAAAAAAAAAAAAAAAAAAAAAAAAAAAAAAAAAAAAAAAAAAAAAAAAAAAAAAAAAAAAAAAAAAAAAAAAAAAAAAAAAAAAAAAAAAAAAAAAAAAAAAAAAAAAAAAAAAAAAAAAAAAAAAAAAAAAAAAAAAAAAAAAAAAAAAAAAAAAAAAAAAAAAAAAAAAAAAAAAAAAAAAAAAAAAAAAAAAAAAAAAAAAAAAAAAAAAAAAAAAAAAAAAAAAAAAAAAAAAAAAAAAAAAAAAAAAAAAAAAAAAAAAAAAAAAAAAAAAAAAAAAAAAAAAAAAAAAAAAAAAAAAAAAAAAAAAAAAAAAAAAAAAAAAAAAAAAAAAAAAAAAAAAAAAAAAAAAAAAAAAAAAAAAAAAAAAAAAAAAAAAAAAAAAAAAAAAAAAAAAAAAAAAAAAAAAAAAAAAAAAAAAAAAAAAAAAAAAAAAAAAAAAAAAAAAAAAAAAAAAAAAAAAAAAAAAAAAAAAAAAAAAAAAAAAAAAAAAAAAAAAAAAAAAAAAAAAAAAAAAAAAAAAAAAAAAAAAAAAAAAAAAAAAAAAAAAAAAAAAAAAAAAAAAAAAAAAAAAAAAAAAAAAAAAAAAAAAAAAAAAAAAAAAAAAAAAAAAAAAAAAAAAAAAAAAAAAAAAAAAAAAAAAAAAAAAAAAAAAAAAAAAAAAAAAAAAAAAAAAAAAAAAAAAAAAAAAAAAAAAAAAAAAAAAAAAAAAAAAAAAAAAAAAAAAAAAAAAAAAAAAAAAAAAAAAAAAAAAAAAAAAAAAAAAAAAAAAAAAAAAAAAAAAAAAAAAAAAAAAAAAAAAAAAAAAAAAAAAAAAAAAAAAAAAAAAAAAAAAAAAAAAAAAAAAAAAAAAAAAAAAAAAAAAAAAAAAAAAAAAAAAAAAAAAAAAAAAAAAAAAAAAAAAAAAAAAAAAAAAAAAAAAAAAAAAAAAAAAAAAAAAAAAAAAAAAAAAAAAAAAAAAAAAAAAAAAAAAAAAAAAAAAAAAAAAAAAAAAAAAAAAAAAAAAAAAAAAAAAAAAAAAAAAAAAAAAAAAAAAAAAAAAAAAAAAAAAAAAAAAAAAAAAAAAAAAAAAAAAAAAAAAAAAAAAAAAAAAAAAAAAAAAAAAAAAAAAAAAAAAAAAAAAAAAAAAAAAAAAAAAAAAAAAAAAAAAAAAAAAAAAAAAAAAAAAAAAAAAAAAAAAAAAAAAAAAAAAAAAAAAAAAAAAAAAAAAAAAAAAAAAAAAAAAAAAAAAAAAAAAAAAAAAAAAAAAAAAAAAAAAAAAAAAAAAAAAAAAAAAAAAAAAAAAAAAAAAAAAAAAAAAAAAAAAAAAAAAAAAAAAAAAAAAAAAAAAAAAAAAAAAAAAAAAAAAAAAAAAAAAAAAAAAAAAAAAAAAAAAAAAAAAAAAAAAAAAAAAAAAAAAAAAAAAAAAAAAAAAAAAAAAAAAAAAAAAAAAAAAAAAAAAAAAAAAAAAAAAAAAAAAAAAAAAAAAAAAAAAAAAAAAAAAAAAAAAAAAAAAAAAAAAAAAAAAAAAAAAAAAAAAAAAAAAAAAAAAAAAAAAAAAAAAAAAAAAAAAAAAAAAAAAAAAAAAAAAAAAAAAAAAAAAAAAAAAAAAAAAAAAAAAAAAAAAAAAAAAAAAAAAAAAAAAAAAAAAAAAAAAAAAAAAAAAAAAAAAAAAAAAAAAAAAAAAAAAAAAAAAAAAAAAAAAAAAAAAAAAAAAAAAAAAAAAAAAAAAAAAAAAAAAAAAAAAAAAAAAAAAAAAAAAAAAAAAAAAAAAAAAAAAAAAAAAAAAAAAAAAAAAAAAAAAAAAAAAAAAAAAAAAAAAAAAAAAAAAAAAAAAAAAAAAAAAAAAAAAAAAAAAAAAAAAAAAAAAAAAAAAAAAAAAAAAAAAAAAAAAAAAAAAAAAAAAAAAAAAAAAAAAAAAAAAAAAAAAAAAAAAAAAAAAAAAAAAAAAAAAAAAAAAAAAAAAAAAAAAAAAAAAAAAAAAAAAAAAAAAAAAAAAAAAAAAAAAAAAAAAAAAAAAAAAAAAAAAAAAAAAAAAAAAAAAAAAAAAAAAAAAAAAAAAAAAAAAAAAAAAAAAAAAAAAAAAAAAAAAAAAAAAAAAAAAAAAAAAAAAAAAAAAAAAAAAAAAAAAAAAAAAAAAAAAAAAAAAAAAAAAAAAAAAAAAAAAAAAAAAAAAAAAAAAAAAAAAAAAAAAAAAAAAAAAAAAAAAAAAAAAAAAAAAAAAAAAAAAAAAAAAAAAAAAAAAAAAAAAAAAAAAAAAAAAAAAAAAAAAAAAAAAAAAAAAAAAAAAAAAAAAAAAAAAAAAAAAAAAAAAAAAAAAAAAAAAAAAAAAAAAAAAAAAAAAAAAAAAAAAAAAAAAAAAAAAAAAAAAAAAAAAAAAAAAAAAAAAAAAAAAAAAAAAAAAAAAAAAAAAAAAAAAAAAAAAAAAAAAAAAAAAAAAAAAAAAAAAAAAAAAAAAAAAAAAAAAAAAAAAAAAAAAAAAAAAAAAAAAAAAAAAAAAAAAAAAAAAAAAAAAAAAAAAAAAAAAAAAAAAAAAAAAAAAAAAAAAAAAAAAAAAAAAAAAAAAAAAAAAAAAAAAAAAAAAAAAAAAAAAAAAAAAAAAAAAAAAAAAAAAAAAAAAAAAAAAAAAAAAAAAAAAAAAAAAAAAAAAAAAAAAAAAAAAAAAAAAAAAAAAAAAAAAAAAAAAAAAAAAAAAAAAAAAAAAAAAAAAAAAAAAAAAAAAAAAAAAAAAAAAAAAAAAAAAAAAAAAAAAAAAAAAAAAAAAAAAAAAAAAAAAAAAAAAAAAAAAAAAAAAAAAAAAAAAAAAAAAAAAAAAAAAAAAAAAAAAAAAAAAAAAAAAAAAAAAAAAAAAAAAAAAAAAAAAAAAAAAAAAAAAAAAAAAAAAAAAAAAAAAAAAAAAAAAAAAAAAAAAAAAAAAAAAAAAAAAAAAAAAAAAAAAAAAAAAAAAAAAAAAAAAAAAAAAAAAAAAAAAAAAAAAAAAAAAAAAAAAAAAAAAAAAAAAAAAAAAAAAAAAAAAAAAAAAAAAAAAAAAAAAAAAAAAAAAAAAAAAAAAAAAAAAAAAAAAAAAAAAAAAAAAAAAAAAAAAAAAAAAAAAAAAAAAAAAAAAAAAAAAAAAAAAAAAAAAAAAAAAAAAAAAAAAAAAAAAAAAAAAAAAAAAAAAAAAAAAAAAAAAAAAAAAAAAAAAAAAAAAAAAAAAAAAAAAAAAAAAAAAAAAAAAAAAAAAAAAAAAAAAAAAAAAAAAAAAAAAAAAAAAAAAAAAAAAAAAAAAAAAAAAAAAAAAAAAAAAAAAAAAAAAAAAAAAAAAAAAAAAAAAAAAAAAAAAAAAAAAAAAAAAAAAAAAAAAAAAAAAAAAAAAAAAAAAAAAAAAAAAAAAAAAAAAAAAAAAAAAAAAAAAAAAAAAAAAAAAAAAAAAAAAAAAAAAAAAAAAAAAAAAAAAAAAAAAAAAAAAAAAAAAAAAAAAAAAAAAAAAAAAAAAAAAAAAAAAAAAAAAAAAAAAAAAAAAAAAAAAAAAAAAAAAAAAAAAAAAAAAAAAAAAAAAAAAAAAAAAAAAAAAAAAAAAAAAAAAAAAAAAAAAAAAAAAAAAAAAAAAAAAAAAAAAAAAAAAAAAAAAAAAAAAAAAAAAAAAAAAAAAAAAAAAAAAAAAAAAAAAAAAAAAAAAAAAAAAAAAAAAAAAAAAAAAAAAAAAAA9D7dPAAAgAElEQVQAAAAAAAAAAAAAAAAAAAAAAAAAAAAAAAAAAAAAAAAAAAAAAAAAAAAAAAAAAAAAAAAAAAAAAAAAAAAAAAAAAAAAAAAAAAAAAAAAAAAAAAAAAAAAAAAAAAAAAAAAAAAAAAAAAAAAAAAAAAAAAAAAAAAAAAAAAAAAAAAAAAAAAAAAAAAAAAAAAAAAAAAAAAAAAAAAAAAAAAAAAAAAAAAAAAAAAAAAAAAAAAAAAAAAAAAAAAAAAAAAAAAAAAAAAAAAAAAAAAAAAAAAAAAAAAAAAAAAAAAAAAAAAAAAAAAAAAAAAAAAAAAAAAAAAAAAAAAAAAAAAAAAAAAAAAAAAAAAAAAAAAAAAAAAAAAAAAAAAAAAAAAAAAAAAAAAAAAAAAAAAAAAAAAAAAAAAAAAAAAAAAAAAAAAAAAAAAAAAAAAAAAAAAAAAAAAAAAAAAAAAAAAAAAAAAAAAAAAAAAAAAAAAAAAAAAAAAAAAAAAAAAAAAAAAAAAAAAAAAAAAAAAAAAAAAAAAAAAAAAAAAAAAAAAAAAAAAAAAAAAAAAAAAAAAAAAAAAAAAAAAAAAAAAAAAAAAAAAAAAAAAAAAAAAAAAAAAAAAAAAAAAAAAAAAAAAAAAAAAAAAAAAAAAAAAAAAAAAAAAAAAAAAAAAAAAAAAAAAAAAAAAAAAAAAAAAAAAAAAAAAAAAAAAAAAAAAAAAAAAAAAAAAAAAAAAAAAAAAAAAAAAAAAAAAAAAAAAAAAAAAAAAAAAAAAAAAAAAAAAAAAAAAAAAAAAAAAAAAAAAAAAAAAAAAAAAAAAAAAAAAAAAAAAAAAAAAAAAAAAAAAAAAAAAAAAAAAAAAAAAAAAAAAAAAAAAAAAAAAAAAAAAAAAAAAAAAAAAAAAAAAAAAAAAAAAAAAAAAAAAAAAAAAAAAAAAAAAAAAAAAAAAAAAAAAAAAAAAAAAAAAAAAAAAAAAAAAAAAAAAAAAAAAAAAAAAAAAAAAAAAAAAAAAAAAAAAAAAAAAAAAAAAAAAAAAAAAAAAAAAAAAAAAAAAAAAAAAAAAAAAAAAAAAAAAAAAAAAAAAAAAAAAAAAAAAAAAAAAAAAAAAAAAAAAAAAAAAAAAAAAAAAAAAAAAAAAAAAAAAAAAAAAAAAAAAAAAAAAAAAAAAAAAAAAAAAAAAAAAAAAAAAAAAAAAAAAAAAAAAAAAAAAAAAAAAAAAAAAAAAAAAAAAAAAAAAAAAAAAAAAAAAAAAAAAAAAAAAAAAAAAAAAAAAAAAAAAAAAAAAAAAAAAAAAAAAAAAAAAAAAAAAAAAAAAAAAAAAAAAAAAAAAAAAAAAAAAAAAAAAAAAAAAAAAAAAAAAAAAAAAAAAAAAAAAAAAAAAAAAAAAAAAAAAAAAAAAAAAAAAAAAAAAAAAAAAAAAAAAAAAAAAAAAAAAAAAAAAAAAAAAAAAAAAAAAAAAAAAAAAAAAAAAAAAAAAAAAAAAAAAAAAAAAAAAAAAAAAAAAAAAAAAAAAAAAAAAAAAAAAAAAAAAAAAAAAAAAAAAAAAAAAAAAAAAAAAAAAAAAAAAAAAAAAAAAAAAAAAAAAAAAAAAAAAAAAAAAAAAAAAAAAAAAAAAAAAAAAAAAAAAAAAAAAAAAAAAAAAAAAAAAAAAAAAAAAAAAAAAAAAAAAAAAAAAAAAAAAAAAAAAAAAAAAAAAAAAAAAAAAAAAAAAAAAAAAAAAAAAAAAAAAAAAAAAAAAAAAAAAAAAAAAAAAAAAAAAAAAAAAAAAAAAAAAAAAAAAAAAAAAAAAAAAAAAAAAAAAAAAAAAAAAAAAAAAAAAAAAAAAAAAAAAAAAAAAAAAAAAAAAAAAAAAAAAAAAAAAAAAAAAAAAAAAAAAAAAAAAAAAAAAAAAAAAAAAAAAAAAAAAAAAAAAAAAAAAAAAAAAAAAAAAAAAAAAAAAAAAAAAAAAAAAAAAAAAAAAAAAAAAAAAAAAAAAAAAAAAAAAAAAAAAAAAAAAAAAAAAAAAAAAAAAAAAAAAAAAAAAAAAAAAAAAAAAAAAAAAAAAAAAAAAAAAAAAAAAAAAAAAAAAAAAAAAAAAAAAAAAAAAAAAAAAAAAAAAAAAAAAAAAAAAAAAAAAAAAAAAAAAAAAAAAAAAAAAAAAAAAAAAAAAAAAAAAAAAAAAAAAAAAAAAAAAAAAAAAAAAAAAAAAAAAAAAAAAAAAAAAAAAAAAAAAAAAAAAAAAAAAAAAAAAAAAAAAAAAAAAAAAAAAAAAAAAAAAAAAAAAAAAAAAAAAAAAAAAAAAAAAAAAAAAAAAAAAAAAAAAAAAAAAAAAAAAAAAAAAAAAAAAAAAAAAAAAAAAAAAAAAAAAAAAAAAAAAAAAAAAAAAAAAAAAAAAAAAAAAAAAAAAAAAAAAAAAAAAAAAAAAAAAAAAAAAAAAAAAAAAAAAAAAAAAAAAAAAAAAAAAAAAAAAAAAAAAAAAAAAAAAAAAAAAAAAAAAAAAAAAAAAAAAAAAAAAAAAAAAAAAAAAAAAAAAAAAAAAAAAAAAAAAAAAAAAAAAAAAAAAAAAAAAAAAAAAAAAAAAAAAAAAAAAAAAAAAAAAAAAAAAAAAAAAAAAAAAAAAAAAAAAAAAAAAAAAAAAAAAAAAAAAAAAAAAAAAAAAAAAAAAAAAAAAAAAAAAAAAAAAAAAAAAAAAAAAAAAAAAAAAAAAAAAAAAAAAAAAAAAAAAAAAAAAAAAAAAAAAAAAAAAAAAAAAAAAAAAAAAAAAAAAAAAAAAAAAAAAAAAAAAAAAAAAAAAAAAAAAAAAAAAAAAAAAAAAAAAAAAAAAAAAAAAAAAAAAAAAAAAAAAAAAAAAAAAAAAAAAAAAAAAAAAAAAAAAAAAAAAAAAAAAAAAAAAAAAAAAAAAAAAAAAAAAAAAAAAAAAAAAAAAAAAAAAAAAAAAAAAAAAAAAAAAAAAAAAAAAAAAAAAAAAAAAAAAAAAAAAAAAAAAAAAAAAAAAAAAAAAAAAAAAAAAAAAAAAAAAAAAAAAAAAAAAAAAAAAAAAAAAAAAAAAAAAAAAAAAAAAAAAAAAAAAAAAAAAAAAAAAAAAAAAAAAAAAAAAAAAAAAAAAAAAAAAAAAAAAAAAAAAAAAAAAAAAAAAAAAAAAAAAAAAAAAAAAAAAAAAAAAAAAAAAAAAAAAAAAAAAAAAAAAAAAAAAAAAAAAAAAAAAAAAAAAAAAAAAAAAAAAAAAAAAAAAAAAAAAAAAAAAAAAAAAAAAAAAAAAAAAAAAAAAAAAAAAAAAAAAAAAAAAAAAAAAAAAAAAAAAAAAAAAAAAAAAAAAAAAAAAAAAAAAAAAAAAAAAAAAAAAAAAAAAAAAAAAAAAAAAAAAAAAAAAAAAAAAAAAAAAAAAAAAAAAAAAAAAAAAAAAAAAAAAAAAAAAAAAAAAAAAAAAAAAAAAAAAAAAAAAAAAAAAAAAAAAAAAAAAAAAAAAAAAAAAAAAAAAAAAAAAAAAAAAAAAAAAAAAAAAAAAAAAAAAAAAAAAAAAAAAAAAAAAAAAAAAAAAAAAAAAAAAAAAAAAAAAAAAAAAAAAAAAAAAAAAAAAAAAAAAAAAAAAAAAAAAAAAAAAAAAAAAAAAAAAAAAAAAAAAAAAAAAAAAAAAAAAAAAAAAAAAAAAAAAAAAAAAAAAAAAAAAAAAAAAAAAAAAAAAAAAAAAAAAAAAAAAAAAAAAAAAAAAAAAAAAAAAAAAAAAAAAAAAAAAAAAAAAAAAAAAAAAAAAAAAAAAAAAAAAAAAAAAAAAAAAAAAAAAAAAAAAAAAAAAAAAAAAAAAAAAAAAAAAAAAAAAAAAAAAAAAAAAAAAAAAAAAAAAAAAAAAAAAAAAAAAAAAAAAAAAAAAAAAAAAAAAAAAAAAAAAAAAAAAAAAAAAAAAAAAAAAAAAAAAAAAAAAAAAAAAAAAAAAAAAAAAAAAAAAAAAAAAAAAAAAAAAAAAAAAAAAAAAAAAAAAAAAAAAAAAAAAAAAAAAAAAAAAAAAAAAAAAAAAAAAAAAAAAAAAAAAAAAAAAAAAAAAAAAAAAAAAAAAAAAAAAAAAAAAAAAAAAAAAAAAAAAAAAAAAAAAAAAAAAAAAAAAAAAAAAAAAAAAAAAAAAAAAAAAAAAAAAAAAAAAAAAAAAAAAAAAAAAAAAAAAAAAAAAAAAAAAAAAAAAAAAAAAAAAAAAAAAAAAAAAAAAAAAAAAAAAAAAAAAAAAAAAAAAAAAAAAAAAAAAAAAAAAAAAAAAAAAAAAAAAAAAAAAAAAAAAAAAAAAAAAAAAAAAAAAAAAAAAAAAAAAAAAAAAAAAAAAAAAAAAAAAAAAAAAAAAAAAAAAAAAAAAAAAAAAAAAAAAAAAAAAAAAAAAAAAAAAAAAAAAAAAAAAAAAAAAAAAAAAAAAAAAAAAAAAAAAAAAAAAAAAAAAAAAAAAAAAAAAAAAAAAAAAAAAAAAAAAAAAAAAAAAAAAAAAAAAAAAAAAAAAAAAAAAAAAAAAAAAAAAAAAAAAAAAAAAAAAAAAAAAAAAAAAAAAAAAAAAAAAAAAAAAAAAAAAAAAAAAAAAAAAAAAAAAAAAAAAAAAAAAAAAAAAAAAAAAAAAAAAAAAAAAAAAAAAAAAAAAAAAAAAAAAAAAAAAAAAAAAAAAAAAAAAAAAAAAAAAAAAAAAAAAAAAAAAAAAAAAAAAAAAAAAAAAAAAAAAAAAAAAAAAAAAAAAAAAAAAAAAAAAAAAAAAAAAAAAAAAAAAAAAAAAAAAAAAAAAAAAAAAAAAAAAAAAAAAAAAAAAAAAAAAAAAAAAAAAAAAAAAAAAAAAAAAAAAAAAAAAAAAAAAAAAAAAAAAAAAAAAAAAAAAAAAAAAAAAAAAAAAAAAAAAAAAAAAAAAAAAAAAAAAAAAAAAAAAAAAAAAAAAAAAAAAAAAAAAAAAAAAAAAAAAAAAAAAAAAAAAAAAAAAAAAAAAAAAAAAAAAAAAAAAAAAAAAAAAAAAAAAAAAAAAAAAAAAAAAAAAAAAAAAAAAAAAAAAAAAAAAAAAAAAAAAAAAAAAAAAAAAAAAAAAAAAAAAAAAAAAAAAAAAAAAAAAAAAAAAAAAAAAAAAAAAAAAAAAAAAAAAAAAAAAAAAAAAAAAAAAAAAAAAAAAAAAAAAAAAAAAAAAAAAAAAAAAAAAAAAAAAAAAAAAAAAAAAAAAAAAAAAAAAAAAAAAAAAAAAAAAAAAAAAAAAAAAAAAAAAAAAAAAAAAAAAAAAAAAAAAAAAAAAAAAAAAAAAAAAAAAAAAAAAAAAAAAAAAAAAAAAAAAAAAAAAAAAAAAAAAAAAAAAAAAAAAAAAAAAAAAAAAAAAAAAAAAAAAAAAAAAAAAAAAAAAAAAAAAAAAAAAAAAAAAAAAAAAAAAAAAAAAAAAAAAAAAAAAAAAAAAAAAAAAAAAAAAAAAAAAAAAAAAAAAAAAAAAAAAAAAAAAAAAAAAAAAAAAAAAAAAAAAAAAAAAAAAAAAAAAAAAAAAAAAAAAAAAAAAAAAAAAAAAAAAAAAAAAAAAAAAAAAAAAAAAAAAAAAAAAAAAAAAAAAAAAAAAAAAAAAAAAAAAAAAAAAAAAAAAAAAAAAAAAAAAAAAAAAAAAAAAAAAAAAAAAAAAAAAAAAAAAAAAAAAAAAAAAAAAAAAAAAAAAAAAAAAAAAAAAAAAAAAAAAAAAAAAAAAAAAAAAAAAAAAAAAAAAAAAAAAAAAAAAAAAAAAAAAAAAAAAAAAAAAAAAAAAAAAAAAAAAAAAAAAAAAAAAAAAAAAAAAAAAAAAAAAAAAAAAAAAAAAAAAAAAAAAAAAAAAAAAAAAAAAAAAAAAAAAAAAAAAAAAAAAAAAAAAAAAAAAAAAAAAAAAAAAAAAAAAAAAAAAAAAAAAAAAAAAAAAAAAAAAAAAAAAAAAAAAAAAAAAAAAAAAAAAAAAAAAAAAAAAAAAAAAAAAAAAAAAAAAAAAAAAAAAAAAAAAAAAAAAAAAAAAAAAAAAAAAAAAAAAAAAAAAAAAAAAAAAAAAAAAAAAAAAAAAAAAAAAAAAAAAAAAAAAAAAAAAAAAAAAAAAAAAAAAAAAAAAAAAAAAAAAAAAAAAAAAAAAAAAAAAAAAAAAAAAAAAAAAAAAAAAAAAAAAAAAAAAAAAAAAAAAAAAAAAAAAAAAAAAAAAAAAAAAAAAAAAAAAAAAAAAAAAAAAAAAAAAAAAAAAAAAAAAAAAAAAAAAAAAAAAAAAAAAAAAAAAAAAAAAAAAAAAAAAAAAAAAAAAAAAAAAAAAAAAAAAAAAAAAAAAAAAAAAAAAAAAAAAAAAAAAAAAAAAAAAAAAAAAAAAAAAAAAAAAAAAAAAAAAAAAAAAAAAAAAAAAAAAAAAAAAAAAAAAAAAAAAAAAAAAAAAAAAAAAAAAAAAAAAAAAAAAAAAAAAAAAAAAAAAAAAAAAAAAAAAAAAAAAAAAAAAAAAAAAAAAAAAAAAAAAAAAAAAAAAAAAAAAAAAAAAAAAAAAAAAAAAAAAAAAAAAAAAAAAAAAAAAAAAAAAAAAAAAAAAAAAAAAAAAAAAAAAAAAAAAAAAAAAAAAAAAAAAAAAAAAAAAAAAAAAAAAAAAAAAAAAAAAAAAAAAAAAAAAAAAAAAAAAAAAAAAAAAAAAAAAAAAAAAAAAAAAAAAAAAAAAAAAAAAAAAAAAAAAAAAAAAAAAAAAAAAAAAAAAAAAAAAAAAAAAAAAAAAAAAAAAAAAAAAAAAAAAAAAAAAAAAAAAAAAAAAAAAAAAAAAAAAAAAAAAAAAAAAAAAAAAAAAAAAAAAAAAAAAAAAAAAAAAAAAAAAAAAAAAAAAAAAAAAAAAAAAAAAAAAAAAAAAAAAAAAAAAAAAAAAAAAAAAAAAAAAAAAAAAAAAAAAAAAAAAAAAAAAAAAAAAAAAAAAAAAAAAAAAAAAAAAAAAAAAAAAAAAAAAAAAAAAAAAAAAAAAAAAAAAAAAAAAAAAAAAAAAAAAAAAAAAAAAAAAAAAAAAAAAAAAAAAAAAAAAAAAAAAAAAAAAAAAAAAAAAAAAAAAAAAAAAAAAAAAAAAAAAAAAAAAAAAAAAAAAAAAAAAAAAAAAAAAAAAAAAAAAAAAAAAAAAAAAAAAAAAAAAAAAAAAAAAAAAAAAAAAAAAAAAAAAAAAAAAAAAAAAAAAAAAAAAAAAAAAAAAAAAAAAAAAAAAAAAAAAAAAAAAAAAAAAAAAAAAAAAAAAAAAAAAAAAAAAAAAAAAAAAAAAAAAAAAAAAAAAAAAAAAAAAAAAAAAAAAAAAAAAAAAAAAAAAAAAAAAAAAAAAAAAAAAAAAAAAAAAAAAAAAAAAAAAAAAAAAAAAAAAAAAAAAAAAAAAAAAAAAAAAAAAAAAAAAAAAAAAAAAAAAAAAAAAAAAAAAAAAAAAAAAAAAAAAAAAAAAAAAAAAAAAAAAAAAAAAAAAAAAAAAAAAAAAAAAAAAAAAAAAAAAAAAAAAAAAAAAAAAAAAAAAAAAAAAAAAAAAAAAAAAAAAAAAAAAAAAAAAAAAAAAAAAAAAAAAAAAAAAAAAAAAAAAAAAAAAAAAAAAAAAAAAAAAAAAAAAAAAAAAAAAAAAAAAAAAAAAAAAAAAAAAAAAAAAAAAAAAAAAAAAAAAAAAAAAAAAAAAAAAAAAAAAAAAAAAAAAAAAAAAAAAAAAAAAAAAAAAAAAAAAAAAAAAAAAAAAAAAAAAAAAAAAAAAAAAAAAAAAAAAAAAAAAAAAAAAAAAAAAAAAAAAAAAAAAAAAAAAAAAAAAAAAAAAAAAAAAAAAAAAAAAAAAAAAAAAAAAAAAAAAAAAAAAAAAAAAAAAAAAAAAAAAAAAAAAAAAAAAAAAAAAAAAAAAAAAAAAAAAAAAAAAAAAAAAAAAAAAAAAAAAAAAAAAAAAAAAAAAAAAAAAAAAAAAAAAAAAAAAAAAAAAAAAAAAAAAAAAAAAAAAAAAAAAAAAAAAAAAAAAAAAAAAAAAAAAAAAAAAAAAAAAAAAAAAAAAAAAAAAAAAAAAAAAAAAAAAAAAAAAAAAAAAAAAAAAAAAAAAAAAAAAAAAAAAAAAAAAAAAAAAAAAAAAAAAAAAAAAAAAAAAAAAAAAAAAAAAAAAAAAAAAAAAAAAAAAAAAAAAAAAAAAAAAAAAAAAAAAAAAAAAAAAAAAAAAAAAAAAAAAAAAAAAAAAAAAAAAAAAAAAAAAAAAAAAAAAAAAAAAAAAAAAAAAAAAAAAAAAAAAAAAAAAAAAAAAAAAAAAAAAAAAAAAAAAAAAAAAAAAAAAAAAAAAAAAAAAAAAAAAAAAAAAAAAAAAAAAAAAAAAAAAAAAAAAAAAAAAAAAAAAAAAAAAAAAAAAAAAAAAAAAAAAAAAAAAAAAAAAAAAAAAAAAAAAAAAAAAAAAAAAAAAAAAAAAAAAAAAAAAAAAAAAAAAAAAAAAAAAAAAAAAAAAAAAAAAAAAAAAAAAAAAAAAAAAAAAAAAAAAAAAAAAAAAAAAAAAAAAAAAAAAAAAAAAAAAAAAAAAAAAAAAAAAAAAAAAAAAAAAAAAAAAAAAAAAAAAAAAAAAAAAAAAAAAAAAAAAAAAAAAAAAAAAAAAAAAAAAAAAAAAAAAAAAAAAAAAAAAAAAAAAAAAAAAAAAAAAAAAAAAAAAAAAAAAAAAAAAAAAAAAAAAAAAAAAAAAAAAAAAAAAAAAAAAAAAAAAAAAAAAAAAAAAAAAAAAAAAAAAAAAAAAAAAAAAAAAAAAAAAAAAAAAAAAAAAAAAAAAAAAAAAAAAAAAAAAAAAAAAAAAAAAAAAAAAAAAAAAAAAAAAAAAAAAAAAAAAAAAAAAAAAAAAAAAAAAAAAAAAAAAAAAAAAAAAAAAAAAAAAAAAAAAAAAAAAAAAAAAAAAAAAAAAAAAAAAAAAAAAAAAAAAAAAAAAAAAAAAAAAAAAAAAAAAAAAAAAAAAAAAAAAAAAAAAAAAAAAAAAAAAAAAAAAAAAAAAAAAAAAAAAAAAAAAAAAAAAAAAAAAAAAAAAAAAAAAAAAAAAAAAAAAAAAAAAAAAAAAAAAAAAAAAAAAAAAAAAAAAAAAAAAAAAAAAAAAAAAAAAAAAAAAAAAAAAAAAAAAAAAAAAAAAAAAAAAAAAAAAAAAAAAAAAAAAAAAAAAAAAAAAAAAAAAAAAAAAAAAAAAAAAAAAAAAAAAAAAAAAAAAAAAAAAAAAAAAAAAAAAAAAAAAAAAAAAAAAAAAAAAAAAAAAAAAAAAAAAAAAAAAAAAAAAAAAAAAAAAAAAAAAAAAAAAAAAAAAAAAAAAAAAAAAAAAAAAAAAAAAAAAAAAAAAAAAAAAAAAAAAAAAAAAAAAAAAAAAAAAAAAAAAAAAAAAAAAAAAAAAAAAAAAAAAAAAAAAAAAAAAAAAAAAAAAAAAAAAAAAAAAAAAAAAAAAAAAAAAAAAAAAAAAAAAAAAAAAAAAAAAAAAAAAAAAAAAAAAAAAAAAAAAAAAAAAAAAAAAAAAAAAAAAAAAAAAAAAAAAAAAAAAAAAAAAAAAAAAAAAAAAAAAAAAAAAAAAAAAAAAAAAAAAAAAAAAAAAAAAAAAAAAAAAAAAAAAAAAAAAAAAAAAAAAAAAAAAAAAAAAAAAAAAAAAAAAAAAAAAAAAAAAAAAAAAAAAAAAAAAAAAAAAAAAAAAAAAAAAAAAAAAAAAAAAAAAAAAAAAAAAAAAAAAAAAAAAAAAAAAAAAAAAAAAAAAAAAAAAAAAAAAAAAAAAAAAAAAAAAAAAAAAAAAAAAAAAAAAAAAAAAAAAAAAAAAAAAAAAAAAAAAAAAAAAAAAAAAAAAAAAAAAAAAAAAAAAAAAAAAAAAAAAAAAAAAAAAAAAAAAAAAAAAAAAAAAAAAAAAAAAAAAAAAAAAAAAAAAAAAAAAAAAAAAAAAAAAAAAAAAAAAAAAAAAAAAAAAAAAAAAAAAAAAAAAAAAAAAAAAAAAAAAAAAAAAAAAAAAAAAAAAAAAAAAAAAAAAAAAAAAAAAAAAAAAAAAAAAAAAAAAAAAAAAAAAAAAAAAAAAAAAAAAAAAAAAAAAAAAAAAAAAAAAAAAAAAAAAAAAAAAAAAAAAAAAAAAAAAAAAAAAAAAAAAAAAAAAAAAAAAAAAAAAAAAAAAAAAAAAAAAAAAAAAAAAAAAAAAAAAAAAAAAAAAAAAAAAAAAAAAAAAAAAAAAAAAAAAAAAAAAAAAAAAAAAAAAAAAAAAAAAAAAAAAAAAAAAAAAAAAAAAAAAAAAAAAAAAAAAAAAAAAAAAAAAAAAAAAAAAAAAAAAAAAAAAAAAAAAAAAAAAAAAAAAAAAAAAAAAAAAAAAAAAAAAAAAAAAAAAAAAAAAAAAAAAAAAAAAAAAAAAAAAAAAAAAAAAAAAAAAAAAAAAAAAAAAAAAAAAAAAAAAAAAAAAAAAAAAAAAAAAAAAAAAAAAAAAAAAAAAAAAAAAAAAAAAAAAAAAAAAAAAAAAAAAAAAAAAAAAAAAAAAAAAAAAAAAAAAAAAAAAAAAAAAAAAAAAAAAAAAAAAAAAAAAAAAAAAAAAAAAAAAAAAAAAAAAAAAAAAAAAAAAAAAAAAAAAAAAAAAAAAAAAAAAAAAAAAAAAAAAAAAAAAAAAAAAAAAAAAAAAAAAAAAAAAAAAAAAAAAAAAAAAAAAAAAAAAAAAAAAAAAAAAAAAAAAAAAAAAAAAAAAAAAAAAAAAAAAAAAAAAAAAAAAAAAAAAAAAAAAAAAAAAAAAAAAAAAAAAAAAAAAAAAAAAAAAAAAAAAAAAAAAAAAAAAAAAAAAAAAAAAAAAAAAAAAAAAAAAAAAAAAAAAAAAAAAAAAAAAAAAAAAAAAAAAAAAAAAAAAAAAAAAAAAAAAAAAAAAAAAAAAAAAAAAAAAAAAAAAAAAAAAAAAAAAAAAAAAAAAAAAAAAAAAAAAAAAAAAAAAAAAAAAAAAAAAAAAAAAAAAAAAAAAAAAAAAAAAAAAAAAAAAAAAAAAAAAAAAAAAAAAAAAAAAAAAAAAAAAAAAAAAAAAAAAAAAAAAAAAAAAAAAAAAAAAAAAAD0Pt08AABC6SURBVAAAAAAAAAAAAAAAAAAAAAAAAAAAAAAAAAAAAAAAAAAAAAAAAAAAAAAAAAAAAAAAAAAAAAAAAAAAAAAAAAAAAAAAAAAAAAAAAAAAAAAAAAAAAAAAAAAAAAAAAAAAAAAAAAAAAAAAAAAAAAAAAAAAAAAAAAAAAAAAAAAAAAAAAAAAAAAAAAAAAAAAAAAAAAAAAAAAAAAAAAAAAAAAAAAAAAAAAAAAAAAAAAAAAAAAAAAAAAAAAAAAAAAAAAAAAAAAAAAAAAAAAAAAAAAAAAAAAAAAAAAAAAAAAAAAAAAAAAAAAAAAAAAAAAAAAAAAAAAAAAAAAAAAAAAAAAAAAAAAAAAAAAAAAAAAAAAAAAAAAAAAAAAAAAAAAAAAAAAAAAAAAAAAAAAAAAAAAAAAAAAAAAAAAAAAAAAAAAAAAAAAAAAAAAAAAAAAAAAAAAAAAAAAAAAAAAAAAAAAAAAAAAAAAAAAAAAAAAAAAAAAAAAAAAAAAAAAAAAAAAAAAAAAAAAAAAAAAAAAAAAAAAAAAAAAAAAAAAAAAAAAAAAAAAAAAAAAAAAAAAAAAAAAAAAAAAAAAAAAAAAAAAAAAAAAAAAAAAAAAAAAAAAAAAAAAAAAAAAAAAAAAAAAAAAAAAAAAAAAAAAAAAAAAAAAAAAAAAAAAAAAAAAAAAAAAAAAAAAAAAAAAAAAAAAAAAAAAAAAAAAAAAAAAAAAAAAAAAAAAAAAAAAAAAAAAAAAAAAAAAAAAAAAAAAAAAAAAAAAAAAAAAAAAAAAAAAAAAAAAAAAAAAAAAAAAAAAAAAAAAAAAAAAAAAAAAAAAAAAAAAAAAAAAAAAAAAAAAAAAAAAAAAAAAAAAAAAAAAAAAAAAAAAAAAAAAAAAAAAAAAAAAAAAAAAAAAAAAAAAAAAAAAAAAAAAAAAAAAAAAAAAAAAAAAAAAAAAAAAAAAAAAAAAAAAAAAAAAAAAAAAAAAAAAAAAAAAAAAAAAAAAAAAAAAAAAAAAAAAAAAAAAAAAAAAAAAAAAAAAAAAAAAAAAAAAAAAAAAAAAAAAAAAAAAAAAAAAAAAAAAAAAAAAAAAAAAAAAAAAAAAAAAAAAAAAAAAAAAAAAAAAAAAAAAAAAAAAAAAAAAAAAAAAAAAAAAAAAAAAAAAAAAAAAAAAAAAAAAAAAAAAAAAAAAAAAAAAAAAAAAAAAAAAAAAAAAAAAAAAAAAAAAAAAAAAAAAAAAAAAAAAAAAAAAAAAAAAAAAAAAAAAAAAAAAAAAAAAAAAAAAAAAAAAAAAAAAAAAAAAAAAAAAAAAAAAAAAAAAAAAAAAAAAAAAAAAAAAAAAAAAAAAAAAAAAAAAAAAAAAAAAAAAAAAAAAAAAAAAAAAAAAAAAAAAAAAAAAAAAAAAAAAAAAAAAAAAAAAAAAAAAAAAAAAAAAAAAAAAAAAAAAAAAAAAAAAAAAAAAAAAAAAAAAAAAAAAAAAAAAAAAAAAAAAAAAAAAAAAAAAAAAAAAAAAAAAAAAAAAAAAAAAAAAAAAAAAAAAAAAAAAAAAAAAAAAAAAAAAAAAAAAAAAAAAAAAAAAAAAAAAAAAAAAAAAAAAAAAAAAAAAAAAAAAAAAAAAAAAAAAAAAAAAAAAAAAAAAAAAAAAAAAAAAAAAAAAAAAAAAAAAAAAAAAAAAAAAAAAAAAAAAAAAAAAAAAAAAAAAAAAAAAAAAAAAAAAAAAAAAAAAAAAAAAAAAAAAAAAAAAAAAAAAAAAAAAAAAAAAAAAAAAAAAAAAAAAAAAAAAAAAAAAAAAAAAAAAAAAAAAAAAAAAAAAAAAAAAAAAAAAAAAAAAAAAAAAAAAAAAAAAAAAAAAAAAAAAAAAAAAAAAAAAAAAAAAAAAAAAAAAAAAAAAAAAAAAAAAAAAAAAAAAAAAAAAAAAAAAAAAAAAAAAAAAAAAAAAAAAAAAAAAAAAAAAAAAAAAAAAAAAAAAAAAAAAAAAAAAAAAAAAAAAAAAAAAAAAAAAAAAAAAAAAAAAAAAAAAAAAAAAAAAAAAAAAAAAAAAAAAAAAAAAAAAAAAAAAAAAAAAAAAAAAAAAAAAAAAAAAAAAAAAAAAAAAAAAAAAAAAAAAAAAAAAAAAAAAAAAAAAAAAAAAAAAAAAAAAAAAAAAAAAAAAAAAAAAAAAAAAAAAAAAAAAAAAAAAAAAAAAAAAAAAAAAAAAAAAAAAAAAAAAAAAAAAAAAAAAAAAAAAAAAAAAAAAAAAAAAAAAAAAAAAAAAAAAAAAAAAAAAAAAAAAAAAAAAAAAAAAAAAAAAAAAAAAAAAAAAQQK+/UAAAAAAAAAAAAAAAAAAAAAAAAAAAAAAAAAAAAAAAAAAAAAAAAAAAAAAAAAAAAAAAAAAAAAAAAAAAAAAAAAAAAAAAAAAAAAAAAAAAAAAAAAAAAAAAAAAAAAAAAAAAAAAAAAAAAAAAAAAAAAAAAAAAAAAAAAAAAAAAAAAAAAAAAAAAAAAAAAAAAAAAAAAAAAAAAAAAAAAAAAAAAAAAAAAAAAAAAAAAAAAAAAAAAAAAAAAAAAAAAAAAAAAAAAAAAAAAAAAAAAAAAAAAAAAAAAAAAAAAAAAAAAAAAAAAAAAAAAAAAAAAAAAAAAAAAAAAAAAAAAAAAAAAAAAAAAAAAAAAAAAAAAAAAAAAAAAAAAAAAAAAAAAAAAAAAAAAAAAAAAAAAAAAAAAAAAAAAAAAAAAAAAAAAAAAAAAAAAAAAAAAAAAAAAAAAAAAAAAAAAAAAAAAAAAAAAAAAAAAAAAAAAAAAAAAAAAAAAAAAAAAAAAAAAAAAAAAAAAAAAAAAAAAAAAAAAAAAAAAAAAAAAAAAAAAAAAAAAAAAAAAAAAAAAAAAAAAAAAAAAAAAAAAAAAAAAAAAAAAAAAAAAAAAAAAAAAAAAAAAAAAAAAAAAAAAAAAAAAAAAAAAAAAAAAAAAAAAAAAAAAAAAAAAAAAAAAAAAAAAAAAAAAAAAAAAAAAAAAAAAAAAAAAAAAAAAAAAAAAAAAAAAAAAAAAAAAAAAAAAAAAAAAAAAAAAAAAAAAAAAAAAAAAAAAAAAAAAAAAAAAAAAAAAAAAAAAAAAAAAAAAAAAAAAAAAAAAAAAAAAAAAAAAAAAAAAAAAAAAAAAAAAAAAAAAAAAAAAAAAAAAAAAAAAAAAAAAAAAAAAAAAAAAAAAAAAAAAAAAAAAAAAAAAAAAAAAAAAAAAAAAAAAAAAAAAAAAAAAAAAAAAAAAAAAAAAAAAAAAAAAAAAAAAAAAAAAAAAAAAAAAAAAAAAAAAAAAAAAAAAAAAAAAAAAAAAAAAAAAAAAAAAAAAAAAAAAAAAAAAAAAAAAAAAAAAAAAAAAAAAAAAAAAAAAAAAAAAAAAAAAAAAAAAAAAAAAAAAAAAAAAAAAAAAAAAAAAAAAAAAAAAAAAAAAAAAAAAAAAAAAAAAAAAAAAAAAAAAAAAAAAAAAAAAAAAAAAAAAAAAAAAAAAAAAAAAAAAAAAAAAAAAAAAAAAAAAAAAAAAAAAAAAAAAAAAAAAAAAAAAAAAAAAAAAAAAAAAAAAAAAAAAAAAAAAAAAAAAAAAAAAAAAAAAAAAAAAAAAAAAAAAAAAAAAAAAAAAAAAAAAAAAAAAAAAAAAAAAAAAAAAAAAAAAAAAAAAAAAAAAAAAAAAAAAAAAAAAAAAAAAAAAAAAAAAAAAAAAAAAAAAAAAAAAAAAAAAAAAAAAAAAAAAAAAAAAAAAAAAAAAAAAAAAAAAAAAAAAAAAAAAAAAAAAAAAAAAAAAAAAAAAAAAAAAAAAAAAAAAAAAAAAAAAAAAAAAAAAAAAAAAAAAAAAAAAAAAAAAAAAAAAAAAAAAAAAAAAAAAAAAAAAAAAAAAAAAAAAAAAAAAAAAAAAAAAAAAAAAAAAAAAAAAAAAAAAAAAAAAAAAAAAAAAAAAAAAAAAAAAAAAAAAAAAAAAAAAAAAAAAAAAAAAAAAAAAAAAAAAAAAAAAAAAAAAAAAAAAAAAAAAAAAAAAAAAAAAAAAAAAAAAAAAAAAAAAAAAAAAAAAAAAAAAAAAAAAAAAAAAAAAAAAAAAAAAAAAAAAAAAAAAAAAAAAAAAAAAAAAAAAAAAAAAAAAAAAAAAAAAAAAAAAAAAAAAAAAAAAAAAAAAAAAAAAAAAAAAAAAAAAAAAAAAAAAAAAAAAAAAAAAAAAAAAAAAAAAAAAAAAAAAAAAAAAAAAAAAAAAAAAAAAAAAAAAAAAAAAAAAAAAAAAAAAAAAAAAAAAAAAAAAAAAAAAAAAAAAAAAAAAAAAAAAAAAAAAAAAAAAAAAAAAAAAAAAAAAAAAAAAAAAAAAAAAAAAAAAAAAAAAAAAAAAAAAAAAAAAAAAAAAAAAAAAAAAAAAAAAAAAAAAAAAAAAAAAAAAAAAAAAAAAAAAAAAAAAAAAAAAAAAAAAAAAAAAAAAAAAAAAAAAAAAAAAAAAAAAAAAAAAAAAAAAAAAAAAAAAAAAAAAAAAAAAAAAAAAAAAAAAAAAAAAAAAAAAAAAAAAAAAAAAAAAAAAAAAAAAAAAAAAAAAAAAAAAAAAAAAAAAAAAAAAAAAAAAAAAAAAAAAAAAAAAAAAAAAAAAAAAAAAAAAAAAAAAAAAAAAAAAAAAAAAAAAAAAAAAAAAAAAAAAAAAAAAAAAAAAAAAAAAAAAAAAAAAAAAAAAAAAAAAAAAAAAAAAAAAAAAAAAAAAAAAAAAAAAAAAAAAAAAAAAAAAAAAAAAAAAAAAAAAAAAAAAAAAAAAAAAAAAAAAAAAAAAAAAAAAAAAAAAAAAAAAAAAAAAAAAAAAAAAAAAAAAAAAAAAAAAAAAAAAAAAAAAAAAAAAAAAAAAAAAAAAAAAAAAAAAAAAAAAAAAAAAAAAAAAAAAAAAAAAAAAAAAAAAAAAAAAAAAAAAAAAAAAAAAAAAAAAAAAAAAAAAAAAAAAAAAAAAAAAAAAAAAAAAAAAAAAAAAAAAAAAAAAAAAAAAAAAAAAAAAAAAAAAAAAAAAAAAAAAAAAAAAAAAAAAAAAAAAAAAAAAAAAAAAAAAAAAAAAAAAAAAAAAAAAAAAAAAAAAAAAAAAAAAAAAAAAAAAAAAAAAAAAAAAAAAAAAAAAAAAAAAAAAAAAAAAAAAAAAAAAAAAAAAAAAAAAAAAAAAAAAAAAAAAAAAAAAAAAAAAAAAAAAAAAAAAAAAAAAAAAAAAAAAAAAAAAAAAAAAAAAAAAAAAAAAAAAAAAAAAAAAAAAAAAAAAAAAAAAAAAAAAAAAAAAAAAAAAAAAAAAAAAAAAAAAAAAAAAAAAAAAAAAAAAAAAAAAAAAAAAAAAAAAAAAAAAAAAAAAAAAAAAAAAAAAAAAAAAAAAAAAAAAAAAAAAAAAAAAAAAAAAAAAAAAAAAAAAAAAAAAAAAAAAAAAAAAAAAAAAAAAAAAAAAAAAAAAAAAAAAAAAAAAAAAAAAAAAAAAAAAAAAAAAAAAAAAAAAAAAAAAAAAAAAAAAAAAAAAAAAAAAAAAAAAAAAAAAAAAAAAAAAAAAAAAAAAAAAAAAAAAAAAAAAAAAAAAAAAAAAAAAAAAAAAAAAAAAAAAAAAAAAAAAAAAAAAAAAAAAAAAAAAAAAAAAAAAAAAAAAAAAAAAAAAAAAAAAAAAAAAAAAAAAAAAAAAAAAAAAAAAAAAAAAAAAAAAAAAAAAAAAAAAAAAAAAAAAAAAAAAAAAAAAAAAAAAAAAAAAAAAAAAAAAAAAAAAAAAAAAAAAAAAAAAAOBfo8k4oq/tAAAAAElFTkSuQmCC</ImportTexture>
</Tiled2Unity>