<?xml version="1.0" encoding="utf-8" standalone="yes"?>
<!--Tiled2Unity generated xml data-->
<!--Do not modify by hand-->
<!--Last exported: 5/2/2018 8:11:29 PM-->
<Tiled2Unity version="1.0.13.2">
  <AssignMaterial mesh="test-4_mesh_0001" material="tileset" />
  <AssignMaterial mesh="test-4_mesh_0002" material="tileset" />
  <Prefab name="test-4" orientation="Orthogonal" staggerAxis="Y" staggerIndex="Odd" hexSideLength="0" numLayers="2" numTilesWide="40" numTilesHigh="20" tileWidth="16" tileHeight="16" exportScale="1" mapWidthInPixels="640" mapHeightInPixels="320" backgroundColor="#808080">
    <GameObject name="ground" x="0" y="0" z="0">
      <TileLayer offsetX="0" offsetY="0" />
      <GameObject name="tileset" x="0" y="0" mesh="test-4_mesh_0001" sortingLayerName="" sortingOrder="0" opacity="1" />
    </GameObject>
    <GameObject name="walls" x="0" y="0" z="0">
      <TileLayer offsetX="0" offsetY="0" />
      <GameObject name="tileset" x="0" y="0" mesh="test-4_mesh_0002" sortingLayerName="" sortingOrder="1" opacity="1" />
      <GameObject name="Collision">
        <EdgeCollider2D>
          <Points>352,-128 352,-144 368,-144 368,-128 352,-128</Points>
        </EdgeCollider2D>
        <EdgeCollider2D>
          <Points>336,-128 336,-144 352,-144 352,-128 336,-128</Points>
        </EdgeCollider2D>
        <EdgeCollider2D>
          <Points>320,-128 320,-144 336,-144 336,-128 320,-128</Points>
        </EdgeCollider2D>
        <EdgeCollider2D>
          <Points>256,-128 256,-144 272,-144 272,-128 256,-128</Points>
        </EdgeCollider2D>
        <EdgeCollider2D>
          <Points>256,-144 256,-160 272,-160 272,-144 256,-144</Points>
        </EdgeCollider2D>
        <EdgeCollider2D>
          <Points>240,-160 240,-176 256,-176 256,-160 240,-160</Points>
        </EdgeCollider2D>
      </GameObject>
    </GameObject>
  </Prefab>
  <ImportMesh filename="test-4_mesh_0001.obj">IyBUaWxlZDJVbml0eSBnZW5lcmF0ZWQgZmlsZS4gRG8gbm90IG1vZGlmeSBieSBoYW5kLgojIFdhdmVmcm9udCBmaWxlIGZvciAndGVzdC00X21lc2hfMDAwMS5vYmonCgojIFZlcnRpY2VzIChDb3VudCA9IDMyMDApCnYgMCAtMTYgMAp2IC0xNiAtMTYgMAp2IC0xNiAwIDAKdiAwIDAgMAp2IC0xNiAtMTYgMAp2IC0zMiAtMTYgMAp2IC0zMiAwIDAKdiAtMTYgMCAwCnYgLTMyIC0xNiAwCnYgLTQ4IC0xNiAwCnYgLTQ4IDAgMAp2IC0zMiAwIDAKdiAtNDggLTE2IDAKdiAtNjQgLTE2IDAKdiAtNjQgMCAwCnYgLTQ4IDAgMAp2IC02NCAtMTYgMAp2IC04MCAtMTYgMAp2IC04MCAwIDAKdiAtNjQgMCAwCnYgLTgwIC0xNiAwCnYgLTk2IC0xNiAwCnYgLTk2IDAgMAp2IC04MCAwIDAKdiAtOTYgLTE2IDAKdiAtMTEyIC0xNiAwCnYgLTExMiAwIDAKdiAtOTYgMCAwCnYgLTExMiAtMTYgMAp2IC0xMjggLTE2IDAKdiAtMTI4IDAgMAp2IC0xMTIgMCAwCnYgLTEyOCAtMTYgMAp2IC0xNDQgLTE2IDAKdiAtMTQ0IDAgMAp2IC0xMjggMCAwCnYgLTE0NCAtMTYgMAp2IC0xNjAgLTE2IDAKdiAtMTYwIDAgMAp2IC0xNDQgMCAwCnYgLTE2MCAtMTYgMAp2IC0xNzYgLTE2IDAKdiAtMTc2IDAgMAp2IC0xNjAgMCAwCnYgLTE3NiAtMTYgMAp2IC0xOTIgLTE2IDAKdiAtMTkyIDAgMAp2IC0xNzYgMCAwCnYgLTE5MiAtMTYgMAp2IC0yMDggLTE2IDAKdiAtMjA4IDAgMAp2IC0xOTIgMCAwCnYgLTIwOCAtMTYgMAp2IC0yMjQgLTE2IDAKdiAtMjI0IDAgMAp2IC0yMDggMCAwCnYgLTIyNCAtMTYgMAp2IC0yNDAgLTE2IDAKdiAtMjQwIDAgMAp2IC0yMjQgMCAwCnYgLTI0MCAtMTYgMAp2IC0yNTYgLTE2IDAKdiAtMjU2IDAgMAp2IC0yNDAgMCAwCnYgLTI1NiAtMTYgMAp2IC0yNzIgLTE2IDAKdiAtMjcyIDAgMAp2IC0yNTYgMCAwCnYgLTI3MiAtMTYgMAp2IC0yODggLTE2IDAKdiAtMjg4IDAgMAp2IC0yNzIgMCAwCnYgLTI4OCAtMTYgMAp2IC0zMDQgLTE2IDAKdiAtMzA0IDAgMAp2IC0yODggMCAwCnYgLTMwNCAtMTYgMAp2IC0zMjAgLTE2IDAKdiAtMzIwIDAgMAp2IC0zMDQgMCAwCnYgLTMyMCAtMTYgMAp2IC0zMzYgLTE2IDAKdiAtMzM2IDAgMAp2IC0zMjAgMCAwCnYgLTMzNiAtMTYgMAp2IC0zNTIgLTE2IDAKdiAtMzUyIDAgMAp2IC0zMzYgMCAwCnYgLTM1MiAtMTYgMAp2IC0zNjggLTE2IDAKdiAtMzY4IDAgMAp2IC0zNTIgMCAwCnYgLTM2OCAtMTYgMAp2IC0zODQgLTE2IDAKdiAtMzg0IDAgMAp2IC0zNjggMCAwCnYgLTM4NCAtMTYgMAp2IC00MDAgLTE2IDAKdiAtNDAwIDAgMAp2IC0zODQgMCAwCnYgLTQwMCAtMTYgMAp2IC00MTYgLTE2IDAKdiAtNDE2IDAgMAp2IC00MDAgMCAwCnYgLTQxNiAtMTYgMAp2IC00MzIgLTE2IDAKdiAtNDMyIDAgMAp2IC00MTYgMCAwCnYgLTQzMiAtMTYgMAp2IC00NDggLTE2IDAKdiAtNDQ4IDAgMAp2IC00MzIgMCAwCnYgLTQ0OCAtMTYgMAp2IC00NjQgLTE2IDAKdiAtNDY0IDAgMAp2IC00NDggMCAwCnYgLTQ2NCAtMTYgMAp2IC00ODAgLTE2IDAKdiAtNDgwIDAgMAp2IC00NjQgMCAwCnYgLTQ4MCAtMTYgMAp2IC00OTYgLTE2IDAKdiAtNDk2IDAgMAp2IC00ODAgMCAwCnYgLTQ5NiAtMTYgMAp2IC01MTIgLTE2IDAKdiAtNTEyIDAgMAp2IC00OTYgMCAwCnYgLTUxMiAtMTYgMAp2IC01MjggLTE2IDAKdiAtNTI4IDAgMAp2IC01MTIgMCAwCnYgLTUyOCAtMTYgMAp2IC01NDQgLTE2IDAKdiAtNTQ0IDAgMAp2IC01MjggMCAwCnYgLTU0NCAtMTYgMAp2IC01NjAgLTE2IDAKdiAtNTYwIDAgMAp2IC01NDQgMCAwCnYgLTU2MCAtMTYgMAp2IC01NzYgLTE2IDAKdiAtNTc2IDAgMAp2IC01NjAgMCAwCnYgLTU3NiAtMTYgMAp2IC01OTIgLTE2IDAKdiAtNTkyIDAgMAp2IC01NzYgMCAwCnYgLTU5MiAtMTYgMAp2IC02MDggLTE2IDAKdiAtNjA4IDAgMAp2IC01OTIgMCAwCnYgLTYwOCAtMTYgMAp2IC02MjQgLTE2IDAKdiAtNjI0IDAgMAp2IC02MDggMCAwCnYgLTYyNCAtMTYgMAp2IC02NDAgLTE2IDAKdiAtNjQwIDAgMAp2IC02MjQgMCAwCnYgMCAtMzIgMAp2IC0xNiAtMzIgMAp2IC0xNiAtMTYgMAp2IDAgLTE2IDAKdiAtMTYgLTMyIDAKdiAtMzIgLTMyIDAKdiAtMzIgLTE2IDAKdiAtMTYgLTE2IDAKdiAtMzIgLTMyIDAKdiAtNDggLTMyIDAKdiAtNDggLTE2IDAKdiAtMzIgLTE2IDAKdiAtNDggLTMyIDAKdiAtNjQgLTMyIDAKdiAtNjQgLTE2IDAKdiAtNDggLTE2IDAKdiAtNjQgLTMyIDAKdiAtODAgLTMyIDAKdiAtODAgLTE2IDAKdiAtNjQgLTE2IDAKdiAtODAgLTMyIDAKdiAtOTYgLTMyIDAKdiAtOTYgLTE2IDAKdiAtODAgLTE2IDAKdiAtOTYgLTMyIDAKdiAtMTEyIC0zMiAwCnYgLTExMiAtMTYgMAp2IC05NiAtMTYgMAp2IC0xMTIgLTMyIDAKdiAtMTI4IC0zMiAwCnYgLTEyOCAtMTYgMAp2IC0xMTIgLTE2IDAKdiAtMTI4IC0zMiAwCnYgLTE0NCAtMzIgMAp2IC0xNDQgLTE2IDAKdiAtMTI4IC0xNiAwCnYgLTE0NCAtMzIgMAp2IC0xNjAgLTMyIDAKdiAtMTYwIC0xNiAwCnYgLTE0NCAtMTYgMAp2IC0xNjAgLTMyIDAKdiAtMTc2IC0zMiAwCnYgLTE3NiAtMTYgMAp2IC0xNjAgLTE2IDAKdiAtMTc2IC0zMiAwCnYgLTE5MiAtMzIgMAp2IC0xOTIgLTE2IDAKdiAtMTc2IC0xNiAwCnYgLTE5MiAtMzIgMAp2IC0yMDggLTMyIDAKdiAtMjA4IC0xNiAwCnYgLTE5MiAtMTYgMAp2IC0yMDggLTMyIDAKdiAtMjI0IC0zMiAwCnYgLTIyNCAtMTYgMAp2IC0yMDggLTE2IDAKdiAtMjI0IC0zMiAwCnYgLTI0MCAtMzIgMAp2IC0yNDAgLTE2IDAKdiAtMjI0IC0xNiAwCnYgLTI0MCAtMzIgMAp2IC0yNTYgLTMyIDAKdiAtMjU2IC0xNiAwCnYgLTI0MCAtMTYgMAp2IC0yNTYgLTMyIDAKdiAtMjcyIC0zMiAwCnYgLTI3MiAtMTYgMAp2IC0yNTYgLTE2IDAKdiAtMjcyIC0zMiAwCnYgLTI4OCAtMzIgMAp2IC0yODggLTE2IDAKdiAtMjcyIC0xNiAwCnYgLTI4OCAtMzIgMAp2IC0zMDQgLTMyIDAKdiAtMzA0IC0xNiAwCnYgLTI4OCAtMTYgMAp2IC0zMDQgLTMyIDAKdiAtMzIwIC0zMiAwCnYgLTMyMCAtMTYgMAp2IC0zMDQgLTE2IDAKdiAtMzIwIC0zMiAwCnYgLTMzNiAtMzIgMAp2IC0zMzYgLTE2IDAKdiAtMzIwIC0xNiAwCnYgLTMzNiAtMzIgMAp2IC0zNTIgLTMyIDAKdiAtMzUyIC0xNiAwCnYgLTMzNiAtMTYgMAp2IC0zNTIgLTMyIDAKdiAtMzY4IC0zMiAwCnYgLTM2OCAtMTYgMAp2IC0zNTIgLTE2IDAKdiAtMzY4IC0zMiAwCnYgLTM4NCAtMzIgMAp2IC0zODQgLTE2IDAKdiAtMzY4IC0xNiAwCnYgLTM4NCAtMzIgMAp2IC00MDAgLTMyIDAKdiAtNDAwIC0xNiAwCnYgLTM4NCAtMTYgMAp2IC00MDAgLTMyIDAKdiAtNDE2IC0zMiAwCnYgLTQxNiAtMTYgMAp2IC00MDAgLTE2IDAKdiAtNDE2IC0zMiAwCnYgLTQzMiAtMzIgMAp2IC00MzIgLTE2IDAKdiAtNDE2IC0xNiAwCnYgLTQzMiAtMzIgMAp2IC00NDggLTMyIDAKdiAtNDQ4IC0xNiAwCnYgLTQzMiAtMTYgMAp2IC00NDggLTMyIDAKdiAtNDY0IC0zMiAwCnYgLTQ2NCAtMTYgMAp2IC00NDggLTE2IDAKdiAtNDY0IC0zMiAwCnYgLTQ4MCAtMzIgMAp2IC00ODAgLTE2IDAKdiAtNDY0IC0xNiAwCnYgLTQ4MCAtMzIgMAp2IC00OTYgLTMyIDAKdiAtNDk2IC0xNiAwCnYgLTQ4MCAtMTYgMAp2IC00OTYgLTMyIDAKdiAtNTEyIC0zMiAwCnYgLTUxMiAtMTYgMAp2IC00OTYgLTE2IDAKdiAtNTEyIC0zMiAwCnYgLTUyOCAtMzIgMAp2IC01MjggLTE2IDAKdiAtNTEyIC0xNiAwCnYgLTUyOCAtMzIgMAp2IC01NDQgLTMyIDAKdiAtNTQ0IC0xNiAwCnYgLTUyOCAtMTYgMAp2IC01NDQgLTMyIDAKdiAtNTYwIC0zMiAwCnYgLTU2MCAtMTYgMAp2IC01NDQgLTE2IDAKdiAtNTYwIC0zMiAwCnYgLTU3NiAtMzIgMAp2IC01NzYgLTE2IDAKdiAtNTYwIC0xNiAwCnYgLTU3NiAtMzIgMAp2IC01OTIgLTMyIDAKdiAtNTkyIC0xNiAwCnYgLTU3NiAtMTYgMAp2IC01OTIgLTMyIDAKdiAtNjA4IC0zMiAwCnYgLTYwOCAtMTYgMAp2IC01OTIgLTE2IDAKdiAtNjA4IC0zMiAwCnYgLTYyNCAtMzIgMAp2IC02MjQgLTE2IDAKdiAtNjA4IC0xNiAwCnYgLTYyNCAtMzIgMAp2IC02NDAgLTMyIDAKdiAtNjQwIC0xNiAwCnYgLTYyNCAtMTYgMAp2IDAgLTQ4IDAKdiAtMTYgLTQ4IDAKdiAtMTYgLTMyIDAKdiAwIC0zMiAwCnYgLTE2IC00OCAwCnYgLTMyIC00OCAwCnYgLTMyIC0zMiAwCnYgLTE2IC0zMiAwCnYgLTMyIC00OCAwCnYgLTQ4IC00OCAwCnYgLTQ4IC0zMiAwCnYgLTMyIC0zMiAwCnYgLTQ4IC00OCAwCnYgLTY0IC00OCAwCnYgLTY0IC0zMiAwCnYgLTQ4IC0zMiAwCnYgLTY0IC00OCAwCnYgLTgwIC00OCAwCnYgLTgwIC0zMiAwCnYgLTY0IC0zMiAwCnYgLTgwIC00OCAwCnYgLTk2IC00OCAwCnYgLTk2IC0zMiAwCnYgLTgwIC0zMiAwCnYgLTk2IC00OCAwCnYgLTExMiAtNDggMAp2IC0xMTIgLTMyIDAKdiAtOTYgLTMyIDAKdiAtMTEyIC00OCAwCnYgLTEyOCAtNDggMAp2IC0xMjggLTMyIDAKdiAtMTEyIC0zMiAwCnYgLTEyOCAtNDggMAp2IC0xNDQgLTQ4IDAKdiAtMTQ0IC0zMiAwCnYgLTEyOCAtMzIgMAp2IC0xNDQgLTQ4IDAKdiAtMTYwIC00OCAwCnYgLTE2MCAtMzIgMAp2IC0xNDQgLTMyIDAKdiAtMTYwIC00OCAwCnYgLTE3NiAtNDggMAp2IC0xNzYgLTMyIDAKdiAtMTYwIC0zMiAwCnYgLTE3NiAtNDggMAp2IC0xOTIgLTQ4IDAKdiAtMTkyIC0zMiAwCnYgLTE3NiAtMzIgMAp2IC0xOTIgLTQ4IDAKdiAtMjA4IC00OCAwCnYgLTIwOCAtMzIgMAp2IC0xOTIgLTMyIDAKdiAtMjA4IC00OCAwCnYgLTIyNCAtNDggMAp2IC0yMjQgLTMyIDAKdiAtMjA4IC0zMiAwCnYgLTIyNCAtNDggMAp2IC0yNDAgLTQ4IDAKdiAtMjQwIC0zMiAwCnYgLTIyNCAtMzIgMAp2IC0yNDAgLTQ4IDAKdiAtMjU2IC00OCAwCnYgLTI1NiAtMzIgMAp2IC0yNDAgLTMyIDAKdiAtMjU2IC00OCAwCnYgLTI3MiAtNDggMAp2IC0yNzIgLTMyIDAKdiAtMjU2IC0zMiAwCnYgLTI3MiAtNDggMAp2IC0yODggLTQ4IDAKdiAtMjg4IC0zMiAwCnYgLTI3MiAtMzIgMAp2IC0yODggLTQ4IDAKdiAtMzA0IC00OCAwCnYgLTMwNCAtMzIgMAp2IC0yODggLTMyIDAKdiAtMzA0IC00OCAwCnYgLTMyMCAtNDggMAp2IC0zMjAgLTMyIDAKdiAtMzA0IC0zMiAwCnYgLTMyMCAtNDggMAp2IC0zMzYgLTQ4IDAKdiAtMzM2IC0zMiAwCnYgLTMyMCAtMzIgMAp2IC0zMzYgLTQ4IDAKdiAtMzUyIC00OCAwCnYgLTM1MiAtMzIgMAp2IC0zMzYgLTMyIDAKdiAtMzUyIC00OCAwCnYgLTM2OCAtNDggMAp2IC0zNjggLTMyIDAKdiAtMzUyIC0zMiAwCnYgLTM2OCAtNDggMAp2IC0zODQgLTQ4IDAKdiAtMzg0IC0zMiAwCnYgLTM2OCAtMzIgMAp2IC0zODQgLTQ4IDAKdiAtNDAwIC00OCAwCnYgLTQwMCAtMzIgMAp2IC0zODQgLTMyIDAKdiAtNDAwIC00OCAwCnYgLTQxNiAtNDggMAp2IC00MTYgLTMyIDAKdiAtNDAwIC0zMiAwCnYgLTQxNiAtNDggMAp2IC00MzIgLTQ4IDAKdiAtNDMyIC0zMiAwCnYgLTQxNiAtMzIgMAp2IC00MzIgLTQ4IDAKdiAtNDQ4IC00OCAwCnYgLTQ0OCAtMzIgMAp2IC00MzIgLTMyIDAKdiAtNDQ4IC00OCAwCnYgLTQ2NCAtNDggMAp2IC00NjQgLTMyIDAKdiAtNDQ4IC0zMiAwCnYgLTQ2NCAtNDggMAp2IC00ODAgLTQ4IDAKdiAtNDgwIC0zMiAwCnYgLTQ2NCAtMzIgMAp2IC00ODAgLTQ4IDAKdiAtNDk2IC00OCAwCnYgLTQ5NiAtMzIgMAp2IC00ODAgLTMyIDAKdiAtNDk2IC00OCAwCnYgLTUxMiAtNDggMAp2IC01MTIgLTMyIDAKdiAtNDk2IC0zMiAwCnYgLTUxMiAtNDggMAp2IC01MjggLTQ4IDAKdiAtNTI4IC0zMiAwCnYgLTUxMiAtMzIgMAp2IC01MjggLTQ4IDAKdiAtNTQ0IC00OCAwCnYgLTU0NCAtMzIgMAp2IC01MjggLTMyIDAKdiAtNTQ0IC00OCAwCnYgLTU2MCAtNDggMAp2IC01NjAgLTMyIDAKdiAtNTQ0IC0zMiAwCnYgLTU2MCAtNDggMAp2IC01NzYgLTQ4IDAKdiAtNTc2IC0zMiAwCnYgLTU2MCAtMzIgMAp2IC01NzYgLTQ4IDAKdiAtNTkyIC00OCAwCnYgLTU5MiAtMzIgMAp2IC01NzYgLTMyIDAKdiAtNTkyIC00OCAwCnYgLTYwOCAtNDggMAp2IC02MDggLTMyIDAKdiAtNTkyIC0zMiAwCnYgLTYwOCAtNDggMAp2IC02MjQgLTQ4IDAKdiAtNjI0IC0zMiAwCnYgLTYwOCAtMzIgMAp2IC02MjQgLTQ4IDAKdiAtNjQwIC00OCAwCnYgLTY0MCAtMzIgMAp2IC02MjQgLTMyIDAKdiAwIC02NCAwCnYgLTE2IC02NCAwCnYgLTE2IC00OCAwCnYgMCAtNDggMAp2IC0xNiAtNjQgMAp2IC0zMiAtNjQgMAp2IC0zMiAtNDggMAp2IC0xNiAtNDggMAp2IC0zMiAtNjQgMAp2IC00OCAtNjQgMAp2IC00OCAtNDggMAp2IC0zMiAtNDggMAp2IC00OCAtNjQgMAp2IC02NCAtNjQgMAp2IC02NCAtNDggMAp2IC00OCAtNDggMAp2IC02NCAtNjQgMAp2IC04MCAtNjQgMAp2IC04MCAtNDggMAp2IC02NCAtNDggMAp2IC04MCAtNjQgMAp2IC05NiAtNjQgMAp2IC05NiAtNDggMAp2IC04MCAtNDggMAp2IC05NiAtNjQgMAp2IC0xMTIgLTY0IDAKdiAtMTEyIC00OCAwCnYgLTk2IC00OCAwCnYgLTExMiAtNjQgMAp2IC0xMjggLTY0IDAKdiAtMTI4IC00OCAwCnYgLTExMiAtNDggMAp2IC0xMjggLTY0IDAKdiAtMTQ0IC02NCAwCnYgLTE0NCAtNDggMAp2IC0xMjggLTQ4IDAKdiAtMTQ0IC02NCAwCnYgLTE2MCAtNjQgMAp2IC0xNjAgLTQ4IDAKdiAtMTQ0IC00OCAwCnYgLTE2MCAtNjQgMAp2IC0xNzYgLTY0IDAKdiAtMTc2IC00OCAwCnYgLTE2MCAtNDggMAp2IC0xNzYgLTY0IDAKdiAtMTkyIC02NCAwCnYgLTE5MiAtNDggMAp2IC0xNzYgLTQ4IDAKdiAtMTkyIC02NCAwCnYgLTIwOCAtNjQgMAp2IC0yMDggLTQ4IDAKdiAtMTkyIC00OCAwCnYgLTIwOCAtNjQgMAp2IC0yMjQgLTY0IDAKdiAtMjI0IC00OCAwCnYgLTIwOCAtNDggMAp2IC0yMjQgLTY0IDAKdiAtMjQwIC02NCAwCnYgLTI0MCAtNDggMAp2IC0yMjQgLTQ4IDAKdiAtMjQwIC02NCAwCnYgLTI1NiAtNjQgMAp2IC0yNTYgLTQ4IDAKdiAtMjQwIC00OCAwCnYgLTI1NiAtNjQgMAp2IC0yNzIgLTY0IDAKdiAtMjcyIC00OCAwCnYgLTI1NiAtNDggMAp2IC0yNzIgLTY0IDAKdiAtMjg4IC02NCAwCnYgLTI4OCAtNDggMAp2IC0yNzIgLTQ4IDAKdiAtMjg4IC02NCAwCnYgLTMwNCAtNjQgMAp2IC0zMDQgLTQ4IDAKdiAtMjg4IC00OCAwCnYgLTMwNCAtNjQgMAp2IC0zMjAgLTY0IDAKdiAtMzIwIC00OCAwCnYgLTMwNCAtNDggMAp2IC0zMjAgLTY0IDAKdiAtMzM2IC02NCAwCnYgLTMzNiAtNDggMAp2IC0zMjAgLTQ4IDAKdiAtMzM2IC02NCAwCnYgLTM1MiAtNjQgMAp2IC0zNTIgLTQ4IDAKdiAtMzM2IC00OCAwCnYgLTM1MiAtNjQgMAp2IC0zNjggLTY0IDAKdiAtMzY4IC00OCAwCnYgLTM1MiAtNDggMAp2IC0zNjggLTY0IDAKdiAtMzg0IC02NCAwCnYgLTM4NCAtNDggMAp2IC0zNjggLTQ4IDAKdiAtMzg0IC02NCAwCnYgLTQwMCAtNjQgMAp2IC00MDAgLTQ4IDAKdiAtMzg0IC00OCAwCnYgLTQwMCAtNjQgMAp2IC00MTYgLTY0IDAKdiAtNDE2IC00OCAwCnYgLTQwMCAtNDggMAp2IC00MTYgLTY0IDAKdiAtNDMyIC02NCAwCnYgLTQzMiAtNDggMAp2IC00MTYgLTQ4IDAKdiAtNDMyIC02NCAwCnYgLTQ0OCAtNjQgMAp2IC00NDggLTQ4IDAKdiAtNDMyIC00OCAwCnYgLTQ0OCAtNjQgMAp2IC00NjQgLTY0IDAKdiAtNDY0IC00OCAwCnYgLTQ0OCAtNDggMAp2IC00NjQgLTY0IDAKdiAtNDgwIC02NCAwCnYgLTQ4MCAtNDggMAp2IC00NjQgLTQ4IDAKdiAtNDgwIC02NCAwCnYgLTQ5NiAtNjQgMAp2IC00OTYgLTQ4IDAKdiAtNDgwIC00OCAwCnYgLTQ5NiAtNjQgMAp2IC01MTIgLTY0IDAKdiAtNTEyIC00OCAwCnYgLTQ5NiAtNDggMAp2IC01MTIgLTY0IDAKdiAtNTI4IC02NCAwCnYgLTUyOCAtNDggMAp2IC01MTIgLTQ4IDAKdiAtNTI4IC02NCAwCnYgLTU0NCAtNjQgMAp2IC01NDQgLTQ4IDAKdiAtNTI4IC00OCAwCnYgLTU0NCAtNjQgMAp2IC01NjAgLTY0IDAKdiAtNTYwIC00OCAwCnYgLTU0NCAtNDggMAp2IC01NjAgLTY0IDAKdiAtNTc2IC02NCAwCnYgLTU3NiAtNDggMAp2IC01NjAgLTQ4IDAKdiAtNTc2IC02NCAwCnYgLTU5MiAtNjQgMAp2IC01OTIgLTQ4IDAKdiAtNTc2IC00OCAwCnYgLTU5MiAtNjQgMAp2IC02MDggLTY0IDAKdiAtNjA4IC00OCAwCnYgLTU5MiAtNDggMAp2IC02MDggLTY0IDAKdiAtNjI0IC02NCAwCnYgLTYyNCAtNDggMAp2IC02MDggLTQ4IDAKdiAtNjI0IC02NCAwCnYgLTY0MCAtNjQgMAp2IC02NDAgLTQ4IDAKdiAtNjI0IC00OCAwCnYgMCAtODAgMAp2IC0xNiAtODAgMAp2IC0xNiAtNjQgMAp2IDAgLTY0IDAKdiAtMTYgLTgwIDAKdiAtMzIgLTgwIDAKdiAtMzIgLTY0IDAKdiAtMTYgLTY0IDAKdiAtMzIgLTgwIDAKdiAtNDggLTgwIDAKdiAtNDggLTY0IDAKdiAtMzIgLTY0IDAKdiAtNDggLTgwIDAKdiAtNjQgLTgwIDAKdiAtNjQgLTY0IDAKdiAtNDggLTY0IDAKdiAtNjQgLTgwIDAKdiAtODAgLTgwIDAKdiAtODAgLTY0IDAKdiAtNjQgLTY0IDAKdiAtODAgLTgwIDAKdiAtOTYgLTgwIDAKdiAtOTYgLTY0IDAKdiAtODAgLTY0IDAKdiAtOTYgLTgwIDAKdiAtMTEyIC04MCAwCnYgLTExMiAtNjQgMAp2IC05NiAtNjQgMAp2IC0xMTIgLTgwIDAKdiAtMTI4IC04MCAwCnYgLTEyOCAtNjQgMAp2IC0xMTIgLTY0IDAKdiAtMTI4IC04MCAwCnYgLTE0NCAtODAgMAp2IC0xNDQgLTY0IDAKdiAtMTI4IC02NCAwCnYgLTE0NCAtODAgMAp2IC0xNjAgLTgwIDAKdiAtMTYwIC02NCAwCnYgLTE0NCAtNjQgMAp2IC0xNjAgLTgwIDAKdiAtMTc2IC04MCAwCnYgLTE3NiAtNjQgMAp2IC0xNjAgLTY0IDAKdiAtMTc2IC04MCAwCnYgLTE5MiAtODAgMAp2IC0xOTIgLTY0IDAKdiAtMTc2IC02NCAwCnYgLTE5MiAtODAgMAp2IC0yMDggLTgwIDAKdiAtMjA4IC02NCAwCnYgLTE5MiAtNjQgMAp2IC0yMDggLTgwIDAKdiAtMjI0IC04MCAwCnYgLTIyNCAtNjQgMAp2IC0yMDggLTY0IDAKdiAtMjI0IC04MCAwCnYgLTI0MCAtODAgMAp2IC0yNDAgLTY0IDAKdiAtMjI0IC02NCAwCnYgLTI0MCAtODAgMAp2IC0yNTYgLTgwIDAKdiAtMjU2IC02NCAwCnYgLTI0MCAtNjQgMAp2IC0yNTYgLTgwIDAKdiAtMjcyIC04MCAwCnYgLTI3MiAtNjQgMAp2IC0yNTYgLTY0IDAKdiAtMjcyIC04MCAwCnYgLTI4OCAtODAgMAp2IC0yODggLTY0IDAKdiAtMjcyIC02NCAwCnYgLTI4OCAtODAgMAp2IC0zMDQgLTgwIDAKdiAtMzA0IC02NCAwCnYgLTI4OCAtNjQgMAp2IC0zMDQgLTgwIDAKdiAtMzIwIC04MCAwCnYgLTMyMCAtNjQgMAp2IC0zMDQgLTY0IDAKdiAtMzIwIC04MCAwCnYgLTMzNiAtODAgMAp2IC0zMzYgLTY0IDAKdiAtMzIwIC02NCAwCnYgLTMzNiAtODAgMAp2IC0zNTIgLTgwIDAKdiAtMzUyIC02NCAwCnYgLTMzNiAtNjQgMAp2IC0zNTIgLTgwIDAKdiAtMzY4IC04MCAwCnYgLTM2OCAtNjQgMAp2IC0zNTIgLTY0IDAKdiAtMzY4IC04MCAwCnYgLTM4NCAtODAgMAp2IC0zODQgLTY0IDAKdiAtMzY4IC02NCAwCnYgLTM4NCAtODAgMAp2IC00MDAgLTgwIDAKdiAtNDAwIC02NCAwCnYgLTM4NCAtNjQgMAp2IC00MDAgLTgwIDAKdiAtNDE2IC04MCAwCnYgLTQxNiAtNjQgMAp2IC00MDAgLTY0IDAKdiAtNDE2IC04MCAwCnYgLTQzMiAtODAgMAp2IC00MzIgLTY0IDAKdiAtNDE2IC02NCAwCnYgLTQzMiAtODAgMAp2IC00NDggLTgwIDAKdiAtNDQ4IC02NCAwCnYgLTQzMiAtNjQgMAp2IC00NDggLTgwIDAKdiAtNDY0IC04MCAwCnYgLTQ2NCAtNjQgMAp2IC00NDggLTY0IDAKdiAtNDY0IC04MCAwCnYgLTQ4MCAtODAgMAp2IC00ODAgLTY0IDAKdiAtNDY0IC02NCAwCnYgLTQ4MCAtODAgMAp2IC00OTYgLTgwIDAKdiAtNDk2IC02NCAwCnYgLTQ4MCAtNjQgMAp2IC00OTYgLTgwIDAKdiAtNTEyIC04MCAwCnYgLTUxMiAtNjQgMAp2IC00OTYgLTY0IDAKdiAtNTEyIC04MCAwCnYgLTUyOCAtODAgMAp2IC01MjggLTY0IDAKdiAtNTEyIC02NCAwCnYgLTUyOCAtODAgMAp2IC01NDQgLTgwIDAKdiAtNTQ0IC02NCAwCnYgLTUyOCAtNjQgMAp2IC01NDQgLTgwIDAKdiAtNTYwIC04MCAwCnYgLTU2MCAtNjQgMAp2IC01NDQgLTY0IDAKdiAtNTYwIC04MCAwCnYgLTU3NiAtODAgMAp2IC01NzYgLTY0IDAKdiAtNTYwIC02NCAwCnYgLTU3NiAtODAgMAp2IC01OTIgLTgwIDAKdiAtNTkyIC02NCAwCnYgLTU3NiAtNjQgMAp2IC01OTIgLTgwIDAKdiAtNjA4IC04MCAwCnYgLTYwOCAtNjQgMAp2IC01OTIgLTY0IDAKdiAtNjA4IC04MCAwCnYgLTYyNCAtODAgMAp2IC02MjQgLTY0IDAKdiAtNjA4IC02NCAwCnYgLTYyNCAtODAgMAp2IC02NDAgLTgwIDAKdiAtNjQwIC02NCAwCnYgLTYyNCAtNjQgMAp2IDAgLTk2IDAKdiAtMTYgLTk2IDAKdiAtMTYgLTgwIDAKdiAwIC04MCAwCnYgLTE2IC05NiAwCnYgLTMyIC05NiAwCnYgLTMyIC04MCAwCnYgLTE2IC04MCAwCnYgLTMyIC05NiAwCnYgLTQ4IC05NiAwCnYgLTQ4IC04MCAwCnYgLTMyIC04MCAwCnYgLTQ4IC05NiAwCnYgLTY0IC05NiAwCnYgLTY0IC04MCAwCnYgLTQ4IC04MCAwCnYgLTY0IC05NiAwCnYgLTgwIC05NiAwCnYgLTgwIC04MCAwCnYgLTY0IC04MCAwCnYgLTgwIC05NiAwCnYgLTk2IC05NiAwCnYgLTk2IC04MCAwCnYgLTgwIC04MCAwCnYgLTk2IC05NiAwCnYgLTExMiAtOTYgMAp2IC0xMTIgLTgwIDAKdiAtOTYgLTgwIDAKdiAtMTEyIC05NiAwCnYgLTEyOCAtOTYgMAp2IC0xMjggLTgwIDAKdiAtMTEyIC04MCAwCnYgLTEyOCAtOTYgMAp2IC0xNDQgLTk2IDAKdiAtMTQ0IC04MCAwCnYgLTEyOCAtODAgMAp2IC0xNDQgLTk2IDAKdiAtMTYwIC05NiAwCnYgLTE2MCAtODAgMAp2IC0xNDQgLTgwIDAKdiAtMTYwIC05NiAwCnYgLTE3NiAtOTYgMAp2IC0xNzYgLTgwIDAKdiAtMTYwIC04MCAwCnYgLTE3NiAtOTYgMAp2IC0xOTIgLTk2IDAKdiAtMTkyIC04MCAwCnYgLTE3NiAtODAgMAp2IC0xOTIgLTk2IDAKdiAtMjA4IC05NiAwCnYgLTIwOCAtODAgMAp2IC0xOTIgLTgwIDAKdiAtMjA4IC05NiAwCnYgLTIyNCAtOTYgMAp2IC0yMjQgLTgwIDAKdiAtMjA4IC04MCAwCnYgLTIyNCAtOTYgMAp2IC0yNDAgLTk2IDAKdiAtMjQwIC04MCAwCnYgLTIyNCAtODAgMAp2IC0yNDAgLTk2IDAKdiAtMjU2IC05NiAwCnYgLTI1NiAtODAgMAp2IC0yNDAgLTgwIDAKdiAtMjU2IC05NiAwCnYgLTI3MiAtOTYgMAp2IC0yNzIgLTgwIDAKdiAtMjU2IC04MCAwCnYgLTI3MiAtOTYgMAp2IC0yODggLTk2IDAKdiAtMjg4IC04MCAwCnYgLTI3MiAtODAgMAp2IC0yODggLTk2IDAKdiAtMzA0IC05NiAwCnYgLTMwNCAtODAgMAp2IC0yODggLTgwIDAKdiAtMzA0IC05NiAwCnYgLTMyMCAtOTYgMAp2IC0zMjAgLTgwIDAKdiAtMzA0IC04MCAwCnYgLTMyMCAtOTYgMAp2IC0zMzYgLTk2IDAKdiAtMzM2IC04MCAwCnYgLTMyMCAtODAgMAp2IC0zMzYgLTk2IDAKdiAtMzUyIC05NiAwCnYgLTM1MiAtODAgMAp2IC0zMzYgLTgwIDAKdiAtMzUyIC05NiAwCnYgLTM2OCAtOTYgMAp2IC0zNjggLTgwIDAKdiAtMzUyIC04MCAwCnYgLTM2OCAtOTYgMAp2IC0zODQgLTk2IDAKdiAtMzg0IC04MCAwCnYgLTM2OCAtODAgMAp2IC0zODQgLTk2IDAKdiAtNDAwIC05NiAwCnYgLTQwMCAtODAgMAp2IC0zODQgLTgwIDAKdiAtNDAwIC05NiAwCnYgLTQxNiAtOTYgMAp2IC00MTYgLTgwIDAKdiAtNDAwIC04MCAwCnYgLTQxNiAtOTYgMAp2IC00MzIgLTk2IDAKdiAtNDMyIC04MCAwCnYgLTQxNiAtODAgMAp2IC00MzIgLTk2IDAKdiAtNDQ4IC05NiAwCnYgLTQ0OCAtODAgMAp2IC00MzIgLTgwIDAKdiAtNDQ4IC05NiAwCnYgLTQ2NCAtOTYgMAp2IC00NjQgLTgwIDAKdiAtNDQ4IC04MCAwCnYgLTQ2NCAtOTYgMAp2IC00ODAgLTk2IDAKdiAtNDgwIC04MCAwCnYgLTQ2NCAtODAgMAp2IC00ODAgLTk2IDAKdiAtNDk2IC05NiAwCnYgLTQ5NiAtODAgMAp2IC00ODAgLTgwIDAKdiAtNDk2IC05NiAwCnYgLTUxMiAtOTYgMAp2IC01MTIgLTgwIDAKdiAtNDk2IC04MCAwCnYgLTUxMiAtOTYgMAp2IC01MjggLTk2IDAKdiAtNTI4IC04MCAwCnYgLTUxMiAtODAgMAp2IC01MjggLTk2IDAKdiAtNTQ0IC05NiAwCnYgLTU0NCAtODAgMAp2IC01MjggLTgwIDAKdiAtNTQ0IC05NiAwCnYgLTU2MCAtOTYgMAp2IC01NjAgLTgwIDAKdiAtNTQ0IC04MCAwCnYgLTU2MCAtOTYgMAp2IC01NzYgLTk2IDAKdiAtNTc2IC04MCAwCnYgLTU2MCAtODAgMAp2IC01NzYgLTk2IDAKdiAtNTkyIC05NiAwCnYgLTU5MiAtODAgMAp2IC01NzYgLTgwIDAKdiAtNTkyIC05NiAwCnYgLTYwOCAtOTYgMAp2IC02MDggLTgwIDAKdiAtNTkyIC04MCAwCnYgLTYwOCAtOTYgMAp2IC02MjQgLTk2IDAKdiAtNjI0IC04MCAwCnYgLTYwOCAtODAgMAp2IC02MjQgLTk2IDAKdiAtNjQwIC05NiAwCnYgLTY0MCAtODAgMAp2IC02MjQgLTgwIDAKdiAwIC0xMTIgMAp2IC0xNiAtMTEyIDAKdiAtMTYgLTk2IDAKdiAwIC05NiAwCnYgLTE2IC0xMTIgMAp2IC0zMiAtMTEyIDAKdiAtMzIgLTk2IDAKdiAtMTYgLTk2IDAKdiAtMzIgLTExMiAwCnYgLTQ4IC0xMTIgMAp2IC00OCAtOTYgMAp2IC0zMiAtOTYgMAp2IC00OCAtMTEyIDAKdiAtNjQgLTExMiAwCnYgLTY0IC05NiAwCnYgLTQ4IC05NiAwCnYgLTY0IC0xMTIgMAp2IC04MCAtMTEyIDAKdiAtODAgLTk2IDAKdiAtNjQgLTk2IDAKdiAtODAgLTExMiAwCnYgLTk2IC0xMTIgMAp2IC05NiAtOTYgMAp2IC04MCAtOTYgMAp2IC05NiAtMTEyIDAKdiAtMTEyIC0xMTIgMAp2IC0xMTIgLTk2IDAKdiAtOTYgLTk2IDAKdiAtMTEyIC0xMTIgMAp2IC0xMjggLTExMiAwCnYgLTEyOCAtOTYgMAp2IC0xMTIgLTk2IDAKdiAtMTI4IC0xMTIgMAp2IC0xNDQgLTExMiAwCnYgLTE0NCAtOTYgMAp2IC0xMjggLTk2IDAKdiAtMTQ0IC0xMTIgMAp2IC0xNjAgLTExMiAwCnYgLTE2MCAtOTYgMAp2IC0xNDQgLTk2IDAKdiAtMTYwIC0xMTIgMAp2IC0xNzYgLTExMiAwCnYgLTE3NiAtOTYgMAp2IC0xNjAgLTk2IDAKdiAtMTc2IC0xMTIgMAp2IC0xOTIgLTExMiAwCnYgLTE5MiAtOTYgMAp2IC0xNzYgLTk2IDAKdiAtMTkyIC0xMTIgMAp2IC0yMDggLTExMiAwCnYgLTIwOCAtOTYgMAp2IC0xOTIgLTk2IDAKdiAtMjA4IC0xMTIgMAp2IC0yMjQgLTExMiAwCnYgLTIyNCAtOTYgMAp2IC0yMDggLTk2IDAKdiAtMjI0IC0xMTIgMAp2IC0yNDAgLTExMiAwCnYgLTI0MCAtOTYgMAp2IC0yMjQgLTk2IDAKdiAtMjQwIC0xMTIgMAp2IC0yNTYgLTExMiAwCnYgLTI1NiAtOTYgMAp2IC0yNDAgLTk2IDAKdiAtMjU2IC0xMTIgMAp2IC0yNzIgLTExMiAwCnYgLTI3MiAtOTYgMAp2IC0yNTYgLTk2IDAKdiAtMjcyIC0xMTIgMAp2IC0yODggLTExMiAwCnYgLTI4OCAtOTYgMAp2IC0yNzIgLTk2IDAKdiAtMjg4IC0xMTIgMAp2IC0zMDQgLTExMiAwCnYgLTMwNCAtOTYgMAp2IC0yODggLTk2IDAKdiAtMzA0IC0xMTIgMAp2IC0zMjAgLTExMiAwCnYgLTMyMCAtOTYgMAp2IC0zMDQgLTk2IDAKdiAtMzIwIC0xMTIgMAp2IC0zMzYgLTExMiAwCnYgLTMzNiAtOTYgMAp2IC0zMjAgLTk2IDAKdiAtMzM2IC0xMTIgMAp2IC0zNTIgLTExMiAwCnYgLTM1MiAtOTYgMAp2IC0zMzYgLTk2IDAKdiAtMzUyIC0xMTIgMAp2IC0zNjggLTExMiAwCnYgLTM2OCAtOTYgMAp2IC0zNTIgLTk2IDAKdiAtMzY4IC0xMTIgMAp2IC0zODQgLTExMiAwCnYgLTM4NCAtOTYgMAp2IC0zNjggLTk2IDAKdiAtMzg0IC0xMTIgMAp2IC00MDAgLTExMiAwCnYgLTQwMCAtOTYgMAp2IC0zODQgLTk2IDAKdiAtNDAwIC0xMTIgMAp2IC00MTYgLTExMiAwCnYgLTQxNiAtOTYgMAp2IC00MDAgLTk2IDAKdiAtNDE2IC0xMTIgMAp2IC00MzIgLTExMiAwCnYgLTQzMiAtOTYgMAp2IC00MTYgLTk2IDAKdiAtNDMyIC0xMTIgMAp2IC00NDggLTExMiAwCnYgLTQ0OCAtOTYgMAp2IC00MzIgLTk2IDAKdiAtNDQ4IC0xMTIgMAp2IC00NjQgLTExMiAwCnYgLTQ2NCAtOTYgMAp2IC00NDggLTk2IDAKdiAtNDY0IC0xMTIgMAp2IC00ODAgLTExMiAwCnYgLTQ4MCAtOTYgMAp2IC00NjQgLTk2IDAKdiAtNDgwIC0xMTIgMAp2IC00OTYgLTExMiAwCnYgLTQ5NiAtOTYgMAp2IC00ODAgLTk2IDAKdiAtNDk2IC0xMTIgMAp2IC01MTIgLTExMiAwCnYgLTUxMiAtOTYgMAp2IC00OTYgLTk2IDAKdiAtNTEyIC0xMTIgMAp2IC01MjggLTExMiAwCnYgLTUyOCAtOTYgMAp2IC01MTIgLTk2IDAKdiAtNTI4IC0xMTIgMAp2IC01NDQgLTExMiAwCnYgLTU0NCAtOTYgMAp2IC01MjggLTk2IDAKdiAtNTQ0IC0xMTIgMAp2IC01NjAgLTExMiAwCnYgLTU2MCAtOTYgMAp2IC01NDQgLTk2IDAKdiAtNTYwIC0xMTIgMAp2IC01NzYgLTExMiAwCnYgLTU3NiAtOTYgMAp2IC01NjAgLTk2IDAKdiAtNTc2IC0xMTIgMAp2IC01OTIgLTExMiAwCnYgLTU5MiAtOTYgMAp2IC01NzYgLTk2IDAKdiAtNTkyIC0xMTIgMAp2IC02MDggLTExMiAwCnYgLTYwOCAtOTYgMAp2IC01OTIgLTk2IDAKdiAtNjA4IC0xMTIgMAp2IC02MjQgLTExMiAwCnYgLTYyNCAtOTYgMAp2IC02MDggLTk2IDAKdiAtNjI0IC0xMTIgMAp2IC02NDAgLTExMiAwCnYgLTY0MCAtOTYgMAp2IC02MjQgLTk2IDAKdiAwIC0xMjggMAp2IC0xNiAtMTI4IDAKdiAtMTYgLTExMiAwCnYgMCAtMTEyIDAKdiAtMTYgLTEyOCAwCnYgLTMyIC0xMjggMAp2IC0zMiAtMTEyIDAKdiAtMTYgLTExMiAwCnYgLTMyIC0xMjggMAp2IC00OCAtMTI4IDAKdiAtNDggLTExMiAwCnYgLTMyIC0xMTIgMAp2IC00OCAtMTI4IDAKdiAtNjQgLTEyOCAwCnYgLTY0IC0xMTIgMAp2IC00OCAtMTEyIDAKdiAtNjQgLTEyOCAwCnYgLTgwIC0xMjggMAp2IC04MCAtMTEyIDAKdiAtNjQgLTExMiAwCnYgLTgwIC0xMjggMAp2IC05NiAtMTI4IDAKdiAtOTYgLTExMiAwCnYgLTgwIC0xMTIgMAp2IC05NiAtMTI4IDAKdiAtMTEyIC0xMjggMAp2IC0xMTIgLTExMiAwCnYgLTk2IC0xMTIgMAp2IC0xMTIgLTEyOCAwCnYgLTEyOCAtMTI4IDAKdiAtMTI4IC0xMTIgMAp2IC0xMTIgLTExMiAwCnYgLTEyOCAtMTI4IDAKdiAtMTQ0IC0xMjggMAp2IC0xNDQgLTExMiAwCnYgLTEyOCAtMTEyIDAKdiAtMTQ0IC0xMjggMAp2IC0xNjAgLTEyOCAwCnYgLTE2MCAtMTEyIDAKdiAtMTQ0IC0xMTIgMAp2IC0xNjAgLTEyOCAwCnYgLTE3NiAtMTI4IDAKdiAtMTc2IC0xMTIgMAp2IC0xNjAgLTExMiAwCnYgLTE3NiAtMTI4IDAKdiAtMTkyIC0xMjggMAp2IC0xOTIgLTExMiAwCnYgLTE3NiAtMTEyIDAKdiAtMTkyIC0xMjggMAp2IC0yMDggLTEyOCAwCnYgLTIwOCAtMTEyIDAKdiAtMTkyIC0xMTIgMAp2IC0yMDggLTEyOCAwCnYgLTIyNCAtMTI4IDAKdiAtMjI0IC0xMTIgMAp2IC0yMDggLTExMiAwCnYgLTIyNCAtMTI4IDAKdiAtMjQwIC0xMjggMAp2IC0yNDAgLTExMiAwCnYgLTIyNCAtMTEyIDAKdiAtMjQwIC0xMjggMAp2IC0yNTYgLTEyOCAwCnYgLTI1NiAtMTEyIDAKdiAtMjQwIC0xMTIgMAp2IC0yNTYgLTEyOCAwCnYgLTI3MiAtMTI4IDAKdiAtMjcyIC0xMTIgMAp2IC0yNTYgLTExMiAwCnYgLTI3MiAtMTI4IDAKdiAtMjg4IC0xMjggMAp2IC0yODggLTExMiAwCnYgLTI3MiAtMTEyIDAKdiAtMjg4IC0xMjggMAp2IC0zMDQgLTEyOCAwCnYgLTMwNCAtMTEyIDAKdiAtMjg4IC0xMTIgMAp2IC0zMDQgLTEyOCAwCnYgLTMyMCAtMTI4IDAKdiAtMzIwIC0xMTIgMAp2IC0zMDQgLTExMiAwCnYgLTMyMCAtMTI4IDAKdiAtMzM2IC0xMjggMAp2IC0zMzYgLTExMiAwCnYgLTMyMCAtMTEyIDAKdiAtMzM2IC0xMjggMAp2IC0zNTIgLTEyOCAwCnYgLTM1MiAtMTEyIDAKdiAtMzM2IC0xMTIgMAp2IC0zNTIgLTEyOCAwCnYgLTM2OCAtMTI4IDAKdiAtMzY4IC0xMTIgMAp2IC0zNTIgLTExMiAwCnYgLTM2OCAtMTI4IDAKdiAtMzg0IC0xMjggMAp2IC0zODQgLTExMiAwCnYgLTM2OCAtMTEyIDAKdiAtMzg0IC0xMjggMAp2IC00MDAgLTEyOCAwCnYgLTQwMCAtMTEyIDAKdiAtMzg0IC0xMTIgMAp2IC00MDAgLTEyOCAwCnYgLTQxNiAtMTI4IDAKdiAtNDE2IC0xMTIgMAp2IC00MDAgLTExMiAwCnYgLTQxNiAtMTI4IDAKdiAtNDMyIC0xMjggMAp2IC00MzIgLTExMiAwCnYgLTQxNiAtMTEyIDAKdiAtNDMyIC0xMjggMAp2IC00NDggLTEyOCAwCnYgLTQ0OCAtMTEyIDAKdiAtNDMyIC0xMTIgMAp2IC00NDggLTEyOCAwCnYgLTQ2NCAtMTI4IDAKdiAtNDY0IC0xMTIgMAp2IC00NDggLTExMiAwCnYgLTQ2NCAtMTI4IDAKdiAtNDgwIC0xMjggMAp2IC00ODAgLTExMiAwCnYgLTQ2NCAtMTEyIDAKdiAtNDgwIC0xMjggMAp2IC00OTYgLTEyOCAwCnYgLTQ5NiAtMTEyIDAKdiAtNDgwIC0xMTIgMAp2IC00OTYgLTEyOCAwCnYgLTUxMiAtMTI4IDAKdiAtNTEyIC0xMTIgMAp2IC00OTYgLTExMiAwCnYgLTUxMiAtMTI4IDAKdiAtNTI4IC0xMjggMAp2IC01MjggLTExMiAwCnYgLTUxMiAtMTEyIDAKdiAtNTI4IC0xMjggMAp2IC01NDQgLTEyOCAwCnYgLTU0NCAtMTEyIDAKdiAtNTI4IC0xMTIgMAp2IC01NDQgLTEyOCAwCnYgLTU2MCAtMTI4IDAKdiAtNTYwIC0xMTIgMAp2IC01NDQgLTExMiAwCnYgLTU2MCAtMTI4IDAKdiAtNTc2IC0xMjggMAp2IC01NzYgLTExMiAwCnYgLTU2MCAtMTEyIDAKdiAtNTc2IC0xMjggMAp2IC01OTIgLTEyOCAwCnYgLTU5MiAtMTEyIDAKdiAtNTc2IC0xMTIgMAp2IC01OTIgLTEyOCAwCnYgLTYwOCAtMTI4IDAKdiAtNjA4IC0xMTIgMAp2IC01OTIgLTExMiAwCnYgLTYwOCAtMTI4IDAKdiAtNjI0IC0xMjggMAp2IC02MjQgLTExMiAwCnYgLTYwOCAtMTEyIDAKdiAtNjI0IC0xMjggMAp2IC02NDAgLTEyOCAwCnYgLTY0MCAtMTEyIDAKdiAtNjI0IC0xMTIgMAp2IDAgLTE0NCAwCnYgLTE2IC0xNDQgMAp2IC0xNiAtMTI4IDAKdiAwIC0xMjggMAp2IC0xNiAtMTQ0IDAKdiAtMzIgLTE0NCAwCnYgLTMyIC0xMjggMAp2IC0xNiAtMTI4IDAKdiAtMzIgLTE0NCAwCnYgLTQ4IC0xNDQgMAp2IC00OCAtMTI4IDAKdiAtMzIgLTEyOCAwCnYgLTQ4IC0xNDQgMAp2IC02NCAtMTQ0IDAKdiAtNjQgLTEyOCAwCnYgLTQ4IC0xMjggMAp2IC02NCAtMTQ0IDAKdiAtODAgLTE0NCAwCnYgLTgwIC0xMjggMAp2IC02NCAtMTI4IDAKdiAtODAgLTE0NCAwCnYgLTk2IC0xNDQgMAp2IC05NiAtMTI4IDAKdiAtODAgLTEyOCAwCnYgLTk2IC0xNDQgMAp2IC0xMTIgLTE0NCAwCnYgLTExMiAtMTI4IDAKdiAtOTYgLTEyOCAwCnYgLTExMiAtMTQ0IDAKdiAtMTI4IC0xNDQgMAp2IC0xMjggLTEyOCAwCnYgLTExMiAtMTI4IDAKdiAtMTI4IC0xNDQgMAp2IC0xNDQgLTE0NCAwCnYgLTE0NCAtMTI4IDAKdiAtMTI4IC0xMjggMAp2IC0xNDQgLTE0NCAwCnYgLTE2MCAtMTQ0IDAKdiAtMTYwIC0xMjggMAp2IC0xNDQgLTEyOCAwCnYgLTE2MCAtMTQ0IDAKdiAtMTc2IC0xNDQgMAp2IC0xNzYgLTEyOCAwCnYgLTE2MCAtMTI4IDAKdiAtMTc2IC0xNDQgMAp2IC0xOTIgLTE0NCAwCnYgLTE5MiAtMTI4IDAKdiAtMTc2IC0xMjggMAp2IC0xOTIgLTE0NCAwCnYgLTIwOCAtMTQ0IDAKdiAtMjA4IC0xMjggMAp2IC0xOTIgLTEyOCAwCnYgLTIwOCAtMTQ0IDAKdiAtMjI0IC0xNDQgMAp2IC0yMjQgLTEyOCAwCnYgLTIwOCAtMTI4IDAKdiAtMjI0IC0xNDQgMAp2IC0yNDAgLTE0NCAwCnYgLTI0MCAtMTI4IDAKdiAtMjI0IC0xMjggMAp2IC0yNDAgLTE0NCAwCnYgLTI1NiAtMTQ0IDAKdiAtMjU2IC0xMjggMAp2IC0yNDAgLTEyOCAwCnYgLTI1NiAtMTQ0IDAKdiAtMjcyIC0xNDQgMAp2IC0yNzIgLTEyOCAwCnYgLTI1NiAtMTI4IDAKdiAtMjcyIC0xNDQgMAp2IC0yODggLTE0NCAwCnYgLTI4OCAtMTI4IDAKdiAtMjcyIC0xMjggMAp2IC0yODggLTE0NCAwCnYgLTMwNCAtMTQ0IDAKdiAtMzA0IC0xMjggMAp2IC0yODggLTEyOCAwCnYgLTMwNCAtMTQ0IDAKdiAtMzIwIC0xNDQgMAp2IC0zMjAgLTEyOCAwCnYgLTMwNCAtMTI4IDAKdiAtMzIwIC0xNDQgMAp2IC0zMzYgLTE0NCAwCnYgLTMzNiAtMTI4IDAKdiAtMzIwIC0xMjggMAp2IC0zMzYgLTE0NCAwCnYgLTM1MiAtMTQ0IDAKdiAtMzUyIC0xMjggMAp2IC0zMzYgLTEyOCAwCnYgLTM1MiAtMTQ0IDAKdiAtMzY4IC0xNDQgMAp2IC0zNjggLTEyOCAwCnYgLTM1MiAtMTI4IDAKdiAtMzY4IC0xNDQgMAp2IC0zODQgLTE0NCAwCnYgLTM4NCAtMTI4IDAKdiAtMzY4IC0xMjggMAp2IC0zODQgLTE0NCAwCnYgLTQwMCAtMTQ0IDAKdiAtNDAwIC0xMjggMAp2IC0zODQgLTEyOCAwCnYgLTQwMCAtMTQ0IDAKdiAtNDE2IC0xNDQgMAp2IC00MTYgLTEyOCAwCnYgLTQwMCAtMTI4IDAKdiAtNDE2IC0xNDQgMAp2IC00MzIgLTE0NCAwCnYgLTQzMiAtMTI4IDAKdiAtNDE2IC0xMjggMAp2IC00MzIgLTE0NCAwCnYgLTQ0OCAtMTQ0IDAKdiAtNDQ4IC0xMjggMAp2IC00MzIgLTEyOCAwCnYgLTQ0OCAtMTQ0IDAKdiAtNDY0IC0xNDQgMAp2IC00NjQgLTEyOCAwCnYgLTQ0OCAtMTI4IDAKdiAtNDY0IC0xNDQgMAp2IC00ODAgLTE0NCAwCnYgLTQ4MCAtMTI4IDAKdiAtNDY0IC0xMjggMAp2IC00ODAgLTE0NCAwCnYgLTQ5NiAtMTQ0IDAKdiAtNDk2IC0xMjggMAp2IC00ODAgLTEyOCAwCnYgLTQ5NiAtMTQ0IDAKdiAtNTEyIC0xNDQgMAp2IC01MTIgLTEyOCAwCnYgLTQ5NiAtMTI4IDAKdiAtNTEyIC0xNDQgMAp2IC01MjggLTE0NCAwCnYgLTUyOCAtMTI4IDAKdiAtNTEyIC0xMjggMAp2IC01MjggLTE0NCAwCnYgLTU0NCAtMTQ0IDAKdiAtNTQ0IC0xMjggMAp2IC01MjggLTEyOCAwCnYgLTU0NCAtMTQ0IDAKdiAtNTYwIC0xNDQgMAp2IC01NjAgLTEyOCAwCnYgLTU0NCAtMTI4IDAKdiAtNTYwIC0xNDQgMAp2IC01NzYgLTE0NCAwCnYgLTU3NiAtMTI4IDAKdiAtNTYwIC0xMjggMAp2IC01NzYgLTE0NCAwCnYgLTU5MiAtMTQ0IDAKdiAtNTkyIC0xMjggMAp2IC01NzYgLTEyOCAwCnYgLTU5MiAtMTQ0IDAKdiAtNjA4IC0xNDQgMAp2IC02MDggLTEyOCAwCnYgLTU5MiAtMTI4IDAKdiAtNjA4IC0xNDQgMAp2IC02MjQgLTE0NCAwCnYgLTYyNCAtMTI4IDAKdiAtNjA4IC0xMjggMAp2IC02MjQgLTE0NCAwCnYgLTY0MCAtMTQ0IDAKdiAtNjQwIC0xMjggMAp2IC02MjQgLTEyOCAwCnYgMCAtMTYwIDAKdiAtMTYgLTE2MCAwCnYgLTE2IC0xNDQgMAp2IDAgLTE0NCAwCnYgLTE2IC0xNjAgMAp2IC0zMiAtMTYwIDAKdiAtMzIgLTE0NCAwCnYgLTE2IC0xNDQgMAp2IC0zMiAtMTYwIDAKdiAtNDggLTE2MCAwCnYgLTQ4IC0xNDQgMAp2IC0zMiAtMTQ0IDAKdiAtNDggLTE2MCAwCnYgLTY0IC0xNjAgMAp2IC02NCAtMTQ0IDAKdiAtNDggLTE0NCAwCnYgLTY0IC0xNjAgMAp2IC04MCAtMTYwIDAKdiAtODAgLTE0NCAwCnYgLTY0IC0xNDQgMAp2IC04MCAtMTYwIDAKdiAtOTYgLTE2MCAwCnYgLTk2IC0xNDQgMAp2IC04MCAtMTQ0IDAKdiAtOTYgLTE2MCAwCnYgLTExMiAtMTYwIDAKdiAtMTEyIC0xNDQgMAp2IC05NiAtMTQ0IDAKdiAtMTEyIC0xNjAgMAp2IC0xMjggLTE2MCAwCnYgLTEyOCAtMTQ0IDAKdiAtMTEyIC0xNDQgMAp2IC0xMjggLTE2MCAwCnYgLTE0NCAtMTYwIDAKdiAtMTQ0IC0xNDQgMAp2IC0xMjggLTE0NCAwCnYgLTE0NCAtMTYwIDAKdiAtMTYwIC0xNjAgMAp2IC0xNjAgLTE0NCAwCnYgLTE0NCAtMTQ0IDAKdiAtMTYwIC0xNjAgMAp2IC0xNzYgLTE2MCAwCnYgLTE3NiAtMTQ0IDAKdiAtMTYwIC0xNDQgMAp2IC0xNzYgLTE2MCAwCnYgLTE5MiAtMTYwIDAKdiAtMTkyIC0xNDQgMAp2IC0xNzYgLTE0NCAwCnYgLTE5MiAtMTYwIDAKdiAtMjA4IC0xNjAgMAp2IC0yMDggLTE0NCAwCnYgLTE5MiAtMTQ0IDAKdiAtMjA4IC0xNjAgMAp2IC0yMjQgLTE2MCAwCnYgLTIyNCAtMTQ0IDAKdiAtMjA4IC0xNDQgMAp2IC0yMjQgLTE2MCAwCnYgLTI0MCAtMTYwIDAKdiAtMjQwIC0xNDQgMAp2IC0yMjQgLTE0NCAwCnYgLTI0MCAtMTYwIDAKdiAtMjU2IC0xNjAgMAp2IC0yNTYgLTE0NCAwCnYgLTI0MCAtMTQ0IDAKdiAtMjU2IC0xNjAgMAp2IC0yNzIgLTE2MCAwCnYgLTI3MiAtMTQ0IDAKdiAtMjU2IC0xNDQgMAp2IC0yNzIgLTE2MCAwCnYgLTI4OCAtMTYwIDAKdiAtMjg4IC0xNDQgMAp2IC0yNzIgLTE0NCAwCnYgLTI4OCAtMTYwIDAKdiAtMzA0IC0xNjAgMAp2IC0zMDQgLTE0NCAwCnYgLTI4OCAtMTQ0IDAKdiAtMzA0IC0xNjAgMAp2IC0zMjAgLTE2MCAwCnYgLTMyMCAtMTQ0IDAKdiAtMzA0IC0xNDQgMAp2IC0zMjAgLTE2MCAwCnYgLTMzNiAtMTYwIDAKdiAtMzM2IC0xNDQgMAp2IC0zMjAgLTE0NCAwCnYgLTMzNiAtMTYwIDAKdiAtMzUyIC0xNjAgMAp2IC0zNTIgLTE0NCAwCnYgLTMzNiAtMTQ0IDAKdiAtMzUyIC0xNjAgMAp2IC0zNjggLTE2MCAwCnYgLTM2OCAtMTQ0IDAKdiAtMzUyIC0xNDQgMAp2IC0zNjggLTE2MCAwCnYgLTM4NCAtMTYwIDAKdiAtMzg0IC0xNDQgMAp2IC0zNjggLTE0NCAwCnYgLTM4NCAtMTYwIDAKdiAtNDAwIC0xNjAgMAp2IC00MDAgLTE0NCAwCnYgLTM4NCAtMTQ0IDAKdiAtNDAwIC0xNjAgMAp2IC00MTYgLTE2MCAwCnYgLTQxNiAtMTQ0IDAKdiAtNDAwIC0xNDQgMAp2IC00MTYgLTE2MCAwCnYgLTQzMiAtMTYwIDAKdiAtNDMyIC0xNDQgMAp2IC00MTYgLTE0NCAwCnYgLTQzMiAtMTYwIDAKdiAtNDQ4IC0xNjAgMAp2IC00NDggLTE0NCAwCnYgLTQzMiAtMTQ0IDAKdiAtNDQ4IC0xNjAgMAp2IC00NjQgLTE2MCAwCnYgLTQ2NCAtMTQ0IDAKdiAtNDQ4IC0xNDQgMAp2IC00NjQgLTE2MCAwCnYgLTQ4MCAtMTYwIDAKdiAtNDgwIC0xNDQgMAp2IC00NjQgLTE0NCAwCnYgLTQ4MCAtMTYwIDAKdiAtNDk2IC0xNjAgMAp2IC00OTYgLTE0NCAwCnYgLTQ4MCAtMTQ0IDAKdiAtNDk2IC0xNjAgMAp2IC01MTIgLTE2MCAwCnYgLTUxMiAtMTQ0IDAKdiAtNDk2IC0xNDQgMAp2IC01MTIgLTE2MCAwCnYgLTUyOCAtMTYwIDAKdiAtNTI4IC0xNDQgMAp2IC01MTIgLTE0NCAwCnYgLTUyOCAtMTYwIDAKdiAtNTQ0IC0xNjAgMAp2IC01NDQgLTE0NCAwCnYgLTUyOCAtMTQ0IDAKdiAtNTQ0IC0xNjAgMAp2IC01NjAgLTE2MCAwCnYgLTU2MCAtMTQ0IDAKdiAtNTQ0IC0xNDQgMAp2IC01NjAgLTE2MCAwCnYgLTU3NiAtMTYwIDAKdiAtNTc2IC0xNDQgMAp2IC01NjAgLTE0NCAwCnYgLTU3NiAtMTYwIDAKdiAtNTkyIC0xNjAgMAp2IC01OTIgLTE0NCAwCnYgLTU3NiAtMTQ0IDAKdiAtNTkyIC0xNjAgMAp2IC02MDggLTE2MCAwCnYgLTYwOCAtMTQ0IDAKdiAtNTkyIC0xNDQgMAp2IC02MDggLTE2MCAwCnYgLTYyNCAtMTYwIDAKdiAtNjI0IC0xNDQgMAp2IC02MDggLTE0NCAwCnYgLTYyNCAtMTYwIDAKdiAtNjQwIC0xNjAgMAp2IC02NDAgLTE0NCAwCnYgLTYyNCAtMTQ0IDAKdiAwIC0xNzYgMAp2IC0xNiAtMTc2IDAKdiAtMTYgLTE2MCAwCnYgMCAtMTYwIDAKdiAtMTYgLTE3NiAwCnYgLTMyIC0xNzYgMAp2IC0zMiAtMTYwIDAKdiAtMTYgLTE2MCAwCnYgLTMyIC0xNzYgMAp2IC00OCAtMTc2IDAKdiAtNDggLTE2MCAwCnYgLTMyIC0xNjAgMAp2IC00OCAtMTc2IDAKdiAtNjQgLTE3NiAwCnYgLTY0IC0xNjAgMAp2IC00OCAtMTYwIDAKdiAtNjQgLTE3NiAwCnYgLTgwIC0xNzYgMAp2IC04MCAtMTYwIDAKdiAtNjQgLTE2MCAwCnYgLTgwIC0xNzYgMAp2IC05NiAtMTc2IDAKdiAtOTYgLTE2MCAwCnYgLTgwIC0xNjAgMAp2IC05NiAtMTc2IDAKdiAtMTEyIC0xNzYgMAp2IC0xMTIgLTE2MCAwCnYgLTk2IC0xNjAgMAp2IC0xMTIgLTE3NiAwCnYgLTEyOCAtMTc2IDAKdiAtMTI4IC0xNjAgMAp2IC0xMTIgLTE2MCAwCnYgLTEyOCAtMTc2IDAKdiAtMTQ0IC0xNzYgMAp2IC0xNDQgLTE2MCAwCnYgLTEyOCAtMTYwIDAKdiAtMTQ0IC0xNzYgMAp2IC0xNjAgLTE3NiAwCnYgLTE2MCAtMTYwIDAKdiAtMTQ0IC0xNjAgMAp2IC0xNjAgLTE3NiAwCnYgLTE3NiAtMTc2IDAKdiAtMTc2IC0xNjAgMAp2IC0xNjAgLTE2MCAwCnYgLTE3NiAtMTc2IDAKdiAtMTkyIC0xNzYgMAp2IC0xOTIgLTE2MCAwCnYgLTE3NiAtMTYwIDAKdiAtMTkyIC0xNzYgMAp2IC0yMDggLTE3NiAwCnYgLTIwOCAtMTYwIDAKdiAtMTkyIC0xNjAgMAp2IC0yMDggLTE3NiAwCnYgLTIyNCAtMTc2IDAKdiAtMjI0IC0xNjAgMAp2IC0yMDggLTE2MCAwCnYgLTIyNCAtMTc2IDAKdiAtMjQwIC0xNzYgMAp2IC0yNDAgLTE2MCAwCnYgLTIyNCAtMTYwIDAKdiAtMjQwIC0xNzYgMAp2IC0yNTYgLTE3NiAwCnYgLTI1NiAtMTYwIDAKdiAtMjQwIC0xNjAgMAp2IC0yNTYgLTE3NiAwCnYgLTI3MiAtMTc2IDAKdiAtMjcyIC0xNjAgMAp2IC0yNTYgLTE2MCAwCnYgLTI3MiAtMTc2IDAKdiAtMjg4IC0xNzYgMAp2IC0yODggLTE2MCAwCnYgLTI3MiAtMTYwIDAKdiAtMjg4IC0xNzYgMAp2IC0zMDQgLTE3NiAwCnYgLTMwNCAtMTYwIDAKdiAtMjg4IC0xNjAgMAp2IC0zMDQgLTE3NiAwCnYgLTMyMCAtMTc2IDAKdiAtMzIwIC0xNjAgMAp2IC0zMDQgLTE2MCAwCnYgLTMyMCAtMTc2IDAKdiAtMzM2IC0xNzYgMAp2IC0zMzYgLTE2MCAwCnYgLTMyMCAtMTYwIDAKdiAtMzM2IC0xNzYgMAp2IC0zNTIgLTE3NiAwCnYgLTM1MiAtMTYwIDAKdiAtMzM2IC0xNjAgMAp2IC0zNTIgLTE3NiAwCnYgLTM2OCAtMTc2IDAKdiAtMzY4IC0xNjAgMAp2IC0zNTIgLTE2MCAwCnYgLTM2OCAtMTc2IDAKdiAtMzg0IC0xNzYgMAp2IC0zODQgLTE2MCAwCnYgLTM2OCAtMTYwIDAKdiAtMzg0IC0xNzYgMAp2IC00MDAgLTE3NiAwCnYgLTQwMCAtMTYwIDAKdiAtMzg0IC0xNjAgMAp2IC00MDAgLTE3NiAwCnYgLTQxNiAtMTc2IDAKdiAtNDE2IC0xNjAgMAp2IC00MDAgLTE2MCAwCnYgLTQxNiAtMTc2IDAKdiAtNDMyIC0xNzYgMAp2IC00MzIgLTE2MCAwCnYgLTQxNiAtMTYwIDAKdiAtNDMyIC0xNzYgMAp2IC00NDggLTE3NiAwCnYgLTQ0OCAtMTYwIDAKdiAtNDMyIC0xNjAgMAp2IC00NDggLTE3NiAwCnYgLTQ2NCAtMTc2IDAKdiAtNDY0IC0xNjAgMAp2IC00NDggLTE2MCAwCnYgLTQ2NCAtMTc2IDAKdiAtNDgwIC0xNzYgMAp2IC00ODAgLTE2MCAwCnYgLTQ2NCAtMTYwIDAKdiAtNDgwIC0xNzYgMAp2IC00OTYgLTE3NiAwCnYgLTQ5NiAtMTYwIDAKdiAtNDgwIC0xNjAgMAp2IC00OTYgLTE3NiAwCnYgLTUxMiAtMTc2IDAKdiAtNTEyIC0xNjAgMAp2IC00OTYgLTE2MCAwCnYgLTUxMiAtMTc2IDAKdiAtNTI4IC0xNzYgMAp2IC01MjggLTE2MCAwCnYgLTUxMiAtMTYwIDAKdiAtNTI4IC0xNzYgMAp2IC01NDQgLTE3NiAwCnYgLTU0NCAtMTYwIDAKdiAtNTI4IC0xNjAgMAp2IC01NDQgLTE3NiAwCnYgLTU2MCAtMTc2IDAKdiAtNTYwIC0xNjAgMAp2IC01NDQgLTE2MCAwCnYgLTU2MCAtMTc2IDAKdiAtNTc2IC0xNzYgMAp2IC01NzYgLTE2MCAwCnYgLTU2MCAtMTYwIDAKdiAtNTc2IC0xNzYgMAp2IC01OTIgLTE3NiAwCnYgLTU5MiAtMTYwIDAKdiAtNTc2IC0xNjAgMAp2IC01OTIgLTE3NiAwCnYgLTYwOCAtMTc2IDAKdiAtNjA4IC0xNjAgMAp2IC01OTIgLTE2MCAwCnYgLTYwOCAtMTc2IDAKdiAtNjI0IC0xNzYgMAp2IC02MjQgLTE2MCAwCnYgLTYwOCAtMTYwIDAKdiAtNjI0IC0xNzYgMAp2IC02NDAgLTE3NiAwCnYgLTY0MCAtMTYwIDAKdiAtNjI0IC0xNjAgMAp2IDAgLTE5MiAwCnYgLTE2IC0xOTIgMAp2IC0xNiAtMTc2IDAKdiAwIC0xNzYgMAp2IC0xNiAtMTkyIDAKdiAtMzIgLTE5MiAwCnYgLTMyIC0xNzYgMAp2IC0xNiAtMTc2IDAKdiAtMzIgLTE5MiAwCnYgLTQ4IC0xOTIgMAp2IC00OCAtMTc2IDAKdiAtMzIgLTE3NiAwCnYgLTQ4IC0xOTIgMAp2IC02NCAtMTkyIDAKdiAtNjQgLTE3NiAwCnYgLTQ4IC0xNzYgMAp2IC02NCAtMTkyIDAKdiAtODAgLTE5MiAwCnYgLTgwIC0xNzYgMAp2IC02NCAtMTc2IDAKdiAtODAgLTE5MiAwCnYgLTk2IC0xOTIgMAp2IC05NiAtMTc2IDAKdiAtODAgLTE3NiAwCnYgLTk2IC0xOTIgMAp2IC0xMTIgLTE5MiAwCnYgLTExMiAtMTc2IDAKdiAtOTYgLTE3NiAwCnYgLTExMiAtMTkyIDAKdiAtMTI4IC0xOTIgMAp2IC0xMjggLTE3NiAwCnYgLTExMiAtMTc2IDAKdiAtMTI4IC0xOTIgMAp2IC0xNDQgLTE5MiAwCnYgLTE0NCAtMTc2IDAKdiAtMTI4IC0xNzYgMAp2IC0xNDQgLTE5MiAwCnYgLTE2MCAtMTkyIDAKdiAtMTYwIC0xNzYgMAp2IC0xNDQgLTE3NiAwCnYgLTE2MCAtMTkyIDAKdiAtMTc2IC0xOTIgMAp2IC0xNzYgLTE3NiAwCnYgLTE2MCAtMTc2IDAKdiAtMTc2IC0xOTIgMAp2IC0xOTIgLTE5MiAwCnYgLTE5MiAtMTc2IDAKdiAtMTc2IC0xNzYgMAp2IC0xOTIgLTE5MiAwCnYgLTIwOCAtMTkyIDAKdiAtMjA4IC0xNzYgMAp2IC0xOTIgLTE3NiAwCnYgLTIwOCAtMTkyIDAKdiAtMjI0IC0xOTIgMAp2IC0yMjQgLTE3NiAwCnYgLTIwOCAtMTc2IDAKdiAtMjI0IC0xOTIgMAp2IC0yNDAgLTE5MiAwCnYgLTI0MCAtMTc2IDAKdiAtMjI0IC0xNzYgMAp2IC0yNDAgLTE5MiAwCnYgLTI1NiAtMTkyIDAKdiAtMjU2IC0xNzYgMAp2IC0yNDAgLTE3NiAwCnYgLTI1NiAtMTkyIDAKdiAtMjcyIC0xOTIgMAp2IC0yNzIgLTE3NiAwCnYgLTI1NiAtMTc2IDAKdiAtMjcyIC0xOTIgMAp2IC0yODggLTE5MiAwCnYgLTI4OCAtMTc2IDAKdiAtMjcyIC0xNzYgMAp2IC0yODggLTE5MiAwCnYgLTMwNCAtMTkyIDAKdiAtMzA0IC0xNzYgMAp2IC0yODggLTE3NiAwCnYgLTMwNCAtMTkyIDAKdiAtMzIwIC0xOTIgMAp2IC0zMjAgLTE3NiAwCnYgLTMwNCAtMTc2IDAKdiAtMzIwIC0xOTIgMAp2IC0zMzYgLTE5MiAwCnYgLTMzNiAtMTc2IDAKdiAtMzIwIC0xNzYgMAp2IC0zMzYgLTE5MiAwCnYgLTM1MiAtMTkyIDAKdiAtMzUyIC0xNzYgMAp2IC0zMzYgLTE3NiAwCnYgLTM1MiAtMTkyIDAKdiAtMzY4IC0xOTIgMAp2IC0zNjggLTE3NiAwCnYgLTM1MiAtMTc2IDAKdiAtMzY4IC0xOTIgMAp2IC0zODQgLTE5MiAwCnYgLTM4NCAtMTc2IDAKdiAtMzY4IC0xNzYgMAp2IC0zODQgLTE5MiAwCnYgLTQwMCAtMTkyIDAKdiAtNDAwIC0xNzYgMAp2IC0zODQgLTE3NiAwCnYgLTQwMCAtMTkyIDAKdiAtNDE2IC0xOTIgMAp2IC00MTYgLTE3NiAwCnYgLTQwMCAtMTc2IDAKdiAtNDE2IC0xOTIgMAp2IC00MzIgLTE5MiAwCnYgLTQzMiAtMTc2IDAKdiAtNDE2IC0xNzYgMAp2IC00MzIgLTE5MiAwCnYgLTQ0OCAtMTkyIDAKdiAtNDQ4IC0xNzYgMAp2IC00MzIgLTE3NiAwCnYgLTQ0OCAtMTkyIDAKdiAtNDY0IC0xOTIgMAp2IC00NjQgLTE3NiAwCnYgLTQ0OCAtMTc2IDAKdiAtNDY0IC0xOTIgMAp2IC00ODAgLTE5MiAwCnYgLTQ4MCAtMTc2IDAKdiAtNDY0IC0xNzYgMAp2IC00ODAgLTE5MiAwCnYgLTQ5NiAtMTkyIDAKdiAtNDk2IC0xNzYgMAp2IC00ODAgLTE3NiAwCnYgLTQ5NiAtMTkyIDAKdiAtNTEyIC0xOTIgMAp2IC01MTIgLTE3NiAwCnYgLTQ5NiAtMTc2IDAKdiAtNTEyIC0xOTIgMAp2IC01MjggLTE5MiAwCnYgLTUyOCAtMTc2IDAKdiAtNTEyIC0xNzYgMAp2IC01MjggLTE5MiAwCnYgLTU0NCAtMTkyIDAKdiAtNTQ0IC0xNzYgMAp2IC01MjggLTE3NiAwCnYgLTU0NCAtMTkyIDAKdiAtNTYwIC0xOTIgMAp2IC01NjAgLTE3NiAwCnYgLTU0NCAtMTc2IDAKdiAtNTYwIC0xOTIgMAp2IC01NzYgLTE5MiAwCnYgLTU3NiAtMTc2IDAKdiAtNTYwIC0xNzYgMAp2IC01NzYgLTE5MiAwCnYgLTU5MiAtMTkyIDAKdiAtNTkyIC0xNzYgMAp2IC01NzYgLTE3NiAwCnYgLTU5MiAtMTkyIDAKdiAtNjA4IC0xOTIgMAp2IC02MDggLTE3NiAwCnYgLTU5MiAtMTc2IDAKdiAtNjA4IC0xOTIgMAp2IC02MjQgLTE5MiAwCnYgLTYyNCAtMTc2IDAKdiAtNjA4IC0xNzYgMAp2IC02MjQgLTE5MiAwCnYgLTY0MCAtMTkyIDAKdiAtNjQwIC0xNzYgMAp2IC02MjQgLTE3NiAwCnYgMCAtMjA4IDAKdiAtMTYgLTIwOCAwCnYgLTE2IC0xOTIgMAp2IDAgLTE5MiAwCnYgLTE2IC0yMDggMAp2IC0zMiAtMjA4IDAKdiAtMzIgLTE5MiAwCnYgLTE2IC0xOTIgMAp2IC0zMiAtMjA4IDAKdiAtNDggLTIwOCAwCnYgLTQ4IC0xOTIgMAp2IC0zMiAtMTkyIDAKdiAtNDggLTIwOCAwCnYgLTY0IC0yMDggMAp2IC02NCAtMTkyIDAKdiAtNDggLTE5MiAwCnYgLTY0IC0yMDggMAp2IC04MCAtMjA4IDAKdiAtODAgLTE5MiAwCnYgLTY0IC0xOTIgMAp2IC04MCAtMjA4IDAKdiAtOTYgLTIwOCAwCnYgLTk2IC0xOTIgMAp2IC04MCAtMTkyIDAKdiAtOTYgLTIwOCAwCnYgLTExMiAtMjA4IDAKdiAtMTEyIC0xOTIgMAp2IC05NiAtMTkyIDAKdiAtMTEyIC0yMDggMAp2IC0xMjggLTIwOCAwCnYgLTEyOCAtMTkyIDAKdiAtMTEyIC0xOTIgMAp2IC0xMjggLTIwOCAwCnYgLTE0NCAtMjA4IDAKdiAtMTQ0IC0xOTIgMAp2IC0xMjggLTE5MiAwCnYgLTE0NCAtMjA4IDAKdiAtMTYwIC0yMDggMAp2IC0xNjAgLTE5MiAwCnYgLTE0NCAtMTkyIDAKdiAtMTYwIC0yMDggMAp2IC0xNzYgLTIwOCAwCnYgLTE3NiAtMTkyIDAKdiAtMTYwIC0xOTIgMAp2IC0xNzYgLTIwOCAwCnYgLTE5MiAtMjA4IDAKdiAtMTkyIC0xOTIgMAp2IC0xNzYgLTE5MiAwCnYgLTE5MiAtMjA4IDAKdiAtMjA4IC0yMDggMAp2IC0yMDggLTE5MiAwCnYgLTE5MiAtMTkyIDAKdiAtMjA4IC0yMDggMAp2IC0yMjQgLTIwOCAwCnYgLTIyNCAtMTkyIDAKdiAtMjA4IC0xOTIgMAp2IC0yMjQgLTIwOCAwCnYgLTI0MCAtMjA4IDAKdiAtMjQwIC0xOTIgMAp2IC0yMjQgLTE5MiAwCnYgLTI0MCAtMjA4IDAKdiAtMjU2IC0yMDggMAp2IC0yNTYgLTE5MiAwCnYgLTI0MCAtMTkyIDAKdiAtMjU2IC0yMDggMAp2IC0yNzIgLTIwOCAwCnYgLTI3MiAtMTkyIDAKdiAtMjU2IC0xOTIgMAp2IC0yNzIgLTIwOCAwCnYgLTI4OCAtMjA4IDAKdiAtMjg4IC0xOTIgMAp2IC0yNzIgLTE5MiAwCnYgLTI4OCAtMjA4IDAKdiAtMzA0IC0yMDggMAp2IC0zMDQgLTE5MiAwCnYgLTI4OCAtMTkyIDAKdiAtMzA0IC0yMDggMAp2IC0zMjAgLTIwOCAwCnYgLTMyMCAtMTkyIDAKdiAtMzA0IC0xOTIgMAp2IC0zMjAgLTIwOCAwCnYgLTMzNiAtMjA4IDAKdiAtMzM2IC0xOTIgMAp2IC0zMjAgLTE5MiAwCnYgLTMzNiAtMjA4IDAKdiAtMzUyIC0yMDggMAp2IC0zNTIgLTE5MiAwCnYgLTMzNiAtMTkyIDAKdiAtMzUyIC0yMDggMAp2IC0zNjggLTIwOCAwCnYgLTM2OCAtMTkyIDAKdiAtMzUyIC0xOTIgMAp2IC0zNjggLTIwOCAwCnYgLTM4NCAtMjA4IDAKdiAtMzg0IC0xOTIgMAp2IC0zNjggLTE5MiAwCnYgLTM4NCAtMjA4IDAKdiAtNDAwIC0yMDggMAp2IC00MDAgLTE5MiAwCnYgLTM4NCAtMTkyIDAKdiAtNDAwIC0yMDggMAp2IC00MTYgLTIwOCAwCnYgLTQxNiAtMTkyIDAKdiAtNDAwIC0xOTIgMAp2IC00MTYgLTIwOCAwCnYgLTQzMiAtMjA4IDAKdiAtNDMyIC0xOTIgMAp2IC00MTYgLTE5MiAwCnYgLTQzMiAtMjA4IDAKdiAtNDQ4IC0yMDggMAp2IC00NDggLTE5MiAwCnYgLTQzMiAtMTkyIDAKdiAtNDQ4IC0yMDggMAp2IC00NjQgLTIwOCAwCnYgLTQ2NCAtMTkyIDAKdiAtNDQ4IC0xOTIgMAp2IC00NjQgLTIwOCAwCnYgLTQ4MCAtMjA4IDAKdiAtNDgwIC0xOTIgMAp2IC00NjQgLTE5MiAwCnYgLTQ4MCAtMjA4IDAKdiAtNDk2IC0yMDggMAp2IC00OTYgLTE5MiAwCnYgLTQ4MCAtMTkyIDAKdiAtNDk2IC0yMDggMAp2IC01MTIgLTIwOCAwCnYgLTUxMiAtMTkyIDAKdiAtNDk2IC0xOTIgMAp2IC01MTIgLTIwOCAwCnYgLTUyOCAtMjA4IDAKdiAtNTI4IC0xOTIgMAp2IC01MTIgLTE5MiAwCnYgLTUyOCAtMjA4IDAKdiAtNTQ0IC0yMDggMAp2IC01NDQgLTE5MiAwCnYgLTUyOCAtMTkyIDAKdiAtNTQ0IC0yMDggMAp2IC01NjAgLTIwOCAwCnYgLTU2MCAtMTkyIDAKdiAtNTQ0IC0xOTIgMAp2IC01NjAgLTIwOCAwCnYgLTU3NiAtMjA4IDAKdiAtNTc2IC0xOTIgMAp2IC01NjAgLTE5MiAwCnYgLTU3NiAtMjA4IDAKdiAtNTkyIC0yMDggMAp2IC01OTIgLTE5MiAwCnYgLTU3NiAtMTkyIDAKdiAtNTkyIC0yMDggMAp2IC02MDggLTIwOCAwCnYgLTYwOCAtMTkyIDAKdiAtNTkyIC0xOTIgMAp2IC02MDggLTIwOCAwCnYgLTYyNCAtMjA4IDAKdiAtNjI0IC0xOTIgMAp2IC02MDggLTE5MiAwCnYgLTYyNCAtMjA4IDAKdiAtNjQwIC0yMDggMAp2IC02NDAgLTE5MiAwCnYgLTYyNCAtMTkyIDAKdiAwIC0yMjQgMAp2IC0xNiAtMjI0IDAKdiAtMTYgLTIwOCAwCnYgMCAtMjA4IDAKdiAtMTYgLTIyNCAwCnYgLTMyIC0yMjQgMAp2IC0zMiAtMjA4IDAKdiAtMTYgLTIwOCAwCnYgLTMyIC0yMjQgMAp2IC00OCAtMjI0IDAKdiAtNDggLTIwOCAwCnYgLTMyIC0yMDggMAp2IC00OCAtMjI0IDAKdiAtNjQgLTIyNCAwCnYgLTY0IC0yMDggMAp2IC00OCAtMjA4IDAKdiAtNjQgLTIyNCAwCnYgLTgwIC0yMjQgMAp2IC04MCAtMjA4IDAKdiAtNjQgLTIwOCAwCnYgLTgwIC0yMjQgMAp2IC05NiAtMjI0IDAKdiAtOTYgLTIwOCAwCnYgLTgwIC0yMDggMAp2IC05NiAtMjI0IDAKdiAtMTEyIC0yMjQgMAp2IC0xMTIgLTIwOCAwCnYgLTk2IC0yMDggMAp2IC0xMTIgLTIyNCAwCnYgLTEyOCAtMjI0IDAKdiAtMTI4IC0yMDggMAp2IC0xMTIgLTIwOCAwCnYgLTEyOCAtMjI0IDAKdiAtMTQ0IC0yMjQgMAp2IC0xNDQgLTIwOCAwCnYgLTEyOCAtMjA4IDAKdiAtMTQ0IC0yMjQgMAp2IC0xNjAgLTIyNCAwCnYgLTE2MCAtMjA4IDAKdiAtMTQ0IC0yMDggMAp2IC0xNjAgLTIyNCAwCnYgLTE3NiAtMjI0IDAKdiAtMTc2IC0yMDggMAp2IC0xNjAgLTIwOCAwCnYgLTE3NiAtMjI0IDAKdiAtMTkyIC0yMjQgMAp2IC0xOTIgLTIwOCAwCnYgLTE3NiAtMjA4IDAKdiAtMTkyIC0yMjQgMAp2IC0yMDggLTIyNCAwCnYgLTIwOCAtMjA4IDAKdiAtMTkyIC0yMDggMAp2IC0yMDggLTIyNCAwCnYgLTIyNCAtMjI0IDAKdiAtMjI0IC0yMDggMAp2IC0yMDggLTIwOCAwCnYgLTIyNCAtMjI0IDAKdiAtMjQwIC0yMjQgMAp2IC0yNDAgLTIwOCAwCnYgLTIyNCAtMjA4IDAKdiAtMjQwIC0yMjQgMAp2IC0yNTYgLTIyNCAwCnYgLTI1NiAtMjA4IDAKdiAtMjQwIC0yMDggMAp2IC0yNTYgLTIyNCAwCnYgLTI3MiAtMjI0IDAKdiAtMjcyIC0yMDggMAp2IC0yNTYgLTIwOCAwCnYgLTI3MiAtMjI0IDAKdiAtMjg4IC0yMjQgMAp2IC0yODggLTIwOCAwCnYgLTI3MiAtMjA4IDAKdiAtMjg4IC0yMjQgMAp2IC0zMDQgLTIyNCAwCnYgLTMwNCAtMjA4IDAKdiAtMjg4IC0yMDggMAp2IC0zMDQgLTIyNCAwCnYgLTMyMCAtMjI0IDAKdiAtMzIwIC0yMDggMAp2IC0zMDQgLTIwOCAwCnYgLTMyMCAtMjI0IDAKdiAtMzM2IC0yMjQgMAp2IC0zMzYgLTIwOCAwCnYgLTMyMCAtMjA4IDAKdiAtMzM2IC0yMjQgMAp2IC0zNTIgLTIyNCAwCnYgLTM1MiAtMjA4IDAKdiAtMzM2IC0yMDggMAp2IC0zNTIgLTIyNCAwCnYgLTM2OCAtMjI0IDAKdiAtMzY4IC0yMDggMAp2IC0zNTIgLTIwOCAwCnYgLTM2OCAtMjI0IDAKdiAtMzg0IC0yMjQgMAp2IC0zODQgLTIwOCAwCnYgLTM2OCAtMjA4IDAKdiAtMzg0IC0yMjQgMAp2IC00MDAgLTIyNCAwCnYgLTQwMCAtMjA4IDAKdiAtMzg0IC0yMDggMAp2IC00MDAgLTIyNCAwCnYgLTQxNiAtMjI0IDAKdiAtNDE2IC0yMDggMAp2IC00MDAgLTIwOCAwCnYgLTQxNiAtMjI0IDAKdiAtNDMyIC0yMjQgMAp2IC00MzIgLTIwOCAwCnYgLTQxNiAtMjA4IDAKdiAtNDMyIC0yMjQgMAp2IC00NDggLTIyNCAwCnYgLTQ0OCAtMjA4IDAKdiAtNDMyIC0yMDggMAp2IC00NDggLTIyNCAwCnYgLTQ2NCAtMjI0IDAKdiAtNDY0IC0yMDggMAp2IC00NDggLTIwOCAwCnYgLTQ2NCAtMjI0IDAKdiAtNDgwIC0yMjQgMAp2IC00ODAgLTIwOCAwCnYgLTQ2NCAtMjA4IDAKdiAtNDgwIC0yMjQgMAp2IC00OTYgLTIyNCAwCnYgLTQ5NiAtMjA4IDAKdiAtNDgwIC0yMDggMAp2IC00OTYgLTIyNCAwCnYgLTUxMiAtMjI0IDAKdiAtNTEyIC0yMDggMAp2IC00OTYgLTIwOCAwCnYgLTUxMiAtMjI0IDAKdiAtNTI4IC0yMjQgMAp2IC01MjggLTIwOCAwCnYgLTUxMiAtMjA4IDAKdiAtNTI4IC0yMjQgMAp2IC01NDQgLTIyNCAwCnYgLTU0NCAtMjA4IDAKdiAtNTI4IC0yMDggMAp2IC01NDQgLTIyNCAwCnYgLTU2MCAtMjI0IDAKdiAtNTYwIC0yMDggMAp2IC01NDQgLTIwOCAwCnYgLTU2MCAtMjI0IDAKdiAtNTc2IC0yMjQgMAp2IC01NzYgLTIwOCAwCnYgLTU2MCAtMjA4IDAKdiAtNTc2IC0yMjQgMAp2IC01OTIgLTIyNCAwCnYgLTU5MiAtMjA4IDAKdiAtNTc2IC0yMDggMAp2IC01OTIgLTIyNCAwCnYgLTYwOCAtMjI0IDAKdiAtNjA4IC0yMDggMAp2IC01OTIgLTIwOCAwCnYgLTYwOCAtMjI0IDAKdiAtNjI0IC0yMjQgMAp2IC02MjQgLTIwOCAwCnYgLTYwOCAtMjA4IDAKdiAtNjI0IC0yMjQgMAp2IC02NDAgLTIyNCAwCnYgLTY0MCAtMjA4IDAKdiAtNjI0IC0yMDggMAp2IDAgLTI0MCAwCnYgLTE2IC0yNDAgMAp2IC0xNiAtMjI0IDAKdiAwIC0yMjQgMAp2IC0xNiAtMjQwIDAKdiAtMzIgLTI0MCAwCnYgLTMyIC0yMjQgMAp2IC0xNiAtMjI0IDAKdiAtMzIgLTI0MCAwCnYgLTQ4IC0yNDAgMAp2IC00OCAtMjI0IDAKdiAtMzIgLTIyNCAwCnYgLTQ4IC0yNDAgMAp2IC02NCAtMjQwIDAKdiAtNjQgLTIyNCAwCnYgLTQ4IC0yMjQgMAp2IC02NCAtMjQwIDAKdiAtODAgLTI0MCAwCnYgLTgwIC0yMjQgMAp2IC02NCAtMjI0IDAKdiAtODAgLTI0MCAwCnYgLTk2IC0yNDAgMAp2IC05NiAtMjI0IDAKdiAtODAgLTIyNCAwCnYgLTk2IC0yNDAgMAp2IC0xMTIgLTI0MCAwCnYgLTExMiAtMjI0IDAKdiAtOTYgLTIyNCAwCnYgLTExMiAtMjQwIDAKdiAtMTI4IC0yNDAgMAp2IC0xMjggLTIyNCAwCnYgLTExMiAtMjI0IDAKdiAtMTI4IC0yNDAgMAp2IC0xNDQgLTI0MCAwCnYgLTE0NCAtMjI0IDAKdiAtMTI4IC0yMjQgMAp2IC0xNDQgLTI0MCAwCnYgLTE2MCAtMjQwIDAKdiAtMTYwIC0yMjQgMAp2IC0xNDQgLTIyNCAwCnYgLTE2MCAtMjQwIDAKdiAtMTc2IC0yNDAgMAp2IC0xNzYgLTIyNCAwCnYgLTE2MCAtMjI0IDAKdiAtMTc2IC0yNDAgMAp2IC0xOTIgLTI0MCAwCnYgLTE5MiAtMjI0IDAKdiAtMTc2IC0yMjQgMAp2IC0xOTIgLTI0MCAwCnYgLTIwOCAtMjQwIDAKdiAtMjA4IC0yMjQgMAp2IC0xOTIgLTIyNCAwCnYgLTIwOCAtMjQwIDAKdiAtMjI0IC0yNDAgMAp2IC0yMjQgLTIyNCAwCnYgLTIwOCAtMjI0IDAKdiAtMjI0IC0yNDAgMAp2IC0yNDAgLTI0MCAwCnYgLTI0MCAtMjI0IDAKdiAtMjI0IC0yMjQgMAp2IC0yNDAgLTI0MCAwCnYgLTI1NiAtMjQwIDAKdiAtMjU2IC0yMjQgMAp2IC0yNDAgLTIyNCAwCnYgLTI1NiAtMjQwIDAKdiAtMjcyIC0yNDAgMAp2IC0yNzIgLTIyNCAwCnYgLTI1NiAtMjI0IDAKdiAtMjcyIC0yNDAgMAp2IC0yODggLTI0MCAwCnYgLTI4OCAtMjI0IDAKdiAtMjcyIC0yMjQgMAp2IC0yODggLTI0MCAwCnYgLTMwNCAtMjQwIDAKdiAtMzA0IC0yMjQgMAp2IC0yODggLTIyNCAwCnYgLTMwNCAtMjQwIDAKdiAtMzIwIC0yNDAgMAp2IC0zMjAgLTIyNCAwCnYgLTMwNCAtMjI0IDAKdiAtMzIwIC0yNDAgMAp2IC0zMzYgLTI0MCAwCnYgLTMzNiAtMjI0IDAKdiAtMzIwIC0yMjQgMAp2IC0zMzYgLTI0MCAwCnYgLTM1MiAtMjQwIDAKdiAtMzUyIC0yMjQgMAp2IC0zMzYgLTIyNCAwCnYgLTM1MiAtMjQwIDAKdiAtMzY4IC0yNDAgMAp2IC0zNjggLTIyNCAwCnYgLTM1MiAtMjI0IDAKdiAtMzY4IC0yNDAgMAp2IC0zODQgLTI0MCAwCnYgLTM4NCAtMjI0IDAKdiAtMzY4IC0yMjQgMAp2IC0zODQgLTI0MCAwCnYgLTQwMCAtMjQwIDAKdiAtNDAwIC0yMjQgMAp2IC0zODQgLTIyNCAwCnYgLTQwMCAtMjQwIDAKdiAtNDE2IC0yNDAgMAp2IC00MTYgLTIyNCAwCnYgLTQwMCAtMjI0IDAKdiAtNDE2IC0yNDAgMAp2IC00MzIgLTI0MCAwCnYgLTQzMiAtMjI0IDAKdiAtNDE2IC0yMjQgMAp2IC00MzIgLTI0MCAwCnYgLTQ0OCAtMjQwIDAKdiAtNDQ4IC0yMjQgMAp2IC00MzIgLTIyNCAwCnYgLTQ0OCAtMjQwIDAKdiAtNDY0IC0yNDAgMAp2IC00NjQgLTIyNCAwCnYgLTQ0OCAtMjI0IDAKdiAtNDY0IC0yNDAgMAp2IC00ODAgLTI0MCAwCnYgLTQ4MCAtMjI0IDAKdiAtNDY0IC0yMjQgMAp2IC00ODAgLTI0MCAwCnYgLTQ5NiAtMjQwIDAKdiAtNDk2IC0yMjQgMAp2IC00ODAgLTIyNCAwCnYgLTQ5NiAtMjQwIDAKdiAtNTEyIC0yNDAgMAp2IC01MTIgLTIyNCAwCnYgLTQ5NiAtMjI0IDAKdiAtNTEyIC0yNDAgMAp2IC01MjggLTI0MCAwCnYgLTUyOCAtMjI0IDAKdiAtNTEyIC0yMjQgMAp2IC01MjggLTI0MCAwCnYgLTU0NCAtMjQwIDAKdiAtNTQ0IC0yMjQgMAp2IC01MjggLTIyNCAwCnYgLTU0NCAtMjQwIDAKdiAtNTYwIC0yNDAgMAp2IC01NjAgLTIyNCAwCnYgLTU0NCAtMjI0IDAKdiAtNTYwIC0yNDAgMAp2IC01NzYgLTI0MCAwCnYgLTU3NiAtMjI0IDAKdiAtNTYwIC0yMjQgMAp2IC01NzYgLTI0MCAwCnYgLTU5MiAtMjQwIDAKdiAtNTkyIC0yMjQgMAp2IC01NzYgLTIyNCAwCnYgLTU5MiAtMjQwIDAKdiAtNjA4IC0yNDAgMAp2IC02MDggLTIyNCAwCnYgLTU5MiAtMjI0IDAKdiAtNjA4IC0yNDAgMAp2IC02MjQgLTI0MCAwCnYgLTYyNCAtMjI0IDAKdiAtNjA4IC0yMjQgMAp2IC02MjQgLTI0MCAwCnYgLTY0MCAtMjQwIDAKdiAtNjQwIC0yMjQgMAp2IC02MjQgLTIyNCAwCnYgMCAtMjU2IDAKdiAtMTYgLTI1NiAwCnYgLTE2IC0yNDAgMAp2IDAgLTI0MCAwCnYgLTE2IC0yNTYgMAp2IC0zMiAtMjU2IDAKdiAtMzIgLTI0MCAwCnYgLTE2IC0yNDAgMAp2IC0zMiAtMjU2IDAKdiAtNDggLTI1NiAwCnYgLTQ4IC0yNDAgMAp2IC0zMiAtMjQwIDAKdiAtNDggLTI1NiAwCnYgLTY0IC0yNTYgMAp2IC02NCAtMjQwIDAKdiAtNDggLTI0MCAwCnYgLTY0IC0yNTYgMAp2IC04MCAtMjU2IDAKdiAtODAgLTI0MCAwCnYgLTY0IC0yNDAgMAp2IC04MCAtMjU2IDAKdiAtOTYgLTI1NiAwCnYgLTk2IC0yNDAgMAp2IC04MCAtMjQwIDAKdiAtOTYgLTI1NiAwCnYgLTExMiAtMjU2IDAKdiAtMTEyIC0yNDAgMAp2IC05NiAtMjQwIDAKdiAtMTEyIC0yNTYgMAp2IC0xMjggLTI1NiAwCnYgLTEyOCAtMjQwIDAKdiAtMTEyIC0yNDAgMAp2IC0xMjggLTI1NiAwCnYgLTE0NCAtMjU2IDAKdiAtMTQ0IC0yNDAgMAp2IC0xMjggLTI0MCAwCnYgLTE0NCAtMjU2IDAKdiAtMTYwIC0yNTYgMAp2IC0xNjAgLTI0MCAwCnYgLTE0NCAtMjQwIDAKdiAtMTYwIC0yNTYgMAp2IC0xNzYgLTI1NiAwCnYgLTE3NiAtMjQwIDAKdiAtMTYwIC0yNDAgMAp2IC0xNzYgLTI1NiAwCnYgLTE5MiAtMjU2IDAKdiAtMTkyIC0yNDAgMAp2IC0xNzYgLTI0MCAwCnYgLTE5MiAtMjU2IDAKdiAtMjA4IC0yNTYgMAp2IC0yMDggLTI0MCAwCnYgLTE5MiAtMjQwIDAKdiAtMjA4IC0yNTYgMAp2IC0yMjQgLTI1NiAwCnYgLTIyNCAtMjQwIDAKdiAtMjA4IC0yNDAgMAp2IC0yMjQgLTI1NiAwCnYgLTI0MCAtMjU2IDAKdiAtMjQwIC0yNDAgMAp2IC0yMjQgLTI0MCAwCnYgLTI0MCAtMjU2IDAKdiAtMjU2IC0yNTYgMAp2IC0yNTYgLTI0MCAwCnYgLTI0MCAtMjQwIDAKdiAtMjU2IC0yNTYgMAp2IC0yNzIgLTI1NiAwCnYgLTI3MiAtMjQwIDAKdiAtMjU2IC0yNDAgMAp2IC0yNzIgLTI1NiAwCnYgLTI4OCAtMjU2IDAKdiAtMjg4IC0yNDAgMAp2IC0yNzIgLTI0MCAwCnYgLTI4OCAtMjU2IDAKdiAtMzA0IC0yNTYgMAp2IC0zMDQgLTI0MCAwCnYgLTI4OCAtMjQwIDAKdiAtMzA0IC0yNTYgMAp2IC0zMjAgLTI1NiAwCnYgLTMyMCAtMjQwIDAKdiAtMzA0IC0yNDAgMAp2IC0zMjAgLTI1NiAwCnYgLTMzNiAtMjU2IDAKdiAtMzM2IC0yNDAgMAp2IC0zMjAgLTI0MCAwCnYgLTMzNiAtMjU2IDAKdiAtMzUyIC0yNTYgMAp2IC0zNTIgLTI0MCAwCnYgLTMzNiAtMjQwIDAKdiAtMzUyIC0yNTYgMAp2IC0zNjggLTI1NiAwCnYgLTM2OCAtMjQwIDAKdiAtMzUyIC0yNDAgMAp2IC0zNjggLTI1NiAwCnYgLTM4NCAtMjU2IDAKdiAtMzg0IC0yNDAgMAp2IC0zNjggLTI0MCAwCnYgLTM4NCAtMjU2IDAKdiAtNDAwIC0yNTYgMAp2IC00MDAgLTI0MCAwCnYgLTM4NCAtMjQwIDAKdiAtNDAwIC0yNTYgMAp2IC00MTYgLTI1NiAwCnYgLTQxNiAtMjQwIDAKdiAtNDAwIC0yNDAgMAp2IC00MTYgLTI1NiAwCnYgLTQzMiAtMjU2IDAKdiAtNDMyIC0yNDAgMAp2IC00MTYgLTI0MCAwCnYgLTQzMiAtMjU2IDAKdiAtNDQ4IC0yNTYgMAp2IC00NDggLTI0MCAwCnYgLTQzMiAtMjQwIDAKdiAtNDQ4IC0yNTYgMAp2IC00NjQgLTI1NiAwCnYgLTQ2NCAtMjQwIDAKdiAtNDQ4IC0yNDAgMAp2IC00NjQgLTI1NiAwCnYgLTQ4MCAtMjU2IDAKdiAtNDgwIC0yNDAgMAp2IC00NjQgLTI0MCAwCnYgLTQ4MCAtMjU2IDAKdiAtNDk2IC0yNTYgMAp2IC00OTYgLTI0MCAwCnYgLTQ4MCAtMjQwIDAKdiAtNDk2IC0yNTYgMAp2IC01MTIgLTI1NiAwCnYgLTUxMiAtMjQwIDAKdiAtNDk2IC0yNDAgMAp2IC01MTIgLTI1NiAwCnYgLTUyOCAtMjU2IDAKdiAtNTI4IC0yNDAgMAp2IC01MTIgLTI0MCAwCnYgLTUyOCAtMjU2IDAKdiAtNTQ0IC0yNTYgMAp2IC01NDQgLTI0MCAwCnYgLTUyOCAtMjQwIDAKdiAtNTQ0IC0yNTYgMAp2IC01NjAgLTI1NiAwCnYgLTU2MCAtMjQwIDAKdiAtNTQ0IC0yNDAgMAp2IC01NjAgLTI1NiAwCnYgLTU3NiAtMjU2IDAKdiAtNTc2IC0yNDAgMAp2IC01NjAgLTI0MCAwCnYgLTU3NiAtMjU2IDAKdiAtNTkyIC0yNTYgMAp2IC01OTIgLTI0MCAwCnYgLTU3NiAtMjQwIDAKdiAtNTkyIC0yNTYgMAp2IC02MDggLTI1NiAwCnYgLTYwOCAtMjQwIDAKdiAtNTkyIC0yNDAgMAp2IC02MDggLTI1NiAwCnYgLTYyNCAtMjU2IDAKdiAtNjI0IC0yNDAgMAp2IC02MDggLTI0MCAwCnYgLTYyNCAtMjU2IDAKdiAtNjQwIC0yNTYgMAp2IC02NDAgLTI0MCAwCnYgLTYyNCAtMjQwIDAKdiAwIC0yNzIgMAp2IC0xNiAtMjcyIDAKdiAtMTYgLTI1NiAwCnYgMCAtMjU2IDAKdiAtMTYgLTI3MiAwCnYgLTMyIC0yNzIgMAp2IC0zMiAtMjU2IDAKdiAtMTYgLTI1NiAwCnYgLTMyIC0yNzIgMAp2IC00OCAtMjcyIDAKdiAtNDggLTI1NiAwCnYgLTMyIC0yNTYgMAp2IC00OCAtMjcyIDAKdiAtNjQgLTI3MiAwCnYgLTY0IC0yNTYgMAp2IC00OCAtMjU2IDAKdiAtNjQgLTI3MiAwCnYgLTgwIC0yNzIgMAp2IC04MCAtMjU2IDAKdiAtNjQgLTI1NiAwCnYgLTgwIC0yNzIgMAp2IC05NiAtMjcyIDAKdiAtOTYgLTI1NiAwCnYgLTgwIC0yNTYgMAp2IC05NiAtMjcyIDAKdiAtMTEyIC0yNzIgMAp2IC0xMTIgLTI1NiAwCnYgLTk2IC0yNTYgMAp2IC0xMTIgLTI3MiAwCnYgLTEyOCAtMjcyIDAKdiAtMTI4IC0yNTYgMAp2IC0xMTIgLTI1NiAwCnYgLTEyOCAtMjcyIDAKdiAtMTQ0IC0yNzIgMAp2IC0xNDQgLTI1NiAwCnYgLTEyOCAtMjU2IDAKdiAtMTQ0IC0yNzIgMAp2IC0xNjAgLTI3MiAwCnYgLTE2MCAtMjU2IDAKdiAtMTQ0IC0yNTYgMAp2IC0xNjAgLTI3MiAwCnYgLTE3NiAtMjcyIDAKdiAtMTc2IC0yNTYgMAp2IC0xNjAgLTI1NiAwCnYgLTE3NiAtMjcyIDAKdiAtMTkyIC0yNzIgMAp2IC0xOTIgLTI1NiAwCnYgLTE3NiAtMjU2IDAKdiAtMTkyIC0yNzIgMAp2IC0yMDggLTI3MiAwCnYgLTIwOCAtMjU2IDAKdiAtMTkyIC0yNTYgMAp2IC0yMDggLTI3MiAwCnYgLTIyNCAtMjcyIDAKdiAtMjI0IC0yNTYgMAp2IC0yMDggLTI1NiAwCnYgLTIyNCAtMjcyIDAKdiAtMjQwIC0yNzIgMAp2IC0yNDAgLTI1NiAwCnYgLTIyNCAtMjU2IDAKdiAtMjQwIC0yNzIgMAp2IC0yNTYgLTI3MiAwCnYgLTI1NiAtMjU2IDAKdiAtMjQwIC0yNTYgMAp2IC0yNTYgLTI3MiAwCnYgLTI3MiAtMjcyIDAKdiAtMjcyIC0yNTYgMAp2IC0yNTYgLTI1NiAwCnYgLTI3MiAtMjcyIDAKdiAtMjg4IC0yNzIgMAp2IC0yODggLTI1NiAwCnYgLTI3MiAtMjU2IDAKdiAtMjg4IC0yNzIgMAp2IC0zMDQgLTI3MiAwCnYgLTMwNCAtMjU2IDAKdiAtMjg4IC0yNTYgMAp2IC0zMDQgLTI3MiAwCnYgLTMyMCAtMjcyIDAKdiAtMzIwIC0yNTYgMAp2IC0zMDQgLTI1NiAwCnYgLTMyMCAtMjcyIDAKdiAtMzM2IC0yNzIgMAp2IC0zMzYgLTI1NiAwCnYgLTMyMCAtMjU2IDAKdiAtMzM2IC0yNzIgMAp2IC0zNTIgLTI3MiAwCnYgLTM1MiAtMjU2IDAKdiAtMzM2IC0yNTYgMAp2IC0zNTIgLTI3MiAwCnYgLTM2OCAtMjcyIDAKdiAtMzY4IC0yNTYgMAp2IC0zNTIgLTI1NiAwCnYgLTM2OCAtMjcyIDAKdiAtMzg0IC0yNzIgMAp2IC0zODQgLTI1NiAwCnYgLTM2OCAtMjU2IDAKdiAtMzg0IC0yNzIgMAp2IC00MDAgLTI3MiAwCnYgLTQwMCAtMjU2IDAKdiAtMzg0IC0yNTYgMAp2IC00MDAgLTI3MiAwCnYgLTQxNiAtMjcyIDAKdiAtNDE2IC0yNTYgMAp2IC00MDAgLTI1NiAwCnYgLTQxNiAtMjcyIDAKdiAtNDMyIC0yNzIgMAp2IC00MzIgLTI1NiAwCnYgLTQxNiAtMjU2IDAKdiAtNDMyIC0yNzIgMAp2IC00NDggLTI3MiAwCnYgLTQ0OCAtMjU2IDAKdiAtNDMyIC0yNTYgMAp2IC00NDggLTI3MiAwCnYgLTQ2NCAtMjcyIDAKdiAtNDY0IC0yNTYgMAp2IC00NDggLTI1NiAwCnYgLTQ2NCAtMjcyIDAKdiAtNDgwIC0yNzIgMAp2IC00ODAgLTI1NiAwCnYgLTQ2NCAtMjU2IDAKdiAtNDgwIC0yNzIgMAp2IC00OTYgLTI3MiAwCnYgLTQ5NiAtMjU2IDAKdiAtNDgwIC0yNTYgMAp2IC00OTYgLTI3MiAwCnYgLTUxMiAtMjcyIDAKdiAtNTEyIC0yNTYgMAp2IC00OTYgLTI1NiAwCnYgLTUxMiAtMjcyIDAKdiAtNTI4IC0yNzIgMAp2IC01MjggLTI1NiAwCnYgLTUxMiAtMjU2IDAKdiAtNTI4IC0yNzIgMAp2IC01NDQgLTI3MiAwCnYgLTU0NCAtMjU2IDAKdiAtNTI4IC0yNTYgMAp2IC01NDQgLTI3MiAwCnYgLTU2MCAtMjcyIDAKdiAtNTYwIC0yNTYgMAp2IC01NDQgLTI1NiAwCnYgLTU2MCAtMjcyIDAKdiAtNTc2IC0yNzIgMAp2IC01NzYgLTI1NiAwCnYgLTU2MCAtMjU2IDAKdiAtNTc2IC0yNzIgMAp2IC01OTIgLTI3MiAwCnYgLTU5MiAtMjU2IDAKdiAtNTc2IC0yNTYgMAp2IC01OTIgLTI3MiAwCnYgLTYwOCAtMjcyIDAKdiAtNjA4IC0yNTYgMAp2IC01OTIgLTI1NiAwCnYgLTYwOCAtMjcyIDAKdiAtNjI0IC0yNzIgMAp2IC02MjQgLTI1NiAwCnYgLTYwOCAtMjU2IDAKdiAtNjI0IC0yNzIgMAp2IC02NDAgLTI3MiAwCnYgLTY0MCAtMjU2IDAKdiAtNjI0IC0yNTYgMAp2IDAgLTI4OCAwCnYgLTE2IC0yODggMAp2IC0xNiAtMjcyIDAKdiAwIC0yNzIgMAp2IC0xNiAtMjg4IDAKdiAtMzIgLTI4OCAwCnYgLTMyIC0yNzIgMAp2IC0xNiAtMjcyIDAKdiAtMzIgLTI4OCAwCnYgLTQ4IC0yODggMAp2IC00OCAtMjcyIDAKdiAtMzIgLTI3MiAwCnYgLTQ4IC0yODggMAp2IC02NCAtMjg4IDAKdiAtNjQgLTI3MiAwCnYgLTQ4IC0yNzIgMAp2IC02NCAtMjg4IDAKdiAtODAgLTI4OCAwCnYgLTgwIC0yNzIgMAp2IC02NCAtMjcyIDAKdiAtODAgLTI4OCAwCnYgLTk2IC0yODggMAp2IC05NiAtMjcyIDAKdiAtODAgLTI3MiAwCnYgLTk2IC0yODggMAp2IC0xMTIgLTI4OCAwCnYgLTExMiAtMjcyIDAKdiAtOTYgLTI3MiAwCnYgLTExMiAtMjg4IDAKdiAtMTI4IC0yODggMAp2IC0xMjggLTI3MiAwCnYgLTExMiAtMjcyIDAKdiAtMTI4IC0yODggMAp2IC0xNDQgLTI4OCAwCnYgLTE0NCAtMjcyIDAKdiAtMTI4IC0yNzIgMAp2IC0xNDQgLTI4OCAwCnYgLTE2MCAtMjg4IDAKdiAtMTYwIC0yNzIgMAp2IC0xNDQgLTI3MiAwCnYgLTE2MCAtMjg4IDAKdiAtMTc2IC0yODggMAp2IC0xNzYgLTI3MiAwCnYgLTE2MCAtMjcyIDAKdiAtMTc2IC0yODggMAp2IC0xOTIgLTI4OCAwCnYgLTE5MiAtMjcyIDAKdiAtMTc2IC0yNzIgMAp2IC0xOTIgLTI4OCAwCnYgLTIwOCAtMjg4IDAKdiAtMjA4IC0yNzIgMAp2IC0xOTIgLTI3MiAwCnYgLTIwOCAtMjg4IDAKdiAtMjI0IC0yODggMAp2IC0yMjQgLTI3MiAwCnYgLTIwOCAtMjcyIDAKdiAtMjI0IC0yODggMAp2IC0yNDAgLTI4OCAwCnYgLTI0MCAtMjcyIDAKdiAtMjI0IC0yNzIgMAp2IC0yNDAgLTI4OCAwCnYgLTI1NiAtMjg4IDAKdiAtMjU2IC0yNzIgMAp2IC0yNDAgLTI3MiAwCnYgLTI1NiAtMjg4IDAKdiAtMjcyIC0yODggMAp2IC0yNzIgLTI3MiAwCnYgLTI1NiAtMjcyIDAKdiAtMjcyIC0yODggMAp2IC0yODggLTI4OCAwCnYgLTI4OCAtMjcyIDAKdiAtMjcyIC0yNzIgMAp2IC0yODggLTI4OCAwCnYgLTMwNCAtMjg4IDAKdiAtMzA0IC0yNzIgMAp2IC0yODggLTI3MiAwCnYgLTMwNCAtMjg4IDAKdiAtMzIwIC0yODggMAp2IC0zMjAgLTI3MiAwCnYgLTMwNCAtMjcyIDAKdiAtMzIwIC0yODggMAp2IC0zMzYgLTI4OCAwCnYgLTMzNiAtMjcyIDAKdiAtMzIwIC0yNzIgMAp2IC0zMzYgLTI4OCAwCnYgLTM1MiAtMjg4IDAKdiAtMzUyIC0yNzIgMAp2IC0zMzYgLTI3MiAwCnYgLTM1MiAtMjg4IDAKdiAtMzY4IC0yODggMAp2IC0zNjggLTI3MiAwCnYgLTM1MiAtMjcyIDAKdiAtMzY4IC0yODggMAp2IC0zODQgLTI4OCAwCnYgLTM4NCAtMjcyIDAKdiAtMzY4IC0yNzIgMAp2IC0zODQgLTI4OCAwCnYgLTQwMCAtMjg4IDAKdiAtNDAwIC0yNzIgMAp2IC0zODQgLTI3MiAwCnYgLTQwMCAtMjg4IDAKdiAtNDE2IC0yODggMAp2IC00MTYgLTI3MiAwCnYgLTQwMCAtMjcyIDAKdiAtNDE2IC0yODggMAp2IC00MzIgLTI4OCAwCnYgLTQzMiAtMjcyIDAKdiAtNDE2IC0yNzIgMAp2IC00MzIgLTI4OCAwCnYgLTQ0OCAtMjg4IDAKdiAtNDQ4IC0yNzIgMAp2IC00MzIgLTI3MiAwCnYgLTQ0OCAtMjg4IDAKdiAtNDY0IC0yODggMAp2IC00NjQgLTI3MiAwCnYgLTQ0OCAtMjcyIDAKdiAtNDY0IC0yODggMAp2IC00ODAgLTI4OCAwCnYgLTQ4MCAtMjcyIDAKdiAtNDY0IC0yNzIgMAp2IC00ODAgLTI4OCAwCnYgLTQ5NiAtMjg4IDAKdiAtNDk2IC0yNzIgMAp2IC00ODAgLTI3MiAwCnYgLTQ5NiAtMjg4IDAKdiAtNTEyIC0yODggMAp2IC01MTIgLTI3MiAwCnYgLTQ5NiAtMjcyIDAKdiAtNTEyIC0yODggMAp2IC01MjggLTI4OCAwCnYgLTUyOCAtMjcyIDAKdiAtNTEyIC0yNzIgMAp2IC01MjggLTI4OCAwCnYgLTU0NCAtMjg4IDAKdiAtNTQ0IC0yNzIgMAp2IC01MjggLTI3MiAwCnYgLTU0NCAtMjg4IDAKdiAtNTYwIC0yODggMAp2IC01NjAgLTI3MiAwCnYgLTU0NCAtMjcyIDAKdiAtNTYwIC0yODggMAp2IC01NzYgLTI4OCAwCnYgLTU3NiAtMjcyIDAKdiAtNTYwIC0yNzIgMAp2IC01NzYgLTI4OCAwCnYgLTU5MiAtMjg4IDAKdiAtNTkyIC0yNzIgMAp2IC01NzYgLTI3MiAwCnYgLTU5MiAtMjg4IDAKdiAtNjA4IC0yODggMAp2IC02MDggLTI3MiAwCnYgLTU5MiAtMjcyIDAKdiAtNjA4IC0yODggMAp2IC02MjQgLTI4OCAwCnYgLTYyNCAtMjcyIDAKdiAtNjA4IC0yNzIgMAp2IC02MjQgLTI4OCAwCnYgLTY0MCAtMjg4IDAKdiAtNjQwIC0yNzIgMAp2IC02MjQgLTI3MiAwCnYgMCAtMzA0IDAKdiAtMTYgLTMwNCAwCnYgLTE2IC0yODggMAp2IDAgLTI4OCAwCnYgLTE2IC0zMDQgMAp2IC0zMiAtMzA0IDAKdiAtMzIgLTI4OCAwCnYgLTE2IC0yODggMAp2IC0zMiAtMzA0IDAKdiAtNDggLTMwNCAwCnYgLTQ4IC0yODggMAp2IC0zMiAtMjg4IDAKdiAtNDggLTMwNCAwCnYgLTY0IC0zMDQgMAp2IC02NCAtMjg4IDAKdiAtNDggLTI4OCAwCnYgLTY0IC0zMDQgMAp2IC04MCAtMzA0IDAKdiAtODAgLTI4OCAwCnYgLTY0IC0yODggMAp2IC04MCAtMzA0IDAKdiAtOTYgLTMwNCAwCnYgLTk2IC0yODggMAp2IC04MCAtMjg4IDAKdiAtOTYgLTMwNCAwCnYgLTExMiAtMzA0IDAKdiAtMTEyIC0yODggMAp2IC05NiAtMjg4IDAKdiAtMTEyIC0zMDQgMAp2IC0xMjggLTMwNCAwCnYgLTEyOCAtMjg4IDAKdiAtMTEyIC0yODggMAp2IC0xMjggLTMwNCAwCnYgLTE0NCAtMzA0IDAKdiAtMTQ0IC0yODggMAp2IC0xMjggLTI4OCAwCnYgLTE0NCAtMzA0IDAKdiAtMTYwIC0zMDQgMAp2IC0xNjAgLTI4OCAwCnYgLTE0NCAtMjg4IDAKdiAtMTYwIC0zMDQgMAp2IC0xNzYgLTMwNCAwCnYgLTE3NiAtMjg4IDAKdiAtMTYwIC0yODggMAp2IC0xNzYgLTMwNCAwCnYgLTE5MiAtMzA0IDAKdiAtMTkyIC0yODggMAp2IC0xNzYgLTI4OCAwCnYgLTE5MiAtMzA0IDAKdiAtMjA4IC0zMDQgMAp2IC0yMDggLTI4OCAwCnYgLTE5MiAtMjg4IDAKdiAtMjA4IC0zMDQgMAp2IC0yMjQgLTMwNCAwCnYgLTIyNCAtMjg4IDAKdiAtMjA4IC0yODggMAp2IC0yMjQgLTMwNCAwCnYgLTI0MCAtMzA0IDAKdiAtMjQwIC0yODggMAp2IC0yMjQgLTI4OCAwCnYgLTI0MCAtMzA0IDAKdiAtMjU2IC0zMDQgMAp2IC0yNTYgLTI4OCAwCnYgLTI0MCAtMjg4IDAKdiAtMjU2IC0zMDQgMAp2IC0yNzIgLTMwNCAwCnYgLTI3MiAtMjg4IDAKdiAtMjU2IC0yODggMAp2IC0yNzIgLTMwNCAwCnYgLTI4OCAtMzA0IDAKdiAtMjg4IC0yODggMAp2IC0yNzIgLTI4OCAwCnYgLTI4OCAtMzA0IDAKdiAtMzA0IC0zMDQgMAp2IC0zMDQgLTI4OCAwCnYgLTI4OCAtMjg4IDAKdiAtMzA0IC0zMDQgMAp2IC0zMjAgLTMwNCAwCnYgLTMyMCAtMjg4IDAKdiAtMzA0IC0yODggMAp2IC0zMjAgLTMwNCAwCnYgLTMzNiAtMzA0IDAKdiAtMzM2IC0yODggMAp2IC0zMjAgLTI4OCAwCnYgLTMzNiAtMzA0IDAKdiAtMzUyIC0zMDQgMAp2IC0zNTIgLTI4OCAwCnYgLTMzNiAtMjg4IDAKdiAtMzUyIC0zMDQgMAp2IC0zNjggLTMwNCAwCnYgLTM2OCAtMjg4IDAKdiAtMzUyIC0yODggMAp2IC0zNjggLTMwNCAwCnYgLTM4NCAtMzA0IDAKdiAtMzg0IC0yODggMAp2IC0zNjggLTI4OCAwCnYgLTM4NCAtMzA0IDAKdiAtNDAwIC0zMDQgMAp2IC00MDAgLTI4OCAwCnYgLTM4NCAtMjg4IDAKdiAtNDAwIC0zMDQgMAp2IC00MTYgLTMwNCAwCnYgLTQxNiAtMjg4IDAKdiAtNDAwIC0yODggMAp2IC00MTYgLTMwNCAwCnYgLTQzMiAtMzA0IDAKdiAtNDMyIC0yODggMAp2IC00MTYgLTI4OCAwCnYgLTQzMiAtMzA0IDAKdiAtNDQ4IC0zMDQgMAp2IC00NDggLTI4OCAwCnYgLTQzMiAtMjg4IDAKdiAtNDQ4IC0zMDQgMAp2IC00NjQgLTMwNCAwCnYgLTQ2NCAtMjg4IDAKdiAtNDQ4IC0yODggMAp2IC00NjQgLTMwNCAwCnYgLTQ4MCAtMzA0IDAKdiAtNDgwIC0yODggMAp2IC00NjQgLTI4OCAwCnYgLTQ4MCAtMzA0IDAKdiAtNDk2IC0zMDQgMAp2IC00OTYgLTI4OCAwCnYgLTQ4MCAtMjg4IDAKdiAtNDk2IC0zMDQgMAp2IC01MTIgLTMwNCAwCnYgLTUxMiAtMjg4IDAKdiAtNDk2IC0yODggMAp2IC01MTIgLTMwNCAwCnYgLTUyOCAtMzA0IDAKdiAtNTI4IC0yODggMAp2IC01MTIgLTI4OCAwCnYgLTUyOCAtMzA0IDAKdiAtNTQ0IC0zMDQgMAp2IC01NDQgLTI4OCAwCnYgLTUyOCAtMjg4IDAKdiAtNTQ0IC0zMDQgMAp2IC01NjAgLTMwNCAwCnYgLTU2MCAtMjg4IDAKdiAtNTQ0IC0yODggMAp2IC01NjAgLTMwNCAwCnYgLTU3NiAtMzA0IDAKdiAtNTc2IC0yODggMAp2IC01NjAgLTI4OCAwCnYgLTU3NiAtMzA0IDAKdiAtNTkyIC0zMDQgMAp2IC01OTIgLTI4OCAwCnYgLTU3NiAtMjg4IDAKdiAtNTkyIC0zMDQgMAp2IC02MDggLTMwNCAwCnYgLTYwOCAtMjg4IDAKdiAtNTkyIC0yODggMAp2IC02MDggLTMwNCAwCnYgLTYyNCAtMzA0IDAKdiAtNjI0IC0yODggMAp2IC02MDggLTI4OCAwCnYgLTYyNCAtMzA0IDAKdiAtNjQwIC0zMDQgMAp2IC02NDAgLTI4OCAwCnYgLTYyNCAtMjg4IDAKdiAwIC0zMjAgMAp2IC0xNiAtMzIwIDAKdiAtMTYgLTMwNCAwCnYgMCAtMzA0IDAKdiAtMTYgLTMyMCAwCnYgLTMyIC0zMjAgMAp2IC0zMiAtMzA0IDAKdiAtMTYgLTMwNCAwCnYgLTMyIC0zMjAgMAp2IC00OCAtMzIwIDAKdiAtNDggLTMwNCAwCnYgLTMyIC0zMDQgMAp2IC00OCAtMzIwIDAKdiAtNjQgLTMyMCAwCnYgLTY0IC0zMDQgMAp2IC00OCAtMzA0IDAKdiAtNjQgLTMyMCAwCnYgLTgwIC0zMjAgMAp2IC04MCAtMzA0IDAKdiAtNjQgLTMwNCAwCnYgLTgwIC0zMjAgMAp2IC05NiAtMzIwIDAKdiAtOTYgLTMwNCAwCnYgLTgwIC0zMDQgMAp2IC05NiAtMzIwIDAKdiAtMTEyIC0zMjAgMAp2IC0xMTIgLTMwNCAwCnYgLTk2IC0zMDQgMAp2IC0xMTIgLTMyMCAwCnYgLTEyOCAtMzIwIDAKdiAtMTI4IC0zMDQgMAp2IC0xMTIgLTMwNCAwCnYgLTEyOCAtMzIwIDAKdiAtMTQ0IC0zMjAgMAp2IC0xNDQgLTMwNCAwCnYgLTEyOCAtMzA0IDAKdiAtMTQ0IC0zMjAgMAp2IC0xNjAgLTMyMCAwCnYgLTE2MCAtMzA0IDAKdiAtMTQ0IC0zMDQgMAp2IC0xNjAgLTMyMCAwCnYgLTE3NiAtMzIwIDAKdiAtMTc2IC0zMDQgMAp2IC0xNjAgLTMwNCAwCnYgLTE3NiAtMzIwIDAKdiAtMTkyIC0zMjAgMAp2IC0xOTIgLTMwNCAwCnYgLTE3NiAtMzA0IDAKdiAtMTkyIC0zMjAgMAp2IC0yMDggLTMyMCAwCnYgLTIwOCAtMzA0IDAKdiAtMTkyIC0zMDQgMAp2IC0yMDggLTMyMCAwCnYgLTIyNCAtMzIwIDAKdiAtMjI0IC0zMDQgMAp2IC0yMDggLTMwNCAwCnYgLTIyNCAtMzIwIDAKdiAtMjQwIC0zMjAgMAp2IC0yNDAgLTMwNCAwCnYgLTIyNCAtMzA0IDAKdiAtMjQwIC0zMjAgMAp2IC0yNTYgLTMyMCAwCnYgLTI1NiAtMzA0IDAKdiAtMjQwIC0zMDQgMAp2IC0yNTYgLTMyMCAwCnYgLTI3MiAtMzIwIDAKdiAtMjcyIC0zMDQgMAp2IC0yNTYgLTMwNCAwCnYgLTI3MiAtMzIwIDAKdiAtMjg4IC0zMjAgMAp2IC0yODggLTMwNCAwCnYgLTI3MiAtMzA0IDAKdiAtMjg4IC0zMjAgMAp2IC0zMDQgLTMyMCAwCnYgLTMwNCAtMzA0IDAKdiAtMjg4IC0zMDQgMAp2IC0zMDQgLTMyMCAwCnYgLTMyMCAtMzIwIDAKdiAtMzIwIC0zMDQgMAp2IC0zMDQgLTMwNCAwCnYgLTMyMCAtMzIwIDAKdiAtMzM2IC0zMjAgMAp2IC0zMzYgLTMwNCAwCnYgLTMyMCAtMzA0IDAKdiAtMzM2IC0zMjAgMAp2IC0zNTIgLTMyMCAwCnYgLTM1MiAtMzA0IDAKdiAtMzM2IC0zMDQgMAp2IC0zNTIgLTMyMCAwCnYgLTM2OCAtMzIwIDAKdiAtMzY4IC0zMDQgMAp2IC0zNTIgLTMwNCAwCnYgLTM2OCAtMzIwIDAKdiAtMzg0IC0zMjAgMAp2IC0zODQgLTMwNCAwCnYgLTM2OCAtMzA0IDAKdiAtMzg0IC0zMjAgMAp2IC00MDAgLTMyMCAwCnYgLTQwMCAtMzA0IDAKdiAtMzg0IC0zMDQgMAp2IC00MDAgLTMyMCAwCnYgLTQxNiAtMzIwIDAKdiAtNDE2IC0zMDQgMAp2IC00MDAgLTMwNCAwCnYgLTQxNiAtMzIwIDAKdiAtNDMyIC0zMjAgMAp2IC00MzIgLTMwNCAwCnYgLTQxNiAtMzA0IDAKdiAtNDMyIC0zMjAgMAp2IC00NDggLTMyMCAwCnYgLTQ0OCAtMzA0IDAKdiAtNDMyIC0zMDQgMAp2IC00NDggLTMyMCAwCnYgLTQ2NCAtMzIwIDAKdiAtNDY0IC0zMDQgMAp2IC00NDggLTMwNCAwCnYgLTQ2NCAtMzIwIDAKdiAtNDgwIC0zMjAgMAp2IC00ODAgLTMwNCAwCnYgLTQ2NCAtMzA0IDAKdiAtNDgwIC0zMjAgMAp2IC00OTYgLTMyMCAwCnYgLTQ5NiAtMzA0IDAKdiAtNDgwIC0zMDQgMAp2IC00OTYgLTMyMCAwCnYgLTUxMiAtMzIwIDAKdiAtNTEyIC0zMDQgMAp2IC00OTYgLTMwNCAwCnYgLTUxMiAtMzIwIDAKdiAtNTI4IC0zMjAgMAp2IC01MjggLTMwNCAwCnYgLTUxMiAtMzA0IDAKdiAtNTI4IC0zMjAgMAp2IC01NDQgLTMyMCAwCnYgLTU0NCAtMzA0IDAKdiAtNTI4IC0zMDQgMAp2IC01NDQgLTMyMCAwCnYgLTU2MCAtMzIwIDAKdiAtNTYwIC0zMDQgMAp2IC01NDQgLTMwNCAwCnYgLTU2MCAtMzIwIDAKdiAtNTc2IC0zMjAgMAp2IC01NzYgLTMwNCAwCnYgLTU2MCAtMzA0IDAKdiAtNTc2IC0zMjAgMAp2IC01OTIgLTMyMCAwCnYgLTU5MiAtMzA0IDAKdiAtNTc2IC0zMDQgMAp2IC01OTIgLTMyMCAwCnYgLTYwOCAtMzIwIDAKdiAtNjA4IC0zMDQgMAp2IC01OTIgLTMwNCAwCnYgLTYwOCAtMzIwIDAKdiAtNjI0IC0zMjAgMAp2IC02MjQgLTMwNCAwCnYgLTYwOCAtMzA0IDAKdiAtNjI0IC0zMjAgMAp2IC02NDAgLTMyMCAwCnYgLTY0MCAtMzA0IDAKdiAtNjI0IC0zMDQgMAoKIyBUZXh0dXJlIGNvb3JpZGluYXRlcyAoQ291bnQgPSA0KQp2dCAwLjcgMC44CnZ0IDAuOCAwLjgKdnQgMC44IDAuOQp2dCAwLjcgMC45CgojIE5vcm1hbAp2biAwIDAgLTEKCiMgTWVzaCBkZXNjcmlwdGlvbgpnIHRlc3QtNF9tZXNoXzAwMDEKCiMgRmFjZXMKZiAxLzEvMSAyLzIvMSAzLzMvMSA0LzQvMQpmIDUvMS8xIDYvMi8xIDcvMy8xIDgvNC8xCmYgOS8xLzEgMTAvMi8xIDExLzMvMSAxMi80LzEKZiAxMy8xLzEgMTQvMi8xIDE1LzMvMSAxNi80LzEKZiAxNy8xLzEgMTgvMi8xIDE5LzMvMSAyMC80LzEKZiAyMS8xLzEgMjIvMi8xIDIzLzMvMSAyNC80LzEKZiAyNS8xLzEgMjYvMi8xIDI3LzMvMSAyOC80LzEKZiAyOS8xLzEgMzAvMi8xIDMxLzMvMSAzMi80LzEKZiAzMy8xLzEgMzQvMi8xIDM1LzMvMSAzNi80LzEKZiAzNy8xLzEgMzgvMi8xIDM5LzMvMSA0MC80LzEKZiA0MS8xLzEgNDIvMi8xIDQzLzMvMSA0NC80LzEKZiA0NS8xLzEgNDYvMi8xIDQ3LzMvMSA0OC80LzEKZiA0OS8xLzEgNTAvMi8xIDUxLzMvMSA1Mi80LzEKZiA1My8xLzEgNTQvMi8xIDU1LzMvMSA1Ni80LzEKZiA1Ny8xLzEgNTgvMi8xIDU5LzMvMSA2MC80LzEKZiA2MS8xLzEgNjIvMi8xIDYzLzMvMSA2NC80LzEKZiA2NS8xLzEgNjYvMi8xIDY3LzMvMSA2OC80LzEKZiA2OS8xLzEgNzAvMi8xIDcxLzMvMSA3Mi80LzEKZiA3My8xLzEgNzQvMi8xIDc1LzMvMSA3Ni80LzEKZiA3Ny8xLzEgNzgvMi8xIDc5LzMvMSA4MC80LzEKZiA4MS8xLzEgODIvMi8xIDgzLzMvMSA4NC80LzEKZiA4NS8xLzEgODYvMi8xIDg3LzMvMSA4OC80LzEKZiA4OS8xLzEgOTAvMi8xIDkxLzMvMSA5Mi80LzEKZiA5My8xLzEgOTQvMi8xIDk1LzMvMSA5Ni80LzEKZiA5Ny8xLzEgOTgvMi8xIDk5LzMvMSAxMDAvNC8xCmYgMTAxLzEvMSAxMDIvMi8xIDEwMy8zLzEgMTA0LzQvMQpmIDEwNS8xLzEgMTA2LzIvMSAxMDcvMy8xIDEwOC80LzEKZiAxMDkvMS8xIDExMC8yLzEgMTExLzMvMSAxMTIvNC8xCmYgMTEzLzEvMSAxMTQvMi8xIDExNS8zLzEgMTE2LzQvMQpmIDExNy8xLzEgMTE4LzIvMSAxMTkvMy8xIDEyMC80LzEKZiAxMjEvMS8xIDEyMi8yLzEgMTIzLzMvMSAxMjQvNC8xCmYgMTI1LzEvMSAxMjYvMi8xIDEyNy8zLzEgMTI4LzQvMQpmIDEyOS8xLzEgMTMwLzIvMSAxMzEvMy8xIDEzMi80LzEKZiAxMzMvMS8xIDEzNC8yLzEgMTM1LzMvMSAxMzYvNC8xCmYgMTM3LzEvMSAxMzgvMi8xIDEzOS8zLzEgMTQwLzQvMQpmIDE0MS8xLzEgMTQyLzIvMSAxNDMvMy8xIDE0NC80LzEKZiAxNDUvMS8xIDE0Ni8yLzEgMTQ3LzMvMSAxNDgvNC8xCmYgMTQ5LzEvMSAxNTAvMi8xIDE1MS8zLzEgMTUyLzQvMQpmIDE1My8xLzEgMTU0LzIvMSAxNTUvMy8xIDE1Ni80LzEKZiAxNTcvMS8xIDE1OC8yLzEgMTU5LzMvMSAxNjAvNC8xCmYgMTYxLzEvMSAxNjIvMi8xIDE2My8zLzEgMTY0LzQvMQpmIDE2NS8xLzEgMTY2LzIvMSAxNjcvMy8xIDE2OC80LzEKZiAxNjkvMS8xIDE3MC8yLzEgMTcxLzMvMSAxNzIvNC8xCmYgMTczLzEvMSAxNzQvMi8xIDE3NS8zLzEgMTc2LzQvMQpmIDE3Ny8xLzEgMTc4LzIvMSAxNzkvMy8xIDE4MC80LzEKZiAxODEvMS8xIDE4Mi8yLzEgMTgzLzMvMSAxODQvNC8xCmYgMTg1LzEvMSAxODYvMi8xIDE4Ny8zLzEgMTg4LzQvMQpmIDE4OS8xLzEgMTkwLzIvMSAxOTEvMy8xIDE5Mi80LzEKZiAxOTMvMS8xIDE5NC8yLzEgMTk1LzMvMSAxOTYvNC8xCmYgMTk3LzEvMSAxOTgvMi8xIDE5OS8zLzEgMjAwLzQvMQpmIDIwMS8xLzEgMjAyLzIvMSAyMDMvMy8xIDIwNC80LzEKZiAyMDUvMS8xIDIwNi8yLzEgMjA3LzMvMSAyMDgvNC8xCmYgMjA5LzEvMSAyMTAvMi8xIDIxMS8zLzEgMjEyLzQvMQpmIDIxMy8xLzEgMjE0LzIvMSAyMTUvMy8xIDIxNi80LzEKZiAyMTcvMS8xIDIxOC8yLzEgMjE5LzMvMSAyMjAvNC8xCmYgMjIxLzEvMSAyMjIvMi8xIDIyMy8zLzEgMjI0LzQvMQpmIDIyNS8xLzEgMjI2LzIvMSAyMjcvMy8xIDIyOC80LzEKZiAyMjkvMS8xIDIzMC8yLzEgMjMxLzMvMSAyMzIvNC8xCmYgMjMzLzEvMSAyMzQvMi8xIDIzNS8zLzEgMjM2LzQvMQpmIDIzNy8xLzEgMjM4LzIvMSAyMzkvMy8xIDI0MC80LzEKZiAyNDEvMS8xIDI0Mi8yLzEgMjQzLzMvMSAyNDQvNC8xCmYgMjQ1LzEvMSAyNDYvMi8xIDI0Ny8zLzEgMjQ4LzQvMQpmIDI0OS8xLzEgMjUwLzIvMSAyNTEvMy8xIDI1Mi80LzEKZiAyNTMvMS8xIDI1NC8yLzEgMjU1LzMvMSAyNTYvNC8xCmYgMjU3LzEvMSAyNTgvMi8xIDI1OS8zLzEgMjYwLzQvMQpmIDI2MS8xLzEgMjYyLzIvMSAyNjMvMy8xIDI2NC80LzEKZiAyNjUvMS8xIDI2Ni8yLzEgMjY3LzMvMSAyNjgvNC8xCmYgMjY5LzEvMSAyNzAvMi8xIDI3MS8zLzEgMjcyLzQvMQpmIDI3My8xLzEgMjc0LzIvMSAyNzUvMy8xIDI3Ni80LzEKZiAyNzcvMS8xIDI3OC8yLzEgMjc5LzMvMSAyODAvNC8xCmYgMjgxLzEvMSAyODIvMi8xIDI4My8zLzEgMjg0LzQvMQpmIDI4NS8xLzEgMjg2LzIvMSAyODcvMy8xIDI4OC80LzEKZiAyODkvMS8xIDI5MC8yLzEgMjkxLzMvMSAyOTIvNC8xCmYgMjkzLzEvMSAyOTQvMi8xIDI5NS8zLzEgMjk2LzQvMQpmIDI5Ny8xLzEgMjk4LzIvMSAyOTkvMy8xIDMwMC80LzEKZiAzMDEvMS8xIDMwMi8yLzEgMzAzLzMvMSAzMDQvNC8xCmYgMzA1LzEvMSAzMDYvMi8xIDMwNy8zLzEgMzA4LzQvMQpmIDMwOS8xLzEgMzEwLzIvMSAzMTEvMy8xIDMxMi80LzEKZiAzMTMvMS8xIDMxNC8yLzEgMzE1LzMvMSAzMTYvNC8xCmYgMzE3LzEvMSAzMTgvMi8xIDMxOS8zLzEgMzIwLzQvMQpmIDMyMS8xLzEgMzIyLzIvMSAzMjMvMy8xIDMyNC80LzEKZiAzMjUvMS8xIDMyNi8yLzEgMzI3LzMvMSAzMjgvNC8xCmYgMzI5LzEvMSAzMzAvMi8xIDMzMS8zLzEgMzMyLzQvMQpmIDMzMy8xLzEgMzM0LzIvMSAzMzUvMy8xIDMzNi80LzEKZiAzMzcvMS8xIDMzOC8yLzEgMzM5LzMvMSAzNDAvNC8xCmYgMzQxLzEvMSAzNDIvMi8xIDM0My8zLzEgMzQ0LzQvMQpmIDM0NS8xLzEgMzQ2LzIvMSAzNDcvMy8xIDM0OC80LzEKZiAzNDkvMS8xIDM1MC8yLzEgMzUxLzMvMSAzNTIvNC8xCmYgMzUzLzEvMSAzNTQvMi8xIDM1NS8zLzEgMzU2LzQvMQpmIDM1Ny8xLzEgMzU4LzIvMSAzNTkvMy8xIDM2MC80LzEKZiAzNjEvMS8xIDM2Mi8yLzEgMzYzLzMvMSAzNjQvNC8xCmYgMzY1LzEvMSAzNjYvMi8xIDM2Ny8zLzEgMzY4LzQvMQpmIDM2OS8xLzEgMzcwLzIvMSAzNzEvMy8xIDM3Mi80LzEKZiAzNzMvMS8xIDM3NC8yLzEgMzc1LzMvMSAzNzYvNC8xCmYgMzc3LzEvMSAzNzgvMi8xIDM3OS8zLzEgMzgwLzQvMQpmIDM4MS8xLzEgMzgyLzIvMSAzODMvMy8xIDM4NC80LzEKZiAzODUvMS8xIDM4Ni8yLzEgMzg3LzMvMSAzODgvNC8xCmYgMzg5LzEvMSAzOTAvMi8xIDM5MS8zLzEgMzkyLzQvMQpmIDM5My8xLzEgMzk0LzIvMSAzOTUvMy8xIDM5Ni80LzEKZiAzOTcvMS8xIDM5OC8yLzEgMzk5LzMvMSA0MDAvNC8xCmYgNDAxLzEvMSA0MDIvMi8xIDQwMy8zLzEgNDA0LzQvMQpmIDQwNS8xLzEgNDA2LzIvMSA0MDcvMy8xIDQwOC80LzEKZiA0MDkvMS8xIDQxMC8yLzEgNDExLzMvMSA0MTIvNC8xCmYgNDEzLzEvMSA0MTQvMi8xIDQxNS8zLzEgNDE2LzQvMQpmIDQxNy8xLzEgNDE4LzIvMSA0MTkvMy8xIDQyMC80LzEKZiA0MjEvMS8xIDQyMi8yLzEgNDIzLzMvMSA0MjQvNC8xCmYgNDI1LzEvMSA0MjYvMi8xIDQyNy8zLzEgNDI4LzQvMQpmIDQyOS8xLzEgNDMwLzIvMSA0MzEvMy8xIDQzMi80LzEKZiA0MzMvMS8xIDQzNC8yLzEgNDM1LzMvMSA0MzYvNC8xCmYgNDM3LzEvMSA0MzgvMi8xIDQzOS8zLzEgNDQwLzQvMQpmIDQ0MS8xLzEgNDQyLzIvMSA0NDMvMy8xIDQ0NC80LzEKZiA0NDUvMS8xIDQ0Ni8yLzEgNDQ3LzMvMSA0NDgvNC8xCmYgNDQ5LzEvMSA0NTAvMi8xIDQ1MS8zLzEgNDUyLzQvMQpmIDQ1My8xLzEgNDU0LzIvMSA0NTUvMy8xIDQ1Ni80LzEKZiA0NTcvMS8xIDQ1OC8yLzEgNDU5LzMvMSA0NjAvNC8xCmYgNDYxLzEvMSA0NjIvMi8xIDQ2My8zLzEgNDY0LzQvMQpmIDQ2NS8xLzEgNDY2LzIvMSA0NjcvMy8xIDQ2OC80LzEKZiA0NjkvMS8xIDQ3MC8yLzEgNDcxLzMvMSA0NzIvNC8xCmYgNDczLzEvMSA0NzQvMi8xIDQ3NS8zLzEgNDc2LzQvMQpmIDQ3Ny8xLzEgNDc4LzIvMSA0NzkvMy8xIDQ4MC80LzEKZiA0ODEvMS8xIDQ4Mi8yLzEgNDgzLzMvMSA0ODQvNC8xCmYgNDg1LzEvMSA0ODYvMi8xIDQ4Ny8zLzEgNDg4LzQvMQpmIDQ4OS8xLzEgNDkwLzIvMSA0OTEvMy8xIDQ5Mi80LzEKZiA0OTMvMS8xIDQ5NC8yLzEgNDk1LzMvMSA0OTYvNC8xCmYgNDk3LzEvMSA0OTgvMi8xIDQ5OS8zLzEgNTAwLzQvMQpmIDUwMS8xLzEgNTAyLzIvMSA1MDMvMy8xIDUwNC80LzEKZiA1MDUvMS8xIDUwNi8yLzEgNTA3LzMvMSA1MDgvNC8xCmYgNTA5LzEvMSA1MTAvMi8xIDUxMS8zLzEgNTEyLzQvMQpmIDUxMy8xLzEgNTE0LzIvMSA1MTUvMy8xIDUxNi80LzEKZiA1MTcvMS8xIDUxOC8yLzEgNTE5LzMvMSA1MjAvNC8xCmYgNTIxLzEvMSA1MjIvMi8xIDUyMy8zLzEgNTI0LzQvMQpmIDUyNS8xLzEgNTI2LzIvMSA1MjcvMy8xIDUyOC80LzEKZiA1MjkvMS8xIDUzMC8yLzEgNTMxLzMvMSA1MzIvNC8xCmYgNTMzLzEvMSA1MzQvMi8xIDUzNS8zLzEgNTM2LzQvMQpmIDUzNy8xLzEgNTM4LzIvMSA1MzkvMy8xIDU0MC80LzEKZiA1NDEvMS8xIDU0Mi8yLzEgNTQzLzMvMSA1NDQvNC8xCmYgNTQ1LzEvMSA1NDYvMi8xIDU0Ny8zLzEgNTQ4LzQvMQpmIDU0OS8xLzEgNTUwLzIvMSA1NTEvMy8xIDU1Mi80LzEKZiA1NTMvMS8xIDU1NC8yLzEgNTU1LzMvMSA1NTYvNC8xCmYgNTU3LzEvMSA1NTgvMi8xIDU1OS8zLzEgNTYwLzQvMQpmIDU2MS8xLzEgNTYyLzIvMSA1NjMvMy8xIDU2NC80LzEKZiA1NjUvMS8xIDU2Ni8yLzEgNTY3LzMvMSA1NjgvNC8xCmYgNTY5LzEvMSA1NzAvMi8xIDU3MS8zLzEgNTcyLzQvMQpmIDU3My8xLzEgNTc0LzIvMSA1NzUvMy8xIDU3Ni80LzEKZiA1NzcvMS8xIDU3OC8yLzEgNTc5LzMvMSA1ODAvNC8xCmYgNTgxLzEvMSA1ODIvMi8xIDU4My8zLzEgNTg0LzQvMQpmIDU4NS8xLzEgNTg2LzIvMSA1ODcvMy8xIDU4OC80LzEKZiA1ODkvMS8xIDU5MC8yLzEgNTkxLzMvMSA1OTIvNC8xCmYgNTkzLzEvMSA1OTQvMi8xIDU5NS8zLzEgNTk2LzQvMQpmIDU5Ny8xLzEgNTk4LzIvMSA1OTkvMy8xIDYwMC80LzEKZiA2MDEvMS8xIDYwMi8yLzEgNjAzLzMvMSA2MDQvNC8xCmYgNjA1LzEvMSA2MDYvMi8xIDYwNy8zLzEgNjA4LzQvMQpmIDYwOS8xLzEgNjEwLzIvMSA2MTEvMy8xIDYxMi80LzEKZiA2MTMvMS8xIDYxNC8yLzEgNjE1LzMvMSA2MTYvNC8xCmYgNjE3LzEvMSA2MTgvMi8xIDYxOS8zLzEgNjIwLzQvMQpmIDYyMS8xLzEgNjIyLzIvMSA2MjMvMy8xIDYyNC80LzEKZiA2MjUvMS8xIDYyNi8yLzEgNjI3LzMvMSA2MjgvNC8xCmYgNjI5LzEvMSA2MzAvMi8xIDYzMS8zLzEgNjMyLzQvMQpmIDYzMy8xLzEgNjM0LzIvMSA2MzUvMy8xIDYzNi80LzEKZiA2MzcvMS8xIDYzOC8yLzEgNjM5LzMvMSA2NDAvNC8xCmYgNjQxLzEvMSA2NDIvMi8xIDY0My8zLzEgNjQ0LzQvMQpmIDY0NS8xLzEgNjQ2LzIvMSA2NDcvMy8xIDY0OC80LzEKZiA2NDkvMS8xIDY1MC8yLzEgNjUxLzMvMSA2NTIvNC8xCmYgNjUzLzEvMSA2NTQvMi8xIDY1NS8zLzEgNjU2LzQvMQpmIDY1Ny8xLzEgNjU4LzIvMSA2NTkvMy8xIDY2MC80LzEKZiA2NjEvMS8xIDY2Mi8yLzEgNjYzLzMvMSA2NjQvNC8xCmYgNjY1LzEvMSA2NjYvMi8xIDY2Ny8zLzEgNjY4LzQvMQpmIDY2OS8xLzEgNjcwLzIvMSA2NzEvMy8xIDY3Mi80LzEKZiA2NzMvMS8xIDY3NC8yLzEgNjc1LzMvMSA2NzYvNC8xCmYgNjc3LzEvMSA2NzgvMi8xIDY3OS8zLzEgNjgwLzQvMQpmIDY4MS8xLzEgNjgyLzIvMSA2ODMvMy8xIDY4NC80LzEKZiA2ODUvMS8xIDY4Ni8yLzEgNjg3LzMvMSA2ODgvNC8xCmYgNjg5LzEvMSA2OTAvMi8xIDY5MS8zLzEgNjkyLzQvMQpmIDY5My8xLzEgNjk0LzIvMSA2OTUvMy8xIDY5Ni80LzEKZiA2OTcvMS8xIDY5OC8yLzEgNjk5LzMvMSA3MDAvNC8xCmYgNzAxLzEvMSA3MDIvMi8xIDcwMy8zLzEgNzA0LzQvMQpmIDcwNS8xLzEgNzA2LzIvMSA3MDcvMy8xIDcwOC80LzEKZiA3MDkvMS8xIDcxMC8yLzEgNzExLzMvMSA3MTIvNC8xCmYgNzEzLzEvMSA3MTQvMi8xIDcxNS8zLzEgNzE2LzQvMQpmIDcxNy8xLzEgNzE4LzIvMSA3MTkvMy8xIDcyMC80LzEKZiA3MjEvMS8xIDcyMi8yLzEgNzIzLzMvMSA3MjQvNC8xCmYgNzI1LzEvMSA3MjYvMi8xIDcyNy8zLzEgNzI4LzQvMQpmIDcyOS8xLzEgNzMwLzIvMSA3MzEvMy8xIDczMi80LzEKZiA3MzMvMS8xIDczNC8yLzEgNzM1LzMvMSA3MzYvNC8xCmYgNzM3LzEvMSA3MzgvMi8xIDczOS8zLzEgNzQwLzQvMQpmIDc0MS8xLzEgNzQyLzIvMSA3NDMvMy8xIDc0NC80LzEKZiA3NDUvMS8xIDc0Ni8yLzEgNzQ3LzMvMSA3NDgvNC8xCmYgNzQ5LzEvMSA3NTAvMi8xIDc1MS8zLzEgNzUyLzQvMQpmIDc1My8xLzEgNzU0LzIvMSA3NTUvMy8xIDc1Ni80LzEKZiA3NTcvMS8xIDc1OC8yLzEgNzU5LzMvMSA3NjAvNC8xCmYgNzYxLzEvMSA3NjIvMi8xIDc2My8zLzEgNzY0LzQvMQpmIDc2NS8xLzEgNzY2LzIvMSA3NjcvMy8xIDc2OC80LzEKZiA3NjkvMS8xIDc3MC8yLzEgNzcxLzMvMSA3NzIvNC8xCmYgNzczLzEvMSA3NzQvMi8xIDc3NS8zLzEgNzc2LzQvMQpmIDc3Ny8xLzEgNzc4LzIvMSA3NzkvMy8xIDc4MC80LzEKZiA3ODEvMS8xIDc4Mi8yLzEgNzgzLzMvMSA3ODQvNC8xCmYgNzg1LzEvMSA3ODYvMi8xIDc4Ny8zLzEgNzg4LzQvMQpmIDc4OS8xLzEgNzkwLzIvMSA3OTEvMy8xIDc5Mi80LzEKZiA3OTMvMS8xIDc5NC8yLzEgNzk1LzMvMSA3OTYvNC8xCmYgNzk3LzEvMSA3OTgvMi8xIDc5OS8zLzEgODAwLzQvMQpmIDgwMS8xLzEgODAyLzIvMSA4MDMvMy8xIDgwNC80LzEKZiA4MDUvMS8xIDgwNi8yLzEgODA3LzMvMSA4MDgvNC8xCmYgODA5LzEvMSA4MTAvMi8xIDgxMS8zLzEgODEyLzQvMQpmIDgxMy8xLzEgODE0LzIvMSA4MTUvMy8xIDgxNi80LzEKZiA4MTcvMS8xIDgxOC8yLzEgODE5LzMvMSA4MjAvNC8xCmYgODIxLzEvMSA4MjIvMi8xIDgyMy8zLzEgODI0LzQvMQpmIDgyNS8xLzEgODI2LzIvMSA4MjcvMy8xIDgyOC80LzEKZiA4MjkvMS8xIDgzMC8yLzEgODMxLzMvMSA4MzIvNC8xCmYgODMzLzEvMSA4MzQvMi8xIDgzNS8zLzEgODM2LzQvMQpmIDgzNy8xLzEgODM4LzIvMSA4MzkvMy8xIDg0MC80LzEKZiA4NDEvMS8xIDg0Mi8yLzEgODQzLzMvMSA4NDQvNC8xCmYgODQ1LzEvMSA4NDYvMi8xIDg0Ny8zLzEgODQ4LzQvMQpmIDg0OS8xLzEgODUwLzIvMSA4NTEvMy8xIDg1Mi80LzEKZiA4NTMvMS8xIDg1NC8yLzEgODU1LzMvMSA4NTYvNC8xCmYgODU3LzEvMSA4NTgvMi8xIDg1OS8zLzEgODYwLzQvMQpmIDg2MS8xLzEgODYyLzIvMSA4NjMvMy8xIDg2NC80LzEKZiA4NjUvMS8xIDg2Ni8yLzEgODY3LzMvMSA4NjgvNC8xCmYgODY5LzEvMSA4NzAvMi8xIDg3MS8zLzEgODcyLzQvMQpmIDg3My8xLzEgODc0LzIvMSA4NzUvMy8xIDg3Ni80LzEKZiA4NzcvMS8xIDg3OC8yLzEgODc5LzMvMSA4ODAvNC8xCmYgODgxLzEvMSA4ODIvMi8xIDg4My8zLzEgODg0LzQvMQpmIDg4NS8xLzEgODg2LzIvMSA4ODcvMy8xIDg4OC80LzEKZiA4ODkvMS8xIDg5MC8yLzEgODkxLzMvMSA4OTIvNC8xCmYgODkzLzEvMSA4OTQvMi8xIDg5NS8zLzEgODk2LzQvMQpmIDg5Ny8xLzEgODk4LzIvMSA4OTkvMy8xIDkwMC80LzEKZiA5MDEvMS8xIDkwMi8yLzEgOTAzLzMvMSA5MDQvNC8xCmYgOTA1LzEvMSA5MDYvMi8xIDkwNy8zLzEgOTA4LzQvMQpmIDkwOS8xLzEgOTEwLzIvMSA5MTEvMy8xIDkxMi80LzEKZiA5MTMvMS8xIDkxNC8yLzEgOTE1LzMvMSA5MTYvNC8xCmYgOTE3LzEvMSA5MTgvMi8xIDkxOS8zLzEgOTIwLzQvMQpmIDkyMS8xLzEgOTIyLzIvMSA5MjMvMy8xIDkyNC80LzEKZiA5MjUvMS8xIDkyNi8yLzEgOTI3LzMvMSA5MjgvNC8xCmYgOTI5LzEvMSA5MzAvMi8xIDkzMS8zLzEgOTMyLzQvMQpmIDkzMy8xLzEgOTM0LzIvMSA5MzUvMy8xIDkzNi80LzEKZiA5MzcvMS8xIDkzOC8yLzEgOTM5LzMvMSA5NDAvNC8xCmYgOTQxLzEvMSA5NDIvMi8xIDk0My8zLzEgOTQ0LzQvMQpmIDk0NS8xLzEgOTQ2LzIvMSA5NDcvMy8xIDk0OC80LzEKZiA5NDkvMS8xIDk1MC8yLzEgOTUxLzMvMSA5NTIvNC8xCmYgOTUzLzEvMSA5NTQvMi8xIDk1NS8zLzEgOTU2LzQvMQpmIDk1Ny8xLzEgOTU4LzIvMSA5NTkvMy8xIDk2MC80LzEKZiA5NjEvMS8xIDk2Mi8yLzEgOTYzLzMvMSA5NjQvNC8xCmYgOTY1LzEvMSA5NjYvMi8xIDk2Ny8zLzEgOTY4LzQvMQpmIDk2OS8xLzEgOTcwLzIvMSA5NzEvMy8xIDk3Mi80LzEKZiA5NzMvMS8xIDk3NC8yLzEgOTc1LzMvMSA5NzYvNC8xCmYgOTc3LzEvMSA5NzgvMi8xIDk3OS8zLzEgOTgwLzQvMQpmIDk4MS8xLzEgOTgyLzIvMSA5ODMvMy8xIDk4NC80LzEKZiA5ODUvMS8xIDk4Ni8yLzEgOTg3LzMvMSA5ODgvNC8xCmYgOTg5LzEvMSA5OTAvMi8xIDk5MS8zLzEgOTkyLzQvMQpmIDk5My8xLzEgOTk0LzIvMSA5OTUvMy8xIDk5Ni80LzEKZiA5OTcvMS8xIDk5OC8yLzEgOTk5LzMvMSAxMDAwLzQvMQpmIDEwMDEvMS8xIDEwMDIvMi8xIDEwMDMvMy8xIDEwMDQvNC8xCmYgMTAwNS8xLzEgMTAwNi8yLzEgMTAwNy8zLzEgMTAwOC80LzEKZiAxMDA5LzEvMSAxMDEwLzIvMSAxMDExLzMvMSAxMDEyLzQvMQpmIDEwMTMvMS8xIDEwMTQvMi8xIDEwMTUvMy8xIDEwMTYvNC8xCmYgMTAxNy8xLzEgMTAxOC8yLzEgMTAxOS8zLzEgMTAyMC80LzEKZiAxMDIxLzEvMSAxMDIyLzIvMSAxMDIzLzMvMSAxMDI0LzQvMQpmIDEwMjUvMS8xIDEwMjYvMi8xIDEwMjcvMy8xIDEwMjgvNC8xCmYgMTAyOS8xLzEgMTAzMC8yLzEgMTAzMS8zLzEgMTAzMi80LzEKZiAxMDMzLzEvMSAxMDM0LzIvMSAxMDM1LzMvMSAxMDM2LzQvMQpmIDEwMzcvMS8xIDEwMzgvMi8xIDEwMzkvMy8xIDEwNDAvNC8xCmYgMTA0MS8xLzEgMTA0Mi8yLzEgMTA0My8zLzEgMTA0NC80LzEKZiAxMDQ1LzEvMSAxMDQ2LzIvMSAxMDQ3LzMvMSAxMDQ4LzQvMQpmIDEwNDkvMS8xIDEwNTAvMi8xIDEwNTEvMy8xIDEwNTIvNC8xCmYgMTA1My8xLzEgMTA1NC8yLzEgMTA1NS8zLzEgMTA1Ni80LzEKZiAxMDU3LzEvMSAxMDU4LzIvMSAxMDU5LzMvMSAxMDYwLzQvMQpmIDEwNjEvMS8xIDEwNjIvMi8xIDEwNjMvMy8xIDEwNjQvNC8xCmYgMTA2NS8xLzEgMTA2Ni8yLzEgMTA2Ny8zLzEgMTA2OC80LzEKZiAxMDY5LzEvMSAxMDcwLzIvMSAxMDcxLzMvMSAxMDcyLzQvMQpmIDEwNzMvMS8xIDEwNzQvMi8xIDEwNzUvMy8xIDEwNzYvNC8xCmYgMTA3Ny8xLzEgMTA3OC8yLzEgMTA3OS8zLzEgMTA4MC80LzEKZiAxMDgxLzEvMSAxMDgyLzIvMSAxMDgzLzMvMSAxMDg0LzQvMQpmIDEwODUvMS8xIDEwODYvMi8xIDEwODcvMy8xIDEwODgvNC8xCmYgMTA4OS8xLzEgMTA5MC8yLzEgMTA5MS8zLzEgMTA5Mi80LzEKZiAxMDkzLzEvMSAxMDk0LzIvMSAxMDk1LzMvMSAxMDk2LzQvMQpmIDEwOTcvMS8xIDEwOTgvMi8xIDEwOTkvMy8xIDExMDAvNC8xCmYgMTEwMS8xLzEgMTEwMi8yLzEgMTEwMy8zLzEgMTEwNC80LzEKZiAxMTA1LzEvMSAxMTA2LzIvMSAxMTA3LzMvMSAxMTA4LzQvMQpmIDExMDkvMS8xIDExMTAvMi8xIDExMTEvMy8xIDExMTIvNC8xCmYgMTExMy8xLzEgMTExNC8yLzEgMTExNS8zLzEgMTExNi80LzEKZiAxMTE3LzEvMSAxMTE4LzIvMSAxMTE5LzMvMSAxMTIwLzQvMQpmIDExMjEvMS8xIDExMjIvMi8xIDExMjMvMy8xIDExMjQvNC8xCmYgMTEyNS8xLzEgMTEyNi8yLzEgMTEyNy8zLzEgMTEyOC80LzEKZiAxMTI5LzEvMSAxMTMwLzIvMSAxMTMxLzMvMSAxMTMyLzQvMQpmIDExMzMvMS8xIDExMzQvMi8xIDExMzUvMy8xIDExMzYvNC8xCmYgMTEzNy8xLzEgMTEzOC8yLzEgMTEzOS8zLzEgMTE0MC80LzEKZiAxMTQxLzEvMSAxMTQyLzIvMSAxMTQzLzMvMSAxMTQ0LzQvMQpmIDExNDUvMS8xIDExNDYvMi8xIDExNDcvMy8xIDExNDgvNC8xCmYgMTE0OS8xLzEgMTE1MC8yLzEgMTE1MS8zLzEgMTE1Mi80LzEKZiAxMTUzLzEvMSAxMTU0LzIvMSAxMTU1LzMvMSAxMTU2LzQvMQpmIDExNTcvMS8xIDExNTgvMi8xIDExNTkvMy8xIDExNjAvNC8xCmYgMTE2MS8xLzEgMTE2Mi8yLzEgMTE2My8zLzEgMTE2NC80LzEKZiAxMTY1LzEvMSAxMTY2LzIvMSAxMTY3LzMvMSAxMTY4LzQvMQpmIDExNjkvMS8xIDExNzAvMi8xIDExNzEvMy8xIDExNzIvNC8xCmYgMTE3My8xLzEgMTE3NC8yLzEgMTE3NS8zLzEgMTE3Ni80LzEKZiAxMTc3LzEvMSAxMTc4LzIvMSAxMTc5LzMvMSAxMTgwLzQvMQpmIDExODEvMS8xIDExODIvMi8xIDExODMvMy8xIDExODQvNC8xCmYgMTE4NS8xLzEgMTE4Ni8yLzEgMTE4Ny8zLzEgMTE4OC80LzEKZiAxMTg5LzEvMSAxMTkwLzIvMSAxMTkxLzMvMSAxMTkyLzQvMQpmIDExOTMvMS8xIDExOTQvMi8xIDExOTUvMy8xIDExOTYvNC8xCmYgMTE5Ny8xLzEgMTE5OC8yLzEgMTE5OS8zLzEgMTIwMC80LzEKZiAxMjAxLzEvMSAxMjAyLzIvMSAxMjAzLzMvMSAxMjA0LzQvMQpmIDEyMDUvMS8xIDEyMDYvMi8xIDEyMDcvMy8xIDEyMDgvNC8xCmYgMTIwOS8xLzEgMTIxMC8yLzEgMTIxMS8zLzEgMTIxMi80LzEKZiAxMjEzLzEvMSAxMjE0LzIvMSAxMjE1LzMvMSAxMjE2LzQvMQpmIDEyMTcvMS8xIDEyMTgvMi8xIDEyMTkvMy8xIDEyMjAvNC8xCmYgMTIyMS8xLzEgMTIyMi8yLzEgMTIyMy8zLzEgMTIyNC80LzEKZiAxMjI1LzEvMSAxMjI2LzIvMSAxMjI3LzMvMSAxMjI4LzQvMQpmIDEyMjkvMS8xIDEyMzAvMi8xIDEyMzEvMy8xIDEyMzIvNC8xCmYgMTIzMy8xLzEgMTIzNC8yLzEgMTIzNS8zLzEgMTIzNi80LzEKZiAxMjM3LzEvMSAxMjM4LzIvMSAxMjM5LzMvMSAxMjQwLzQvMQpmIDEyNDEvMS8xIDEyNDIvMi8xIDEyNDMvMy8xIDEyNDQvNC8xCmYgMTI0NS8xLzEgMTI0Ni8yLzEgMTI0Ny8zLzEgMTI0OC80LzEKZiAxMjQ5LzEvMSAxMjUwLzIvMSAxMjUxLzMvMSAxMjUyLzQvMQpmIDEyNTMvMS8xIDEyNTQvMi8xIDEyNTUvMy8xIDEyNTYvNC8xCmYgMTI1Ny8xLzEgMTI1OC8yLzEgMTI1OS8zLzEgMTI2MC80LzEKZiAxMjYxLzEvMSAxMjYyLzIvMSAxMjYzLzMvMSAxMjY0LzQvMQpmIDEyNjUvMS8xIDEyNjYvMi8xIDEyNjcvMy8xIDEyNjgvNC8xCmYgMTI2OS8xLzEgMTI3MC8yLzEgMTI3MS8zLzEgMTI3Mi80LzEKZiAxMjczLzEvMSAxMjc0LzIvMSAxMjc1LzMvMSAxMjc2LzQvMQpmIDEyNzcvMS8xIDEyNzgvMi8xIDEyNzkvMy8xIDEyODAvNC8xCmYgMTI4MS8xLzEgMTI4Mi8yLzEgMTI4My8zLzEgMTI4NC80LzEKZiAxMjg1LzEvMSAxMjg2LzIvMSAxMjg3LzMvMSAxMjg4LzQvMQpmIDEyODkvMS8xIDEyOTAvMi8xIDEyOTEvMy8xIDEyOTIvNC8xCmYgMTI5My8xLzEgMTI5NC8yLzEgMTI5NS8zLzEgMTI5Ni80LzEKZiAxMjk3LzEvMSAxMjk4LzIvMSAxMjk5LzMvMSAxMzAwLzQvMQpmIDEzMDEvMS8xIDEzMDIvMi8xIDEzMDMvMy8xIDEzMDQvNC8xCmYgMTMwNS8xLzEgMTMwNi8yLzEgMTMwNy8zLzEgMTMwOC80LzEKZiAxMzA5LzEvMSAxMzEwLzIvMSAxMzExLzMvMSAxMzEyLzQvMQpmIDEzMTMvMS8xIDEzMTQvMi8xIDEzMTUvMy8xIDEzMTYvNC8xCmYgMTMxNy8xLzEgMTMxOC8yLzEgMTMxOS8zLzEgMTMyMC80LzEKZiAxMzIxLzEvMSAxMzIyLzIvMSAxMzIzLzMvMSAxMzI0LzQvMQpmIDEzMjUvMS8xIDEzMjYvMi8xIDEzMjcvMy8xIDEzMjgvNC8xCmYgMTMyOS8xLzEgMTMzMC8yLzEgMTMzMS8zLzEgMTMzMi80LzEKZiAxMzMzLzEvMSAxMzM0LzIvMSAxMzM1LzMvMSAxMzM2LzQvMQpmIDEzMzcvMS8xIDEzMzgvMi8xIDEzMzkvMy8xIDEzNDAvNC8xCmYgMTM0MS8xLzEgMTM0Mi8yLzEgMTM0My8zLzEgMTM0NC80LzEKZiAxMzQ1LzEvMSAxMzQ2LzIvMSAxMzQ3LzMvMSAxMzQ4LzQvMQpmIDEzNDkvMS8xIDEzNTAvMi8xIDEzNTEvMy8xIDEzNTIvNC8xCmYgMTM1My8xLzEgMTM1NC8yLzEgMTM1NS8zLzEgMTM1Ni80LzEKZiAxMzU3LzEvMSAxMzU4LzIvMSAxMzU5LzMvMSAxMzYwLzQvMQpmIDEzNjEvMS8xIDEzNjIvMi8xIDEzNjMvMy8xIDEzNjQvNC8xCmYgMTM2NS8xLzEgMTM2Ni8yLzEgMTM2Ny8zLzEgMTM2OC80LzEKZiAxMzY5LzEvMSAxMzcwLzIvMSAxMzcxLzMvMSAxMzcyLzQvMQpmIDEzNzMvMS8xIDEzNzQvMi8xIDEzNzUvMy8xIDEzNzYvNC8xCmYgMTM3Ny8xLzEgMTM3OC8yLzEgMTM3OS8zLzEgMTM4MC80LzEKZiAxMzgxLzEvMSAxMzgyLzIvMSAxMzgzLzMvMSAxMzg0LzQvMQpmIDEzODUvMS8xIDEzODYvMi8xIDEzODcvMy8xIDEzODgvNC8xCmYgMTM4OS8xLzEgMTM5MC8yLzEgMTM5MS8zLzEgMTM5Mi80LzEKZiAxMzkzLzEvMSAxMzk0LzIvMSAxMzk1LzMvMSAxMzk2LzQvMQpmIDEzOTcvMS8xIDEzOTgvMi8xIDEzOTkvMy8xIDE0MDAvNC8xCmYgMTQwMS8xLzEgMTQwMi8yLzEgMTQwMy8zLzEgMTQwNC80LzEKZiAxNDA1LzEvMSAxNDA2LzIvMSAxNDA3LzMvMSAxNDA4LzQvMQpmIDE0MDkvMS8xIDE0MTAvMi8xIDE0MTEvMy8xIDE0MTIvNC8xCmYgMTQxMy8xLzEgMTQxNC8yLzEgMTQxNS8zLzEgMTQxNi80LzEKZiAxNDE3LzEvMSAxNDE4LzIvMSAxNDE5LzMvMSAxNDIwLzQvMQpmIDE0MjEvMS8xIDE0MjIvMi8xIDE0MjMvMy8xIDE0MjQvNC8xCmYgMTQyNS8xLzEgMTQyNi8yLzEgMTQyNy8zLzEgMTQyOC80LzEKZiAxNDI5LzEvMSAxNDMwLzIvMSAxNDMxLzMvMSAxNDMyLzQvMQpmIDE0MzMvMS8xIDE0MzQvMi8xIDE0MzUvMy8xIDE0MzYvNC8xCmYgMTQzNy8xLzEgMTQzOC8yLzEgMTQzOS8zLzEgMTQ0MC80LzEKZiAxNDQxLzEvMSAxNDQyLzIvMSAxNDQzLzMvMSAxNDQ0LzQvMQpmIDE0NDUvMS8xIDE0NDYvMi8xIDE0NDcvMy8xIDE0NDgvNC8xCmYgMTQ0OS8xLzEgMTQ1MC8yLzEgMTQ1MS8zLzEgMTQ1Mi80LzEKZiAxNDUzLzEvMSAxNDU0LzIvMSAxNDU1LzMvMSAxNDU2LzQvMQpmIDE0NTcvMS8xIDE0NTgvMi8xIDE0NTkvMy8xIDE0NjAvNC8xCmYgMTQ2MS8xLzEgMTQ2Mi8yLzEgMTQ2My8zLzEgMTQ2NC80LzEKZiAxNDY1LzEvMSAxNDY2LzIvMSAxNDY3LzMvMSAxNDY4LzQvMQpmIDE0NjkvMS8xIDE0NzAvMi8xIDE0NzEvMy8xIDE0NzIvNC8xCmYgMTQ3My8xLzEgMTQ3NC8yLzEgMTQ3NS8zLzEgMTQ3Ni80LzEKZiAxNDc3LzEvMSAxNDc4LzIvMSAxNDc5LzMvMSAxNDgwLzQvMQpmIDE0ODEvMS8xIDE0ODIvMi8xIDE0ODMvMy8xIDE0ODQvNC8xCmYgMTQ4NS8xLzEgMTQ4Ni8yLzEgMTQ4Ny8zLzEgMTQ4OC80LzEKZiAxNDg5LzEvMSAxNDkwLzIvMSAxNDkxLzMvMSAxNDkyLzQvMQpmIDE0OTMvMS8xIDE0OTQvMi8xIDE0OTUvMy8xIDE0OTYvNC8xCmYgMTQ5Ny8xLzEgMTQ5OC8yLzEgMTQ5OS8zLzEgMTUwMC80LzEKZiAxNTAxLzEvMSAxNTAyLzIvMSAxNTAzLzMvMSAxNTA0LzQvMQpmIDE1MDUvMS8xIDE1MDYvMi8xIDE1MDcvMy8xIDE1MDgvNC8xCmYgMTUwOS8xLzEgMTUxMC8yLzEgMTUxMS8zLzEgMTUxMi80LzEKZiAxNTEzLzEvMSAxNTE0LzIvMSAxNTE1LzMvMSAxNTE2LzQvMQpmIDE1MTcvMS8xIDE1MTgvMi8xIDE1MTkvMy8xIDE1MjAvNC8xCmYgMTUyMS8xLzEgMTUyMi8yLzEgMTUyMy8zLzEgMTUyNC80LzEKZiAxNTI1LzEvMSAxNTI2LzIvMSAxNTI3LzMvMSAxNTI4LzQvMQpmIDE1MjkvMS8xIDE1MzAvMi8xIDE1MzEvMy8xIDE1MzIvNC8xCmYgMTUzMy8xLzEgMTUzNC8yLzEgMTUzNS8zLzEgMTUzNi80LzEKZiAxNTM3LzEvMSAxNTM4LzIvMSAxNTM5LzMvMSAxNTQwLzQvMQpmIDE1NDEvMS8xIDE1NDIvMi8xIDE1NDMvMy8xIDE1NDQvNC8xCmYgMTU0NS8xLzEgMTU0Ni8yLzEgMTU0Ny8zLzEgMTU0OC80LzEKZiAxNTQ5LzEvMSAxNTUwLzIvMSAxNTUxLzMvMSAxNTUyLzQvMQpmIDE1NTMvMS8xIDE1NTQvMi8xIDE1NTUvMy8xIDE1NTYvNC8xCmYgMTU1Ny8xLzEgMTU1OC8yLzEgMTU1OS8zLzEgMTU2MC80LzEKZiAxNTYxLzEvMSAxNTYyLzIvMSAxNTYzLzMvMSAxNTY0LzQvMQpmIDE1NjUvMS8xIDE1NjYvMi8xIDE1NjcvMy8xIDE1NjgvNC8xCmYgMTU2OS8xLzEgMTU3MC8yLzEgMTU3MS8zLzEgMTU3Mi80LzEKZiAxNTczLzEvMSAxNTc0LzIvMSAxNTc1LzMvMSAxNTc2LzQvMQpmIDE1NzcvMS8xIDE1NzgvMi8xIDE1NzkvMy8xIDE1ODAvNC8xCmYgMTU4MS8xLzEgMTU4Mi8yLzEgMTU4My8zLzEgMTU4NC80LzEKZiAxNTg1LzEvMSAxNTg2LzIvMSAxNTg3LzMvMSAxNTg4LzQvMQpmIDE1ODkvMS8xIDE1OTAvMi8xIDE1OTEvMy8xIDE1OTIvNC8xCmYgMTU5My8xLzEgMTU5NC8yLzEgMTU5NS8zLzEgMTU5Ni80LzEKZiAxNTk3LzEvMSAxNTk4LzIvMSAxNTk5LzMvMSAxNjAwLzQvMQpmIDE2MDEvMS8xIDE2MDIvMi8xIDE2MDMvMy8xIDE2MDQvNC8xCmYgMTYwNS8xLzEgMTYwNi8yLzEgMTYwNy8zLzEgMTYwOC80LzEKZiAxNjA5LzEvMSAxNjEwLzIvMSAxNjExLzMvMSAxNjEyLzQvMQpmIDE2MTMvMS8xIDE2MTQvMi8xIDE2MTUvMy8xIDE2MTYvNC8xCmYgMTYxNy8xLzEgMTYxOC8yLzEgMTYxOS8zLzEgMTYyMC80LzEKZiAxNjIxLzEvMSAxNjIyLzIvMSAxNjIzLzMvMSAxNjI0LzQvMQpmIDE2MjUvMS8xIDE2MjYvMi8xIDE2MjcvMy8xIDE2MjgvNC8xCmYgMTYyOS8xLzEgMTYzMC8yLzEgMTYzMS8zLzEgMTYzMi80LzEKZiAxNjMzLzEvMSAxNjM0LzIvMSAxNjM1LzMvMSAxNjM2LzQvMQpmIDE2MzcvMS8xIDE2MzgvMi8xIDE2MzkvMy8xIDE2NDAvNC8xCmYgMTY0MS8xLzEgMTY0Mi8yLzEgMTY0My8zLzEgMTY0NC80LzEKZiAxNjQ1LzEvMSAxNjQ2LzIvMSAxNjQ3LzMvMSAxNjQ4LzQvMQpmIDE2NDkvMS8xIDE2NTAvMi8xIDE2NTEvMy8xIDE2NTIvNC8xCmYgMTY1My8xLzEgMTY1NC8yLzEgMTY1NS8zLzEgMTY1Ni80LzEKZiAxNjU3LzEvMSAxNjU4LzIvMSAxNjU5LzMvMSAxNjYwLzQvMQpmIDE2NjEvMS8xIDE2NjIvMi8xIDE2NjMvMy8xIDE2NjQvNC8xCmYgMTY2NS8xLzEgMTY2Ni8yLzEgMTY2Ny8zLzEgMTY2OC80LzEKZiAxNjY5LzEvMSAxNjcwLzIvMSAxNjcxLzMvMSAxNjcyLzQvMQpmIDE2NzMvMS8xIDE2NzQvMi8xIDE2NzUvMy8xIDE2NzYvNC8xCmYgMTY3Ny8xLzEgMTY3OC8yLzEgMTY3OS8zLzEgMTY4MC80LzEKZiAxNjgxLzEvMSAxNjgyLzIvMSAxNjgzLzMvMSAxNjg0LzQvMQpmIDE2ODUvMS8xIDE2ODYvMi8xIDE2ODcvMy8xIDE2ODgvNC8xCmYgMTY4OS8xLzEgMTY5MC8yLzEgMTY5MS8zLzEgMTY5Mi80LzEKZiAxNjkzLzEvMSAxNjk0LzIvMSAxNjk1LzMvMSAxNjk2LzQvMQpmIDE2OTcvMS8xIDE2OTgvMi8xIDE2OTkvMy8xIDE3MDAvNC8xCmYgMTcwMS8xLzEgMTcwMi8yLzEgMTcwMy8zLzEgMTcwNC80LzEKZiAxNzA1LzEvMSAxNzA2LzIvMSAxNzA3LzMvMSAxNzA4LzQvMQpmIDE3MDkvMS8xIDE3MTAvMi8xIDE3MTEvMy8xIDE3MTIvNC8xCmYgMTcxMy8xLzEgMTcxNC8yLzEgMTcxNS8zLzEgMTcxNi80LzEKZiAxNzE3LzEvMSAxNzE4LzIvMSAxNzE5LzMvMSAxNzIwLzQvMQpmIDE3MjEvMS8xIDE3MjIvMi8xIDE3MjMvMy8xIDE3MjQvNC8xCmYgMTcyNS8xLzEgMTcyNi8yLzEgMTcyNy8zLzEgMTcyOC80LzEKZiAxNzI5LzEvMSAxNzMwLzIvMSAxNzMxLzMvMSAxNzMyLzQvMQpmIDE3MzMvMS8xIDE3MzQvMi8xIDE3MzUvMy8xIDE3MzYvNC8xCmYgMTczNy8xLzEgMTczOC8yLzEgMTczOS8zLzEgMTc0MC80LzEKZiAxNzQxLzEvMSAxNzQyLzIvMSAxNzQzLzMvMSAxNzQ0LzQvMQpmIDE3NDUvMS8xIDE3NDYvMi8xIDE3NDcvMy8xIDE3NDgvNC8xCmYgMTc0OS8xLzEgMTc1MC8yLzEgMTc1MS8zLzEgMTc1Mi80LzEKZiAxNzUzLzEvMSAxNzU0LzIvMSAxNzU1LzMvMSAxNzU2LzQvMQpmIDE3NTcvMS8xIDE3NTgvMi8xIDE3NTkvMy8xIDE3NjAvNC8xCmYgMTc2MS8xLzEgMTc2Mi8yLzEgMTc2My8zLzEgMTc2NC80LzEKZiAxNzY1LzEvMSAxNzY2LzIvMSAxNzY3LzMvMSAxNzY4LzQvMQpmIDE3NjkvMS8xIDE3NzAvMi8xIDE3NzEvMy8xIDE3NzIvNC8xCmYgMTc3My8xLzEgMTc3NC8yLzEgMTc3NS8zLzEgMTc3Ni80LzEKZiAxNzc3LzEvMSAxNzc4LzIvMSAxNzc5LzMvMSAxNzgwLzQvMQpmIDE3ODEvMS8xIDE3ODIvMi8xIDE3ODMvMy8xIDE3ODQvNC8xCmYgMTc4NS8xLzEgMTc4Ni8yLzEgMTc4Ny8zLzEgMTc4OC80LzEKZiAxNzg5LzEvMSAxNzkwLzIvMSAxNzkxLzMvMSAxNzkyLzQvMQpmIDE3OTMvMS8xIDE3OTQvMi8xIDE3OTUvMy8xIDE3OTYvNC8xCmYgMTc5Ny8xLzEgMTc5OC8yLzEgMTc5OS8zLzEgMTgwMC80LzEKZiAxODAxLzEvMSAxODAyLzIvMSAxODAzLzMvMSAxODA0LzQvMQpmIDE4MDUvMS8xIDE4MDYvMi8xIDE4MDcvMy8xIDE4MDgvNC8xCmYgMTgwOS8xLzEgMTgxMC8yLzEgMTgxMS8zLzEgMTgxMi80LzEKZiAxODEzLzEvMSAxODE0LzIvMSAxODE1LzMvMSAxODE2LzQvMQpmIDE4MTcvMS8xIDE4MTgvMi8xIDE4MTkvMy8xIDE4MjAvNC8xCmYgMTgyMS8xLzEgMTgyMi8yLzEgMTgyMy8zLzEgMTgyNC80LzEKZiAxODI1LzEvMSAxODI2LzIvMSAxODI3LzMvMSAxODI4LzQvMQpmIDE4MjkvMS8xIDE4MzAvMi8xIDE4MzEvMy8xIDE4MzIvNC8xCmYgMTgzMy8xLzEgMTgzNC8yLzEgMTgzNS8zLzEgMTgzNi80LzEKZiAxODM3LzEvMSAxODM4LzIvMSAxODM5LzMvMSAxODQwLzQvMQpmIDE4NDEvMS8xIDE4NDIvMi8xIDE4NDMvMy8xIDE4NDQvNC8xCmYgMTg0NS8xLzEgMTg0Ni8yLzEgMTg0Ny8zLzEgMTg0OC80LzEKZiAxODQ5LzEvMSAxODUwLzIvMSAxODUxLzMvMSAxODUyLzQvMQpmIDE4NTMvMS8xIDE4NTQvMi8xIDE4NTUvMy8xIDE4NTYvNC8xCmYgMTg1Ny8xLzEgMTg1OC8yLzEgMTg1OS8zLzEgMTg2MC80LzEKZiAxODYxLzEvMSAxODYyLzIvMSAxODYzLzMvMSAxODY0LzQvMQpmIDE4NjUvMS8xIDE4NjYvMi8xIDE4NjcvMy8xIDE4NjgvNC8xCmYgMTg2OS8xLzEgMTg3MC8yLzEgMTg3MS8zLzEgMTg3Mi80LzEKZiAxODczLzEvMSAxODc0LzIvMSAxODc1LzMvMSAxODc2LzQvMQpmIDE4NzcvMS8xIDE4NzgvMi8xIDE4NzkvMy8xIDE4ODAvNC8xCmYgMTg4MS8xLzEgMTg4Mi8yLzEgMTg4My8zLzEgMTg4NC80LzEKZiAxODg1LzEvMSAxODg2LzIvMSAxODg3LzMvMSAxODg4LzQvMQpmIDE4ODkvMS8xIDE4OTAvMi8xIDE4OTEvMy8xIDE4OTIvNC8xCmYgMTg5My8xLzEgMTg5NC8yLzEgMTg5NS8zLzEgMTg5Ni80LzEKZiAxODk3LzEvMSAxODk4LzIvMSAxODk5LzMvMSAxOTAwLzQvMQpmIDE5MDEvMS8xIDE5MDIvMi8xIDE5MDMvMy8xIDE5MDQvNC8xCmYgMTkwNS8xLzEgMTkwNi8yLzEgMTkwNy8zLzEgMTkwOC80LzEKZiAxOTA5LzEvMSAxOTEwLzIvMSAxOTExLzMvMSAxOTEyLzQvMQpmIDE5MTMvMS8xIDE5MTQvMi8xIDE5MTUvMy8xIDE5MTYvNC8xCmYgMTkxNy8xLzEgMTkxOC8yLzEgMTkxOS8zLzEgMTkyMC80LzEKZiAxOTIxLzEvMSAxOTIyLzIvMSAxOTIzLzMvMSAxOTI0LzQvMQpmIDE5MjUvMS8xIDE5MjYvMi8xIDE5MjcvMy8xIDE5MjgvNC8xCmYgMTkyOS8xLzEgMTkzMC8yLzEgMTkzMS8zLzEgMTkzMi80LzEKZiAxOTMzLzEvMSAxOTM0LzIvMSAxOTM1LzMvMSAxOTM2LzQvMQpmIDE5MzcvMS8xIDE5MzgvMi8xIDE5MzkvMy8xIDE5NDAvNC8xCmYgMTk0MS8xLzEgMTk0Mi8yLzEgMTk0My8zLzEgMTk0NC80LzEKZiAxOTQ1LzEvMSAxOTQ2LzIvMSAxOTQ3LzMvMSAxOTQ4LzQvMQpmIDE5NDkvMS8xIDE5NTAvMi8xIDE5NTEvMy8xIDE5NTIvNC8xCmYgMTk1My8xLzEgMTk1NC8yLzEgMTk1NS8zLzEgMTk1Ni80LzEKZiAxOTU3LzEvMSAxOTU4LzIvMSAxOTU5LzMvMSAxOTYwLzQvMQpmIDE5NjEvMS8xIDE5NjIvMi8xIDE5NjMvMy8xIDE5NjQvNC8xCmYgMTk2NS8xLzEgMTk2Ni8yLzEgMTk2Ny8zLzEgMTk2OC80LzEKZiAxOTY5LzEvMSAxOTcwLzIvMSAxOTcxLzMvMSAxOTcyLzQvMQpmIDE5NzMvMS8xIDE5NzQvMi8xIDE5NzUvMy8xIDE5NzYvNC8xCmYgMTk3Ny8xLzEgMTk3OC8yLzEgMTk3OS8zLzEgMTk4MC80LzEKZiAxOTgxLzEvMSAxOTgyLzIvMSAxOTgzLzMvMSAxOTg0LzQvMQpmIDE5ODUvMS8xIDE5ODYvMi8xIDE5ODcvMy8xIDE5ODgvNC8xCmYgMTk4OS8xLzEgMTk5MC8yLzEgMTk5MS8zLzEgMTk5Mi80LzEKZiAxOTkzLzEvMSAxOTk0LzIvMSAxOTk1LzMvMSAxOTk2LzQvMQpmIDE5OTcvMS8xIDE5OTgvMi8xIDE5OTkvMy8xIDIwMDAvNC8xCmYgMjAwMS8xLzEgMjAwMi8yLzEgMjAwMy8zLzEgMjAwNC80LzEKZiAyMDA1LzEvMSAyMDA2LzIvMSAyMDA3LzMvMSAyMDA4LzQvMQpmIDIwMDkvMS8xIDIwMTAvMi8xIDIwMTEvMy8xIDIwMTIvNC8xCmYgMjAxMy8xLzEgMjAxNC8yLzEgMjAxNS8zLzEgMjAxNi80LzEKZiAyMDE3LzEvMSAyMDE4LzIvMSAyMDE5LzMvMSAyMDIwLzQvMQpmIDIwMjEvMS8xIDIwMjIvMi8xIDIwMjMvMy8xIDIwMjQvNC8xCmYgMjAyNS8xLzEgMjAyNi8yLzEgMjAyNy8zLzEgMjAyOC80LzEKZiAyMDI5LzEvMSAyMDMwLzIvMSAyMDMxLzMvMSAyMDMyLzQvMQpmIDIwMzMvMS8xIDIwMzQvMi8xIDIwMzUvMy8xIDIwMzYvNC8xCmYgMjAzNy8xLzEgMjAzOC8yLzEgMjAzOS8zLzEgMjA0MC80LzEKZiAyMDQxLzEvMSAyMDQyLzIvMSAyMDQzLzMvMSAyMDQ0LzQvMQpmIDIwNDUvMS8xIDIwNDYvMi8xIDIwNDcvMy8xIDIwNDgvNC8xCmYgMjA0OS8xLzEgMjA1MC8yLzEgMjA1MS8zLzEgMjA1Mi80LzEKZiAyMDUzLzEvMSAyMDU0LzIvMSAyMDU1LzMvMSAyMDU2LzQvMQpmIDIwNTcvMS8xIDIwNTgvMi8xIDIwNTkvMy8xIDIwNjAvNC8xCmYgMjA2MS8xLzEgMjA2Mi8yLzEgMjA2My8zLzEgMjA2NC80LzEKZiAyMDY1LzEvMSAyMDY2LzIvMSAyMDY3LzMvMSAyMDY4LzQvMQpmIDIwNjkvMS8xIDIwNzAvMi8xIDIwNzEvMy8xIDIwNzIvNC8xCmYgMjA3My8xLzEgMjA3NC8yLzEgMjA3NS8zLzEgMjA3Ni80LzEKZiAyMDc3LzEvMSAyMDc4LzIvMSAyMDc5LzMvMSAyMDgwLzQvMQpmIDIwODEvMS8xIDIwODIvMi8xIDIwODMvMy8xIDIwODQvNC8xCmYgMjA4NS8xLzEgMjA4Ni8yLzEgMjA4Ny8zLzEgMjA4OC80LzEKZiAyMDg5LzEvMSAyMDkwLzIvMSAyMDkxLzMvMSAyMDkyLzQvMQpmIDIwOTMvMS8xIDIwOTQvMi8xIDIwOTUvMy8xIDIwOTYvNC8xCmYgMjA5Ny8xLzEgMjA5OC8yLzEgMjA5OS8zLzEgMjEwMC80LzEKZiAyMTAxLzEvMSAyMTAyLzIvMSAyMTAzLzMvMSAyMTA0LzQvMQpmIDIxMDUvMS8xIDIxMDYvMi8xIDIxMDcvMy8xIDIxMDgvNC8xCmYgMjEwOS8xLzEgMjExMC8yLzEgMjExMS8zLzEgMjExMi80LzEKZiAyMTEzLzEvMSAyMTE0LzIvMSAyMTE1LzMvMSAyMTE2LzQvMQpmIDIxMTcvMS8xIDIxMTgvMi8xIDIxMTkvMy8xIDIxMjAvNC8xCmYgMjEyMS8xLzEgMjEyMi8yLzEgMjEyMy8zLzEgMjEyNC80LzEKZiAyMTI1LzEvMSAyMTI2LzIvMSAyMTI3LzMvMSAyMTI4LzQvMQpmIDIxMjkvMS8xIDIxMzAvMi8xIDIxMzEvMy8xIDIxMzIvNC8xCmYgMjEzMy8xLzEgMjEzNC8yLzEgMjEzNS8zLzEgMjEzNi80LzEKZiAyMTM3LzEvMSAyMTM4LzIvMSAyMTM5LzMvMSAyMTQwLzQvMQpmIDIxNDEvMS8xIDIxNDIvMi8xIDIxNDMvMy8xIDIxNDQvNC8xCmYgMjE0NS8xLzEgMjE0Ni8yLzEgMjE0Ny8zLzEgMjE0OC80LzEKZiAyMTQ5LzEvMSAyMTUwLzIvMSAyMTUxLzMvMSAyMTUyLzQvMQpmIDIxNTMvMS8xIDIxNTQvMi8xIDIxNTUvMy8xIDIxNTYvNC8xCmYgMjE1Ny8xLzEgMjE1OC8yLzEgMjE1OS8zLzEgMjE2MC80LzEKZiAyMTYxLzEvMSAyMTYyLzIvMSAyMTYzLzMvMSAyMTY0LzQvMQpmIDIxNjUvMS8xIDIxNjYvMi8xIDIxNjcvMy8xIDIxNjgvNC8xCmYgMjE2OS8xLzEgMjE3MC8yLzEgMjE3MS8zLzEgMjE3Mi80LzEKZiAyMTczLzEvMSAyMTc0LzIvMSAyMTc1LzMvMSAyMTc2LzQvMQpmIDIxNzcvMS8xIDIxNzgvMi8xIDIxNzkvMy8xIDIxODAvNC8xCmYgMjE4MS8xLzEgMjE4Mi8yLzEgMjE4My8zLzEgMjE4NC80LzEKZiAyMTg1LzEvMSAyMTg2LzIvMSAyMTg3LzMvMSAyMTg4LzQvMQpmIDIxODkvMS8xIDIxOTAvMi8xIDIxOTEvMy8xIDIxOTIvNC8xCmYgMjE5My8xLzEgMjE5NC8yLzEgMjE5NS8zLzEgMjE5Ni80LzEKZiAyMTk3LzEvMSAyMTk4LzIvMSAyMTk5LzMvMSAyMjAwLzQvMQpmIDIyMDEvMS8xIDIyMDIvMi8xIDIyMDMvMy8xIDIyMDQvNC8xCmYgMjIwNS8xLzEgMjIwNi8yLzEgMjIwNy8zLzEgMjIwOC80LzEKZiAyMjA5LzEvMSAyMjEwLzIvMSAyMjExLzMvMSAyMjEyLzQvMQpmIDIyMTMvMS8xIDIyMTQvMi8xIDIyMTUvMy8xIDIyMTYvNC8xCmYgMjIxNy8xLzEgMjIxOC8yLzEgMjIxOS8zLzEgMjIyMC80LzEKZiAyMjIxLzEvMSAyMjIyLzIvMSAyMjIzLzMvMSAyMjI0LzQvMQpmIDIyMjUvMS8xIDIyMjYvMi8xIDIyMjcvMy8xIDIyMjgvNC8xCmYgMjIyOS8xLzEgMjIzMC8yLzEgMjIzMS8zLzEgMjIzMi80LzEKZiAyMjMzLzEvMSAyMjM0LzIvMSAyMjM1LzMvMSAyMjM2LzQvMQpmIDIyMzcvMS8xIDIyMzgvMi8xIDIyMzkvMy8xIDIyNDAvNC8xCmYgMjI0MS8xLzEgMjI0Mi8yLzEgMjI0My8zLzEgMjI0NC80LzEKZiAyMjQ1LzEvMSAyMjQ2LzIvMSAyMjQ3LzMvMSAyMjQ4LzQvMQpmIDIyNDkvMS8xIDIyNTAvMi8xIDIyNTEvMy8xIDIyNTIvNC8xCmYgMjI1My8xLzEgMjI1NC8yLzEgMjI1NS8zLzEgMjI1Ni80LzEKZiAyMjU3LzEvMSAyMjU4LzIvMSAyMjU5LzMvMSAyMjYwLzQvMQpmIDIyNjEvMS8xIDIyNjIvMi8xIDIyNjMvMy8xIDIyNjQvNC8xCmYgMjI2NS8xLzEgMjI2Ni8yLzEgMjI2Ny8zLzEgMjI2OC80LzEKZiAyMjY5LzEvMSAyMjcwLzIvMSAyMjcxLzMvMSAyMjcyLzQvMQpmIDIyNzMvMS8xIDIyNzQvMi8xIDIyNzUvMy8xIDIyNzYvNC8xCmYgMjI3Ny8xLzEgMjI3OC8yLzEgMjI3OS8zLzEgMjI4MC80LzEKZiAyMjgxLzEvMSAyMjgyLzIvMSAyMjgzLzMvMSAyMjg0LzQvMQpmIDIyODUvMS8xIDIyODYvMi8xIDIyODcvMy8xIDIyODgvNC8xCmYgMjI4OS8xLzEgMjI5MC8yLzEgMjI5MS8zLzEgMjI5Mi80LzEKZiAyMjkzLzEvMSAyMjk0LzIvMSAyMjk1LzMvMSAyMjk2LzQvMQpmIDIyOTcvMS8xIDIyOTgvMi8xIDIyOTkvMy8xIDIzMDAvNC8xCmYgMjMwMS8xLzEgMjMwMi8yLzEgMjMwMy8zLzEgMjMwNC80LzEKZiAyMzA1LzEvMSAyMzA2LzIvMSAyMzA3LzMvMSAyMzA4LzQvMQpmIDIzMDkvMS8xIDIzMTAvMi8xIDIzMTEvMy8xIDIzMTIvNC8xCmYgMjMxMy8xLzEgMjMxNC8yLzEgMjMxNS8zLzEgMjMxNi80LzEKZiAyMzE3LzEvMSAyMzE4LzIvMSAyMzE5LzMvMSAyMzIwLzQvMQpmIDIzMjEvMS8xIDIzMjIvMi8xIDIzMjMvMy8xIDIzMjQvNC8xCmYgMjMyNS8xLzEgMjMyNi8yLzEgMjMyNy8zLzEgMjMyOC80LzEKZiAyMzI5LzEvMSAyMzMwLzIvMSAyMzMxLzMvMSAyMzMyLzQvMQpmIDIzMzMvMS8xIDIzMzQvMi8xIDIzMzUvMy8xIDIzMzYvNC8xCmYgMjMzNy8xLzEgMjMzOC8yLzEgMjMzOS8zLzEgMjM0MC80LzEKZiAyMzQxLzEvMSAyMzQyLzIvMSAyMzQzLzMvMSAyMzQ0LzQvMQpmIDIzNDUvMS8xIDIzNDYvMi8xIDIzNDcvMy8xIDIzNDgvNC8xCmYgMjM0OS8xLzEgMjM1MC8yLzEgMjM1MS8zLzEgMjM1Mi80LzEKZiAyMzUzLzEvMSAyMzU0LzIvMSAyMzU1LzMvMSAyMzU2LzQvMQpmIDIzNTcvMS8xIDIzNTgvMi8xIDIzNTkvMy8xIDIzNjAvNC8xCmYgMjM2MS8xLzEgMjM2Mi8yLzEgMjM2My8zLzEgMjM2NC80LzEKZiAyMzY1LzEvMSAyMzY2LzIvMSAyMzY3LzMvMSAyMzY4LzQvMQpmIDIzNjkvMS8xIDIzNzAvMi8xIDIzNzEvMy8xIDIzNzIvNC8xCmYgMjM3My8xLzEgMjM3NC8yLzEgMjM3NS8zLzEgMjM3Ni80LzEKZiAyMzc3LzEvMSAyMzc4LzIvMSAyMzc5LzMvMSAyMzgwLzQvMQpmIDIzODEvMS8xIDIzODIvMi8xIDIzODMvMy8xIDIzODQvNC8xCmYgMjM4NS8xLzEgMjM4Ni8yLzEgMjM4Ny8zLzEgMjM4OC80LzEKZiAyMzg5LzEvMSAyMzkwLzIvMSAyMzkxLzMvMSAyMzkyLzQvMQpmIDIzOTMvMS8xIDIzOTQvMi8xIDIzOTUvMy8xIDIzOTYvNC8xCmYgMjM5Ny8xLzEgMjM5OC8yLzEgMjM5OS8zLzEgMjQwMC80LzEKZiAyNDAxLzEvMSAyNDAyLzIvMSAyNDAzLzMvMSAyNDA0LzQvMQpmIDI0MDUvMS8xIDI0MDYvMi8xIDI0MDcvMy8xIDI0MDgvNC8xCmYgMjQwOS8xLzEgMjQxMC8yLzEgMjQxMS8zLzEgMjQxMi80LzEKZiAyNDEzLzEvMSAyNDE0LzIvMSAyNDE1LzMvMSAyNDE2LzQvMQpmIDI0MTcvMS8xIDI0MTgvMi8xIDI0MTkvMy8xIDI0MjAvNC8xCmYgMjQyMS8xLzEgMjQyMi8yLzEgMjQyMy8zLzEgMjQyNC80LzEKZiAyNDI1LzEvMSAyNDI2LzIvMSAyNDI3LzMvMSAyNDI4LzQvMQpmIDI0MjkvMS8xIDI0MzAvMi8xIDI0MzEvMy8xIDI0MzIvNC8xCmYgMjQzMy8xLzEgMjQzNC8yLzEgMjQzNS8zLzEgMjQzNi80LzEKZiAyNDM3LzEvMSAyNDM4LzIvMSAyNDM5LzMvMSAyNDQwLzQvMQpmIDI0NDEvMS8xIDI0NDIvMi8xIDI0NDMvMy8xIDI0NDQvNC8xCmYgMjQ0NS8xLzEgMjQ0Ni8yLzEgMjQ0Ny8zLzEgMjQ0OC80LzEKZiAyNDQ5LzEvMSAyNDUwLzIvMSAyNDUxLzMvMSAyNDUyLzQvMQpmIDI0NTMvMS8xIDI0NTQvMi8xIDI0NTUvMy8xIDI0NTYvNC8xCmYgMjQ1Ny8xLzEgMjQ1OC8yLzEgMjQ1OS8zLzEgMjQ2MC80LzEKZiAyNDYxLzEvMSAyNDYyLzIvMSAyNDYzLzMvMSAyNDY0LzQvMQpmIDI0NjUvMS8xIDI0NjYvMi8xIDI0NjcvMy8xIDI0NjgvNC8xCmYgMjQ2OS8xLzEgMjQ3MC8yLzEgMjQ3MS8zLzEgMjQ3Mi80LzEKZiAyNDczLzEvMSAyNDc0LzIvMSAyNDc1LzMvMSAyNDc2LzQvMQpmIDI0NzcvMS8xIDI0NzgvMi8xIDI0NzkvMy8xIDI0ODAvNC8xCmYgMjQ4MS8xLzEgMjQ4Mi8yLzEgMjQ4My8zLzEgMjQ4NC80LzEKZiAyNDg1LzEvMSAyNDg2LzIvMSAyNDg3LzMvMSAyNDg4LzQvMQpmIDI0ODkvMS8xIDI0OTAvMi8xIDI0OTEvMy8xIDI0OTIvNC8xCmYgMjQ5My8xLzEgMjQ5NC8yLzEgMjQ5NS8zLzEgMjQ5Ni80LzEKZiAyNDk3LzEvMSAyNDk4LzIvMSAyNDk5LzMvMSAyNTAwLzQvMQpmIDI1MDEvMS8xIDI1MDIvMi8xIDI1MDMvMy8xIDI1MDQvNC8xCmYgMjUwNS8xLzEgMjUwNi8yLzEgMjUwNy8zLzEgMjUwOC80LzEKZiAyNTA5LzEvMSAyNTEwLzIvMSAyNTExLzMvMSAyNTEyLzQvMQpmIDI1MTMvMS8xIDI1MTQvMi8xIDI1MTUvMy8xIDI1MTYvNC8xCmYgMjUxNy8xLzEgMjUxOC8yLzEgMjUxOS8zLzEgMjUyMC80LzEKZiAyNTIxLzEvMSAyNTIyLzIvMSAyNTIzLzMvMSAyNTI0LzQvMQpmIDI1MjUvMS8xIDI1MjYvMi8xIDI1MjcvMy8xIDI1MjgvNC8xCmYgMjUyOS8xLzEgMjUzMC8yLzEgMjUzMS8zLzEgMjUzMi80LzEKZiAyNTMzLzEvMSAyNTM0LzIvMSAyNTM1LzMvMSAyNTM2LzQvMQpmIDI1MzcvMS8xIDI1MzgvMi8xIDI1MzkvMy8xIDI1NDAvNC8xCmYgMjU0MS8xLzEgMjU0Mi8yLzEgMjU0My8zLzEgMjU0NC80LzEKZiAyNTQ1LzEvMSAyNTQ2LzIvMSAyNTQ3LzMvMSAyNTQ4LzQvMQpmIDI1NDkvMS8xIDI1NTAvMi8xIDI1NTEvMy8xIDI1NTIvNC8xCmYgMjU1My8xLzEgMjU1NC8yLzEgMjU1NS8zLzEgMjU1Ni80LzEKZiAyNTU3LzEvMSAyNTU4LzIvMSAyNTU5LzMvMSAyNTYwLzQvMQpmIDI1NjEvMS8xIDI1NjIvMi8xIDI1NjMvMy8xIDI1NjQvNC8xCmYgMjU2NS8xLzEgMjU2Ni8yLzEgMjU2Ny8zLzEgMjU2OC80LzEKZiAyNTY5LzEvMSAyNTcwLzIvMSAyNTcxLzMvMSAyNTcyLzQvMQpmIDI1NzMvMS8xIDI1NzQvMi8xIDI1NzUvMy8xIDI1NzYvNC8xCmYgMjU3Ny8xLzEgMjU3OC8yLzEgMjU3OS8zLzEgMjU4MC80LzEKZiAyNTgxLzEvMSAyNTgyLzIvMSAyNTgzLzMvMSAyNTg0LzQvMQpmIDI1ODUvMS8xIDI1ODYvMi8xIDI1ODcvMy8xIDI1ODgvNC8xCmYgMjU4OS8xLzEgMjU5MC8yLzEgMjU5MS8zLzEgMjU5Mi80LzEKZiAyNTkzLzEvMSAyNTk0LzIvMSAyNTk1LzMvMSAyNTk2LzQvMQpmIDI1OTcvMS8xIDI1OTgvMi8xIDI1OTkvMy8xIDI2MDAvNC8xCmYgMjYwMS8xLzEgMjYwMi8yLzEgMjYwMy8zLzEgMjYwNC80LzEKZiAyNjA1LzEvMSAyNjA2LzIvMSAyNjA3LzMvMSAyNjA4LzQvMQpmIDI2MDkvMS8xIDI2MTAvMi8xIDI2MTEvMy8xIDI2MTIvNC8xCmYgMjYxMy8xLzEgMjYxNC8yLzEgMjYxNS8zLzEgMjYxNi80LzEKZiAyNjE3LzEvMSAyNjE4LzIvMSAyNjE5LzMvMSAyNjIwLzQvMQpmIDI2MjEvMS8xIDI2MjIvMi8xIDI2MjMvMy8xIDI2MjQvNC8xCmYgMjYyNS8xLzEgMjYyNi8yLzEgMjYyNy8zLzEgMjYyOC80LzEKZiAyNjI5LzEvMSAyNjMwLzIvMSAyNjMxLzMvMSAyNjMyLzQvMQpmIDI2MzMvMS8xIDI2MzQvMi8xIDI2MzUvMy8xIDI2MzYvNC8xCmYgMjYzNy8xLzEgMjYzOC8yLzEgMjYzOS8zLzEgMjY0MC80LzEKZiAyNjQxLzEvMSAyNjQyLzIvMSAyNjQzLzMvMSAyNjQ0LzQvMQpmIDI2NDUvMS8xIDI2NDYvMi8xIDI2NDcvMy8xIDI2NDgvNC8xCmYgMjY0OS8xLzEgMjY1MC8yLzEgMjY1MS8zLzEgMjY1Mi80LzEKZiAyNjUzLzEvMSAyNjU0LzIvMSAyNjU1LzMvMSAyNjU2LzQvMQpmIDI2NTcvMS8xIDI2NTgvMi8xIDI2NTkvMy8xIDI2NjAvNC8xCmYgMjY2MS8xLzEgMjY2Mi8yLzEgMjY2My8zLzEgMjY2NC80LzEKZiAyNjY1LzEvMSAyNjY2LzIvMSAyNjY3LzMvMSAyNjY4LzQvMQpmIDI2NjkvMS8xIDI2NzAvMi8xIDI2NzEvMy8xIDI2NzIvNC8xCmYgMjY3My8xLzEgMjY3NC8yLzEgMjY3NS8zLzEgMjY3Ni80LzEKZiAyNjc3LzEvMSAyNjc4LzIvMSAyNjc5LzMvMSAyNjgwLzQvMQpmIDI2ODEvMS8xIDI2ODIvMi8xIDI2ODMvMy8xIDI2ODQvNC8xCmYgMjY4NS8xLzEgMjY4Ni8yLzEgMjY4Ny8zLzEgMjY4OC80LzEKZiAyNjg5LzEvMSAyNjkwLzIvMSAyNjkxLzMvMSAyNjkyLzQvMQpmIDI2OTMvMS8xIDI2OTQvMi8xIDI2OTUvMy8xIDI2OTYvNC8xCmYgMjY5Ny8xLzEgMjY5OC8yLzEgMjY5OS8zLzEgMjcwMC80LzEKZiAyNzAxLzEvMSAyNzAyLzIvMSAyNzAzLzMvMSAyNzA0LzQvMQpmIDI3MDUvMS8xIDI3MDYvMi8xIDI3MDcvMy8xIDI3MDgvNC8xCmYgMjcwOS8xLzEgMjcxMC8yLzEgMjcxMS8zLzEgMjcxMi80LzEKZiAyNzEzLzEvMSAyNzE0LzIvMSAyNzE1LzMvMSAyNzE2LzQvMQpmIDI3MTcvMS8xIDI3MTgvMi8xIDI3MTkvMy8xIDI3MjAvNC8xCmYgMjcyMS8xLzEgMjcyMi8yLzEgMjcyMy8zLzEgMjcyNC80LzEKZiAyNzI1LzEvMSAyNzI2LzIvMSAyNzI3LzMvMSAyNzI4LzQvMQpmIDI3MjkvMS8xIDI3MzAvMi8xIDI3MzEvMy8xIDI3MzIvNC8xCmYgMjczMy8xLzEgMjczNC8yLzEgMjczNS8zLzEgMjczNi80LzEKZiAyNzM3LzEvMSAyNzM4LzIvMSAyNzM5LzMvMSAyNzQwLzQvMQpmIDI3NDEvMS8xIDI3NDIvMi8xIDI3NDMvMy8xIDI3NDQvNC8xCmYgMjc0NS8xLzEgMjc0Ni8yLzEgMjc0Ny8zLzEgMjc0OC80LzEKZiAyNzQ5LzEvMSAyNzUwLzIvMSAyNzUxLzMvMSAyNzUyLzQvMQpmIDI3NTMvMS8xIDI3NTQvMi8xIDI3NTUvMy8xIDI3NTYvNC8xCmYgMjc1Ny8xLzEgMjc1OC8yLzEgMjc1OS8zLzEgMjc2MC80LzEKZiAyNzYxLzEvMSAyNzYyLzIvMSAyNzYzLzMvMSAyNzY0LzQvMQpmIDI3NjUvMS8xIDI3NjYvMi8xIDI3NjcvMy8xIDI3NjgvNC8xCmYgMjc2OS8xLzEgMjc3MC8yLzEgMjc3MS8zLzEgMjc3Mi80LzEKZiAyNzczLzEvMSAyNzc0LzIvMSAyNzc1LzMvMSAyNzc2LzQvMQpmIDI3NzcvMS8xIDI3NzgvMi8xIDI3NzkvMy8xIDI3ODAvNC8xCmYgMjc4MS8xLzEgMjc4Mi8yLzEgMjc4My8zLzEgMjc4NC80LzEKZiAyNzg1LzEvMSAyNzg2LzIvMSAyNzg3LzMvMSAyNzg4LzQvMQpmIDI3ODkvMS8xIDI3OTAvMi8xIDI3OTEvMy8xIDI3OTIvNC8xCmYgMjc5My8xLzEgMjc5NC8yLzEgMjc5NS8zLzEgMjc5Ni80LzEKZiAyNzk3LzEvMSAyNzk4LzIvMSAyNzk5LzMvMSAyODAwLzQvMQpmIDI4MDEvMS8xIDI4MDIvMi8xIDI4MDMvMy8xIDI4MDQvNC8xCmYgMjgwNS8xLzEgMjgwNi8yLzEgMjgwNy8zLzEgMjgwOC80LzEKZiAyODA5LzEvMSAyODEwLzIvMSAyODExLzMvMSAyODEyLzQvMQpmIDI4MTMvMS8xIDI4MTQvMi8xIDI4MTUvMy8xIDI4MTYvNC8xCmYgMjgxNy8xLzEgMjgxOC8yLzEgMjgxOS8zLzEgMjgyMC80LzEKZiAyODIxLzEvMSAyODIyLzIvMSAyODIzLzMvMSAyODI0LzQvMQpmIDI4MjUvMS8xIDI4MjYvMi8xIDI4MjcvMy8xIDI4MjgvNC8xCmYgMjgyOS8xLzEgMjgzMC8yLzEgMjgzMS8zLzEgMjgzMi80LzEKZiAyODMzLzEvMSAyODM0LzIvMSAyODM1LzMvMSAyODM2LzQvMQpmIDI4MzcvMS8xIDI4MzgvMi8xIDI4MzkvMy8xIDI4NDAvNC8xCmYgMjg0MS8xLzEgMjg0Mi8yLzEgMjg0My8zLzEgMjg0NC80LzEKZiAyODQ1LzEvMSAyODQ2LzIvMSAyODQ3LzMvMSAyODQ4LzQvMQpmIDI4NDkvMS8xIDI4NTAvMi8xIDI4NTEvMy8xIDI4NTIvNC8xCmYgMjg1My8xLzEgMjg1NC8yLzEgMjg1NS8zLzEgMjg1Ni80LzEKZiAyODU3LzEvMSAyODU4LzIvMSAyODU5LzMvMSAyODYwLzQvMQpmIDI4NjEvMS8xIDI4NjIvMi8xIDI4NjMvMy8xIDI4NjQvNC8xCmYgMjg2NS8xLzEgMjg2Ni8yLzEgMjg2Ny8zLzEgMjg2OC80LzEKZiAyODY5LzEvMSAyODcwLzIvMSAyODcxLzMvMSAyODcyLzQvMQpmIDI4NzMvMS8xIDI4NzQvMi8xIDI4NzUvMy8xIDI4NzYvNC8xCmYgMjg3Ny8xLzEgMjg3OC8yLzEgMjg3OS8zLzEgMjg4MC80LzEKZiAyODgxLzEvMSAyODgyLzIvMSAyODgzLzMvMSAyODg0LzQvMQpmIDI4ODUvMS8xIDI4ODYvMi8xIDI4ODcvMy8xIDI4ODgvNC8xCmYgMjg4OS8xLzEgMjg5MC8yLzEgMjg5MS8zLzEgMjg5Mi80LzEKZiAyODkzLzEvMSAyODk0LzIvMSAyODk1LzMvMSAyODk2LzQvMQpmIDI4OTcvMS8xIDI4OTgvMi8xIDI4OTkvMy8xIDI5MDAvNC8xCmYgMjkwMS8xLzEgMjkwMi8yLzEgMjkwMy8zLzEgMjkwNC80LzEKZiAyOTA1LzEvMSAyOTA2LzIvMSAyOTA3LzMvMSAyOTA4LzQvMQpmIDI5MDkvMS8xIDI5MTAvMi8xIDI5MTEvMy8xIDI5MTIvNC8xCmYgMjkxMy8xLzEgMjkxNC8yLzEgMjkxNS8zLzEgMjkxNi80LzEKZiAyOTE3LzEvMSAyOTE4LzIvMSAyOTE5LzMvMSAyOTIwLzQvMQpmIDI5MjEvMS8xIDI5MjIvMi8xIDI5MjMvMy8xIDI5MjQvNC8xCmYgMjkyNS8xLzEgMjkyNi8yLzEgMjkyNy8zLzEgMjkyOC80LzEKZiAyOTI5LzEvMSAyOTMwLzIvMSAyOTMxLzMvMSAyOTMyLzQvMQpmIDI5MzMvMS8xIDI5MzQvMi8xIDI5MzUvMy8xIDI5MzYvNC8xCmYgMjkzNy8xLzEgMjkzOC8yLzEgMjkzOS8zLzEgMjk0MC80LzEKZiAyOTQxLzEvMSAyOTQyLzIvMSAyOTQzLzMvMSAyOTQ0LzQvMQpmIDI5NDUvMS8xIDI5NDYvMi8xIDI5NDcvMy8xIDI5NDgvNC8xCmYgMjk0OS8xLzEgMjk1MC8yLzEgMjk1MS8zLzEgMjk1Mi80LzEKZiAyOTUzLzEvMSAyOTU0LzIvMSAyOTU1LzMvMSAyOTU2LzQvMQpmIDI5NTcvMS8xIDI5NTgvMi8xIDI5NTkvMy8xIDI5NjAvNC8xCmYgMjk2MS8xLzEgMjk2Mi8yLzEgMjk2My8zLzEgMjk2NC80LzEKZiAyOTY1LzEvMSAyOTY2LzIvMSAyOTY3LzMvMSAyOTY4LzQvMQpmIDI5NjkvMS8xIDI5NzAvMi8xIDI5NzEvMy8xIDI5NzIvNC8xCmYgMjk3My8xLzEgMjk3NC8yLzEgMjk3NS8zLzEgMjk3Ni80LzEKZiAyOTc3LzEvMSAyOTc4LzIvMSAyOTc5LzMvMSAyOTgwLzQvMQpmIDI5ODEvMS8xIDI5ODIvMi8xIDI5ODMvMy8xIDI5ODQvNC8xCmYgMjk4NS8xLzEgMjk4Ni8yLzEgMjk4Ny8zLzEgMjk4OC80LzEKZiAyOTg5LzEvMSAyOTkwLzIvMSAyOTkxLzMvMSAyOTkyLzQvMQpmIDI5OTMvMS8xIDI5OTQvMi8xIDI5OTUvMy8xIDI5OTYvNC8xCmYgMjk5Ny8xLzEgMjk5OC8yLzEgMjk5OS8zLzEgMzAwMC80LzEKZiAzMDAxLzEvMSAzMDAyLzIvMSAzMDAzLzMvMSAzMDA0LzQvMQpmIDMwMDUvMS8xIDMwMDYvMi8xIDMwMDcvMy8xIDMwMDgvNC8xCmYgMzAwOS8xLzEgMzAxMC8yLzEgMzAxMS8zLzEgMzAxMi80LzEKZiAzMDEzLzEvMSAzMDE0LzIvMSAzMDE1LzMvMSAzMDE2LzQvMQpmIDMwMTcvMS8xIDMwMTgvMi8xIDMwMTkvMy8xIDMwMjAvNC8xCmYgMzAyMS8xLzEgMzAyMi8yLzEgMzAyMy8zLzEgMzAyNC80LzEKZiAzMDI1LzEvMSAzMDI2LzIvMSAzMDI3LzMvMSAzMDI4LzQvMQpmIDMwMjkvMS8xIDMwMzAvMi8xIDMwMzEvMy8xIDMwMzIvNC8xCmYgMzAzMy8xLzEgMzAzNC8yLzEgMzAzNS8zLzEgMzAzNi80LzEKZiAzMDM3LzEvMSAzMDM4LzIvMSAzMDM5LzMvMSAzMDQwLzQvMQpmIDMwNDEvMS8xIDMwNDIvMi8xIDMwNDMvMy8xIDMwNDQvNC8xCmYgMzA0NS8xLzEgMzA0Ni8yLzEgMzA0Ny8zLzEgMzA0OC80LzEKZiAzMDQ5LzEvMSAzMDUwLzIvMSAzMDUxLzMvMSAzMDUyLzQvMQpmIDMwNTMvMS8xIDMwNTQvMi8xIDMwNTUvMy8xIDMwNTYvNC8xCmYgMzA1Ny8xLzEgMzA1OC8yLzEgMzA1OS8zLzEgMzA2MC80LzEKZiAzMDYxLzEvMSAzMDYyLzIvMSAzMDYzLzMvMSAzMDY0LzQvMQpmIDMwNjUvMS8xIDMwNjYvMi8xIDMwNjcvMy8xIDMwNjgvNC8xCmYgMzA2OS8xLzEgMzA3MC8yLzEgMzA3MS8zLzEgMzA3Mi80LzEKZiAzMDczLzEvMSAzMDc0LzIvMSAzMDc1LzMvMSAzMDc2LzQvMQpmIDMwNzcvMS8xIDMwNzgvMi8xIDMwNzkvMy8xIDMwODAvNC8xCmYgMzA4MS8xLzEgMzA4Mi8yLzEgMzA4My8zLzEgMzA4NC80LzEKZiAzMDg1LzEvMSAzMDg2LzIvMSAzMDg3LzMvMSAzMDg4LzQvMQpmIDMwODkvMS8xIDMwOTAvMi8xIDMwOTEvMy8xIDMwOTIvNC8xCmYgMzA5My8xLzEgMzA5NC8yLzEgMzA5NS8zLzEgMzA5Ni80LzEKZiAzMDk3LzEvMSAzMDk4LzIvMSAzMDk5LzMvMSAzMTAwLzQvMQpmIDMxMDEvMS8xIDMxMDIvMi8xIDMxMDMvMy8xIDMxMDQvNC8xCmYgMzEwNS8xLzEgMzEwNi8yLzEgMzEwNy8zLzEgMzEwOC80LzEKZiAzMTA5LzEvMSAzMTEwLzIvMSAzMTExLzMvMSAzMTEyLzQvMQpmIDMxMTMvMS8xIDMxMTQvMi8xIDMxMTUvMy8xIDMxMTYvNC8xCmYgMzExNy8xLzEgMzExOC8yLzEgMzExOS8zLzEgMzEyMC80LzEKZiAzMTIxLzEvMSAzMTIyLzIvMSAzMTIzLzMvMSAzMTI0LzQvMQpmIDMxMjUvMS8xIDMxMjYvMi8xIDMxMjcvMy8xIDMxMjgvNC8xCmYgMzEyOS8xLzEgMzEzMC8yLzEgMzEzMS8zLzEgMzEzMi80LzEKZiAzMTMzLzEvMSAzMTM0LzIvMSAzMTM1LzMvMSAzMTM2LzQvMQpmIDMxMzcvMS8xIDMxMzgvMi8xIDMxMzkvMy8xIDMxNDAvNC8xCmYgMzE0MS8xLzEgMzE0Mi8yLzEgMzE0My8zLzEgMzE0NC80LzEKZiAzMTQ1LzEvMSAzMTQ2LzIvMSAzMTQ3LzMvMSAzMTQ4LzQvMQpmIDMxNDkvMS8xIDMxNTAvMi8xIDMxNTEvMy8xIDMxNTIvNC8xCmYgMzE1My8xLzEgMzE1NC8yLzEgMzE1NS8zLzEgMzE1Ni80LzEKZiAzMTU3LzEvMSAzMTU4LzIvMSAzMTU5LzMvMSAzMTYwLzQvMQpmIDMxNjEvMS8xIDMxNjIvMi8xIDMxNjMvMy8xIDMxNjQvNC8xCmYgMzE2NS8xLzEgMzE2Ni8yLzEgMzE2Ny8zLzEgMzE2OC80LzEKZiAzMTY5LzEvMSAzMTcwLzIvMSAzMTcxLzMvMSAzMTcyLzQvMQpmIDMxNzMvMS8xIDMxNzQvMi8xIDMxNzUvMy8xIDMxNzYvNC8xCmYgMzE3Ny8xLzEgMzE3OC8yLzEgMzE3OS8zLzEgMzE4MC80LzEKZiAzMTgxLzEvMSAzMTgyLzIvMSAzMTgzLzMvMSAzMTg0LzQvMQpmIDMxODUvMS8xIDMxODYvMi8xIDMxODcvMy8xIDMxODgvNC8xCmYgMzE4OS8xLzEgMzE5MC8yLzEgMzE5MS8zLzEgMzE5Mi80LzEKZiAzMTkzLzEvMSAzMTk0LzIvMSAzMTk1LzMvMSAzMTk2LzQvMQpmIDMxOTcvMS8xIDMxOTgvMi8xIDMxOTkvMy8xIDMyMDAvNC8xCgo=</ImportMesh>
  <ImportMesh filename="test-4_mesh_0002.obj">IyBUaWxlZDJVbml0eSBnZW5lcmF0ZWQgZmlsZS4gRG8gbm90IG1vZGlmeSBieSBoYW5kLgojIFdhdmVmcm9udCBmaWxlIGZvciAndGVzdC00X21lc2hfMDAwMi5vYmonCgojIFZlcnRpY2VzIChDb3VudCA9IDI0KQp2IC0yNTYgLTE0NCAwCnYgLTI3MiAtMTQ0IDAKdiAtMjcyIC0xMjggMAp2IC0yNTYgLTEyOCAwCnYgLTMyMCAtMTQ0IDAKdiAtMzM2IC0xNDQgMAp2IC0zMzYgLTEyOCAwCnYgLTMyMCAtMTI4IDAKdiAtMzM2IC0xNDQgMAp2IC0zNTIgLTE0NCAwCnYgLTM1MiAtMTI4IDAKdiAtMzM2IC0xMjggMAp2IC0zNTIgLTE0NCAwCnYgLTM2OCAtMTQ0IDAKdiAtMzY4IC0xMjggMAp2IC0zNTIgLTEyOCAwCnYgLTI1NiAtMTYwIDAKdiAtMjcyIC0xNjAgMAp2IC0yNzIgLTE0NCAwCnYgLTI1NiAtMTQ0IDAKdiAtMjQwIC0xNzYgMAp2IC0yNTYgLTE3NiAwCnYgLTI1NiAtMTYwIDAKdiAtMjQwIC0xNjAgMAoKIyBUZXh0dXJlIGNvb3JpZGluYXRlcyAoQ291bnQgPSA0KQp2dCAwLjUgMC44CnZ0IDAuNiAwLjgKdnQgMC42IDAuOQp2dCAwLjUgMC45CgojIE5vcm1hbAp2biAwIDAgLTEKCiMgTWVzaCBkZXNjcmlwdGlvbgpnIHRlc3QtNF9tZXNoXzAwMDIKCiMgRmFjZXMKZiAxLzEvMSAyLzIvMSAzLzMvMSA0LzQvMQpmIDUvMS8xIDYvMi8xIDcvMy8xIDgvNC8xCmYgOS8xLzEgMTAvMi8xIDExLzMvMSAxMi80LzEKZiAxMy8xLzEgMTQvMi8xIDE1LzMvMSAxNi80LzEKZiAxNy8xLzEgMTgvMi8xIDE5LzMvMSAyMC80LzEKZiAyMS8xLzEgMjIvMi8xIDIzLzMvMSAyNC80LzEKCg==</ImportMesh>
  <ImportTexture filename="tileset.png">iVBORw0KGgoAAAANSUhEUgAAAKAAAACgCAYAAACLz2ctAAAABGdBTUEAALGPC/xhBQAAAAZiS0dEAP8A/wD/oL2nkwAAAAlwSFlzAAALEwAACxMBAJqcGAAAAAd0SU1FB+IEHAINAM499O0AACAASURBVHgBADSCy30B/wD//wAAAAAAAAAAAAAAAAAAAAAAAAAAAAAAAAAAAAAAAAAAAAAAAAAAAAAAAAAAAAAAAAAAAAAAAAAAAAAAAAAAAAAAAAAAAAAAAAAAAAAAAAAAAAAAAAAAAAAAAAAAAAAAAAAAAAAAAAAAAAAAAAAAAAAAAAAAAAAAAAAAAAAAAAEAAAAAAAAAAAAAAAAAAAAAAAAAAAAAAAAAAAAAAAAAAAAAAAAAAAAAAAAAAAAAAAAAAAAAAAAAAAAAAAAAAAAAAAAAAAAAAAAAAAAAAAAAAAAAAAAAAAAAAAAAAAAAAAAAAAAAAAAAAAAAAAAAAAAAAAAAAAAAAAAAAAAAAAEAAAEAAAAAAAAAAAAAAAAAAAAAAAAAAAAAAAAAAAAAAAAAAHx8fP8AAAAAAAAAAAAAAAAAAAAAAAAAAAAAAAAAAAAAAAAAAAAAAAAAAAAAAAAAAAAAAAAAAAAAhISEAQAAAAAAAAAAAAAAAAAAAAAAAAAAAAAAAAAAAAAAAAAAWFhY/wAAAAAAAAAAAAAAAAAAAAAAAAAAAAAAAAAAAAAAAAAAAAAAAAAAAAAAAAAAAAAAAAAAAAAAAAAAAAAAAAAAAAAAAAAAAAAAAAAAAAAAAAAAAAAAAAAAAAAAAAAAAAAAAAAAAAAAAAAAAAAAAAAAAAAAAAAAAAAAAAAAAACoqKgBAAAAAAAAAAAAAAAAAAAAAAAAAAAAAAAAAAAAAJX/4gIAAAAKAAAACQAAAAcAAAAHAAAABQAAAAMAAAACAAAAAQAAAP4AAAD9AAAA/AAAAPsAAAD5AAAB9wAAAPdrAR35AAAAAAAAAAAAAAAAAAAAAAAAAAAAAAAAAAAAAAQAAAAAAAAAAAAAAAAAAAAAAAAAAAAAAAAAAAAAAAAAAAAAAAAAAAAAAAAAAAAAAAAAAAAAAAAAAAAAAAAAAAAAAAAAAAAAAAAAAAAAAAAAAAAAAAAAAAAAAAAAAAAAAAAAAAAAAAAAAAAAAAAAAAAAAAAAAAAAAAAAAAAAAAAAAAAAAAAAAAAAAAAAAAAAAAAAAAAAAAAAAAAAAAAAAAAAAAAAAAAAAAAAAAAAAAAAAAAAAAAAAAAAAAAAAAAAAAAAAAAAAAAAAAAAAAAAAAAAAAAAAAAAAAAAAAAAAAAAAAAAAAAAAAAAAAAAAAAAAAAAAAAAAAAAAAAAAAAAAAAAAAAAAAAAAAAAAAAAAAAAAAAAAAB8fHz/AAAAAAAAAAAAAAAA3NzcAAAAAAAAAAAAAAAAAAAAAAAAAAAAAAAAAAAAAAAAAAAAAAAAAAAAAAAAAAAAAAAAAAAAAAB8fHz/AAAAAAAAAAAAAAAAhISEAQAAAAAAAAAAAAAAAAAAAAAAAAAAAAAAAAAAAAAAAAAAAAAAAAAAAAAAAAAAAAAAAAAAAAAAAAAAAAAAAAAAAAAAAAAAAAAAAAAAAAAAAAAAAAAAAAAAAAAAAAAAAAAAAAAAAAAAAAAAAAAAAAAAAAAAAAAAAAAAAAAAAAAAAAAAAAAAAAAAAAAAAAAAAAAAAAAAAAAAAAAAAAAAAAAAAAAAAAAAAAAAAAAAAACV/+MGAAD/CwAAAAsAAAAJAAABCAAA/wcAAAAFAAAABAAAAQIAAAABAAD//wAAAP0AAAD7AAAA+gAAAfgAAP8IAAAAB5X/4vRrAR71AAAAAAAAAAAAAAAAAAAAAAAAAAAAAAAABAAAAAAAAAAAAAAAAAAAAAAAAAAAAAAAAAAAAAAAAAAAAAAAAAAAAAAAAAAAAAAAAAAAAAAAAAAAAAAAAAAAAAAAAAAAAAAAAAAAAAAAAAAAAAAAAAAAAAAAAAAAAAAAAAAAAAAAAAAAAAAAAAAAAAAAAAAAAAAAAAAAAAAAAAAAAAAAAAAAAAAAAAAAAAAAAAAAAAAAAAAAAAAAAAAAAAAAAAAAAAAAAAAAAAAAAAAAAAAAAAAAAAAAAAAAAAAAAAAAAAAAAAAAAAAAAAAAAAAAAAAAAAAAAAAAAAAAAAAAAAAAAAAAAAAAAAAAAAAAAAAAAAAAAAAAAAAAAAAAAAAAAAAAAAAAAHx8fP8AAAAAAAAAANzc3AAAAAAAAAAAAAAAAAAAAAAAAAAAAAAAAAAAAAAAAAAAAAAAAAAAAAAAAAAAAAAAAAAAAAAAAAAAAAAAAAAAAAAAAAAAANzc3AAAAAAAAAAAAAAAAAB8fHz/AAAAAAAAAACEhIQBAAAAAAAAAAAAAAAAAAAAAAAAAAAAAAAAAAAAAAAAAAAAAAAAAAAAAAAAAAAAAAAAAAAAAAAAAAAAAAAAAAAAAAAAAAAAAAAAAAAAAAAAAAAAAAAAAAAAAAAAAAAAAAAAAAAAAAAAAAAAAAAAAAAAAAAAAAAAAAAAAAAAAAAAAAAAAAAAAAAAAAAAAAAAAAAAAAAAAAAAAAAAAAAAlf/iBwAAAA0AAAEMAAD/CwAAAAoAAAAIAAAABwAAAAcAAAAEAAAAAgAA/wEAAAD+AAAA/QAAAfsAAP/6AAD/9wAAAPcAAAAFAAAAA5X/4gJrAR7zAAAAAAAAAAAAAAAAAAAAAAAAAAAEAAAAAAAAAAAAAAAAAAAAAAAAAAAAAAAAAAAAAAAAAAAAAAAAAAAAAAAAAAAAAAAAAAAAAAAAAAAAAAAAAAAAAAAAAAAAAAAAAAAAAAAAAAAAAAAAAAAAAAAAAAAAAAAAAAAAAAAAAAAAAAAAAAAAAAAAAAAAAAAAAAAAAAAAAAAAAAAAAAAAAAAAAAAAAAAAAAAAAAAAAAAAAAAAAAAAAAAAAAAAAAAAAAAAAAAAAAAAAAAAAAAAAAAAAAAAAAAAAAAAAAAAAAAAAAAAAAAAAAAAAAAAAAAAAAAAAAAAAAAAAAAAAAAAAAAAAAAAAAAAAAAAAAAAAAAAAAAAAAAAAAAAAAB8fHz/3NzcAAAAAAAAAAAAAAAAAAAAAAAAAAAAAAAAAAAAAAAAAAAAAAAAAAAAAAAAAAAAAAAAAAAAAAAAAAAAAAAAAAAAAAAAAAAAAAAAAAAAAAAAAAAAAAAAAAAAAAAAAAAAAAAAANzc3AAAAAAAAAAAAHx8fP+EhIQBAAAAAAAAAAAAAAAAAAAAAAAAAAAAAAAAAAAAAAAAAAAAAAAAAAAAAAAAAAAAAAAAAAAAAAAAAAAAAAAAAAAAAAAAAAAAAAAAAAAAAAAAAAAAAAAAAAAAAAAAAAAAAAAAAAAAAAAAAAAAAAAAAAAAAAAAAAAAAAAAAAAAAAAAAAAAAAAAAAAAAAAAAAAAAAAAAAAAAJX/4gUAAAAMAAAADQAA/w0AAAALAAAACwAA/wlr1rmyAAAAAAAAAAAAAAAAAAAAAAAAAAAAAAAAAAAAAJUqR1MAAAAHAAAABgAAAAQAAAECAAD/AZX/4v9rAR70AAAAAAAAAAAAAAAAAAAAAAH/AP//AAAAAAAAAAAAAAAAAAAAAAAAAAAAAAAAAAAAAAAAAAAAAAAAAAAAAAAAAAAAAAAAAAAAAAAAAAAAAAAAAAAAAAAAAAAAAAAAAAAAAAAAAAAAAAAAAAAAAAAAAAAAAAAAAAAAAAAAAAAAAAAAAAAAAAAAAAAAAAAAAAAAAAAAAQAAAAAAAAAAAAAAAAAAAAAAAAAAAAAAAAAAAAAAAAAAAAAAAAAAAAAAAAAAAAAAAAAAAAAAAAAAAAAAAAAAAAAAAAAAAAAAAAAAAAAAAAAAAAAAAAAAAAAAAAAAAAAAAAAAAAAAAAAAAAAAAAAAAAAAAAAAAAAAAAAAAAAAfXx8ANzc3AAAAAAAAAAAAAAAAAAAAAAAAAAAAAAAAAAAAAAAAAAAAAAAAAAAAAAAAAAAAP///wD///8A////AAAAAAABAQEAAAAAAAICAgAAAAAAAAAAAAAAAAAAAAAAAAAAAAAAAAAAAAAAAAAAAAAAAAAAAAAAAAAAACQkJADc3NwAAAAAAAAAAAAAAAAAAAAAAAAAAAAAAAAAAAAAAAAAAAAAAAAAAAAAAAAAAAAAAAAAAAAAAAAAAAAAAAAAAAAAAAAAAAAAAAAAAAAAAAAAAAAAAAAAAAAAAAAAAAAAAAAAAAAAAAAAAAAAAAAAAAAAAAAAAADx8fEAAAAAALe3twEAAAAAAAAAAAAAAACV/+IBAAAADwAAAQ8AAP8OAAAADgAAAAxr1rm4AAAAAAAAAAAAAAAAAAAAAAAAAAAAAAAAAAAAAAAAAAAAAAAAAAAAAAAAAACVKkhPAAD/8wAAAPMAAADyAAAB8gAA//BrAR74AAAAAAAAAAAAAAAAAgAAAAAAAAAAAAAAAAAAAAAAAAAAAAAAAAAAAAAAAAAAAAAAAAAAAAAAAAAAAAAAAAAAAAAAAAAAAAAAAAAAAAAAAAAAAAAAAAAAAAAAAAAAAAAAAAAAAAAAAAAAAAAAAAAAAAAAAAAAAAAAAAAAAAAAAAAAAAAAAAAAAAAAAAAAAAAAAAAAAAAAAAAAAAAAAAAAAAAAAAAAAAAAAAAAAAAAAAAAAAAAAAAAAAAAAAAAAAAAAAAAAAAAAAAAAAAAAAAAAAAAAAAAAAAAAAAAAAAAAAAAAAAAAAAAAAAAAAAAAAAAAAAAAAAAAAAAAAAAAAAAAAAAAAAAAAAAAAAAAAAAAAAAAAAAAAAAAAAAAAAAAAAAAAAAAAAAAAAAAAAAAAAAAAAAAAAA/v7+APz8/AD6+voA+vr6APr6+gD6+voA+/v7APr6+gD7+/sA+vr6APz8/AD+/v4AAAAAAAAAAAAAAAAAAAAAAAAAAAAAAAAAAAAAAAAAAAAAAAAAAAAAAAAAAAAAAAAAAAAAAAAAAAAAAAAAAAAAAAAAAADx8fEA8fHxAPHx8QDx8fEA8fHxAAAAAAAAAAAAAAAAAAAAAAAAAAAAAAAAAAAAAAAAAAAAAAAAAAAAAAAAAAAAAAAAAAAAAAAAAAAAAAAAAPHx8QDx8fEA8fHxAAAAAAAPDw8AAAAAAAAAAAAAAAAAAAAAAAAAAAoAAAALAAAACwAAAAwAAAEMa9a5uAAAAAAAAAAAAAAAAAAAAAAAAAAAAAAAAAAAAAAAAAAAAAAAAAAAAAAAAAAAAAAAAGvWuLEAAAENAAAADAAAAAsAAP8KAAAACpX/4gMAAAAAAAAAAAAAAAAEAAAAAAAAAAAAAAAAAAAAAAAAAAAAAAAAAAAAAAAAAAAAAAAAAAAAAAAAAAAAAAAAAAAAAAAAAAAAAAAAAAAAAAAAAAAAAAAAAAAAAAAAAAAAAAAAAAAAAAAAAAAAAAAAAAAAAAAAAAAAAAAAAAAAAAAAAAAAAAAAAAAAAAAAAAAAAAAAAAAAAAAAAAAAAAAAAAAAAAAAAAAAAAAAAAAAAAAAAAAAAAAAAAAAAAAAAAAAAAAAAAAAAAAAAAAAAAAAAAAAAAAAAAAAAAAAAAAAAAAAAAAAAAAAAAAAAAAAAAAAAAAAAAAAAAAAAAAAAAAAAAAAAAAAAAAAAAAAAAAAAAAAAAAAAAAAAAAAAAAAAAAAAAAAAAAAAAAAAAAAAAAA/v7+AP39/QD9/f0A/v7+AP7+/gD///8A////AP///wAAAAAAAQEBAAEBAQABAQEAAgICAAMDAwACAgIAAwMDAAICAgAAAAAAAAAAAAAAAAAAAAAAAAAAAAAAAAAAAAAA8fHxAAAAAAAAAAAAAAAAAAAAAAAAAAAAAAAAAA8PDwAAAAAAAAAAAAAAAADx8fEA8fHxAAAAAAAPDw8AAAAAAAAAAAAAAAAAAAAAAAAAAAAAAAAAAAAAAAAAAAAAAAAA8fHxAAAAAAAAAAAAAAAAAA8PDwAAAAAAAAAAAAAAAAAAAAAAAAAAAAAAAACV/+ICAAAACAAAAQgAAP8JAAAACmvWuLgAAAAAAAAAAJUqRwAAAAAAAAAAAAAAAAAAAAAAAAAAAAAAAAAAAAAAAAAAAAAAAABr1rkAAAAAAGvWuLGVKkhLAAD/+wAAAPoAAAD5AAAB+AAAAPYAAAAAAAAAAAQAAAAAAAAAAAAAAAAAAAAAAAAAAAAAAAAAAAAAAAAAAAAAAAAAAAAAAAAAAAAAAAAAAAAAAAAAAAAAAAAAAAAAAAAAAAAAAAAAAAAAAAAAAAAAAAAAAAAAAAAAAAAAAAAAAAAAAAAAAAAAAAAAAAAAAAAAAAAAAAAAAAAAAAAAAAAAAAAAAAAAAAAAAAAAAAAAAAAAAAAAAAAAAAAAAAAAAAAAAAAAAAAAAAAAAAAAAAAAAAAAAAAAAAAAAAAAAAAAAAAAAAAAAAAAAAAAAAAAAAAAAAAAAAAAAAAAAAAAAAAAAAAAAAAAAAAAAAAAAAAAAAAAAAAAAAAAAAAAAAAALS0tAAAAAADc3NwAAAAAAAAAAAAAAAAAAAAAAPz8/AD9/f0A/f39AP39/QD9/f0A////AP7+/gD///8A////AAAAAAABAQEAAQEBAAICAgABAQEAAwMDAAICAgAEBAQAAwMDAAQEBAAAAAAAAAAAAAAAAAAAAAAAJCQkABIREQAPDw8AAAAAAAAAAAAAAAAAAAAAAAAAAAAAAAAAAAAAAAAAAAAAAAAAAAAAAA8PDwAAAAAAAAAAAPHx8QAAAAAAAAAAAAAAAAAAAAAAAAAAAAAAAAAAAAAAAAAAAAAAAAAAAAAADw8PAAAAAAAAAAAAAAAAAAAAAAAAAAAAAAAAAAAAAAAAAAAAAAAAAAAAAQYAAP8HAAAACAAAAQlr1ri8AAAAAAAAAACVKkcAAAAAAAAAAAAAAAAAAAAAAAAAAAAAAAAAAAAAAAAAAAAAAAAAAAAAAJUqRwBr1rkAAAAAAGvWuLWVKkhEAAD/CAAAAAcAAP8IAAAA9gAAAAAAAAAABAAAAAAAAAAAAAAAAAAAAAAAAAAAAAAAAAAAAAAAAAAAAAAAAAAAAAAAAAAAAAAAAAAAAAAAAAAAAAAAAAAAAAAAAAAAAAAAAAAAAAAAAAAAAAAAAAAAAAAAAAAAAAAAAAAAAAAAAAAAAAAAAAAAAAAAAAAAAAAAAAAAAAAAAAAAAAAAAAAAAAAAAAAAAAAAAAAAAAAAAAAAAAAAAAAAAAAAAAAAAAAAAAAAAAAAAAAAAAAAAAAAAAAAAAAAAAAAAAAAAAAAAAAAAAAAAAAAAAAAAAAAAAAAAAAAAAAAAAAAAAAAAAAAAAAAAAAAAAAAAAAAAAAAAAAAAAAAAAAAAAAAAAAALS0tAAAAAAAAAAAAAAAAANzc3AD7+/sA/f39APz8/AD8/PwA/v7+AP39/QD9/f0A////AP///wD///8AAAAAAAEBAQABAQEAAgICAAICAgD+/v4AAwMDAP///wD///8AAAAAAAQEBAAkJCQAAAAAAAAAAAASEREABgcHAAAAAAAAAAAAAAAAAAAAAAAAAAAAAAAAAAAAAAAAAAAAAAAAAAAAAAAAAAAAAAAAAAAAAAAAAAAADw8PAAAAAAAAAAAAAAAAAAAAAAAAAAAAAAAAAAAAAAAAAAAAAAAAAAAAAAAAAAAAAAAAAAAAAAAAAAAAAAAAAAAAAAAAAAAAAAAAAAAAAAAAAAAAAAD/BgAAAQYAAP8GAAABBwAAAAAAAAAAlSpHAAAAAAAAAAAAAAAAAAAAAAAAAAAAAAAAAAAAAAAAAAAAAAAAAAAAAAAAAAAAAAAAAJUqRwBr1rkAAAAAAAAAAAgAAAAHAAABBgAAAAWV/+IGawEe+gAAAAAEAAAAAAAAAAAAAAAAAAAAAAAAAAAAAAAAAAAAAAAAAAAAAAAAAAAAAAAAAAAAAAAAAAAAAAAAAAAAAAAAAAAAAAAAAAAAAAAAAAAAAAAAAAAAAAAAAAAAAAAAAAAAAAAAAAAAAAAAAAAAAAAAAAAAAAAAAAAAAAAAAAAAAAAAAAAAAAAAAAAAAAAAAAAAAAAAAAAAAAAAAAAAAAAAAAAAAAAAAAAAAAAAAAAAAAAAAAAAAAAAAAAAAAAAAAAAAAAAAAAAAAAAAAAAAAAAAAAAAAAAAAAAAAAAAAAAAAAAAAAAAAAAAAAAAAAAAAAAAAAAAAAAAAAAAAAAAAAAAAAAAAAAAAAAAAAALS0tAAAAAAD///8AAAAAAAAAAAAAAAAAAAAAAMfHxwD9/f0A/f39AP7+/gD+/v4A////AP///wAAAAAAAQEBAAEBAQACAgIAAgICAAMDAwADAwMAOTk5AAAAAAAAAAAAAAAAABIREQAAAAAAAAAAAAYHBwAAAAAAAAAAAAAAAAAAAAAAAAAAAAAAAAAAAAAAAAAAAAAAAAAAAAAAAAAAAAAAAAAAAAAAAAAAAAAAAAAAAAAAAAAAAAAAAAAAAAAAAAAAAAAAAAAAAAAAAAAAAAAAAAAAAAAAAAAAAAAAAAAAAAAAAAAAAAAAAAAAAAAAAAAAAAAAAAAAAAAAAAAAAJX/4gEAAAEEAAD/BAAAAAUAAP8FAAAAAAAAAAAAAAAAAAAAAAAAAAAAAAAAAAAAAAAAAAAAAAAAAAAAAAAAAAAAAAAAAAAAAAAAAAAAAAAAAAAAAAAAAAAAAAAAAAD/BQAAAAQAAP8FAAABBAAAAAMAAAAAAAAAAAQAAAAAAAAAAAAAAAAAAAAAAAAAAAAAAAAAAAAAAAAAAAAAAAAAAAAAAAAAAAAAAAAAAAAAAAAAAAAAAAAAAAAAAAAAAAAAAAAAAAAAAAAAAAAAAAAAAAAAAAAAAAAAAAAAAAAAAAAAAAAAAAAAAAAAAAAAAAAAAAAAAAAAAAAAAAAAAAAAAAAAAAAAAAAAAAAAAAAAAAAAAAAAAAAAAAAAAAAAAAAAAAAAAAAAAAAAAAAAAAAAAAAAAAAAAAAAAAAAAAAAAAAAAAAAAAAAAAAAAAAAAAAAAAAAAAAAAAAAAAAAAAAAAAAAAAAAAAAAAAAAAAAAAAAAAAAAAAAAAAAAAAAAAAAAAAAAAAAAAAAAAAAAAAAqKioA/v7+AP7+/gD+/v4AAAAAAAAAAAAAAAAAAAAAAAAAAAAAAAAAAAAAAAAAAAAAAAAAAAAAAAAAAAAAAAAAAAAAAAAAAAASEREAAAAAAAAAAAAAAAAABgcHAAAAAAAAAAAAAAAAAAAAAAAAAAAAAAAAAAAAAAAAAAAAAAAAAAAAAAAAAAAAAAAAAAAAAAAAAAAAAAAAAAAAAAAAAAAAAAAAAAAAAAAAAAAAAAAAAAAAAAAAAAAAAAAAAAAAAAAAAAAAAAAAAAAAAAAAAAAAAAAAAAAAAAAAAAAAAAAAAAAAAAAAAAAAAAAAAAAAAAAAAAAAAAAAAgAA/wMAAAADAAAABAAAAQQAAAAAAAAAAGvWuQCVKkcAAAAAAAAAAAAAAAAAAAAAAAAAAAAAAAAAAAAAAAAAAAAAAAAAAAAAAAAAAABr1rkAAAAAAAAAAAAAAAAFAAABBAAA/wMAAAADAAAAAwAAAAAAAAAABAAAAAAAAAAAAAAAAAAAAAAAAAAAAAAAAAAAAAAAAAAAAAAAAAAAAAAAAAAAAAAAAAAAAAAAAAAAAAAAAAAAAAAAAAAAAAAAAAAAAAAAAAAAAAAAAAAAAAAAAAAAAAAAAAAAAAAAAAAAAAAAAAAAAAAAAAAAAAAAAAAAAAAAAAAAAAAAAAAAAAAAAAAAAAAAAAAAAAAAAAAAAAAAAAAAAAAAAAAAAAAAAAAAAAAAAAAAAAAAAAAAAAAAAAAAAAAAAAAAAAAAAAAAAAAAAAAAAAAAAAAAAAAAAAAAAAAAAAAAAAAAAAAAAAAAAAAAAAAAAAAAAAAAAAAAAAAAAAAAAAAAAAAAAAAAAAAAAAAAAAAAAAAAAAAAAAABAQEAAgICAAAAAAAjIiIA/v7+AP7//wD+/v4A/v7+AP/+/gD+/v4A/v7+AP7+/gD+/v4AAAAAAAAAAAAAAAAAAAAAAAYHBwAAAAAAAAAAAAAAAAAAAAAAAAAAAAAAAAAAAAAAAAAAAAAAAAAAAAAAAAAAAAAAAAAAAAAAAAAAAAAAAAAAAAAAAAAAAAAAAAAAAAAAAAAAAAAAAAAAAAAAAAAAAAAAAAAAAAAAAAAAAAAAAAAAAAAAAAAAAAAAAAAAAAAAAAAAAAAAAAAAAAAAAAAAAAAAAAAAAAAAAAAAAAAAAAAAAAAAAAAAAAAAAAAAAAACAAAAAgAAAAEAAAABAAD/AZUqR2Fr1rmfAAAAAGvWuQCVKkcAAAAAAAAAAAAAAAAAAAAAAAAAAAAAAAAAAAAAAAAAAAAAAAAAa9a5AAAAAAAAAAAAlSpHaQAAAQEAAAACAAAAAgAA/wIAAAECAAAAAAAAAAAEAAAAAAAAAAAAAAAAAAAAAAAAAAAAAAAAAAAAAAAAAAAAAAAAAAAAAAAAAAAAAAAAAAAAAAAAAAAAAAAAAAAAAAAAAAAAAAAAAAAAAAAAAAAAAAAAAAAAAAAAAAAAAAAAAAAAAAAAAAAAAAAAAAAAAAAAAAAAAAAAAAAAAAAAAAAAAAAAAAAAAAAAAAAAAAAAAAAAAAAAAAAAAAAAAAAAAAAAAAAAAAAAAAAAAAAAAAAAAAAAAAAAAAAAAAAAAAAAAAAAAAAAAAAAAAAAAAAAAAAAAAAAAAAAAAAAAAAAAAAAAAAAAAAAAAAAAAAAAAAAAAAAAAAAAAAAAAAAAAAAAAAAAAAAAAAAAAAAAAAAAAAAAAAAAAAAAAAAAAAAAAAAAAAAAAIDAwAAAQEAAf//AAICAgD+/v4A////AP7+/gD///8A////AP7+/gAAAAAAAAAAAAAAAAAAAAAAAAAAAAAAAAAAAAAAAAAAAAAAAAAAAAAAAAAAAAAAAAAAAAAAAAAAAAAAAAAAAAAAAAAAAAAAAAAAAAAAAAAAAAAAAAAAAAAAAAAAAAAAAAAAAAAAAAAAAAAAAAAAAAAAAAAAAAAAAAAAAAAAAAAAAAAAAAAAAAAAAAAAAAAAAAAAAAAAAAAAAAAAAAAAAAAASY1++AAAIABJREFUAAAAAAAAAAAAAAAAAAAAAAAAAAAAAAAAAAAAAAAAAAAAAAAAAAABAQAA/wAAAAAAAAAAAJUqR3Jr1rmOAAAAAGvWuQAAAAAAAAAAAAAAAAAAAAAAAAAAAAAAAAAAAAAAAAAAAAAAAAAAAAAAAAAAAJUqR3sAAAAAAAD/AQAAAAAAAAAAAAABAAAA//8AAAAAAAAAAAIAAAAAAAAAAAAAAAAAAAAAAAAAAAAAAAAAAAAAAAAAAAAAAAAAAAAAAAAAAAAAAAAAAAAAAAAAAAAAAAAAAAAAAAAAAAAAAAAAAAAAAAAAAAAAAAAAAAAAAAAAAAAAAAAAAAAAAAAAAAAAAAAAAAAAAAAAAAAAAAAAAAAAAAAAAAAAAAAAAAAAAAAAAAAAAAAAAAAAAAAAAAAAAAAAAAAAAAAAAAAAAAAAAAAAAAAAAAAAAAAAAAAAAAAAAAAAAAAAAAAAAAAAAAAAAAAAAAAAAAAAAAAAAAAAAAAAAAAAAAAAAAAAAAAAAAAAAAAAAAAAAAAAAAAAAAAAAAAAAAAAAAAAAAAAAAAAAAAAAAAAAAAAAAAAAAAAAAAAAAAAAAAAAAAAAAAAAAAAAAAAAAAAAAAAAAAAAAAAAAAAAAAAAAAAAAAAAAAAAAAAAAAAAAAAAAAAAAAAAAAAAAAAAAAAAAAAAAAAAAAAAAAAAAAAAAAAAAAAAAAAAAAAAAAAAAAAAAAAAAAAAAAAAAAAAAAAAAAAAAAAAAAAAAAAAAAAAAAAAAAAAAAAAAAAAAAAAAAAAAAAAAAAAAAAAAAAAAAAAAAAAAAAAAAAAAAAAAAAAAAAAAAAAAAAAAAAAAAAAAAAAAAAAAAAAAAAAAAAAAAAAAAAAAAAAAAAAAAAAAAAAAAAAAAAAAAAAAAA/gAAAP4AAP/+AAAA/gAAAf4AAAD9AAAA/pUqR4IAAAAAAAAAAAAAAAAAAAAAAAAAAAAAAAAAAAAAAAAAAAAAAAAAAAAAAAAAAAAAAACVKkiRAAAAAAAAAf4AAAH+AAAA/gAAAP4AAP/+AAAA/wAAAAAAAAAABAAAAAAAAAAAAAAAAAAAAAAAAAAAAAAAAAAAAAAAAAAAAAAAAAAAAAAAAAAAAAAAAAAAAAAAAAAAAAAAAAAAAAAAAAAAAAAAAAAAAAAAAAAAAAAAAAAAAAAAAAAAAAAAAAAAAAAAAAAAAAAAAAAAAAAAAAAAAAAAAAAAAAAAAAAAAAAAAAAAAAAAAAAAAAAAAAAAAAAAAAAAAAAAAAAAAAAAAAAAAAAAAAAAAAAAAAAAAAAAAAAAAAAAAAAAAAAAAAAAAAAAAAAAAAAAAAAAAAAAAAAAAAAAAAAAAAAAAAAAAAAAAAAAAAAAAAAAAAAAAAAAAAAAAAAAAAAAAAAAAAAAAAAAAAAAAAAAAAAAAAAAAAAAAAAAAAAAAAAAAAAAAAAAAAAAAAAAAAAAAAAAAAAAAAAAAAAAAAAAAAAAAAAAAAAAAAAAAAAAAAAAAAAAAAAAAAAAAAAAAAAAAAAAAAAAAAAAAAAAAAAAAAAAAAAAAAAAAAAAAAAAAAAAAAAAAAAAAAAAAAAAAAAAAAAAAAAAAAAAAAAAAAAAAAAAAAAAAAAAAAAAAAAAAAAAAAAAAAAAAAAAAAAAAAAAAAAAAAAAAAAAAAAAAAAAAAAAAAAAAAAAAAAAAAAAAAAAAAAAAAAAAAAAAAAAAAAAAPHx8QAAAAAAAAAAAAAAAAAAAAAAAAAAAAAAAAAAAAH+AAD//QAAAf0AAAD9AAD//AAAAP0AAAD8AAAA/pUqR5oAAAAYa9a5TgAAAAAAAAAAAAAAAAAAAAAAAAAAAAAAAAAAAACVKkfEAAAA7wAA/woAAAAGAAD/AAAAAPsAAAD9AAAA/QAAAf0AAAD9AAAAAAAAAAAEAAAAAAAAAAAAAAAAAAAAAAAAAAAAAAAAAAAAAAAAAAAAAAAAAAAAAAAAAAAAAAAAAAAAAAAAAAAAAAAAAAAAAAAAAAAAAAAAAAAAAAAAAAAAAAAAAAAAAAAAAAAAAAAAAAAAAAAAAAAAAAAAAAAAAAAAAAAAAAAAAAAAAAAAAAAAAAAAAAAAAAAAAAAAAAAAAAAAAAAAAAAAAAAAAAAAAAAAAAAAAAAAAAAAAAAAAAAAAAAAAAAAAAAAAAAAAAAAAAAAAAAAAAAAAAAAAAAAAAAAAAAAAAAAAAAAAAAAAAAAAAAAAAAAAAAAAAAAAAAAAAAAAAAAAAAAAAAAAAAAAAAAAAAAAAAAAAAAAAAAAAAAAAAAAAAAAAAAAAAAAAAAAAAAAAAAAAAAAAAAAAAAAAAAAAAAAAAAAAAAAAAAAAAAAAAAAAAAAAAAAAAAAAAAAAAAAAAAAAAAAAAAAAAAAAAAAAAAAAAAAAAAAAAAAAAAAAAAAAAAAAAAAAAAAAAAAAAAAAAAAAAAAAAAAAAAAAAAAAAAAAAAAAAAAAAAAAAAAAAAAAAAAAAAAAAAAAAAAAAAAAAAAAAAAAAAAAAAAAAAAAAAAAAAAAAAAAAAAADx8fEAAAAAAAAAAAAAAAAAAAAAAAAAAAAAAAAAAAAAAA8PDwAAAAAAAAAAAAAAAAAAAAAAAAAAAGsBHf+V/+L8AAD//AAAAfsAAAH8AAD/+gAAAPsAAAAGAAAACAAAAAaVKkfJAAAADWvWuSoAAAAAAAAAAAAAAACVKkfeAAAA+AAAAAYAAAAHAAAACgAAAAkAAAEFAAD/AQAAAPoAAAH8AAD//AAAAPwAAAAAAAAAAAQAAAAAAAAAAAAAAAAAAAAAAAAAAAAAAAAAAAAAAAAAAAAAAAAAAAAAAAAAAAAAAAAAAAAAAAAAAAAAAAAAAAAAAAAAAAAAAAAAAAAAAAAAAAAAAAAAAAAAAAAAAAAAAAAAAAAAAAAAAAAAAAAAAAAAAAAAAAAAAAAAAAAAAAAAAAAAAAAAAAAAAAAAAAAAAAAAAAAAAAAAAAAAAAAAAAAAAAAAAAAAAAAAAAAAAAAAAAAAAAAAAAAAAAAAAAAAAAAAAAAAAAAAAAAAAAAAAAAAAAAAAAAAAAAAAAAAAAAAAAAAAAAAAAAAAAAAAAAAAAAAAAAAAAAAAAAAAAAAAAAAAAAAAAAAAAAAAAAAAAAAAAAAAAAAAAAAAAAAAAAAAAAAAAAAAAAAAAAAAAAAAAAAAAAAAAAAAAAAAAAAAAAAAAAAAAAAAAAAAAAAAAAAAAAAAAAAAAAAAAAAAAAAAAAAAAAAAAAAAAAAAAAAAAAAAAAAAAAAAAAAAAAAAAAAAAAAAAAAAAAAAAAAAAAAAAAAAAAAAAAAAAAAAAAAAAAAAAAAAAAAAAAAAAAAAAAAAAAAAAAAAAAAAAAAAAAAAAAAAAAAAPHx8QAAAAAAAAAAAA8PDwAAAAAAAAAAAAAAAAAAAAAAAAAAAAAAAAAAAAAAAAAAAAAAAAAAAAAAAAAAAAAAAAAAAAAAAAAAAAAAAfoAAAD6AAD/+gAAAPkAAAH4AAD/BgAAAAgAAAAHAAAABgAAAAYAAAADAAAAAAAAAAAAAAAAAAAAAAAAAAMAAAAEAAAABgAAAAgAAAAKAAAADAAA/woAAAAEAAAA/gAA//kAAAD6awEe+wAAAAAAAAAABAAAAAAAAAAAAAAAAAAAAAAAAAAAAAAAAAAAAAAAAAAAAAAAAAAAAAAAAAAAAAAAAAAAAAAAAAAAAAAAAAAAAAAAAAAAAAAAAAAAAAAAAAAAAAAAAAAAAAAAAAAAAAAAAAAAAAAAAAAAAAAAAAAAAAAAAAAAAAAAAAAAAAAAAAAAAAAAAAAAAAAAAAAAAAAAAAAAAAAAAAAAAAAAAAAAAAAAAAAAAAAAAAAAAAAAAAAAAAAAAAAAAAAAAAAAAAAAAAAAAAAAAAAAAAAAAAAAAAAAAAAAAAAAAAAAAAAAAAAAAAAAAAAAAAAAAAAAAAAAAAAAAAAAAAAAAAAAAAAAAAAAAAAAAAAAAAAAAAAAAAAAAAAAAAAAAAAAAAAAAAAAAAAAAAAAAAAAAAAAAAAAAAAAAAAAAAAAAAAAAAAAAAAAAAAAAAAAAAAAAAAAAAAAAAAAAAAAAAAAAAAAAAAAAAAAAAAAAAAAAAAAAAAAAAAAAAAAAAAAAAAAAAAAAAAAAAAAAAAAAAAAAAAAAAAAAAAAAAAAAAAAAAAAAAAAAAAAAAAAAAAAAAAAAAAAAAAAAAAAAAAAAAAAAAAAAPHx8QAAAAAAAAAAAA8PDwAAAAAAAAAAAAAAAAAAAAAAAAAAAAAAAAAAAAAAAAAAAAAAAAAAAAAAAAAAAAAAAAAAAAAAAAAAAAAAAAAAAAAAAAAA+gAAAPkAAAH4AAD/9wAA/xAAAAAHAAAABwAAAAYAAAAFAAAAAwAAAAQAAAAAAAAAAAAAAAAAAAAAAAAABQAAAP4AAAAGAAAABwAAAAYAAAAIAAAACAAAAAMAAAEDAAAA+QAAAPkAAAAAAAAAAAAAAAACAAAAAAAAAAAAAAAAAAAAAAAAAAAAAAAAAAAAAAAAAAAAAAAAAAAAAAAAAAAAAAAAAAAAAAAAAAAAAAAAAAAAAAAAAAAAAAAAAAAAAAAAAAAAAAAAAAAAAAAAAAAAAAAAAAAAAAAAAAAAAAAAAAAAAAAAAAAAAAAAAAAAAAAAAAAAAAAAAAAAAAAAAAAAAAAAAAAAAAAAAAAAAAAAAAAAAAAAAAAAAAAAAAAAAAAAAAAAAAAAAAAAAAAAAAAAAAAAAAAAAAAAAAAAAAAAAAAAAAAAAAAAAAAAAAAAAAAAAAAAAAAAAAAAAAAAAAAAAAAAAAAAAAAAAAAAAAAAAAAAAAAAAAAAAAAAAAAAAAAAAAAAAAAAAAAAAAAAAAAAAAAAAAAAAAAAAAAAAAAAAAAAAAAAAAAAAAAAAAAAAAAAAAAAAAAAAAAAAAAAAAAAAAAAAAAAAAAAAAAAAAAAAAAAAAAAAAAAAAAAAAAAAAAAAAAAAAAAAAAAAAAAAAAAAAAAAAAAAAAAAAAAAAAAAAAAAAAAAAAAAAAAAAAAAAAAAAAAAAAAAAAAAAAAAAAAAAAAAAAAAPHx8QDx8fEAAAAAAA8PDwAPDw8AAAAAAAAAAAAAAAAAAAAAAAAAAAAAAAAAAAAAAAAAAAAAAAAAAAAAAAAAAAAAAAAAAAAAAAAAAAAAAAAAAAAAAAAAAABrAR3+AAAA9wAA//cAAAH3AAAAAwAAAAQAAAAFAAAABQAAAAUAAAAFAAAABQAAAAAAAAAAAAAAAAAAAAAAAAAFAAAABgAAAAcAAAAGAAAACAAAAAYAAAAIAAAACAAA/wAAAP/+AAD/+AAAAAAAAAAAAAAAAAQAAAAAAAAAAAAAAAAAAAAAAAAAAAAAAAAAAAAAAAAAAAAAAAAAAAAAAAAAAAAAAAAAAAAAAAAAAAAAAAAAAAAAAAAAAAAAAAAAAAAAAAAAAAAAAAAAAAAAAAAAAAAAAAAAAAAAAAAAAAAAAAAAAAAAAAAAAAAAAAAAAAAAAAAAAAAAAAAAAAAAAAAAAAAAAAAAAAAAAAAAAAAAAAAAAAAAAAAAAAAAAAAAAAAAAAAAAAAAAAAAAAAAAAAAAAAAAAAAAAAAAAAAAAAAAAAAAAAAAAAAAAAAAAAAAAAAAAAAAAAAAAAAAAAAAAAAAAAAAAAAAAAAAAAAAAAAAAAAAAAAAAAAAAAAAAAAAAAAAAAAAAAAAAAAAAAAAAAAAAAAAAAAAAAAAAAAAAAAAAAAAAAAAAAAAAAAAAAAAAAAAAAAAAAAAAAAAAAAAAAAAAAAAAAAAAAAAAAAAAAAAAAAAAAAAAAAAAAAAAAAAAAAAAAAAAAAAAAAAAAAAAAAAAAAAAAAAAAAAAAAAAAAAAAAAAAAAAAAAAAAAAAAAAAAAAAAAAAAAAAAAAAA8fHxAAAAAAAAAAAADw8PAPHx8QAAAAAAAAAAAAAAAAAAAAAAAAAAAAAAAAAAAAAAAAAAAAAAAAAAAAAAAAAAAAAAAAAAAAAAAAAAAAAAAAAAAAAAAAAAAAAAAAAAAAAAAAAAAAAAAAAAAP/3AAABBgAA/wsAAAADAAAAAwAAAAMAAAAEAAAABAAAAAUAAAAFAAAAAAAAAAAAAAAAAAAAAAAAAAYAAAAAAAAA/QAAAAUAAAAFAAAABgAAAAUAAAAEAAAA/wAAAP5rAR7+AAAAAAAAAAAAAAAAAgAAAAAAAAAAAAAAAAAAAAAAAAAAAAAAAAAAAAAAAAAAAAAAAAAAAAAAAAAAAAAAAAAAAAAAAAAAAAAAAAAAAAAAAAAAAAAAAAAAAAAAAAAAAAAAAAAAAAAAAAAAAAAAAAAAAAAAAAAAAAAAAAAAAAAAAAAAAAAAAAAAAAAAAAAAAAAAAAAAAAAAAAAAAAAAAAAAAAAAAAAAAAAAAAAAAAAAAAAAAAAAAAAAAAAAAAAAAAAAAAAAAAAAAAAAAAAAAAAAAAAAAAAAAAAAAAAAAAAAAAAAAAAAAAAAAAAAAAAAAAAAAAAAAAAAAAAAAAAAAAAAAAAAAAAAAAAAAAAAAAAAAAAAAAAAAAAAAAAAAAAAAAAAAAAAAAAAAAAAAAAAAAAAAAAAAAAAAAAAAAAAAAAAAAAAAAAAAAAAAAAAAAAAAAAAAAAAAAAAAAAAAAAAAAAAAAAAAAAAAAAAAAAAAAAAAAAAAAAAAAAAAAAAAAAAAAAAAAAAAAAAAAAAAAAAAAAAAAAAAAAAAAAAAAAAAAAAAAAAAAAAAPHx8QDx8fEA8fHxAPHx8QAAAAAADw8PAA8PDwAAAAAADw8PAAAAAADx8fEAAAAAAAAAAAAAAAAAAAAAAAAAAAAAAAAAAAAAAAAAAAAAAAAAAAAAAAAAAAAAAAAAAAAAAAAAAAAAAAAAAAAAAAAAAAAAAAAAAAAAAGsBHv8AAAD2AAAA+gAAAP8AAAAAAAAAAAAAAAEAAAECAAAAAwAAAAQAAAAAAAAAAAAAAAAAAAAAAAAABQAAAAUAAAAFAAAABAAAAAMAAAACAAAAAgAAAAEAAAH9AAAA/wAAAAAAAAAAAAAAAAAAAAAEAAAAAAAAAAAAAAAAAAAAAAAAAAAAAAAAAAAAAAAAAAAAAAAAAAAAAAAAAAAAAAAAAAAAAAAAAAAAAAAAAAAAAAAAAAAAAAAAAAAAAAAAAAAAAAAAAAAAAAAAAAAAAAAAAAAAAAAAAAAAAAAAAAAAAAAAAAAAAAAAAAAAAAAAAAAAAAAAAAAAAAAAAAAAAAAAAAAAAAAAAAAAAAAAAAAAAAAAAAAAAAAAAAAAAAAAAAAAAAAAAAAAAAAAAAAAAAAAAAAAAAAAAAAAAAAAAAAAAAAAAAAAAAAAAAAAAAAAAAAAAAAAAAAAAAAAAAAAAAAAAAAAAAAAAAAAAAAAAAAAAAAAAAAAAAAAAAAAAAAAAAAAAAAAAAAAAAAAAAAAAAAAAAAAAAAAAAAAAAAAAAAAAAAAAAAAAAAAAAAAAAAAAAAAAAAAAAAAAAAAAAAAAAAAAAAAAAAAAAAAAAAAAAAAAAAAAAAAAAAAAAAAAAAAAAAAAAAAAAAAAAAAAAAAAAAA8fHxAAAAAAAAAAAAAAAAAAAAAAAAAAAAAAAAAA8PDwAAAAAAAAAAAAAAAAAAAAAAAAAAAAAAAAAAAAAADw8PAPHx8QAAAAAAAAAAAAAAAAAAAAAAAAAAAAAAAAAAAAAAAAAAAAAAAAAAAAAAAAAAAAAAAAAAAAAAAAAAAAAAAAAAAAAAAAAAAAAAAAAAAAAAAAAAAGsBHfqV/+L6AAAA+wAAAP4AAAD/AAAAAAAA/wEAAAACAAAAAwAAAAAAAAAAAAAAAAAAAAAAAAAEAAAA/gAAAAIAAAACAAAAAQAAAAEAAAD/AAAA/gAA//0AAAEFlf/iA2sBHv0AAAAAAAAAAAQAAAAAAAAAAAAAAAAAAAAAAAAAAAAAAAAAAAAAAAAAAAAAAAAAAAAAAAAAAAAAAAAAAAAAAAAAAAAAAAAAAAAAAAAAAAAAAAAAAAAAAAAAAAAAAAAAAAAAAAAAAAAAAAAAAAAAAAAAAAAAAAAAAAAAAAAAAAAAAAAAAAAAAAAAAAAAAAAAAAAAAAAAAAAAAAAAAAAAAAAAAAAAAAAAAAAAAAAAAAAAAAAAAAAAAAAAAAAAAAAAAAAAAAAAAAAAAAAAAAAAAAAAAAAAAAAAAAAAAAAAAAAAAAAAAAAAAAAAAAAAAAAAAAAAAAAAAAAAAAAAAAAAAAAAAAAAAAAAAAAAAAAAAAAAAAAAAAAAAAAAAAAAAAAAAAAAAAAAAAAAAAAAAAAAAAAAAAAAAAAAAAAAAAAAAAAAAAAAAAAAAAAAAAAAAAAAAAAAAAAAAAAAAAAAAAAAAAAAAAAAAAAAAAAAAAAAAAAAAAAAAAAAAAAAAAAAAAAAAAAAAAAAAAAAAAAPDw8AAAAAAAAAAAAAAAAAAAAAAAAAAAAAAAAAAAAAAAAAAAAAAAAAAAAAAAAAAAAAAAAAAAAAAAAAAAAAAAAAAAAAAAAAAAAAAAAAAAAAAAAAAAAAAAAAAAAAAAAAAAAAAAAAAAAAAAAAAADx8fEAAAAAAA8PDwAAAAAAAAAAAAAAAAAAAAAAAAAAAAAAAAAAAAAAAAAAAAAAAPsAAAD5AAAA+QAAAPsAAAD8AAAA/gAAAP4AAAD/AAAAAAAAAAAAAAAAAAAAAGvWuQYAAAAGAAAADJUqR/EAAAD/AAAA/AAAAPwAAAD7AAAAAgAA/wEAAAEDAAAA/QAAAAAAAAAABAAAAAAAAAAAAAAAAAAAAAAAAAAAAAAAAAAAAAAAAAAAAAAAAAAAAAAAAAAAAAAAAAAAAAAAAAAAAAAAAAAAAAAAAAAAAAAAAAAAAAAAAAAAAAAAAAAAAAAAAAAAAAAAAAAAAAAAAAAAAAAAAAAAAAAAAAAAAAAAAAAAAAAAAAAAAAAAAAAAAAAAAAAAAAAAAAAAAAAAAAAAAAAAAAAAAAAAAAAAAAAAAAAAAAAAAAAAAAAAAAAAAAAAAAAAAAAAAAAAAAAAAAAAAAAAAAAAAAAAAAAAAAAAAAAAAAAAAAAAAAAAAAAAAAAAAAAAAAAAAAAAAAAAAAAAAAAAAAAAAAAAAAAAAAAAAAAAAAAAAAAAAAAAAAAAAAAAAAAAAAAAAAAAAAAAAAAAAAAAAAAAAAAAAAAAAAAAAAAAAAAAAAAAAAAAAAAAAAAAAAAAAAAAAAAAAAAAAAAAAAAAAAAAAAAAAAAAAAAAAAAAAAAAAAAAAAAAAAAAAAAAAAAAAAAAAAAAAAAAAAAAAAAAAAAAAAAAAAAAAAAAAAAAAAAAAAAAAAAAAAAAAAAAAAAAAAAAAAAAAAAAAAAAAAAAAAAAAAAPDw8A8fHxAA8PDwAAAAAAAAAAAAAAAADx8fEAAAAAAAAAAAAAAAAAAAAAAAAAAAAAAAAA8fHxAAAAAAAAAAAAAAAAAAAAAAAAAAAAAAAAAAAAAAAAAAAAAAAA/gAAAPkAAAD0AAAA9gAAAPcAAAD5AAAA+wAAAPwAAAAAAAAAAAAAAAAAAAAAAAAAAAAAAAAAAAAA/wAA+gEAAPoAAAD5AAAB+AAA//0AAAD/AAABAAAA/wAAAAAAAAAAAAAAAAAEAAAAAAAAAAAAAAAAAAAAAAAAAAAAAAAAAAAAAAAAAAAAAAAAAAAAAAAAAAAAAAAAAAAAAAAAAAAAAAAAAAAAAAAAAAAAAAAAAAAAAAAAAAAAAAAAAAAAAAAAAAAAAAAAAAAAAAAAAAAAAAAAAAAAAAAAAAAAAAAAAAAAAAAAAAAAAAAAAAAAAAAAAAAAAAAAAAAAAAAAAAAAAAAAAAAAAAAAAAAAAAAAAAAAAAAAAAAAAAAAAAAAAAAAAAAAAAAAAAAAAAAAAAAAAAAAAAAAAAAAAAAAAAAAAAAAAAAAAAAAAAAAAAAAAAAAAAAAAAAAAAAAAAAAAAAAAAAAAAAAAAAAAAAAAAAAAAAAAAAAAAAAAAAAAAAAAAAAAAAAAAAAAAAAAAAAAAAAAAAAAAAAAAAAAAAAAAAAAAAAAAAAAAAAAAAAAAAAAAAAAAAAAAAAAAAAAAAAAAAAAAAAAAAAAAAAAAAAAAAAAAAAAAAAAAAAAAAAAAAAAAAAAAAAAAAAAAAAAAAAAAAAAAAAAAAAAAAAAAAAAAAAAAAAAAAAAAAAAAAAAAAAAAAAAAAAAAAAAAAAAAAAAAAAAAAAAAAAAAAAAAAAAAAA8fHxAA8PDwDx8fEAAAAAAAAAAAAPDw8AAAAAAAAAAAAAAAAAAAAAAAAAAAAAAAAAAAAAAAAAAAAAAAAAAAAAAAAAAAAAAAAAAAAAAAAAAAAAAAH5AAD/+AAAAPgAAAHzAAD/9AAAAPX/AAALAQAABwAAAAAAAAAAAAAAAAAAAACVKkf0AAAA9wAAAPMAAAD3AAAA9AAAAPcAAP/5AAAA+gAAAPwAAAD+AAAA/QAAAAAAAAAAAAAAAAQAAAAAAAAAAAAAAAAAAAAAAAAAAAAAAAAAAAAAAAAAAAAAAAAAAAAAAAAAAAAAAAAAAAAAAAAAAAAAAAAAAAAAAAAAAAAAAAAAAAAAAAAAAAAAAAAAAAAAAAAAAAAAAAAAAAAAAAAAAAAAAAAAAAAAAAAAAAAAAAAAAAAAAAAAAAAAAAAAAAAAAAAAAAAAAAAAAAAAAAAAAAAAAAAAAAAAAAAAAAAAAAAAAAAAAAAAAAAAAAAAAAAAAAAAAAAAAAAAAAAAAAAAAAAAAAAAAAAAAAAAAAAAAAAAAAAAAAAAAAAAAAAAAAAAAAAAAAAAAAAAAAAAAAAAAAAAAAAAAAAAAAAAAAAAAAAAAAAAAAAAAAAAAAAAAAAAAAAAAAAAAAAAAAAAAAAAAAAAAAAAAAAAAAAAAAAAAAAAAAAAAAAAAAAAAAAAAAAAAAAAAAAAAAAAAAAAAAAAAAAAAAAAAABOueImAAAgAElEQVQAAAAAAAAAAAAAAAAAAAAAAAAAAAAAAAAAAAAAAAAAAAAAAAAAAAAAAAAAAAAAAAAAAAAAAAAAAAAAAAAAAAAAAAAAAAAAAAAAAAAAAAAAAAAAAAAAAAAAAAAAAAAAAAAAAAAAAA8PDwDx8fEA8fHxAAAAAAAPDw8AAAAAAAAAAAAAAAAAAAAAAAAAAAAAAAAAAAAAAAAAAAAAAAAAAAAAAAAAAAAAAAAAAAAAAAAAAAAAAAAAAAAAAAAA//cAAAD1AAAA9QAA//UAAADzAAAA8QEAAAcAAAACAAAAAAAAAAAAAAAAAAAAAAAAAPP/AAD4AQAA8wAAAfQAAAD2AAD/9AAAAPUAAAD1AAAA+wAA//prAR79AAAAAAAAAAAAAAAABAAAAAAAAAAAAAAAAAAAAAAAAAAAAAAAAAAAAAAAAAAAAAAAAAAAAAAAAAAAAAAAAAAAAAAAAAAAAAAAAAAAAAAAAAAAAAAAAAAAAAAAAAAAAAAAAAAAAAAAAAAAAAAAAAAAAAAAAAAAAAAAAAAAAAAAAAAAAAAAAAAAAAAAAAAAAAAAAAAAAAAAAAAAAAAAAAAAAAAAAAAAAAAAAAAAAAAAAAAAAAAAAAAAAAAAAAAAAAAAAAAAAAAAAAAAAAAAAAAAAAAAAAAAAAAAAAAAAAAAAAAAAAAAAAAAAAAAAAAAAAAAAAAAAAAAAAAAAAAAAAAAAAAAAAAAAAAAAAAAAAAAAAAAAAAAAAAAAAAAAAAAAAAAAAAAAAAAAAAAAAAAAAAAAAAAAAAAAAAAAAAAAAAAAAAAAAAAAAAAAAAAAAAAAAAAAAAAAAAAAAAAAAAAAAAAAAAAAAAAAAAAAAAAAAAAAAAAAAAAAAAAAAAAAAAAAAAAAAAAAAAAAAAAAAAAAAAAAAAAAAAAAAAAAAAAAAAAAAAAAAAAAAAAAAAAAAAAAAAAAAAAAAAAAAAAAAAAAAAAAAAAAAAAAAAAAAAAAAAAAAAAAAAAAA8PDwAAAAAAAAAAAAAAAAAAAAAAAAAAAAAAAAAAAAAAAAAAAAAAAAAAAAAAAAAAAAAAAAAAAAAAAAAAAAAAAAAAAAAAAAAAAAAAAAAAAAAAawEe/pX/4vEAAADwAAAA8QAAAPAAAAEKAAD/BwAAAAEAAAAAAAAAAAAAAAAAAAAAa9a5GQAAAAAAAAAAAAAAAAAAAACVKkd+AAAA8QAAAPAAAAD4AAAB+gAAAAAAAAAAAAAAAAAAAAAEAAAAAAAAAAAAAAAAAAAAAAAAAAAAAAAAAAAAAAAAAAAAAAAAAAAAAAAAAAAAAAAAAAAAAAAAAAAAAAAAAAAAAAAAAAAAAAAAAAAAAAAAAAAAAAAAAAAAAAAAAAAAAAAAAAAAAAAAAAAAAAAAAAAAAAAAAAAAAAAAAAAAAAAAAAAAAAAAAAAAAAAAAAAAAAAAAAAAAAAAAAAAAAAAAAAAAAAAAAAAAAAAAAAAAAAAAAAAAAAAAAAAAAAAAAAAAAAAAAAAAAAAAAAAAAAAAAAAAAAAAAAAAAAAAAAAAAAAAAAAAAAAAAAAAAAAAAAAAAAAAAAAAAAAAAAAAAAAAAAAAAAAAAAAAAAAAAAAAAAAAAAAAAAAAAAAAAAAAAAAAAAAAAAAAAAAAAAAAAAAAAAAAAAAAAAAAAAAAAAAAAAAAAAAAAAAAAAAAAAAAAAAAAAAAAAAAAAAAAAAAAAAAAAAAAAAAAAAAAAAAAAAAAAAAAAAAAAAAAAAAAAAAAAAAAAAAAAAAAAAAAAAAAAA8fHxAAAAAAAAAAAAAAAAAAAAAAAAAAAADw8PAAAAAAAAAAAAAAAAAAAAAAAAAAAAAAAAAAAAAAAAAAAAAAAAAAAAAAAAAAAAAAAAAAAAAAAAAAAAAAAAAAAAAAAAAAAAAAAAAAAAAAAAAAAAAAAAAAAAAAAAAAAAAAAAAAAAAAAAAAAAAAAAAAAAAAAAAAAAAAAA6wAAABIAAAAPAAAACQAAAAYAAAACAAAA/AAAAAAAAAAAAAAAAAAAAAAAAAAAAAAAAAAAAAAAAAAAAAAAAAAAAO0AAADsAAAA9AAAAfcAAP/3AAAAAAAAAAAAAAAAAAAAAAQAAAAAAAAAAAAAAAAAAAAAAAAAAAAAAAAAAAAAAAAAAAAAAAAAAAAAAAAAAAAAAAAAAAAAAAAAAAAAAAAAAAAAAAAAAAAAAAAAAAAAAAAAAAAAAAAAAAAAAAAAAAAAAAAAAAAAAAAAAAAAAAAAAAAAAAAAAAAAAAAAAAAAAAAAAAAAAAAAAAAAAAAAAAAAAAAAAAAAAAAAAAAAAAAAAAAAAAAAAAAAAAAAAAAAAAAAAAAAAAAAAAAAAAAAAAAAAAAAAAAAAAAAAAAAAAAAAAAAAAAAAAAAAAAAAAAAAAAAAAAAAAAAAAAAAAAAAAAAAAAAAAAAAAAAAAAAAAAAAAAAAAAAAAAAAAAAAAAAAAAAAAAAAAAAAAAAAAAAAAAAAAAAAAAAAAAAAAAAAAAAAAAAAAAAAAAAAAAAAAAAAAAAAAAAAAAAAAAAAAAAAAAAAAAAAAAAAAAAAAAAAAAAAAAAAAAAAAAAAAAAAAAAAAAAAAAAAAAAAAAAAAAAAAAAAADx8fEAAAAAAAAAAAAPDw8AAAAAAAAAAAAAAAAAAAAAAPHx8QDx8fEAAAAAAA8PDwAAAAAAAAAAAAAAAAAAAAAAAAAAAAAAAAAAAAAAAAAAAAAAAAAAAAAAAAAAAAAAAAAAAAAAAAAAAAAAAAAAAAAAAAAAAAAAAAAAAAAAAAAAAAAAAAAAAAAAAAAAAAAAAAAAAAAAAAAAAAAAAABrAR75lf/i6AAAAAoAAAAGAAD/AgAAAP0AAAD5AAAAAAAAAAAAAAAAAAAAAJUqSKwAAP/2AAAA8wAAAe4AAP/rAAAA5wAAAekAAADzAAAA9GsBHvsAAAAAAAAAAAAAAAAAAAAABAAAAAAAAAAAAAAAAAAAAAAAAAAAAAAAAAAAAAAAAAAAAAAAAAAAAAAAAAAAAAAAAAAAAAAAAAAAAAAAAAAAAAAAAAAAAAAAAAAAAAAAAAAAAAAAAAAAAAAAAAAAAAAAAAAAAAAAAAAAAAAAAAAAAAAAAAAAAAAAAAAAAAAAAAAAAAAAAAAAAAAAAAAAAAAAAAAAAAAAAAAAAAAAAAAAAAAAAAAAAAAAAAAAAAAAAAAAAAAAAAAAAAAAAAAAAAAAAAAAAAAAAAAAAAAAAAAAAAAAAAAAAAAAAAAAAAAAAAAAAAAAAAAAAAAAAAAAAAAAAAAAAAAAAAAAAAAAAAAAAAAAAAAAAAAAAAAAAAAAAAAAAAAAAAAAAAAAAAAAAAAAAAAAAAAAAAAAAAAAAAAAAAAAAAAAAAAAAAAAAAAAAAAAAAAAAAAAAAAAAAAAAAAAAAAAAAAAAAAAAAAAAAAAAAAAAAAAAAAAAAAAAAAAAAAAAAAAAAAAAAAAAAAAAAAAAA8PDwAAAAAAAAAAAAAAAAAAAAAAAAAAAAAAAAAAAAAADw8PAAAAAADx8fEA8fHxAAAAAAAPDw8AAAAAAAAAAAAAAAAAAAAAAAAAAAAAAAAAAAAAAAAAAAAAAAAAAAAAAAAAAAAAAAAAAAAAAAAAAAAAAAAAAAAAAAAAAAAAAAAAAAAAAAAAAAAAAAAAAAAAAAAAAAAAAAAAAAAAAAAAAAAAAADsAAAABwAAAAIAAAD8AAAA+QAAAPYAAAAAAAAAAAAAAAAAAAAAAAD/4wAAAPcAAADzAAD/7wAAAOkAAADlAAD/8gAAAPMAAAH0AAAAAAAAAAAAAAAAAAAAAAAAAAAB/wD//wAAAAAAAAAAAAAAAAAAAAAAAAAAAAAAAAAAAAAAAAAAAAAAAAAAAAAAAAAAAAAAAAAAAAAAAAAAAAAAAAAAAAAAAAAAAAAAAAAAAAAAAAAAAAAAAAAAAAAAAAAAAAAAAAAAAAAAAAAAAAAAAAAAAAAAAAAAAAAAAAAAAAAAAAEAAAAAAAAAAAAAAAAAAAAAAAAAAAAAAAAAAAAAAAAAAAAAAAAAAAAAAAAAAAAAAAAAAAAAAAAAAAAAAAAAAAAAAAAAAAAAAAAAAAAAAAAAAAAAAAAAAAAAAAAAAAAAAAAAAAAAAAAAAAAAAAAAAAAAAAAAAAAAAAAAAAAAAAEAAAGpqan/AAAAAAAAAAD///8A/v7+AP///wD///8A/v7+AP///wD+/v4A////AP///wD+/v4A////AP7+/gD///8A////AP7+/gAAAAAAAAAAAAAAAAAAAAAAAAAAAAAAAAAAAAAAAAAAAAAAAAAAAAAAAAAAAAAAAABsbGwBWFhY/wAAAAAAAAAAAAAAAAAAAAAAAAAAAAAAAAAAAAAAAAAAAAAAAAAAAAAAAAAA8fHxAAAAAAAAAAAAAAAAAAAAAAAPDw8AAAAAAAAAAAAAAAAAAAAAAAAAAAAAAAAAAAAAAAAAAAAAAAAAAAAAAAAAAAAAAAAAAAAAAAAAAACoqKgBAAAAAAAAAAAAAAAAAAAAAAAAAAAAAAAAAAAAAAAAAACV/+IEAAAAFgAAABkAAAAVAAAAEQAAAA4AAAAHAAAABAAAAAAAAAD8AAAA9gAAAPMAAADuAAAB6wAAAPMAAP/xAAAB8WsBHfsAAAAAAAAAAAAAAAAAAAAAAAAAAAIAAAAAAAAAAAAAAAAAAAAAAAAAAAAAAAAAAAAAAAAAAAAAAAAAAAAAAAAAAAAAAAAAAAAAAAAAAAAAAAAAAAAAAAAAAAAAAAAAAAAAAAAAAAAAAAAAAAAAAAAAAAAAAAAAAAAAAAAAAAAAAAAAAAAAAAAAAAAAAAAAAAAAAAAAAAAAAAAAAAAAAAAAAAAAAAAAAAAAAAAAAAAAAAAAAAAAAAAAAAAAAAAAAAAAAAAAAAAAAAAAAAAAAAAAAAAAAAAAAAAAAAAAAAAAAAAAAAAAAAAAAAAAAAAAAAAAAAAAAAAAAAAAAAAAAAAAAAAAAAAAAAAAAAAAAAAAAAAAAAAAAAAAAFdXVwEAAAAAAAAAAAAAAAAAAAAAAAAAAAAAAAAAAAAAAAAAAAAAAAAAAAAAAAAAAAAAAAAAAAAAAAAAAAAAAAAAAAAAAAAAAAAAAAAAAAAAAAAAAAAAAAAAAAAAAAAAAAAAAAAAAAAAAAAAAAAAAAAAAAAAbGxsAQAAAAAAAAAAAAAAAAAAAAAAAAAAAAAAAAAAAAAAAAAAAAAAAAAAAAAAAAAAAAAAAAAAAAAPDw8ADw8PAA8PDwAPDw8AAAAAAPHx8QAAAAAAAAAAAAAAAAAAAAAAAAAAAAAAAAAAAAAAAAAAAAAAAAAAAAAAAAAAAAAAAAAAAAAAAAAAAAAAAAAAAAAAAAAAAAAAAAAAAAAAAAAAAAAAAAAAAAAAAAAAAGsBHvwAAADpAAAB3gAAANsAAADbAAAA2gAAANwAAADbAAAA2wAAANsAAADcAAAA2wAAAOMAAP/tAAD/7gAAAO9rAR37AAAAAAAAAAAAAAAAAAAAAAAAAAAAAAAAAQAAAAAAAAAAAAAAAAAAAAAAAAAAAAAAAAAAAAAAAAAAAAAAAAAAAAAAAAAAAAAAAAAAAAAAAAAAAAAAABR8AP8QXwAA3CUAAQAAAAAAAAAAAAAAAAAAAAAAAAAAAAAAAAAAAAAAAAAAAAAAAAAAAAAAAAAAAAAAAAAAAAAAAAAAAAAAAAAAAAAAAAAAAAAAAAAAAAAAAAAAAAAAAAAAAAAAAAAAAAAAAAAAAAAAAAAAAAAAAAAAAAAAAAAAAAAAAAAAAAAAAAAAAAAAAAAAAAAAAAAAAAAAAAAAAAAAAAAAAAAAAAAAAAAAAAAAAAAAAAAAAAAAAAAAAAAAAAAAAAAAAAAA/z09AQBgYAEA5uYB/woKAgEQEAEAAAAC//T0AQACAgAAAAAAAAAAAAD29gEAAAAAAAAAAAAAAAABwuL1APD5AAA+FQsAAAAAAAAAAAAAAAAABgb/AAAAAAAAAAAA6uoAAAYG/wAHB/8A8PD+ABcX/gDJyf8A9/f/AcPD/wAAAAAAAAAAAAAAAAAAAAAAAAAAAAAAAAAAAAAAAAAAAAAAAAAAAAAAAAAAAAAAAAAAAAAAAAAAAAAAAAAAAAAAAAAAAAAAAAAAAAAAAAAAAAAAAAAAAAAAAAAAAAAAAAAAAAAAAAAAAAAAAAAAAAAAAAAAAAAAAAAAAAAAAAAAUdz+Asb1AAIfBgEB6vwAAgkCAALu/P8DCAIBAgUBAAIAAAAD+f4AAwIBAAIDAAADAAAAA/v/AAMAAAADAwEAAv3/AAICAQACAAAAAAAAAAD+/wD+/gAA/QQBAPz+/wD8AgEA+/r+APsGAgD7AwAA/P4AAP37/wD9CwIA/9rc3f8BAAAAAAAAAAAAAAAAAAAAAAAAAAAAAAAAAAAAAAAAAAAAAAAAAAAAAAAAAAAAAAAAAAAAAAAAAAAk2wD/8KEAABBfAAAAAAAA3CUAAQAAAAAAAAAAAAAAAAAAAAAAAAAAAAAAAAAAAAAAAAAAAAAAAAAAAAAAAAAAAAAAAAAAAAAAAAAAAAAAAAAAAAAAAAAAAAAAAAAAAAAAAAAAAAAAAAAAAAAAAAAAAAAAAAAAAAAAAAAAAAAAAAAAAAAAAAAAAAAAAAAAAAAAAAAAAAAAAAAAAAAAAAAAAAAAAAAAAAAAAAAAAAAAAAAAAAAAAAAAAAAAAAAAAAAAAAAAAAAAAP89PQEAYGABAAAAAgAODgMA8vIFAAAABAAEBAMA/PwDAPz8Af/8/AEAAAAAAAAAAAAAAAAA+PgAAcPf5wDr+AAAAAAAAAAAAABEGxkA/v4AAAAAAAAAAAAA+fkAAAMD/wD7+/8A+/v+AAIC/AD+/vwAAAD8AAIC/ADV1f4A9/f/AcPD/wAAAAAAAAAAAAAAAAAAAAAAAAAAAAAAAAAAAAAAAAAAAAAAAAAAAAAAAAAAAAAAAAAAAAAAAAAAAAAAAAAAAAAAAAAAAAAAAAAAAAAAAAAAAAAAAAAAAAAAAAAAAAAAAAAAAAAAAAAAAAAAAAAAAAAAAAAAAAAAAAAAAAAt1f8D4Pr/AhMEAQICAAADAAAAAwIBAAMAAAADAgAAA/z/AAQAAAAEAgEAA/z/AAQAAAAEEfPi1u4NHjIAAAADAAAAAwAAAAEAAAABAAAA/gAAAP4AAAD7/v8A+/4AAPoAAAD5BAEA+v7/APoFAQD77/3//CUHAfz3/gD+JAf//wQAAAAAAAAAAAAAAAAAAAAAAAAAAAAAAAAAAAAAAAAAAAAAAAAAAAAAAAAAAAAAAAAAAAAAFHwA/wAAAAAAAAAAAAAAAAAAAAAUfAD/7IQAAQAAAAAAAAAAAAAAAAAAAAAAAAAAAAAAAAAAAAAAAAAAAAAAAAAAAAAAAAAAAAAAAAAAAAAAAAAAAAAAAAAAAAAAAAAAAAAAAAAAAAAAAAAAAAAAAAAAAAAAAAAAAAAAAAAAAAAAAAAAAAAAAAAAAAAAAAAAAAAAAAAAAAAAAAAAAAAAAAAAAAAAAAAAAAAAAAAAAAAAAAAAAAAAAAAAAAAAAAAAAAAAAAAAAAAAAAAAAGBgAQAAAAL/9vYFAQICBwD8/AkABAQJAPr6BwD+/gUAAAACAAICAQD+/gEA/PwAAPz8AAHH4s0A+f4AAAABAAAAAAAAAAAAALzm5wBGHDMA+voAAP7+AAADAwAA/f3/AAAA/QACAvwAAAD5AP7+9wAAAPcA/Pz4ACsr+wDV1f4AAAD/AAAAAAAAAAAAAAAAAAAAAAAAAAAAAAAAAAAAAAAAAAAAAAAAAAAAAAAAAAAAAAAAAAAAAAAAAAAAAAAAAAAAAAAAAAAAAAAAAAAAAAAAAAAAAAAAAAAAAAAAAAAAAAAAAAAAAAAAAAAAAAAAAAAAAAAAAAAAAAAAAAAAAOr8/wEeBgEB/gAAAvn+AAMCAQAD/v8ABPv/AAUCAQAEAQAABf8AAAX7/gAFAgEABf7/AAUAAAAAAAAADgAAAAQAAAADAAAAAQAAAAAAAAD+AAAA/AAAAPsCAQD5AgAAAv7/AP8BAAD+AgEA/fn/AP0RAwEB9f4AAez8/wEkBwD/BAAAAAAAAAAAAAAAAAAAAAAAAAAAAAAAAAAAAAAAAAAAAAAAAAAAAAAAAAAAAAAAACTbAP/woQAAAAAAAAAAAAAAAAAAAAAAAAAAAAAk2wD/3CUAAQAAAAAAAAAAAAAAAAAAAAAAAAAAAAAAAAAAAAAAAAAAAAAAAAAAAAAAAAAAAAAAAAAAAAAAAAAAAAAAAAAAAAAAAAAAAAAAAAAAAAAAAAAAAAAAAAAAAAAAAAAAnHKuCAAAAAYBAAAE/wAAAgAAAP8AAAD/AAAA+wD/APlkj1L6AAAAAAAAAAAAAAAAAAAAAAAAAAAAAAAAAAAAAAAAAAAAAAAAAAAAAAAAAAAAICABAODgBAEMDAcAAgINAAICEAD+/hAA/v4MAAAACf/+/gQA/PwCAP7+AAD+/gEBzOOmAPn9AADy+wAAAP8AAAAAAAAAAQAAAP8AALrkzQBAFloAAAAAAPv7/wAAAP4A/v78AAEB+AD///QABATwAAEB8AD7+wAA/v7/ADc3+wC6ugAAAAAAAAAAAAAAAAAAAAAAAAAAAAAAAAAAAAAAAAAAAAAAAAAAAAAAAAAAAAAAAAAAAAAAAAAAAAAAAABTNRr/AAAAAAAAAAAAAAAAAAAAAAAAAAAAAAAAAAAAAK3L5gEAAAAAAAAAAAAAAAAAAAAAAAAAAAAAAAAAAAAA9v4AAez8/wIIAgEC/P8AAgcAAAT7/wAFBQEABfv/AAYCAQAG/P8ABgIAAAYAAAAGAgEAB+wMHkoCAAAPAAAABAAAAAMAAAAB/v8AAON2zqkAAAAAAAAAAAAAAAAAAAAAAAAAAB+LMiEAAAD8FvTi8O4NHgz1/gABAAAAAAAAAAAEAAAAAAAAAAAAAAAAAAAAAAAAAAAAAAAAAAAAAAAAAAAAAAAAAAAAAAAAAAAk2wD/AAAAAAAAAAAAAAAAAAAAAAAAAAAAAAAAAAAAAAAAAAAk2wD/3CUAAQAAAAAAAAAAAAAAAAAAAAAAAAAAAAAAAAAAAAAAAAAAAAAAAAAAAAAAAAAAAAAAAAAAAAAAAAAAAAAAAAAAAAAAAAAAAAAAAAAAAAAAAAAAnXKuCv8AAAsBAAAI/wAAB/8AAAUA/wAEAAEA/wAAAP4BAAD5/wEA+JxyrvcBAAD1Y45S+QAAAAAAAAAAAAAAAAAAAAAAAAAAAAAAAAAAAAAAAAAAAAAAAP/Q0AIBEhIEAAQECQD4+BAAAgIYAPz8GAAAABP//PwMAAAABwD+/gIA/v4CAc/jeAD5/gAA+v4AAAAAAAAAAQAAAAAAAAAAAAAAAQAAAAAAAMDppgA7EogAAAD/AAAA/QD///oAAAD0AAAA7QD+/ugA/v4AAAAA/AAAAPsA6en9AAAA/QAAAAAAAAAAAAAAAAAAAAAAAAAAAAAAAAAAAABTNRr/AAAAAAAAAAAAAAAAAAAAAAAAAAAAAAAAAAAAAAAAAAAAAAAAAAAAAAAAAAAAAAAAAAAAAAAAAAAAAAAAUzUa/63L5gEAAAAAAAAAAAAAAAAAAAAAAAAAAAAAAAAeBgEB/gAAAfn+AAIBAQACAAAAAwAAAAT9AAAFAgEABgAAAAcEAQAHAAAACAAAAAcAAAAH43bOsQAAAAAAAAAAAAAAAAAAAAAAAAAAAAAAAAAAAAAAAAAAAAAAAAAAAAAfizIvAAAAA/z/AALuDR4T+v4AAf4A/wH2/gAB1fgBAQEAAAAAAAAAAAAAAAAAAAAAAAAAAAAAAAAAAAAAAAAAAAAAAAAAAAAAJNsA/wAAAADwoQAAEF8AAAAAAADwoQAAAAAAABBfAAAAAAAA8KEAABBfAAAAAAAA3CUAAQAAAAAAAAAAAAAAAAAAAAAAAAAAAAAAAAAAAAAAAAAAAAAAAAAAAAAAAAAAAAAAAAAAAAAAAAAAAAAAAAAAAAAAAAAAnHKuAgAAAA8AAAAMAAAAEAAAAA4AAAAKAf8AB/8BAAMAAAAAAAAA/QAAAPoAAAD2AAAA8gD/AO8BAQDvY45S9AAAAAAAAAAAAAAAAAAAAAAAAAAAAAAAAAAAAAAAAAAA/6GhBgD+/goAAAASAPz8GwD+/iD//v4gAP7+GQD+/hAA/v4JAPz8AwHV500A9fwAAPX8AADv+AAAAAAAAAABAAAAAAAAAAAAAAD/AAAAAAAAAAEAAAD/AAA3DrMA///9AAAA+AD+/vAAAADnAAAA4AAAAOAA/PzlAAQE7QDz8/YBnp76AAAAAAAAAAAAAAAAAAAAAAAAAAAAAAAAUzUa/wAAAAAAAAAAAAAAAAAAAAAAAAAAAAAAAAAAAAAAAAAAAAAAAAAAAAAAAAAAAAAAAAAAAAAAAAAAAAAAAAAAAAAAAAAAAAAAAK3L5gEAAAAAAAAAAAAAAAAAAAAAAAAAACvV/wb3/gAE/QAABPr+AAUEAQAG43bO5gAAAAAAAAAAAAAAAAAAAAAAAAAAAAAAAAAAAAAAAAAAAAAAAAAAAAAAAAAAAAAAAAAAAAAAAAAAAAAAAAAAAAAAAAAAH4syPfz/APQAAAD1BwEA9vf+APgAAAD5/gD//Pb+AP0ZBQH+AgAAAAAAAAAAAAAAAAAAAAAAAAAAAAAAAAAAAAAAAAAAAAAAACTbAP8AAAAA8KEAABBfAAAAAAAA8KEAABBfAAAQXwAA8KEAAAAAAAAQXwAA8KEAAAAAAAAk2wD/AAAAAAAAAAAAAAAAAAAAAAAAAAAAAAAAAAAAAAAAAAAAAAAAAAAAAAAAAAAAAAAAAAAAAAAAAAAAAAAAAAAAAJ1yrgEAAAAQAAAAGAEAAB8AAAAhXnpRxAAAACL/AQAhAQAAIQAAACEAAAAgAAAAH156UcMAAAIr08QAACAASURBVAAfAAEAIP8AAB2ccq4RAAAAAAAAAAAAAAAAAAAAAAAAAAAAAAAAAAAAAAAAAAAA/PwCAAQEAwD8/AcA/v4NAAAAEwD+/hkA/v4eAPz8IQD8/CIB2+pNAPr9AAD5/QAA8fkAAAABAAAAAAAAAAAAAAD/AAAA/wAAAAEAAAAAAAAA/wAAAAAAAMnzTQAAACIA/v4gAAAAHQD+/hkA/v4TAAAADAACAgcAAAAEAA0NAgAAAAAAAAAAAAAAAAAAAAAAAAAAAAAAAAAAAAAAAAAAAAAAAAAAAAAAAAAAAAAAABgdIgAAAAAAAAAAAAAAAAAAAAAAAAAAAK3L5gCty+YAGB0iAAAAAAAhP1oAIT9aAAAAAAAAAAAAAAAAAAAAAAAAAAAAAAAAAAAAAAAAAAAAAAAAAAAAAAAAAAAACwMAAAAAAAAAAAAAAAAAAAAAAAAAAAAAAAAAAAAAAAAAAAAAAAAAAAAAAAAAAAAAAAAAAAAAAAAAAAAAAAAAAAAAAAAAAAAAAAAAAB+LMkv+/wABBAEAAAAAAAAAAAAAAAAAAAAAAAAAAAAAAAAAAAAAAAAEAAAAAAAAAAAAAAAAAAAAAAAAAAAAAAAAAAAAAAAAAAAk2wD/AAAAAPChAAAQXwAAAAAAAAAAAAAAAAAAAAAAAAAAAAAAAAAAAAAAAAAAAAAQXwAA8KEAABBfAAAk2wD/3CUAAQAAAAAAAAAAAAAAAAAAAAAAAAAAAAAAAAAAAAAAAAAAAAAAAAAAAAAAAAAAAAAAAAAAAAAAAAAA/wAAEgAAABoA/wAY/wEAFF56UaYAAAAAXnpRmKKFr4v/AQADAAAAAAAAAP1eelF1AAAAAF56UbKiha9ZAAEABwAAAAWccq4CZI5S7QAAAAAAAAAAAAAAAAAAAAAAAAAAAAAAAP/29gEBAgIDAAAABf/+/ggA/v4MAP7+EAD8/BMA/v4VAd/rIwD4/QAA+f4AAPr+AAD9/wAAAQAAAAABAAAAAAAACAcAAPj5AAAA/wAAAAEAAAAAAAAA/wAAAAAAAMrzLgAyCd0AAgIAAAAA8wAAAAwA/v4IAAAABAD8/AIA/v4BAAAAAAAAAAAAAAAAAAAAAAAAAAAAAAAAAAAAAAAAAAAAAAAAAAAAAK3L5gBrUjwA6OPeAAAAAAAAAAAAAAAAAK3L5gAAAAAAa1I8AAAAAAAAAAAAAAAAAAAAAADfwaYAAAAAAAAAAAAAAAAAAAAAAAAAAAAAAAAAAAAAAAAAAAAAAAAACQIA//n/AP/1/QAABAEAAB+LMiH+/wAIAwEACf8AAAoAAAAKAAAAC/7/AAoAAAAKAgEACQAAAAcAAAAE4XXOhwAAAAAAAAAAAAAAAAAAAAAdijJXAAAA/wIBAP/8/wAAAgAA//n/AP8GAgD/+v4AAAAAAAAOAwH/Kwj//wQAAAAAAAAAAAAAAAAAAAAAAAAAAAAAAAAAAAAAAAAAANsDAAC9xgAAMVIAADcAAAAAAAAAAAAAAAAAAAAAAAAAAAAAAAAAAAAAAAAAAAAAAAAAAADZUgAAz8kAAEM6AAABAAAAAAAAAAAAAAAAAAAAAAAAAAAAAAAAAAAAAAAAAAAAAAAAAAAAAAAAAAAAAAAAAAAAAAAAAJxxrg8AAAAYAAAAGQABABcAAAAVooavhF56UXwAAAAAXntRdQAAAAAAAAAAAAAAAAAAAAAAAAAAooavhAAAABoAAAAFAAAAAgEAAP6ccq79ZI5S8AAAAAAAAAAAAAAAAAAAAAAAAAAAAAAAAAD8/AH//PwCAP7+BAD+/gcA/PwJAPz8CgHm7yMA+v0AAPr9AAD6/gAA8foAAAEAAAAAAAAAAP8AAAAAAAAVEQAA6+8AAPj6AAAAAAAAAAAAAAAAAAAA/wAAAAEAAM73IwAyCfUAAAAIAP7+BgACAgQA/v4DAP7+AQACAgAAAAAAAAAAAAAAAAAAAAAAAAAAAAAAAABTNRr/AAAAAAAAAACty+YAa1I8AAAAAAAAAAAAAAAAAAAAAACty+YAAAAAAGtSPAAAAAAA6OPeACE/WgAhIjgAAAAAAK3L5gBTNRoAAAAAAFM1Gv+ty+YBAAAAAAAAAAAAAAAAAAAAAAsCAP/j+gD/AAAA/wcCAP4EAQD+/v8A/gEBAP77/wD/AgAA/wAAAAACAQAAAgEAAQAAAAL+/wAC43bOiwAAAAAAAAAAAAAAAAAAAAAfizJrAAAA9gAAAP/+/wD/AgEA/wIAAP8U9OLb6gweG/7/AAD+AP8ACQIB//f+/wAAAAAAAgAAAAAAAAAAAAAAAAAAAAAAAAAAAAAAAP/eAP//3gD/AAAAAAAAAAAAAAAA2wMAANsDAADwoQAAEF8AAAAAAAAAAAAAEF8AAPChAADbAwAA2wMAAAAAAAAAAAAAAAAAAP/eAP//3gD/AAAAAAAAAAAAAAAAAAAAAAAAAADdgv8DAAAAAAAAAAAAAAAAAAAAAAAAAACccq4FAAEAFgD/ABVeelG5XnpRogAAABZeelF8AAAAAAAAAAAAAAAA8P7rAPD+6wAAAAAAAAAAAAAAAABeelF8AAEAFV56UaJeelG5/wAAFQAAABWdcq4MAAAAAAAAAAAAAAAAAAAAAAAAAAAAAAAA//r6AQD8/AIA/v4CAPz8AwD+/gMB6/EuAPr+AAD5/gAA+v0AAPn8AAAAAAAAAAAAAAAAAAAAAQAAAAAAABUQAAAUEAAABwYAAAAAAAAAAAAAAAAAAAABAAAAAAAAAAAAAM74LgAAAAMAAgIDAP7+AgAAAAEA/f0BAAAAAAAAAAAAAAAAAAAAAAAAAAAAAAAAUzUa/wAAAAAAAAAAAAAAAAAAAAAAAAAA6OPeAAAAAAAAAAAArcvmAAAAAABTNRoAAAAAAOjj3gAAAAAA38GmAN/BpgCMjIwAUzUaABgdIgAAAAAAAAAAAFM1Gv8AAAAAAAAAAAAAAAAAAAAA1/j/AAcCAP8GAgD/+/8A/vv/AP79AAD+/f8A/gQBAP0CAQD+AgEA/v7/AP8AAAD/AAAA/+N2zpAAAAAAAAAAAAAAAAAdijJ3H4sycf7/AP4AAAD+AAAA/QIBAP7+/wD/FPTi0O4NHiQCAAD/AwEA/wgCAf8AAAAAAAAAAAAAAAACAAAAAAAAAAAAAAAAAAAAAAAAAAD/3gD/AAAAAAAAAAC9xgAAMSoAABIQAAAAAAAAAAAAAKgoAADJ8wAA2wMAANsDAADJ8wAAqCgAAAAAAAAAAAAAEhAAADEqAAC9xgAAAAAAAAAAAAD/3gD/AAAAAAAAAAAAAAAAAAAAAAAAAAYAAAAA5Jr//+Sa//8AAAAAnHKuAwD/ABIAAAASAQEAEwAAAAAAAAAAXnpRdwAAAAAAAAAAAAAAAPD+6wDu5PIA7uTyAPD+6wAAAAAAAAAAAAAAAABeelF4AAAAAAAAAAAAAAAUAAAAEwAAAAuccq4KAAAAAOSa///kmv//AAAAAAAAAAAAAAAAAAAAAAD8/AAA/v4BAe7xTQD5/QAA+P0AAPn+AAD6/gAA8/wAAAAAAAAAAAAAAAAAAAAAAAAQCwAAFREAABUQAAAVEQAACAUAAAD/AAAAAQAAAP8AAAAAAAAAAAAAAAAAAM73TQAAAAEAAAABAAAAAAAAAAAAAAAAAAAAAAAAAAAAAAAAAAAAAAAAAAAAAAAAAAAAAAAAAACty+YAUzUaAAAAAAAAAAAAAAAAAK3L5gBTNRoAUzUaABgdIgDo494AAAAAAAAAAAAAAAAArcvmAAAAAAAAAAAAAAAAAAAAAAAAAAAAAAAAAAAAAAAAAAAAAAAAAAAAAAAKAgD/CwIA/woCAP4HAQD+AAAA/f7/AP0AAAD9AAAA/QAAAP0AAAD9AgEA/QAAAP7hdc6aAAAAAAAAAAAAAAAAH4sydhT04okS8+KPAgEA/gAAAP4AAAD//v8A/wIBAP/uDR4uAQAA/wAAAAAAAAAAAAAAAAAAAAAAAAAAAAAAAAQAAAAAAAAAAAAAAAAAAAAA/94A/wAAAAAAAAAAAAAAAAAAAAAAAAAAAAAAAAAAAAAAAAAAAAAAAAAAAAAAAAAAAAAAAAAAAAAAAAAAAAAAAAAAAAAAAAAAAAAAAAAAAAAAAAAAAAAAAAAAAAD/3gD/ASIAAQAAAADdgv8FAAAABwAAAPcAAAAAAAAAAOSa//8AAAAAAAAAAAAAAAAAAAAA6q4AAAAAAAAWUgAAAAAAAAAAAADw/usA7uTyACcirwAAAAAA2d5RAAAcAAAQAhUAAAAAAAAAAADqrgAAAAAAAEgoUaoAAAAAAAAAAAAAAADkmv8AAAAAAAAAAAAAAAAAAAAAAAD4+AAAAgIAAP7+AQHz8ngA+f0AAPr+AAD7/gAA+v0AAO/4AAAAAAAAAAAAAAABAAAA/wAADAcAABUNAAAUEAAAAP8AAAEBAAAB/wAA6/AAAPj5AAAAAQAAAP8AAAABAAAAAAAAAAAAAM74eAAwBloAAAAAAAAAAAAAAAAAAAAAAAAAAAAAAAAAAAAAAAAAAAAAAAAAAAAAAAAAAHR0dADfwaYAAAAAAAAAAACty+YAUzUaACE/WgD33sgAAAAAAAAAAAAAAAAArcvmAFM1GgAAAAAAUzUaAAAAAAAAAAAAAAAAAAAAAAAAAAAAAAAAAAAAAAAAAAAAAAAAAA8DAf/i+v//EwQB/v8AAP4FAQD++f8A/QIBAPwAAAD9AAAA/P7/AP0CAQD9AAAA/AAAAAAAAAAAAAAAAB+LMnIAAAAA7AwecAIBAPsAAAD9/v8A/gAAAP4AAAD/4XXOxh+LMi4AAAAAAAAAAAAAAAAAAAAAAAAAAAAAAAAAAAAAAgAAAAAAAAAAAAAAAP/eAP8AAAAAAAAAAAAAAAC9xgAAMSoAABIQAAAAAAAAAAAAAL3GAAAxKgAAEhAAAAAAAAAAAAAAEhAAADEqAAC9xgAAAAAAAAAAAAASEAAAMSoAAL3GAAAAAAAAAAAAAAAAAAD/3gD/AAAAAAAAAAYAAAAGAAAAABxmAQEAAAAAAAAAAPnoAAAAAAAAAAAAAAAAAAAWUgAAFlIAAAAAAAAAAAAA8P7rAO7k8gAnIq8AAAAAAAAAAAAnIq8A7uTyAPD+6wAAAAAAAAAAABZSAAAWUgAAAAAAAAAAAAAAAAAA+egAAAAAAAAAAAAAHGYBAQAAAAAAAAAAAAAAAAD8/AAB8/OmAPn/AAD6/gAA+f0AAPn8AAD5/QAA/gAAAAABAAAAAAAAAP8AAAYFAAAUDQAAFQ0AABUQAAAVEAAAFRAAABURAAAVEAAACAYAAAAAAAAAAAAAAP8AAAAAAAAAAAAAAAAAAND5pgAAAAAAAAAAAAAAAAAAAAAAAAAAAAAAAAAAAAAAAAAAAAAAAAAAAAAhP1oAAAAAAAAAAAAAAAAArcvmAFM1GgAAAAAAAAAAAAAAAADo494AAAAAAK3L5gBTNRoAAAAAAAAAAAAAAAAAGB0iAAAAAAAAAAAAAAAAAAAAAAAAAAAAAAAAAAAAAAAAAAAAKwj//woCAP8LAgD/CgIA/gAAAP38/wD9/P8A/QAAAPwAAAD8AgEA+/7/APvhdc6rAAAAAB+LMmMdijJp/v8A+wAAAPwAAAD8AAAA/f7/AP4CAQD/AAAAAON2zrsAAAAA/P8AAAAAAAAAAAAAAAAAAAAAAAAAAAAAAAAAAAAAAAAEAAAAAAAAAAD/3gD/AAAAAAAAAAAAAAAAAAAAAAAAAAAAAAAAAAAAAAAAAAAAAAAAAAAAAAAAAAAAAAAAAAAAAAAAAAAAAAAAAAAAAAAAAAAAAAAAAAAAAAAAAAAAAAAAAAAAAAAAAAAAAAAAAAAAAAAAAAD+3AX/36YAEQAAAAUAAAAAAAAAABxmAQHkmv//BxgAAPnoAAAHGAAAAAAAAAAAAAAAAAAAAAAAAAAAAAAAAAAAAAAAAAAAAAAAAAAAAAAAAAAAAAAAAAAAAAAAAAAAAAAAAAAAAAAAAAAAAAAAAAAAAAAAAPnoAAAHGAAAAAAAALjYrwgAAAAAAAAAAAAAAAAAAAAAAfX1zQD+/wAA+fwAAPn9AAD6/QAA+f4AAPD5AAAAAQAAAP8AAAAAAAACAgAAFg0AABUNAAAUDgAAFRAAAAEAAAD/AQAA/wAAAP8AAAD/AAAA7PAAAPj5AAAAAQAAAAAAAAAAAAAA/wAAAAAAAND6zQArARkAAAAAAAAAAAAAAAAAAAAAAAAAAFM1Gv8AAAAAAAAAAAAAAACMjIwAa1I8AAAAAAAAAAAAAAAAAAAAAAAAAAAA6OPeAAAAAACty+YAAAAAAAAAAAAAAAAAAAAAAAAAAAAAAAAA6OPeAAAAAAAAAAAAAAAAAAAAAAAAAAAAAAAAAAAAAACv1N4AJiQj/+L6//8TBAH+/wAA/v4A//0A/wH9AAEA/Pz/APwCAAD743bOuwAAAAAAAAAA4XXOnQAAAAAAAAAAAAAAAAAAAAAAAAAAAAAAAAAAAAAAAAAAAAAAAAAAAAAEAQD/+/8AAAIAAAAAAAAAAAAAAAAAAAAAAAAAAAAAAAIAAAAA/94A/wAAAAAAAAAAAAAAAAAAAAC9xgAAMSoAABIQAAAAAAAAAAAAAAAAAAAAAAAAAAAAAAAAAAAAAAAAAAAAAAAAAAAAAAAAAAAAAAAAAAAAAAAAAAAAABIQAAAxKgAAvcYAAAAAAAAAAAAAAAAAAP/+BAAfVBbvAAAABQAAAAAAAAAAnHKuBLjYrxUAAAAABxgAAPnoAAAAAAAA6q4AAOquAADqrgAAAAAAABACFQASHA4A2d5RAAAAAAAAAAAA2d5RABIcDgAQAhUAAAAAAOquAADqrgAA6q4AAAAAAAD56AAABxgAAAAAAAC52K8eAAAABQAAAAAAAAAAAAAAAAHz8+cAAAAAAPn+AAD6/gAA+f0AAPn9AAD5/QAAAAEAAAD/AAAAAQAAAAEAABUNAAAVDgAAFQ8AABUNAAAVEQAAFBAAABUQAAAWEQAAFRAAABUQAAAUEAAACAcAAAD/AAAAAAAAAAEAAAABAAAAAQAAAAAAANX/5wAAAAAAAAAAAAAAAAAAAAAAAAAAAAAAAAAAAAAhP1oAAAAAAAAAAAAAAAAA6OPeAFM1GgCty+YArcvmAAAAAAAhP1oAAAAAAAAAAABTNRoAAAAAAAAAAAAAAAAArcvmAAAAAAAYHSIAAAAAAAAAAACty+YBAAAAAAAAAAAAAAAAAAAAAAAICv8rCP//CgIA/wsCAP/y/f/+CAIB/v4A//0DAAD8FvTi1uN2zswAAAAAAAAAAAAAAAAAAAAAAAAAAAAAAAAAAAAAAAAAAAAAAAAAAAAAAAAAAAAAAAAAAAAAH4syNwAAAP8CAAD/AgEA/wQBAP8AAAAA/wAAAAAAAAAAAAAABAAAAAAAAAAAAAAAAAAAAAAAAAAAAAAAAAAAAAAAAAAAAAAAAAAAAAAAAAAAvcYAADEqAAASEAAAAAAAAAAAAAAAAAAAAAAAABIQAAAxKgAAvcYAAEM6AAAAAAAAAAAAAAAAAAAAAAAAAAAAAAAAAAD//wIAAP8EAP/+BAAAAAAEAAAAAAAAAAAAAAAFAAAABgAAAAAAAAAABxgAAPnoAAAHGAAAAAAAABZSAAAAAAAAAAAAABACFQAAHAAA2d5RAAAAAAASHA4AEAIVAAAAAAAAAAAAFlIAAOquAAAAAAAA+egAAAcYAAAAAAAAAAAAAAAAAAUBAAAFnHGuAWSPUv8B7e32AAAAAAD8/gAA+v0AAPn9AAD6/gAA+v4AAPL7AAAA/wAAAAAAAAD/AAATDAAAFA4AABUNAAAUDQAAEgwAABURAAAAAAAAAAEAAAAAAAAA/wAAAQAAAAEAAAABAAAA6/AAAPj5AAAAAAAAAAAAAAAAAAAAAAAAAAAAAND69gAAAAEAAAAAAAAAAAAAAAAAAAAAAAAAAAAAAADfwaYAAAAAAOjj3gAAAAAAAAAAAFM1GgAAAAAA38GmACE/WgAAAAAAAAAAAAAAAAAAAAAAGB0iAFMAAAAAAAAA6OPeABgdIgAAAAAArcvmAQAAAAAAAAAAAAAAAAAAAAAAAAAAAAAAAPX+AQAPAwD/4vr//woCAP/4/v/+CQIB/f0AAP0AAAAAHYoyKQAAAAoCAQAJAAAACgAAAAgAAAAIAAAABQAAAAQAAAABAAAA//7/APzjds6lAAAAAB+LMkEAAAD+AQAA/gIBAP4AAAD+9/4A/wcBAP8JAgD/DgIB/wAA/wAC/94A/wAAAAAAAAAAAAAAAAAAAAC9xgAAMSoAABIQAAAAAAAAAAAAAAAAAAAAAAAAAAAAAAAAAAAAAAAAAAAAAAAAAAAAAAAAAAAAAAAAAAAAAAAAAAAAAAAAAAAAAAAAEhAAADEqAAC9xgAAAAAAAAD/AwD//gQAAP8EABxNKdsAAAAAAAAAAAEAAAQAAAAEuNivMAAAAAAAAAAABxgAAAAAAAAWUgAAAAAAAAAAAADqrgAAAAAAABACFQASHA4AEhwOABACFQAAAAAA6q4AAAAAAAAAAAAAFlIAAAAAAAAHGAAAAAAAAAAAAAC42K84/wAABf8AAAUAAQADAAAAAAAQIQAABBcAAPsRAAD6DAAA+QgAAPkEAADw+wAAAQEAABQQAAAnHwAAOi4AADoxAAA1LwAALC0AACgsAAAkLAAAvMAAAMDGAADEygAAydAAAMzVAADR2QAA1N8AAOPqAAD4+gAAAAEAAAABAAAAAQAAAAEAAAABAAAAAQAAAAAAAAAAAAAAAAAAAAAAAAAAAAAAAAAAAAAAAAAAAAAAAAAAAAAAAAAAAAAAAAAAAAAAAAAAAAAAAAAYHSIA38GmAAAAAABTNRoArcvmAAAAAADo494AGB0iAAAAAAAAAAAAAAAAAAAAAAAAAAAAAAAAAAAAAAAAAAAAAAAAAAAAAAAAAAAAut7n/ysI//8KAgD/FAQB/hQEAf3/AAD9+P7//OoMHhsDAQD6AgEA+QAAAPn+/wD4AAAA+QAAAPkAAAD6AAAA+wAAAPwAAAD843bOpQAAAAAfizJIAAAA/AEAAP3/AAD+/v8A/gMAAP4EAQD/7/3//wsCAP/5/wAAr9TeAAQAAAAAAAAAAAAAAAAAAAAAAAAAAAAAAAAAAAAAAAAAAAAAAAAAAAAAAAAAAAAAAAAAAAAAAAAAAAAAAAAAAAAAAAAAAAAAAAAAAAAAAAAAAAAAAAAAAAAAAAAAAAAAAAAAAAAAAAAAAAAAAAAAAAAA//8DAAD/AwD//wMAAP8DAAAAAAAAAAAA/wAAAgEAAAP/AAADuNivRUgoUbsAAAAAAAAAAAAAAAAAAAAA6q4AANK/2gAAvwAAAAAAAOYZ1QAAAAAAGucrAAAAAAAAAAAALgAmABZSAAAAAAAAAAAAAAAAAAAAAAAAuNivTAAAAAQBAAACAAAAA/8AAAMAAAD8APHgCgAKHPYA+/0AAPv8AAD7/AAA/P0AAA4KAADu8wAA7PAAAP3+AAD8/gAA/f4AAPz9AAD8/QAA/f8AAPz9AAD2+gAA9vkAAPf5AAD2+QAA9voAAPb6AAD6+wAAAAAAAAAAAAAAAAAAAAAAAAAAAAAAAAAAAAAAAAAAAAAwBgoAxQAAAAAAAAAAAAAAAAAAAAAAAAAAAADfwaYArcvmAFM1GgAAAAAAAAAAABgdIgAAAAAAAAAAAOjj3gAAAAAAAAAAAAAAAAAAAAAArcvmAFM1GgAAAAAAGB0iAOjj3gDo494AAAAAAAAAAAAAAAAAAAAAAAAAAAAAAAAAAAAAAADw7AAAEBQAr9TeACYkI//i+v//CgIA/wAAAP4NAwH8+/8AAvv/APwEAQD7AAAAAwIBAAMAAAADEvPiuewMHlACAQAAAAAAA+F1zqgAAAAAAAAAAAAAAPwAAAD8/wAA/RLz4tjqDB4b+/8A/vz/AP4GAQD/5fsA/wsCAAAACAr/AgAAAAAAAAAAAAAAAAAAAAAAAAAAAAAAAAAAAAAAAAAAAAAAAAAAAAC9xgAAMSoAABIQAAAAAAAAAAAAAAAAAAAAAAAAAAAAAAAAAAASEAAAMSoAAL3GAAAAAAAAAAAAAAAAAAAAAAAAAAAAAAAAAAAA/wIAAAACAAD/AgD//wMAAAAAAAAAAAABAAAC/wAAAQAAAAIBAAAAAAAAAAAAAAAAAAAA6q4AALxt2gDSv9oAAAAAAAAAAAAuQSYAAAAAAAAAAAAuQSYAAAAAAAAAAADSv9oAvG3aAOquAAAAAAAAAAAAAAAAAAAAAAACAQAAAf8AAAL/AAABAAAAAQAAAAAA/v4AAPTiGQAHBQAABwUAAAcGAAAHBQAABwUAAAsIAAAAAQAA7/IAAOvuAADq7gAA6u8AAOrvAADq7gAA6u8AAPf5AAD3+gAA9voAAPf5AAD3+QAA9/oAAAAAAAAAAAAAAAAAAAAAAAAAAAAAAAAAAAAAAAAAAAAAKwEZAAAAAAAAAAAAAAAAAAAAAAAAAAAAAAAAAAAAAAAAAAAAAAAAAAAAAAAAAAAYHSIAAAAAAOjj3gDo494ArcvmAK3L5gAAAAAAAAAAAFM1GgAAAAAAAAAAAOjj3gDo494AGB0iAAAAAAAAAAAAAAAAAAAAAAAAAAAAAAAAAAAAAAAAAAAAAFgu/wAAAAAACAr/Kwj//woCAP8UBAH+FAQB/fv/AP76/gD9AAAA/AAAAPsAAAD8/v8A/AAAAPzsDB5FAAAA/AAAAPz+/wD8AAAAAAAAAAAfizJI/v8A+wAAAPwBAAD7AAAAAP7/AP3+AAD9CQIA/hQEAf78//8AKwj//wAAAAAEAAAAAAAAAAAAAAAAAAAAAL3GAAAxKgAAEhAAAAAAAAAAAAAAAAAAAAAAAAAAAAAAAAAAAAAAAAAAAAAAAAAAAAAAAAAAr6I5kQAAIABJREFUAAAAAAAAAAAAAAAAAAAAAAAAAAAAAAAAAAAAAAAAABIQAAAxKgAAvcYAAEE1AgD//wIAAAACAAD/AgAAAAAAAAAAAP8AAAEBAAAA/wAA//8AAAG42K9ZAQAAHBnnK4sAAAAAAAAAAAAAAAAAAAAALkEmAAAAAAAAAAAAAAAAAAAAAAAuQSYA0r/aAAAAAAAAAAAA0r/aAAAAAADmGdV7AAAA5QAAAAEAAAABAQAAAP8AAAAAAAAAAAAAAAAAAAAAAAAAAPXiNAAHGswA+/0AAPr8AAAH/AAACQYAAPX5AAAAAAAA8vYAAPz+AAD9/gAA/f0AAP39AAD9/gAA+PoAAPb5AAD2+QAA9vkAAPb5AAD7/AAAAAAAAAAAAAAAAAAAAAAAAAAAAAAAAAAAAAAAADIINAD5+QAAAAAAAAAAAAAAAAAAAAAAAAAAAK3L5gFTNRr/AAAAAFM1GgAYHSIAAAAAAAAAAADo494AAAAAAK3L5gAAAAAAUzUaAAAAAAAAAAAAIT9aAFMApgCty+YAUzUaAAAAAAAAAAAAGB0iAOjj3gAAAAAAAAAAAAAAAAAAAAAAAAAAAAAAAAAAAAAAAPDsAAAQFAAAAAAAFgQB/+D6//8MAgH/AAAA/gcCAP4EAQD9+/8A/gAAAP0CAQD9AAAA/QMBAP3/AAD9AAAAAuN2zq8AAAAAAAAAAAAAAPsCAQD6AAAA+v3/APvxDR4cAP4A/AcBAP73/gD+6/z//xkFAf+v1N0AAAgKAAA0gst9AgAAAAAAAAAAAAAAAAAAAAAAAAAAAAAAAAAAAAAAAAAAAAAAAAAAAAAAAAAAAAAAAAAAAAAAAAAAAAAAAAAAAAAAAAAAAAAAAAAAAAAAAAAAAAAAAAAAAAAAAAAAAAAAAAAAAAAAAAAAAAAAAAD/AQAAAAEAAP8BAAD/AQAAAAEAAAAAAAAAAAABAAD+AAAA/wAAAP8AAAD+AQAA/f8AAPfmGdWGAAAAAAAAAAAuQSYALkEmAAAAAAAAAAAAAAAAAAAAAAAAAAAAAAAAAC5BJgAuQSYAAAAAAAAAAADmGdWLAQAA9gD/AP4BAAD+AAAA/v8AAP8AAAD+AP8AAAAAAAAAAAAAAPf3AAD+/v8A9uFbAAcEAAAIBQAABwUAAAcFAAAPCgAAAAEAAAAAAAD29wAA6e4AAOrvAADp7wAA6u0AAPb5AAD3+QAA9/kAAPb6AAD3+QAAAAAAAAAAAAAAAAAAAAAAAAAAAAAAAAAAAAAAADIIWwAAAP8AAAAAAAAAAAAAAAAAAAAAAAAAAAAAAABTNRr/AAAAAAAAAAAAAAAA6OPeAAkiOAAJIjgAIT9aAK3L5gAAAAAAUzUaAAAAAAAYHSIAIT9aAN/BpgAAAAAAAAAAAAAAAAAAAAAA6OPeAOjj3gAAAAAAUzUa/wAAAAAAAAAAAAAAAAAAAAAAAAAAAAAAAAAAAAAAAAAAr9TeAPn/AAAAAAAA/gD/AAYCAP8EAQD/+/8A//z/AP8BAAD//v8A/wAAAP//AAD/AAAA/+F1zrIAAAAAAAAAAAAAAAAAAAD6/v8A+wEAAPsCAQD7AAAA/AsDAP35/wD+BgIA/woCAP8rCP//AAgK/wDw7AAEAAAAAAAAAAAAAAAAAAAAAAAAAAAAAAAAAAAAAAAAAAAAAAAAAAAAAAAAAAAAAAAAAAAAAAAAAAAAAAAAAAAAAAAAAAAAAAAAAAAAAAAAAAAAAAAAAAAAAAAAAAAAAAAAAAAAAAAAAAAAAAAAAAABAAD/AQAAAAEA/wABAAD/AQAAAAAAAAAAAP8AAP0BAAD+AQAA/gAAAP7/AAD9AAAA90goUXoAKAAAAAAAAAAAAAAAAAAAAAAAAPnoAAAAAAAAAAAAAPnoAAAHGAAAAAAAAAAAAAAuQSYAAAAAAC4AJnW52K9sAAEA/f8AAP0AAAD9AAAA/QAAAP8BAQD9AAAAAAAAAAAAAAAAAP39AQD+/gAA9+GKAAYbdgAIBgAA+/wAAPv9AAACAAAA/v8AAAABAAD5+wAA6u4AAPz9AAD+/QAAEQkAAPb5AAD3+gAA9vkAAP7/AAAAAAAAAAAAAAAAAAAAAAAAAAAAAAAAAAAyCIoAAAAAAAAAAQAJCQAA/PwAAAAAAAAAAAAAAAAAUzUa/wAAAAAAAAAAAAAAAAAAAAAhP1oA38GmAAAAAACty+YAAAAAAFM1GgAYHSIAAAAAAAAAAAAAAAAAAAAAAAAAAABTNRoArcvmAFM1GgAAAAAAAAAAAAAAAAAAAAAAUzUa/63L5gEAAAAAAAAAAAAAAAAAAAAAAAAAAAAAAABRLCIA3PkAAAAAAAAAAAAA+v4AAQECAAEFAQABAAAAAf8AAAH+AAABAgAAAAAAAAAAAAD+AAAAAAAAAAAAAAAAH4syPwAAAPoCAQD6AAAA+gEAAPz3/gD8CQIA/f7/AP3u/f/+GQUB/6/U3QAACAoAAFgu/wQAAAAAAAAAAAAAAAAAAAAAAAAAAAAAAAAAAAAAAAAAAAAAAAAAAAAAAAAAAAAAAAAAAAAAAAAAAAAAAAAAAAAAAAAAAAAAAAAAAAAAAAAAAAAAAAAAAAAAAAAAAAAAAAAAAAAAAAAAAAAAAAAAAP8AAAH/AAAA/wAAAAAAAAAAAAAAAAAAAAAAAQAA/v8AAPwBAAD8/wAA/AAAAPoA/wD6AAAAAAAAAAAAAAAAAAAAAAAAAAD56AAABxgAAADwAAAAAAAABxgAAPnoAAAHGAAAAAAAAAAAAAAAAAAAAAAAAAAAAPoAAAD7AAAA+wAAAPwAAAD9AAAA/P//AP0AAAAAAAAAAAAAAAAA/v7/AP7+AAAAAP8A/OS1AAcZSwD6BgAA+/0AAA8LAADv9AAAAAAAAAD/AAD8/QAA6+8AAP7+AAAHAwAA9/oAAPb5AAD4+gAAAAAAAAAAAAAAAAAAAAAAAAAAAAAAAAAAMgi1AP7+/wACAgAAAAD/APf3AAAFBQAAAAAAAAAAAAAAAAAAAAAAAAAAAAAAAAAAAAAAAAAAAIyMjAAAAAAAAAAAAFM1GgAAAAAAGB0iAAAAAADo494AIT9aAN/BpgAAAAAAAAAAAAAAAABTNRoAAAAAACE/WgAAAAAA38GmAAAAAAAAAAAAAAAAAAAAAAAAAAAAAAAAAAAAAAAAEBQAAAAAAAAAAADq/P8BHgYBAQAAAAH0/gAC+f4AAhH14ujuDR4iAAAAAwIAAAL+/wACAgEAAOF1zroAAAAAAAAAAB+LMkEAAAD7AAAA+gAAAPoCAAD7/QAA+/4A//0AAAH9EgQA/v78AP8rCP//2ggK/wDw7AAAAAAAAgEiAAEAAAAAAAAAAAAAAABDOgAAz9YAAO7wAAAAAAAAAAAAAAAAAAAAAAAAAAAAAAAAAAAAAAAAAAAAAAAAAAAAAAAAAAAAAAAAAAAAAAAAAAAAAAAAAAAAAAAAAAAAAAAAAADu8AAAz9YAAEI6AAAAAAAAAAAAAAEA/wDlt80xAAAAAAAAAAD/AAD7AAAA+wAAAPsAAAD6AQAA+kgpUaMAAAAAAAAAAAAAAAAAAAAA+egAAAcYAAAAAAAAAAAAAAAAAAAAAAAABxgAAPnoAAAAAAAAAAAAAAAAAAAAAAAARyhRmgD/APkBAAD6AQAA+gEAAPsBAAD7ZI9S/gAAAAAAAAAAAPn5AAD9/QAA///+AP///gD+/v4A/uXUAAcEAAAIBQAABwUAAAQDAAAAAAAAAAEAAAAAAAD/AAAA7PEAAPf5AAD2+QAA9vkAAAAAAAAAAAAAAAAAAAAAAAAAAAAAAAAAADII1AAAAP4AAgL+AP7+/gD+/gAAAwP/AAAAAAAAAAAAAAAAAAAAAAAAAAAAAAAAAAAAAAAAAACty+YAAAAAAFM1GgBrUjwAGB0iABgdIgAAAAAA6OPeAAAAAADfwaYAAAAAAAAAAACty+YArcvmAK3L5gCty+YA38GmAAAAAAAhP1oAAAAAAAAAAABTNRr/AAAAAAAAAAAAAAAAAKjSAQAAAABRJBgB3PkBAfb+AAHs/P8C7Pz/AwUBAAIGAgAD7g0eHvz/AAQAAAADAgEAAwIBAAHhdc6/AAAAAAAAAAAAAAAA/v8A+v7/APoAAAD6AAAA+vv/APv+/wD8FAQB/PX+//7i+v//DwMB/6/U3gAAAAAAAFgu/wAAAAACAAAAAAAAAAAAAAAAAAAAAAAAAAAAAAAAAAAAAAAAAAAAAAAAAAAAAEM6AADP1gAA7vAAAAAAAAAAAAAAAAAAAAAAAAAAAAAAAAAAAO7wAADP1gAAQzoAAAAAAAAAAAAAAAAAAAAAAAAAAAAAAQH/AAAB/gAAAf4AAAH+AAAAAP4AAAAAAAAAAGSOUvoAAAD6/wAA+QEAAPj/AAD4AAAAAAAAAAAAAAAAAAAAAPnoAAAHGAAAAAAAAAAAAAAAAAAAAAAAAAAAAAAAAAAABxgAAPnoAAAAAAAAAAAAAAAAAAAAAAAAAAEA+P8AAPn/AAD5/wAA+P//APoAAAAAAAAAAADs7AAAAgL/AP7+/gD+/v0A/v77AAAA+QAAAPgABOngAAcFAAAHBQAADgoAAAAAAAAA/wAAAAAAAAAAAAAAAAAA9vkAAPb5AAD6/AAAAAAAAAAAAAAAAAAAAAAAAAAAAAAyCOAAAAD3AAAA+AAAAPoAAAD8AAIC/QACAv8A/v4AAAAAAAAAAAAAAAAAAAAAAAAAAAAAAAAArcvmAFM1GgBrUjwAGB0iAOjj3gDo494A6OPeAOjj3gAAAAAArcvmACE/WgAhP1oAIT9aAFM1GgBrUjwAa1I8AAAAAACty+YAjIyMAAAAAAAhP1oAAAAAAAAAAAAAAAAAAAAAAAAAAAAAEBQAAPj2AdX4AQHg+v8CEwQBAgsCAQIEAQED/v8ABAMAAAQFAQAEBQEABAAAAAMAAAACAAAAAQAAAAAAAAAAAAAAACCLMjsCAQD6AwEA+f7/APoAAAD7AgEA/P4AAP33/gD+FAQB/goCAP8rCP//AAgK/wDw7AAAAAAAAAAAAAQAAAAAASIAAf/eAP8AAAAAAAAAAEM6AAC9xgAAMSoAABIQAAAAAAAAAAAAAAAAAAAAAAAAAAAAAAAAAAAAAAAAAAAAAAAAAAAAAAAAAAAAAAAAAAAAAAAAAAAAAAAAAADu8AAAz9YAAEM6AAAAAAAAAAD+AAEB/wDisdwhAAAADQAAAAAAAAAAAAAAAAAAAPgAAAD4//8ABwABAAYAAAAAAAAAAAAAAAD56AAABxgAAAAAAAAAAAAAAAAAAAAAAAAAAAAAAAAAAAAAAAAAAAAABxgAAPnoAAAHGAAAAAAAAAAAAAAAAAD2AAAA9wEAAPj/AAD5AQEA+QAAAAAAAAAAAAQE/wD8/P4ABAT7AP7++AD+/vQAAADwAAAA7QAAAAAABur1AAcTKwD6/QAADgkAAPL2AAAAAAAAAP8AAAAAAAD2+QAA9/kAAAAAAAAAAAAAAAAAAAAAAAAAAAAAMgjVAAAA9wD+/u4AAgLxAAAA9AACAvgAAAD8AAQE/gAAAP8AAAAAAAAAAAAAAAAAAAAAAAAAAAAAAABTNRoAAAAAAOjj3gAAAAAAAAAAAAAAAAAAAAAAAAAAAAAAAAAAAAAAjIyMAFM1GgAAAAAAAAAAAOjj3gAYHSIAa1I8AAAAAADo494A38GmACE/WgAAAAAAAAAAAAAAAAAAAAAAAAAAAAAAAABRLCIAxvX/AR4GAQH+AAAC+/8AAwQAAAP+AAAE/wAABf7/AAX/AAAEAQAAA/8AAALhdc7DAAAAAAAAAAAdijI7/wAA+gEAAPn/AAD6/gAA+vz+APsLAwD7AAAA/P4AAP3i+v//GQUB/6/c5/8AAAAAAFgu/wAAAAAAAAAABAAAAAAAAAAAASIAAf/eAP8AAAAAAAAAAAAAAAAAAAAAAAAAAAAAAAAAAAAAAAAAAAAAAAAAAAAAAAAAAAAAAAAAAAAAAAAAAAAAAAAAAAAAAAAAAAAAAAAAAAAAAAAAAAAAAAAAAAAAAAAAAAAAAAABAf4A4KzpFAAAAAsAAAD9AAAAAAAAAAAAAAAAZI5S+JxyrvcAAQAGSChR2AAAAAAAAAAA+egAAAcYAAAAAAAAAAAAAAAAAAD56AAAIDJSAAAAAAD53v8ABxgAAAAAAAAAAAAABxgAAPnoAAAHGAAAAAAAAEgoUcO42K8mAAAA9wAAAPhjjlL/AAAAAAAAAAAABwf/APf3/AD+/vkAAAD0AAIC7QD+/ucAAAAAAAAA8gAAAAgADO3hAPoPSgD8/AAAAAEAAAAAAAAAAAAAAAAAAPf6AAD8/gAAAAAAAAAAAAAAAAAAAAAAADIItgAAAP0AAAD4AAIC8AAAAOcA/v7tAAIC9AD+/vkAAAD9APX1/gAAAAAAAAAAAAAAAAAAAAAAAAAAAAAAAAAAAAAAAAAAAAAAABgdIgAAAAAAAAAAAAAAAAAAAAAA6OPeAFM1GgCty+YArcvmAAAAAAAAAAAAAAAAAADL5gBTNRoAGB0iABgdIgDo494A38GmAAAAAAAAAAAAAAAAAAAAAAAAAAAAUSQYAdz5AQH2/v8B7vwAAgAAAAMHAgAE+v4ABQQBAAUAAAAFAAAABQIBAAT/AAAD4XXOxgAAAAAAAAAAH4syOQAAAPwAAAD6/wAA+gAAAPkFAQD6EfTi6AAAAADoCx4J9P7//iAGAf7T4+f/AAAAAABIGv8AAAAAAAAAAAAAAAAEAAAAAAAAAAAAAAAAASIAAf/eAP8AAAAAQzoAAL3GAAAxKgAAEhAAAAAAAABDOgAAvcYAADEqAAASEAAAAAAAAAAAAAAAAAAA7vAAAM/WAABDOgAAAAAAAAAAAADu8AAAz9YAAEM6AAAAAAAAAAAAAN+n+AUAAAALAAAA/AAAAPwAAAAAAAAAAAAAAAAAAAAAAAAA9kgoUfAAAAAAAAAAAPnoAAAHGAAAAAAAAAAAAAAAAAAA+egAAN8iAQAxKgAAAAAAAM8AAQAh3v8ABxgAAAAAAAAAAAAABxgAAPnoAAAHGAAAAAAAAEgoUdq42K8OZI5S+AAAAAAAAAAAAAAAAADw8P4ABwf8AAAA+AAAAPAAAADoAAAAAAAAAPMAAAAMAAAABQAAAAMAEvHVAPwKdQAPCgAA8fUAAAAAAAAAAQAA9vkAAAAAAAAAAAAAAAAAAAAAAAAyCIsAAAD/AAAA/QAAAPoAAAD0AAAA7QACAugA/v7wAP7+9wAEBPsABAT/AAAAAAAAAAAAAAAArcvmAVM1Gv8AAAAAAAAAAAAAAAAYHSIA6OPeAK3L5gAAAAAAAAAAAAAAAAAAAAAAUzUaAGtSPAAAAAAAAAAAAOjj3gAAAAAArcvmAAAAAADo494AAAAAAAAAAAAAAAAAAAAAAAAAAAAAAAAAAAAAAAAAAADV+AEB8f3/ARMEAQICAAAC+f8AA/8AAAQJAgAE/gAABfv/AAUCAAAEAAAAA+F1zskAAAAAAAAAAB2KMjj+/wD8AgEA+gAAAPoAAAD5/v8A+vz/APsAAAAA8Q0eCxICAP7+/AD/JAf//9MAAP8AAAAAAAAAAAAAAAAAAAAAAAAAAAQAAAAAAAAAAAAAAAAAAAAAASIAAf/eAP8AAAAAAAAAAAAAAAAAAAAAAAAAAAAAAAAAAAAAAAAAAAAAAAAAAAAAAAAAAAAAAAAAAAAAAAAAAAAAAAAAAAAAAAAAAAAAAAAAAAAAAAAAAAAAAAABIgABAAABAN2C//0AAAD9AAAA/AAAAAAAAAAAAAAAAAAAAABkjlL75Jr/AAAAAAAAAAAABxgAAAAAAAAAAAAAAAAAAAAAAADfIgEAMSoAABIQAAAAAAAAMSoAAM8AAQAo9v8AAAAAAAAAAAAAAAAABxgAAAAAAAAAAAAAAAAAAAEAAPQAAAAAAAAAAAAAAAAAAAAAABcX/gDy8vsA/Pz2AAAA7wAAAAAAAgL3AAAA6wAAAAgA/v4EAAICAQAAAAAAFvZcAPsHpADzAQAA/v8AAAAAAAD//wAAAAAAAAAAAAAAAAAAMghcAAAAAAAAAP8A/v7+AAAA/AACAvkAAADzAP7+8AAAAO8ABAT2AAAA/AAXF/4AAAAAAAAAAAAAAAAAAAAArcvmAVM1Gv8AAAAAAAAAAOjj3gAAAAAAUzUaAAAAAAAhP1oAAAAAAAAAAACMjIwAAMvmAFM1GgAYHSIAGB0iAAAAAABrHSIA6OPeAAAAAAAAAAAAAAAAAAAAAAAAAAAAAAAAAAAAAAAAAAAAAAAAAAcBAAAfBgEB2/n/AiD24/UAAAAA7AweGgABAAQBAAAEBAEABP7/AAPhdc7LAAAAAAAAAAAfizI2/v8A/QIBAPsAAAD6EvPi2OoMHhsHAQD7/gAA/PENHgv+AAD98P0A/g8DAf+v1N0AAAgKAABIGv8AAAAAAAAAAAAAAAAAAAAABAAAAAAAAAAAAAAAAAAAAAAAAAAAASIAAf/eAP9DOgAAvcYAAEM6AAAAAAAAAAAAAAAAAAAAAAAAAAAAAAAAAAAAAAAAAAAAAAAAAAAAAAAAAAAAAAAAAADu8AAAz9YAAEM6AAAAAAAAASIAAQAAAAAAAAAAAAAA+wAAAPsAAAD7AAAAAAAAAAAAAAAAAAAAAOSa//8AAAAAAAAAAAAAAAAAAAAAAAAAAAAAAAAbRAEAvcYAADEqAAASEAAAAAAAAAAAAAASEAAAMSoAAM/WAQBDOgAA5bz/AAAAAAAAAAAAAAAAAAAAAAAAAAAARyhR/gAAAAEAAAAAAAAAAAAAAAAAycn/ACAg/QAAAPgABQUAAAAA+wACAvMA/v4HAP7+BQACAgIAAAABAAAAAAAAAAAAG/k0APoLzADv9AAAAAAAAAAAAAAAAAAAAAAAADIINAAAAAAAAAAAAAAAAAAAAP8AAAD+AAAA+wD+/vkA/v73AAQE9gD5+fkACwv8AMnJ/wAAAAAAAAAAAAAAAAAAAAAAAAAArcvmAQAAAAAAAAAAAAAAAAAAAAAAAAAAUzUa/9/BpgAAAAAAIT9aAFM1GgCty+YArcvmAADL5gBTNRoAAAAAAAAAAAAAAAAAAAAAAAAAAAAAAAAAAAAAAAAAAACty+YBAAAAAAAAAAAAAAAA6vz/AQgCAQIKAgEC6gweEAQBAAYDAAAHAAAABP8AAAQAAAAD43bOzQAAAAAAAAAAH4syNgAAAPwAAAD7AQAA+v8AAPoAAAAABwEA+vn/APsEAQD8/gAA/e38//4ZBQH/2tzd/wAICv8A8OwAAAAAAAAAAAAAAAAAAAAAAAAAAAABAAAAAAAAAAAAAAAAAAAAAAAAAAAAAAAAAAAAAAAAAAC8pAD/QzoAAAAAAAAAAAAAAAAAAL3GAAAxKgAAEhAAAAAAAADu8AAAz9YAAEM6AAAAAAAAAAAAAO7wAADP1gAARFwAAQAAAAAAAAAAAAAAAAAAAADdgv8CAAAADAAAAAojfgHoAAAAAAAAAAAAAAAAAAAAAAAAAAAAAAAAnHKuByAyUvgxKgAAEhAAAAAAAAAAAAAAvcYAADEqAAASEAAAAAAAAO7wAADP1gAAQzoAAAAAAAAAAAAA7vAAAM/WAADgzq4NAQAA9WOOUv8AAAAAAAAAAAAAAAAAAAAAAAAAAP89PQEACQkBACAgAwAJCQMA/v4FAAAABAACAgMA/PwCAPv7AgAJCQAAAAAAAAAAAAAAAAAAAAAAANT75wD4+wAAAAAAAAAAAAA0ChkAAAAAAAAAAAAAAAAAAAAAAPr6/wACAv8ABAT+AP7+/QACAvsAAAD8AAIC/ADV1f4A9/f/AcPD/wAAAAAAAAAAAAAAAAAAAAAAAAAAAAAAAAAAAAAAAAAAAAAAAAAAAAAAAAAAAAAAAFM1Gv8AAAAAAAAAAAAAAAAAAAAAAAAAAAAAAAAAAAAAAAAAAAAAAAAAAAAAAAAAAAAAAACty+YBAAAAAAAAAAAAAAAAAAAAAAAAAAANz/4FCgIAAwIAAQQEAQAGAwEABv8AAAgAAAAHAAAABuF1ztIAAAAAAAAAAB+LMjUAAAD9/v8A+wMBAPr/AAD6/P8A+gcBAPr5/wD7BAEA/Pj+//32/gD9IAYB/iQH//+v3Oj/APDsAABYLv8AAAAAAAAAAAAAAAAAAAAAAAAAAAQAAAAAAAAAAAAAAAAAAAAAAAAAAAAAAAAAAAAAAAAAAERcAAEAAAAAAAAAAAAAAAD/3gD/AAAAAAAAAAAAAAAAAAAAAAAAAAAAAAAAAAAAAAEiAAEAAAAAAAAAAAAAAAAAAAAAAAAAAAAAAAAAAAAAAAAAACN+Af7dgv/7AAAA+gAAAAAAAAAAAAAAAAAAAAAAAAAAAAAAAAAAAABkjlL5nXKuBODOAAkBAAAI/wAABmNsUuUAAAAAAAAAAAAAAAAAAAAAAAAAAAAAAAAAAAAAnZSuHgH/APn/AQD5AAAA+GSOUvkAAAAAAAAAAAAAAAAAAAAAAAAAAAAAAAAAAAAAAcPD//89PQAA4OD9ADc3/gDp6f0A9/cCABISAQD+/gEABQUAAPz8AAAAAAAAAAAAAAAAAAAAAAAAKAEKAND/9gAAAQAAMAYKAPz8AAAAAAAAAAAAAAAAAAAAAAAAAgIAAP7+AAAAAP8A8PD/AAkJ/gAXF/4Aycn/APf3/wHDw/8AAAAAAAAAAAAAAAAAAAAAAAAAAAAAAAAAAAAAAAAAAAAAAAAAAAAAAAAAAAAAAAAAAAAArcvmAQAAAAAAAAAAAAAAAAAAAAAAAAAAAAAAAAAAAAAAAAAAAAAAAAAAAAAAAAAAAAAAAAAAAAAAAAAAAAAAAAAAAAAAAAAAAAAAAB4GAQH+AAAB9v4AAgMAAAIAAAAD/QAAAwAAAAPhdc7SAAAAAB2KMjcCAQD//v8A/gIBAPxLqO2sAAAgAElEQVQCAQD7/f8A+/4AAPoEAQD79f7//AgCAfz4/v/99v4A/SAGAf4kB///r9zo/wAAAAAAWC7/AAAAAAAAAAAAAAAAAAAAAAAAAAAAAAAAAQAAAAAAAAAAAAAAAAAAAAAAAAAAAAAAAAAAAAAAAAAAAAAAACn///8AAAAAAAAAAAAAAAAAAAAAAAAAAAAAAAAAAAAAAAAAAAAAAAAAAAAAAAAAAAAAAAAAAAAA1wEBAQAAAAAAAAAAAAAAAAAAAAAAAAAAAAAAAAAAAAAAAAAAAAAAAAAAAAAAAAAAAAAAAAAAAAAAAAAAAAAAAAAAAAAAAAAAAAAAAAAAAAAAAAAAAAAAAAAAAAAAAAAAAAAAAAAAAAAAAAAAAAAAAAAAAAAAAAAAAAAAAAAAAAAAAAAAAAAAAAAAAAAAAAAAAAAAAAAAAAAAAAAAAAAAAAAAAAAAAAAAAAAAAAAAAAAAAAAAAAAAAAAAAAAAAAAAAAAAAAAAAAAAAAAAAAAAAAAAAAAAAAAAAAAAAAAAAAAAAAAAAAAAAAAAAAAAAAAAAAAAAAAAAAAAAAAAAAAAAAAAAAAAAAAAAAAAAAAAAAAAAAAAAAAAAAAAAAAAAAAAAAAAAAAAAAAAAAAAAAAAAAAAAAAAAAAAAAAAAAAAAAAAAAAAAAAAAAAAAAAAAAAAAAAAAAAAAAAAAAAAAAAAAAAAAAAAAAAAAAAAAAAAAAAAAAAAAAAAAAAAAAAAAAAAAAAAAAAAAAAAAAAAAAAAAAAAAAAAAAAAAAAAAAAAAAAAAAAAAAAAAAAAAAAAAAAAAAAAAAAAAAAAAAAAAAAAAAAAAAAAAAAAAAAAAAAAAAAAAAAAAAAAAAAAAAAAAAAAAAAAAAAAAAAAAAAAAAAAAAAAAAAAAAAAAAAAAAAAAAAAAAAAAAAAAAAAAAAAAAAAAAAAAAAAAAAAAAAAAAAAAAAAAAAEAAAAAAAAAAAAAAAAAAAAAAAAAAAp////AAAAAAAAAAAAAAAA1/HxAAAAAAAAAAAAAAAAAAAAAAAAAAAAAAAAAAAAAAAAAAAAAAAAAAAAAAAAAAAAAAAAAAAAAAAp////AAAAAAAAAAAAAAAA1wEBAQAAAAAAAAAAAAAAAAAAAAAAAAAAAAAAAAAAAAAAAAAAAAAAAAAAAAAAAAAAAAAAAAAAAAAAAAAAAAAAAAAAAAAAAAAAAAAAAAAAAAAAAAAAAAAAAAAAAAAAAAAAAAAAAAAAAAAAAAAAAAAAAAAAAAAAAAAAAAAAAAAAAAAAAAAAAAAAAAAAAAAAAAAAAAAAAAAAAAAAAAAAAAAAAAAAAAAAAAAAAAAAAAAAAAAAAAAAAAAAAAAAAAAAAAAAAAAAAAAAAAAAAAAAAAAAAAAAAAAAAAAAAAAAAAAAAAAAAAAAAAAAAAAAAAAAAAAAAAAAAAAAAAAAAAAAAAAAAAAAAAAAAAAAAAAAAAAAAAAAAAAAAAAAAAAAAAAAAAAAAAAAAAAAAAAAAAAAAAAAAAAAAAAAAAAAAAAAAAAAAAAAAAAAAAAAAAAAAAAAAAAAAAAAAAAAAAAAAAAAAAAAAAAAAAAAAAAAAAAAAAAAAAAAAAAAAAAAAAAAAAAAAAAAAAAAAAAAAAAAAAAAAAAAAAAAAAAAAAAAAAAAAAAAAAAAAAAAAAAAAAAAAAAAAAAAAAAAAAAAAAAAAAAAAAAAAAAAAAAAAAAAAAAAAAAAAAAAAAAAAAAAAAAAAAAAAAAAAAAAAAAAAAAAAAAAAAAAAAAAAAAAAAAAAAAAAAAAAAAAAAAAAAAAAAAAAAAAAAAAAAAAAAEAAAAAAAAAACn///8AAAAAAAAAANfx8QAAAAAAAAAAAAAAAAAAAAAAAAAAAAAAAAAAAAAAAAAAAAAAAAAAAAAAAAAAAAAAAAAAAAAAAAAAAAAAAAAAAAAAAAAAAAAAAAAAAAAAAAAAAAAAAAApDw8AAAAAAAAAAADXAQEBAAAAAAAAAAAAAAAAAAAAAAAAAAAAAAAAAAAAAAAAAAAAAAAAAAAAAAAAAAAAAAAAAAAAAAAAAAAAAAAAAAAAAAAAAAAAAAAAAAAAAAAAAAAAAAAAAAAAAAAAAAAAAAAAAAAAAAAAAAAAAAAAAAAAAAAAAAAAAAAAAAAAAAAAAAAAAAAAAAAAAAAAAAAAAAAAAAAAAAAAAAAAAAAAAAAAAAAAAAAAAAAAAAAAAAAAAAAAAAAAAAAAAAAAAAAAAAAAAAAAAAAAAAAAAAAAAAAAAAAAAAAAAAAAAAAAAAAAAAAAAAAAAAAAAAAAAAAAAAAAAAAAAAAAAAAAAAAAAAAAAAAAAAAAAAAAAAAAAAAAAAAAAAAAAAAAAAAAAAAAAAAAAAAAAAAAAAAAAAAAAAAAAAAAAAAAAAAAAAAAAAAAAAAAAAAAAAAAAAAAAAAAAAAAAAAAAAAAAAAAAAAAAAAAAAAAAAAAAAAAAAAAAAAAAAAAAAAAAAAAAAAAAAAAAAAAAAAAAAAAAAAAAAAAAAAAAAAAAAAAAAAAAAAAAAAAAAAAAAAAAAAAAAAAAAAAAAAAAAAAAAAAAAAAAAAAAAAAAAAAAAAAAAAAAAAAAAAAAAAAAAAAAAAAAAAAAAAAAAAAAAAAAAAAAAAAAAAAAAAAAAAAAAAAAAAAAAAAAAAAAAAAAAAAAQAAAAAp////1/HxAAAAAAAAAAAAAAAAAAAAAAAAAAAAAAAAAAAAAAAAAAAAAAAAAAAAAAAAAAAAAAAAAAAAAAAAAAAAAAAAAAAAAAAAAAAAAAAAAAAAAAAAAAAAAAAAAAAAAAAAAAAAAAAAAAAAAAAAAAAAAAAAACkPDwDXAQEBAAAAAAAAAAAAAAAAAAAAAAAAAAAAAAAAAAAAAAAAAAAAAAAAAAAAAAAAAAAAAAAAAAAAAAAAAAAAAAAAAAAAAAAAAAAAAAAAAAAAAAAAAAAAAAAAAAAAAAAAAAAAAAAAAAAAAAAAAAAAAAAAAAAAAAAAAAAAAAAAAAAAAAAAAAAAAAAAAAAAAAAAAAAAAAAAAAAAAAAAAAAAAAAAAAAAAAAAAAAAAAAAAAAAAAAAAAAAAAAAAAAAAAAAAAAAAAAAAAAAAAAAAAAAAAAAAAAAAAAAAAAAAAAAAAAAAAAAAAAAAAAAAAAAAAAAAAAAAAAAAAAAAAAAAAAAAAAAAAAAAAAAAAAAAAAAAAAAAAAAAAAAAAAAAAAAAAAAAAAAAAAAAAAAAAAAAAAAAAAAAAAAAAAAAAAAAAAAAAAAAAAAAAAAAAAAAAAAAAAAAAAAAAAAAAAAAAAAAAAAAAAAAAAAAAAAAAAAAAAAAAAAAAAAAAAAAAAAAAAAAAAAAAAAAAAAAAAAAAAAAAAAAAAAAAAAAAAAAAAAAAAAAAAAAAAAAAAAAAAAAAAAAAAAAAAAAAAAAAAAAAAAAAAAAAAAAAAAAAAAAAAAAAAAAAAAAAAAAAAAAAAAAAAAAAAAAAAAAAAAAAAAAAAAAAAAAAAAAAAAAAAAAAAAAAAAAAAAAAAAAAABKf///9fx8QAAAAAAAAAAAAAAAAAAAAAAAAAAAAAAAAAAAAAAAAAAAAAAAAAAAAAAAAAAAAAAAAAA/v4AAP7+AAAAAAAAAgIAAAAAAAACAgAAAAAAAAAAAAAAAAAAAAAAAAAAAAAAAAAAAAAAAAAAAAAAAAAAAAAAAAAAACkPDwDXAQEBAAAAAAAAAAAAAAAAAAAAAAAAAAAAAAAAAAAAAAAAAAAAAAAAAAAAAAAAAAAAAAAAAAAAAAAAAAAAAAAAAAAAAAAAAAAAAAAAAAAAAAAAAAAAAAAAAAAAAAAAAAAAAAAAAAAAAAAAAAAAAAAAAAAAAAAAAAAAAAAAAAAAAAAAAAAAAAAAAAAAAAAAAAAAAAAAAAAAAAAAAAAAAAAAAAAAAAAAAAAAAAAAAAAAAAAAAAAAAAAAAAAAAAAAAAAAAAAAAAAAAAAAAAAAAAAAAAAAAAAAAAAAAAAAAAAAAAAAAAAAAAAAAAAAAAAAAAAAAAAAAAAAAAAAAAAAAAAAAAAAAAAAAAAAAAAAAAAAAAAAAAAAAAAAAAAAAAAAAAAAAAAAAAAAAAAAAAAAAAAAAAAAAAAAAAAAAAAAAAAAAAAAAAAAAAAAAAAAAAAAAAAAAAAAAAAAAAAAAAAAAAAAAAAAAAAAAAAAAAAAAAAAAAAAAAAAAAAAAAAAAAAAAAAAAAAAAAAAAAAAAAAAAAAAAAAAAAAAAAAAAAAAAAAAAAAAAAAAAAAAAAAAAAAAAAAAAAAAAAAAAAAAAAAAAAAAAAAAAAAAAAAAAAAAAAAAAAAAAAAAAAAAAAAAAAAAAAAAAAAAAAAAAAAAAAAAAAAAAAAAAAAAAAAAAAAAAAAAAAQAAAAAAAAAAAAAAAAAAAAAAAAAAAAAAAAAAAAAAAAAAAAAAAAAAAAAAP7+AAD8/AAA/PwAAP7+AAAAAAAA/v4AAAICAAAAAAAAAAAAAAICAAAEBAAABAQAAAICAAAAAAAAAAAAAAAAAAAAAAAAAAAAAAAAAAAAAAAAAAAAAAAAAAAAAAAAAAAAAAAAAAAAAAAAAAAAAAAAAAAAAAAAAAAAAAAAAAAAAAAAAAAAAAAAAAAAAAAAAAAAAAAAAAAAAAAAAAAAAAAAAAAAAAAAAAAAAAAAAAAAAAAAAAAAAAAAAAAAAAAAAAAAAAAAAAAAAAAAAAAAAAAAAAAAAAAAAAAAAAAAAAAAAAAAAAAAAAAAAAAAAAAAAAAAAAAAAAAAAAAAAAAAAAAAAAAAAAAAAAAAAAAAAAAAAAAAAAAAAAAAAAAAAAAAAAAAAAAAAAAAAAAAAAAAAAAAAAAAAAAAAAAAAAAAAAAAAAAAAAAAAAAAAAAAAAAAAAAAAAAAAAAAAAAAAAAAAAAAAAAAAAAAAAAAAAAAAAAAAAAAAAAAAAAAAAAAAAAAAAAAAAAAAAAAAAAAAAAAAAAAAAAAAAAAAAAAAAAAAAAAAAAAAAAAAAAAAAAAAAAAAAAAAAAAAAAAAAAAAAAAAAAAAAAAAAAAAAAAAAAAAAAAAAAAAAAAAAAAAAAAAAAAAAAAAAAAAAAAAAAAAAAAAAAAAAAAAAAAAAAAAAAAAAAAAAAAAAAAAAAAAAAAAAAAAAAAAAAAAAAAAAAAAAAAAAAAAAAAAAAAAAAAAAAAAAAAAAAAAAAAAAAAAAAAAAAAAAAAAAAAAAAAAAAAAAAAAAAAAAAAAAAAAAAABAAAAAAAAAAAAAAAAAAAAAAAAAAAAAAAAAAAAAAAAAAAAP7+AAD6+gAA/PwAAPz8AAD+/gAA/PwAAAAAAAAAAAAAAAAAAAAAAAAAAAAABAQAAAICAAAEBAAABAQAAAYGAAACAgAAAAAAAAAAAAAAAAAAAAAAAAAAAAAAAAAAAAAAAAAAAAAAAAAAAAAAAAAAAAAAAAAAAAAAAAAAAAAAAAAAAAAAAAAAAAAAAAAAAAAAAAAAAAAAAAAAAAAAAAAAAAAAAAAAAAAAAAAAAAAAAAAAAAAAAAAAAAAAAAAAAAAAAAAAAAAAAAAAAAAAAAAAAAAAAAAAAAAAAAAAAAAAAAAAAAAAAAAAAAAAAAAAAAAAAAAAAAAAAAAAAAAAAAAAAAAAAAAAAAAAAAAAAAAAAAAAAAAAAAAAAAAAAAAAAAAAAAAAAAAAAAAAAAAAAAAAAAAAAAAAAAAAAAAAAAAAAAAAAAAAAAAAAAAAAAAAAAAAAAAAAAAAAAAAAAAAAAAAAAAAAAAAAAAAAAAAAAAAAAAAAAAAAAAAAAAAAAAAAAAAAAAAAAAAAAAAAAAAAAAAAAAAAAAAAAAAAAAAAAAAAAAAAAAAAAAAAAAAAAAAAAAAAAAAAAAAAAAAAAAAAAAAAAAAAAAAAAAAAAAAAAAAAAAAAAAAAAAAAAAAAAAAAAAAAAAAAAAAAAAAAAAAAAAAAAAAAAAAAAAAAAAAAAAAAAAAAAAAAAAAAAAAAAAAAAAAAAAAAAAAAAAAAAAAAAAAAAAAAAAAAAAAAAAAAAAAAAAAAAAAAAAAAAAAAAAAAAAAAAAAAAAAAAAAAAAAAAAAAAAAAAAAAAAAAAAAAAAAAAAESAAAAAAPDwDX8fEAAAAAAAAAAAAAAAAAAAAAAAD6+gAA+voAAPz8AAD6+gAA/v4AAP7+AAD8/AAA/v4AAP7+AAAAAAAAAgIAAAICAAAEBAAAAgIAAAICAAAGBgAA/PwAAAYGAAAGBgAAAAAAAAAAAAAAAAAAAAAAKQ8PAB0AAADXAAAAAAAAAAAAAAAAAAAAAAAAAAAAAAAAAAAAAAAAAAAAAAAAAAAAAAAAAAAAAAAAAAAAAAAAAAAAAAAAAAAAAAAAAAAAAAAAAAAAAAAAAAAAAAAAAAAAAAAAAAAAAAAAAAAAAAAAAAAAAAAAAAAAAAAAAAAAAAAAAAAAAAAAAAAAAAAAAAAAAAAAAAAAAAAAAAAAAAAAAAAAAAAAAAAAAAAAAAAAAAAAAAAAAAAAAAAAAAAAAAAAAAAAAAAAAAAAAAAAAAAAAAAAAAAAAAAAAAAAAAAAAAAAAAAAAAAAAAAAAAAAAAAAAAAAAAAAAAAAAAAAAAAAAAAAAAAAAAAAAAAAAAAAAAAAAAAAAAAAAAAAAAAAAAAAAAAAAAAAAAAAAAAAAAAAAAAAAAAAAAAAAAAAAAAAAAAAAAAAAAAAAAAAAAAAAAAAAAAAAAAAAAAAAAAAAAAAAAAAAAAAAAAAAAAAAAAAAAAAAAAAAAAAAAAAAAAAAAAAAAAAAAAAAAAAAAAAAAAAAAAAAAAAAAAAAAAAAAAAAAAAAAAAAAAAAAAAAAAAAAAAAAAAAAAAAAAAAAAAAAAAAAAAAAAAAAAAAAAAAAAAAAAAAAAAAAAAAAAAAAAAAAAAAAAAAAAAAAAAAAAAAAAAAAAAAAAAAAAAAAAAAAAAAAAAAAAAAAAAAAQAAAAASAAAAAAPDwAAAAAAAAAAANfx8QAA+PgAAPz8AAD6+gAA+voAAPz8AAD6+gAA/PwAAAAAAAD+/gAA/PwAAAAAAAAEBAAAAgIAAAAAAAAEBAAABgYAAAAAAAD+/gAAAAAAAAAAAAAGBgApDw8AAAAAAAAAAAAdAAAACf//AAAAAAAAAAAAAAAAAAAAAAAAAAAAAAAAAAAAAAAAAAAAAAAAAAAAAAAAAAAAAAAAAAAAAAAAAAAAAAAAAAAAAAAAAAAAAAAAAAAAAAAAAAAAAAAAAAAAAAAAAAAAAAAAAAAAAAAAAAAAAAAAAAAAAAAAAAAAAAAAAAAAAAAAAAAAAAAAAAAAAAAAAAAAAAAAAAAAAAAAAAAAAAAAAAAAAAAAAAAAAAAAAAAAAAAAAAAAAAAAAAAAAAAAAAAAAAAAAAAAAAAAAAAAAAAAAAAAAAAAAAAAAAAAAAAAAAAAAAAAAAAAAAAAAAAAAAAAAAAAAAAAAAAAAAAAAAAAAAAAAAAAAAAAAAAAAAAAAAAAAAAAAAAAAAAAAAAAAAAAAAAAAAAAAAAAAAAAAAAAAAAAAAAAAAAAAAAAAAAAAAAAAAAAAAAAAAAAAAAAAAAAAAAAAAAAAAAAAAAAAAAAAAAAAAAAAAAAAAAAAAAAAAAAAAAAAAAAAAAAAAAAAAAAAAAAAAAAAAAAAAAAAAAAAAAAAAAAAAAAAAAAAAAAAAAAAAAAAAAAAAAAAAAAAAAAAAAAAAAAAAAAAAAAAAAAAAAAAAAAAAAAAAAAAAAAAAAAAAAAAAAAAAAAAAAAAAAAAAAAAAAAAAAAAAAAAAAAAAAAAAAAAAAAAAAAAAAAAAAAAAAABAAAAAAAAAAASAAAAAAAAAAAAAAAAA8PAAAPDwAAAAAAAAAAANfPzwAA/PwAAPr6AAAAAAAA/PwAAP7+AAD+/gAAAAAAAAICAAACAgAABAQAAPr6AAD8/AAA+voAKTExAAAAAAAAAAAAAAAAAB0AAAAAAAAAAAAAAAn//wAAAAAAAAAAAAAAAAAAAAAAAAAAAAAAAAAAAAAAAAAAAAAAAAAAAAAAAAAAAAAAAAAAAAAAAAAAAAAAAAAAAAAAAAAAAAAAAAAAAAAAAAAAAAAAAAAAAAAAAAAAAAAAAAAAAAAAAAAAAAAAAAAAAAAAAAAAAAAAAAAAAAAAAAAAAAAAAAAAAAAAAAAAAAAAAAAAAAAAAAAAAAAAAAAAAAAAAAAAAAAAAAAAAAAAAAAAAAAAAAAAAAAAAAAAAAAAAAAAAAAAAAAAAAAAAAAAAAAAAAAAAAAAAAAAAAAAAAAAAAAAAAAAAAAAAAAAAAAAAAAAAAAAAAAAAAAAAAAAAAAAAAAAAAAAAAAAAAAAAAAAAAAAAAAAAAAAAAAAAAAAAAAAAAAAAAAAAAAAAAAAAAAAAAAAAAAAAAAAAAAAAAAAAAAAAAAAAAAAAAAAAAAAAAAAAAAAAAAAAAAAAAAAAAAAAAAAAAAAAAAAAAAAAAAAAAAAAAAAAAAAAAAAAAAAAAAAAAAAAAAAAAAAAAAAAAAAAAAAAAAAAAAAAAAAAAAAAAAAAAAAAAAAAAAAAAAAAAAAAAAAAAAAAAAAAAAAAAAAAAAAAAAAAAAAAAAAAAAAAAAAAAAAAAAAAAAAAAAAAAAAAAAAAAAAAAAAAAAAAAAAAAAAAAAAAAAAAAAAAAAAAAAAAAAEAAAAAAAAAAAAAAAAAAAAAAAAAABEAAAA/AAAAPsAAAAAAAAAADExAAAAAAAAAAAAAAAAAAAAAAAAAAAAAAAAAAAAAAAAAAAAAAAAAAAAAAAAAAAAAAAAAAAAAAAdAAAAAAAAAAAAAAAAAAAACf//AAAAAAAAAAAAAAAAAAAAAAAAAAAAAAAAAAAAAAAAAAAAAAAAAAAAAAAAAAAAAAAAAAAAAAAAAAAAAAAAAAAAAAAAAAAAAAAAAAAAAAAAAAAAAAAAAAAAAAAAAAAAAAAAAAAAAAAAAAAAAAAAAAAAAAAAAAAAAAAAAAAAAAAAAAAAAAAAAAAAAAAAAAAAAAAAAAAAAAAAAAAAAAAAAAAAAAAAAAAAAAAAAAAAAAAAAAAAAAAAAAAAAAAAAAAAAAAAAAAAAAAAAAAAAAAAAAAAAAAAAAAAAAAAAAAAAAAAAAAAAAAAAAAAAAAAAAAAAAAAAAAAAAAAAAAAAAAAAAAAAAAAAAAAAAAAAAAAAAAAAAAAAAAAAAAAAAAAAAAAAAAAAAAAAAAAAAAAAAAAAAAAAAAAAAAAAAAAAAAAAAAAAAAAAAAAAAAAAAAAAAAAAAAAAAAAAAAAAAAAAAAAAAAAAAAAAAAAAAAAAAAAAAAAAAAAAAAAAAAAAAAAAAAAAAAAAAAAAAAAAAAAAAAAAAAAAAAAAAAAAAAAAAAAAAAAAAAAAAAAAAAAAAAAAAAAAAAAAAAAAAAAAAAAAAAAAAAAAAAAAAAAAAAAAAAAAAAAAAAAAAAAAAAAAAAAAAAAAAAAAAAAAAAAAAAAAAAAAAAAAAAAAAAAAAAAAAAAAAAAAAAAAAAAAAAAAAAAAAAAAAAAAAQAAAAAAAAAAAAAAAAAAAAAAAAAAAAAAAAEAAAAAAAAAPsAAAA4AAAA/AAAAP4AAAD+AAAA/P//APwAAAD+AAAA/gAAAPwAAAD9AQEAAAAAAAAAAAAAAAAAAAAAAAn//wAAAAAAAAAAAAAAAAAAAAAAAAAAAAAAAAAAAAAAAAAAAAAAAAAAAAAAAAAAAAAAAAAAAAAAAAAAAAAAAAAAAAAAAAAAAAAAAAAAAAAAAAAAAAAAAAAAAAAAAAAAAAAAAAAAAAAAAAAAAAAAAAAAAAAAAAAAAAAAAAAAAAAAAAAAAAAAAAAAAAAAAAAAAAAAAAAAAAAAAAAAAAAAAAAAAAAAAAAAAAAAAAAAAAAAAAAAAAAAAAAAAAAAAAAAAAAAAAAAAAAAAAAAAAAAAAAAAAAAAAAAAAAAAAAAAAAAAAAAAAAAAAAAAAAAAAAAAAAAAAAAAAAAAAAAAAAAAAAAAAAAAAAAAAAAAAAAAAAAAAAAAAAAAAAAAAAAAAAAAAAAAAAAAAAAAAAAAAAAAAAAAAAAAAAAAAAAAAAAAAAAAAAAAAAAAAAAAAAAAAAAAAAAAAAAAAAAAAAAAAAAAAAAAAAAAAAAAAAAAAAAAAAAAAAAAAAAAAAAAAAAAAAAAAAAAAAAAAAAAAAAAAAAAAAAAAAAAAAAAAAAAAAAAAAAAAAAAAAAAAAAAAAAAAAAAAAAAAAAAAAAAAAAAAAAAAAAAAAAAAAAAAAAAAAAAAAAAAAAAAAAAAAAAAAAAAAAAAAAAAAAAAAAAAAAAAAAAAAAAAAAAAAAAAAAAAAAAAAAAAAAAAAAAAAAAAAAAAAAAAAAAAAAAAAAAAAAAAAAAAAAAAAABAAAAAAAAAAAAAAAAAAAAAAAAAAAAAAAAAAAAAAAAAAAAAAAAAMAAAAAAAAAAAAAAP4AAAACAQEABgAAAPz//wD+AAAA/gAAAPz//wAAAAAAAAAAAAAAAAAAAAAAAAAAAAAAAAAAAAAAAAAAAAAAAAAAAAAAAAAAAAAAAAAAAAAAAAAAAAAAAAAAAAAAAAAAAAAAAAAAAAAAAAAAAAAAAAAAAAAAAAAAAAAAAAAAAAAAAAAAAAAAAAAAAAAAAAAAAAAAAAAAAAAAAAAAAAAAAAAAAAAAAAAAAAAAAAAAAAAAAAAAAAAAAAAAAAAAAAAAAAAAAAAAAAAAAAAAAAAAAAAAAAAAAAAAAAAAAAAAAAAAAAAAAAAAAAAAAAAAAAAAAAAAAAAAAAAAAAAAAAAAAAAAAAAAAAAAAAAAAAAAAAAAAAAAAAAAAAAAAAAAAAAAAAAAAAAAAAAAAAAAAAAAAAAAAAAAAAAAAAAAAAAAAAAAAAAAAAAAAAAAAAAAAAAAAAAAAAAAAAAAAAAAAAAAAAAAAAAAAAAAAAAAAAAAAAAAAAAAAAAAAMgrnlsAACAASURBVAAAAAAAAAAAAAAAAAAAAAAAAAAAAAAAAAAAAAAAAAAAAAAAAAAAAAAAAAAAAAAAAAAAAAAAAAAAAAAAAAAAAAAAAAAAAAAAAAAAAAAAAAAAAAAAAAAAAAAAAAAAAAAAAAAAAAAAAAAAAAAAAAAAAAAAAAAAAAAAAAAAAAAAAAAAAAAAAAAAAAAAAAAAAAAAAAAAAAAAAAAAAAAAAAAAAAAAAAAAAAAAAAAAAAAAAAAAAAAAAAAAAAAAAAAAAAAAAAAAAAAAAAAAAAAAAAAAAAAAAAAAAAAAAAACAAAAAAAAAAAAAAAAAAAAAAAAAAAAAAAAAAAAAAAAAAAAAAAAAAAAAAAAAAAAAAAAAAAAAAAAAAAAAAAAAAAAAAAAAAAAAAAAAAAAAAAAAAAAAAAAAAAAAAAAAAAAAAAAAAAAAAAAAAAAAAAAAAAAAAAAAAAAAAAAAAAAAAAAAAAAAAAAAAAAAAAAAAAAAAAAAAAAAAAAAAAAAAAAAAAAAAAAAAAAAAAAAAAAAAAAAAAAAAAAAAAAAAAAAAAAAAAAAAAAAAAAAAAAAAAAAAAAAAAAAAAAAAAAAAAAAAAAAAAAAAAAAAAAAAAAAAAAAAAAAAAAAAAAAAAAAAAAAAAAAAAAAAAAAAAAAAAAAAAAAAAAAAAAAAAAAAAAAAAAAAAAAAAAAAAAAAAAAAAAAAAAAAAAAAAAAAAAAAAAAAAAAAAAAAAAAAAAAAAAAAAAAAAAAAAAAAAAAAAAAAAAAAAAAAAAAAAAAAAAAAAAAAAAAAAAAAAAAAAAAAAAAAAAAAAAAAAAAAAAAAAAAAAAAAAAAAAAAAAAAAAAAAAAAAAAAAAAAAAAAAAAAAAAAAAAAAAAAAAAAAAAAAAAAAAAAAAAAAAAAAAAAAAAAAAAAAAAAAAAAAAAAAAAAAAAAAAAAAAAAAAAAAAAAAAAAAAAAAAAAAAAAAAAAAAAAAAAAAAAAAAAAAAAAAAAAAAAAAAAAAAAAAAAAAAAAAAAAAAAAAAAAAAAAAAAAAAAAAAAAAAAAAAAAAAAAAAAAAAAAAAAAAAAAAAAAAAAAAAAAAAAAAAAAAAAAAAAAAAAAAAAAAAAAAAAAAAAAAAAAAAAAAAAAAAAAAAAAAAAAAAAAAAAAAAAAAIAAAAAAAAAAAAAAAAAAAAAAAAAAAAAAAAAAAAAAAAAAAAAAAAAAAAAAAAAAAAAAAAAAAAAAAAAAAAAAAAAAAAAAAAAAAAAAAAAAAAAAAAAAAAAAAAAAAAAAAAAAAAAAAAAAAAAAAAAAAAAAAAAAAAAAAAAAAAAAAAAAAAAAAAAAAAAAAAAAAAAAAAAAAAAAAAAAAAAAAAAAAAAAAAAAAAAAAAAAAAAAAAAAAAAAAAAAAAAAAAAAAAAAAAAAAAAAAAAAAAAAAAAAAAAAAAAAAAAAAAAAAAAAAAAAAAAAAAAAAAAAAAAAAAAAAAAAAAAAAAAAAAAAAAAAAAAAAAAAAAAAAAAAAAAAAAAAAAAAAAAAAAAAAAAAAAAAAAAAAAAAAAAAAAAAAAAAAAAAAAAAAAAAAAAAAAAAAAAAAAAAAAAAAAAAAAAAAAAAAAAAAAAAAAAAAAAAAAAAAAAAAAAAAAAAAAAAAAAAAAAAAAAAAAAAAAAAAAAAAAAAAAAAAAAAAAAAAAAAAAAAAAAAAAAAAAAAAAAAAAAAAAAAAAAAAAAAAAAAAAAAAAAAAAAAAAAAAAAAAAAAAAAAAAAAAAAAAAAAAAAAAAAAAAAAAAAAAAAAAAAAAAAAAAAAAAAAAAAAAAAAAAAAAAAAAAAAAAAAAAAAAAAAAAAAAAAAAAAAAAAAAAAAAAAAAAAAAAAAAAAAAAAAAAAAAAAAAAAAAAAAAAAAAAAAAAAAAAAAAAAAAAAAAAAAAAAAAAAAAAAAAAAAAAAAAAAAAAAAAAAAAAAAAAAAAAAAAAAAAAAAAAAAAAAAAAAAAAAAAAAAAAAAAAAAAAAAAAAAAAAAAAAAAAAAAAAAgAAAAAAAAAAAAAAAAAAAAAAAAAAAAAAAAAAAAAAAAAAAAAAAAAAAAAAAAAAAAAAAAAAAAAAAAAAAAAAAAAAAAAAAAAAAAAAAAAAAAAAAAAAAAAAAAAAAAAAAAAAAAAAAAAAAAAAAAAAAAAAAAAAAAAAAAAAAAAAAAAAAAAAAAAAAAAAAAAAAAAAAAAAAAAAAAAAAAAAAAAAAAAAAAAAAAAAAAAAAAAAAAAAAAAAAAAAAAAAAAAAAAAAAAAAAAAAAAAAAAAAAAAAAAAAAAAAAAAAAAAAAAAAAAAAAAAAAAAAAAAAAAAAAAAAAAAAAAAAAAAAAAAAAAAAAAAAAAAAAAAAAAAAAAAAAAAAAAAAAAAAAAAAAAAAAAAAAAAAAAAAAAAAAAAAAAAAAAAAAAAAAAAAAAAAAAAAAAAAAAAAAAAAAAAAAAAAAAAAAAAAAAAAAAAAAAAAAAAAAAAAAAAAAAAAAAAAAAAAAAAAAAAAAAAAAAAAAAAAAAAAAAAAAAAAAAAAAAAAAAAAAAAAAAAAAAAAAAAAAAAAAAAAAAAAAAAAAAAAAAAAAAAAAAAAAAAAAAAAAAAAAAAAAAAAAAAAAAAAAAAAAAAAAAAAAAAAAAAAAAAAAAAAAAAAAAAAAAAAAAAAAAAAAAAAAAAAAAAAAAAAAAAAAAAAAAAAAAAAAAAAAAAAAAAAAAAAAAAAAAAAAAAAAAAAAAAAAAAAAAAAAAAAAAAAAAAAAAAAAAAAAAAAAAAAAAAAAAAAAAAAAAAAAAAAAAAAAAAAAAAAAAAAAAAAAAAAAAAAAAAAAAAAAAAAAAAAAAAAAAAAAAAAAAAAAAAAAAAAAAAAAAAAAAAAAAACAAAAAAAAAAAAAAAAAAAAAAAAAAAAAAAAAAAAAAAAAAAAAAAAAAAAAAAAAAAAAAAAAAAAAAAAAAAAAAAAAAAAAAAAAAAAAAAAAAAAAAAAAAAAAAAAAAAAAAAAAAAAAAAAAAAAAAAAAAAAAAAAAAAAAAAAAAAAAAAAAAAAAAAAAAAAAAAAAAAAAAAAAAAAAAAAAAAAAAAAAAAAAAAAAAAAAAAAAAAAAAAAAAAAAAAAAAAAAAAAAAAAAAAAAAAAAAAAAAAAAAAAAAAAAAAAAAAAAAAAAAAAAAAAAAAAAAAAAAAAAAAAAAAAAAAAAAAAAAAAAAAAAAAAAAAAAAAAAAAAAAAAAAAAAAAAAAAAAAAAAAAAAAAAAAAAAAAAAAAAAAAAAAAAAAAAAAAAAAAAAAAAAAAAAAAAAAAAAAAAAAAAAAAAAAAAAAAAAAAAAAAAAAAAAAAAAAAAAAAAAAAAAAAAAAAAAAAAAAAAAAAAAAAAAAAAAAAAAAAAAAAAAAAAAAAAAAAAAAAAAAAAAAAAAAAAAAAAAAAAAAAAAAAAAAAAAAAAAAAAAAAAAAAAAAAAAAAAAAAAAAAAAAAAAAAAAAAAAAAAAAAAAAAAAAAAAAAAAAAAAAAAAAAAAAAAAAAAAAAAAAAAAAAAAAAAAAAAAAAAAAAAAAAAAAAAAAAAAAAAAAAAAAAAAAAAAAAAAAAAAAAAAAAAAAAAAAAAAAAAAAAAAAAAAAAAAAAAAAAAAAAAAAAAAAAAAAAAAAAAAAAAAAAAAAAAAAAAAAAAAAAAAAAAAAAAAAAAAAAAAAAAAAAAAAAAAAAAAAAAAAAAAAAAAAAAAAAAAAAAAAAAAAAAAAAAAAIAAAAAAAAAAAAAAAAAAAAAAAAAAAAAAAAAAAAAAAAAAAAAAAAAAAAAAAAAAAAAAAAAAAAAAAAAAAAAAAAAAAAAAAAAAAAAAAAAAAAAAAAAAAAAAAAAAAAAAAAAAAAAAAAAAAAAAAAAAAAAAAAAAAAAAAAAAAAAAAAAAAAAAAAAAAAAAAAAAAAAAAAAAAAAAAAAAAAAAAAAAAAAAAAAAAAAAAAAAAAAAAAAAAAAAAAAAAAAAAAAAAAAAAAAAAAAAAAAAAAAAAAAAAAAAAAAAAAAAAAAAAAAAAAAAAAAAAAAAAAAAAAAAAAAAAAAAAAAAAAAAAAAAAAAAAAAAAAAAAAAAAAAAAAAAAAAAAAAAAAAAAAAAAAAAAAAAAAAAAAAAAAAAAAAAAAAAAAAAAAAAAAAAAAAAAAAAAAAAAAAAAAAAAAAAAAAAAAAAAAAAAAAAAAAAAAAAAAAAAAAAAAAAAAAAAAAAAAAAAAAAAAAAAAAAAAAAAAAAAAAAAAAAAAAAAAAAAAAAAAAAAAAAAAAAAAAAAAAAAAAAAAAAAAAAAAAAAAAAAAAAAAAAAAAAAAAAAAAAAAAAAAAAAAAAAAAAAAAAAAAAAAAAAAAAAAAAAAAAAAAAAAAAAAAAAAAAAAAAAAAAAAAAAAAAAAAAAAAAAAAAAAAAAAAAAAAAAAAAAAAAAAAAAAAAAAAAAAAAAAAAAAAAAAAAAAAAAAAAAAAAAAAAAAAAAAAAAAAAAAAAAAAAAAAAAAAAAAAAAAAAAAAAAAAAAAAAAAAAAAAAAAAAAAAAAAAAAAAAAAAAAAAAAAAAAAAAAAAAAAAAAAAAAAAAAAAAAAAAAAAAAAAAAAAAAAAAgAAAAAAAAAAAAAAAAAAAAAAAAAAAAAAAAAAAAAAAAAAAAAAAAAAAAAAAAAAAAAAAAAAAAAAAAAAAAAAAAAAAAAAAAAAAAAAAAAAAAAAAAAAAAAAAAAAAAAAAAAAAAAAAAAAAAAAAAAAAAAAAAAAAAAAAAAAAAAAAAAAAAAAAAAAAAAAAAAAAAAAAAAAAAAAAAAAAAAAAAAAAAAAAAAAAAAAAAAAAAAAAAAAAAAAAAAAAAAAAAAAAAAAAAAAAAAAAAAAAAAAAAAAAAAAAAAAAAAAAAAAAAAAAAAAAAAAAAAAAAAAAAAAAAAAAAAAAAAAAAAAAAAAAAAAAAAAAAAAAAAAAAAAAAAAAAAAAAAAAAAAAAAAAAAAAAAAAAAAAAAAAAAAAAAAAAAAAAAAAAAAAAAAAAAAAAAAAAAAAAAAAAAAAAAAAAAAAAAAAAAAAAAAAAAAAAAAAAAAAAAAAAAAAAAAAAAAAAAAAAAAAAAAAAAAAAAAAAAAAAAAAAAAAAAAAAAAAAAAAAAAAAAAAAAAAAAAAAAAAAAAAAAAAAAAAAAAAAAAAAAAAAAAAAAAAAAAAAAAAAAAAAAAAAAAAAAAAAAAAAAAAAAAAAAAAAAAAAAAAAAAAAAAAAAAAAAAAAAAAAAAAAAAAAAAAAAAAAAAAAAAAAAAAAAAAAAAAAAAAAAAAAAAAAAAAAAAAAAAAAAAAAAAAAAAAAAAAAAAAAAAAAAAAAAAAAAAAAAAAAAAAAAAAAAAAAAAAAAAAAAAAAAAAAAAAAAAAAAAAAAAAAAAAAAAAAAAAAAAAAAAAAAAAAAAAAAAAAAAAAAAAAAAAAAAAAAAAAAAAAAAAAAAAAAAAAACAAAAAAAAAAAAAAAAAAAAAAAAAAAAAAAAAAAAAAAAAAAAAAAAAAAAAAAAAAAAAAAAAAAAAAAAAAAAAAAAAAAAAAAAAAAAAAAAAAAAAAAAAAAAAAAAAAAAAAAAAAAAAAAAAAAAAAAAAAAAAAAAAAAAAAAAAAAAAAAAAAAAAAAAAAAAAAAAAAAAAAAAAAAAAAAAAAAAAAAAAAAAAAAAAAAAAAAAAAAAAAAAAAAAAAAAAAAAAAAAAAAAAAAAAAAAAAAAAAAAAAAAAAAAAAAAAAAAAAAAAAAAAAAAAAAAAAAAAAAAAAAAAAAAAAAAAAAAAAAAAAAAAAAAAAAAAAAAAAAAAAAAAAAAAAAAAAAAAAAAAAAAAAAAAAAAAAAAAAAAAAAAAAAAAAAAAAAAAAAAAAAAAAAAAAAAAAAAAAAAAAAAAAAAAAAAAAAAAAAAAAAAAAAAAAAAAAAAAAAAAAAAAAAAAAAAAAAAAAAAAAAAAAAAAAAAAAAAAAAAAAAAAAAAAAAAAAAAAAAAAAAAAAAAAAAAAAAAAAAAAAAAAAAAAAAAAAAAAAAAAAAAAAAAAAAAAAAAAAAAAAAAAAAAAAAAAAAAAAAAAAAAAAAAAAAAAAAAAAAAAAAAAAAAAAAAAAAAAAAAAAAAAAAAAAAAAAAAAAAAAAAAAAAAAAAAAAAAAAAAAAAAAAAAAAAAAAAAAAAAAAAAAAAAAAAAAAAAAAAAAAAAAAAAAAAAAAAAAAAAAAAAAAAAAAAAAAAAAAAAAAAAAAAAAAAAAAAAAAAAAAAAAAAAAAAAAAAAAAAAAAAAAAAAAAAAAAAAAAAAAAAAAAAAAAAAAAAAAAAAAAAAAAAAAAAAAAIAAAAAAAAAAAAAAAAAAAAAAAAAAAAAAAAAAAAAAAAAAAAAAAAAAAAAAAAAAAAAAAAAAAAAAAAAAAAAAAAAAAAAAAAAAAAAAAAAAAAAAAAAAAAAAAAAAAAAAAAAAAAAAAAAAAAAAAAAAAAAAAAAAAAAAAAAAAAAAAAAAAAAAAAAAAAAAAAAAAAAAAAAAAAAAAAAAAAAAAAAAAAAAAAAAAAAAAAAAAAAAAAAAAAAAAAAAAAAAAAAAAAAAAAAAAAAAAAAAAAAAAAAAAAAAAAAAAAAAAAAAAAAAAAAAAAAAAAAAAAAAAAAAAAAAAAAAAAAAAAAAAAAAAAAAAAAAAAAAAAAAAAAAAAAAAAAAAAAAAAAAAAAAAAAAAAAAAAAAAAAAAAAAAAAAAAAAAAAAAAAAAAAAAAAAAAAAAAAAAAAAAAAAAAAAAAAAAAAAAAAAAAAAAAAAAAAAAAAAAAAAAAAAAAAAAAAAAAAAAAAAAAAAAAAAAAAAAAAAAAAAAAAAAAAAAAAAAAAAAAAAAAAAAAAAAAAAAAAAAAAAAAAAAAAAAAAAAAAAAAAAAAAAAAAAAAAAAAAAAAAAAAAAAAAAAAAAAAAAAAAAAAAAAAAAAAAAAAAAAAAAAAAAAAAAAAAAAAAAAAAAAAAAAAAAAAAAAAAAAAAAAAAAAAAAAAAAAAAAAAAAAAAAAAAAAAAAAAAAAAAAAAAAAAAAAAAAAAAAAAAAAAAAAAAAAAAAAAAAAAAAAAAAAAAAAAAAAAAAAAAAAAAAAAAAAAAAAAAAAAAAAAAAAAAAAAAAAAAAAAAAAAAAAAAAAAAAAAAAAAAAAAAAAAAAAAAAAAAAAAAAAAAAAAAAAAAAgAAAAAAAAAAAAAAAAAAAAAAAAAAAAAAAAAAAAAAAAAAAAAAAAAAAAAAAAAAAAAAAAAAAAAAAAAAAAAAAAAAAAAAAAAAAAAAAAAAAAAAAAAAAAAAAAAAAAAAAAAAAAAAAAAAAAAAAAAAAAAAAAAAAAAAAAAAAAAAAAAAAAAAAAAAAAAAAAAAAAAAAAAAAAAAAAAAAAAAAAAAAAAAAAAAAAAAAAAAAAAAAAAAAAAAAAAAAAAAAAAAAAAAAAAAAAAAAAAAAAAAAAAAAAAAAAAAAAAAAAAAAAAAAAAAAAAAAAAAAAAAAAAAAAAAAAAAAAAAAAAAAAAAAAAAAAAAAAAAAAAAAAAAAAAAAAAAAAAAAAAAAAAAAAAAAAAAAAAAAAAAAAAAAAAAAAAAAAAAAAAAAAAAAAAAAAAAAAAAAAAAAAAAAAAAAAAAAAAAAAAAAAAAAAAAAAAAAAAAAAAAAAAAAAAAAAAAAAAAAAAAAAAAAAAAAAAAAAAAAAAAAAAAAAAAAAAAAAAAAAAAAAAAAAAAAAAAAAAAAAAAAAAAAAAAAAAAAAAAAAAAAAAAAAAAAAAAAAAAAAAAAAAAAAAAAAAAAAAAAAAAAAAAAAAAAAAAAAAAAAAAAAAAAAAAAAAAAAAAAAAAAAAAAAAAAAAAAAAAAAAAAAAAAAAAAAAAAAAAAAAAAAAAAAAAAAAAAAAAAAAAAAAAAAAAAAAAAAAAAAAAAAAAAAAAAAAAAAAAAAAAAAAAAAAAAAAAAAAAAAAAAAAAAAAAAAAAAAAAAAAAAAAAAAAAAAAAAAAAAAAAAAAAAAAAAAAAAAAAAAAAAAAAAAAAAAAAAAAAAAAAAAAAAAAAAAACAAAAAAAAAAAAAAAAAAAAAAAAAAAAAAAAAAAAAAAAAAAAAAAAAAAAAAAAAAAAAAAAAAAAAAAAAAAAAAAAAAAAAAAAAAAAAAAAAAAAAAAAAAAAAAAAAAAAAAAAAAAAAAAAAAAAAAAAAAAAAAAAAAAAAAAAAAAAAAAAAAAAAAAAAAAAAAAAAAAAAAAAAAAAAAAAAAAAAAAAAAAAAAAAAAAAAAAAAAAAAAAAAAAAAAAAAAAAAAAAAAAAAAAAAAAAAAAAAAAAAAAAAAAAAAAAAAAAAAAAAAAAAAAAAAAAAAAAAAAAAAAAAAAAAAAAAAAAAAAAAAAAAAAAAAAAAAAAAAAAAAAAAAAAAAAAAAAAAAAAAAAAAAAAAAAAAAAAAAAAAAAAAAAAAAAAAAAAAAAAAAAAAAAAAAAAAAAAAAAAAAAAAAAAAAAAAAAAAAAAAAAAAAAAAAAAAAAAAAAAAAAAAAAAAAAAAAAAAAAAAAAAAAAAAAAAAAAAAAAAAAAAAAAAAAAAAAAAAAAAAAAAAAAAAAAAAAAAAAAAAAAAAAAAAAAAAAAAAAAAAAAAAAAAAAAAAAAAAAAAAAAAAAAAAAAAAAAAAAAAAAAAAAAAAAAAAAAAAAAAAAAAAAAAAAAAAAAAAAAAAAAAAAAAAAAAAAAAAAAAAAAAAAAAAAAAAAAAAAAAAAAAAAAAAAAAAAAAAAAAAAAAAAAAAAAAAAAAAAAAAAAAAAAAAAAAAAAAAAAAAAAAAAAAAAAAAAAAAAAAAAAAAAAAAAAAAAAAAAAAAAAAAAAAAAAAAAAAAAAAAAAAAAAAAAAAAAAAAAAAAAAAAAAAAAAAAAAAAAAAAAAAAAAAAAAAAAIAAAAAAAAAAAAAAAAAAAAAAAAAAAAAAAAAAAAAAAAAAAAAAAAAAAAAAAAAAAAAAAAAAAAAAAAAAAAAAAAAAAAAAAAAAAAAAAAAAAAAAAAAAAAAAAAAAAAAAAAAAAAAAAAAAAAAAAAAAAAAAAAAAAAAAAAAAAAAAAAAAAAAAAAAAAAAAAAAAAAAAAAAAAAAAAAAAAAAAAAAAAAAAAAAAAAAAAAAAAAAAAAAAAAAAAAAAAAAAAAAAAAAAAAAAAAAAAAAAAAAAAAAAAAAAAAAAAAAAAAAAAAAAAAAAAAAAAAAAAAAAAAAAAAAAAAAAAAAAAAAAAAAAAAAAAAAAAAAAAAAAAAAAAAAAAAAAAAAAAAAAAAAAAAAAAAAAAAAAAAAAAAAAAAAAAAAAAAAAAAAAAAAAAAAAAAAAAAAAAAAAAAAAAAAAAAAAAAAAAAAAAAAAAAAAAAAAAAAAAAAAAAAAAAAAAAAAAAAAAAAAAAAAAAAAAAAAAAAAAAAAAAAAAAAAAAAAAAAAAAAAAAAAAAAAAAAAAAAAAAAAAAAAAAAAAAAAAAAAAAAAAAAAAAAAAAAAAAAAAAAAAAAAAAAAAAAAAAAAAAAAAAAAAAAAAAAAAAAAAAAAAAAAAAAAAAAAAAAAAAAAAAAAAAAAAAAAAAAAAAAAAAAAAAAAAAAAAAAAAAAAAAAAAAAAAAAAAAAAAAAAAAAAAAAAAAAAAAAAAAAAAAAAAAAAAAAAAAAAAAAAAAAAAAAAAAAAAAAAAAAAAAAAAAAAAAAAAAAAAAAAAAAAAAAAAAAAAAAAAAAAAAAAAAAAAAAAAAAAAAAAAAAAAAAAAAAAAAAAAAAAAAAAAAAAAAAAgAAAAAAAAAAAAAAAAAAAAAAAAAAAAAAAAAAAAAAAAAAAAAAAAAAAAAAAAAAAAAAAAAAAAAAAAAAAAAAAAAAAAAAAAAAAAAAAAAAAAAAAAAAAAAAAAAAAAAAAAAAAAAAAAAAAAAAAAAAAAAAAAAAAAAAAAAAAAAAAAAAAAAAAAAAAAAAAAAAAAAAAAAAAAAAAAAAAAAAAAAAAAAAAAAAAAAAAAAAAAAAAAAAAAAAAAAAAAAAAAAAAAAAAAAAAAAAAAAAAAAAAAAAAAAAAAAAAAAAAAAAAAAAAAAAAAAAAAAAAAAAAAAAAAAAAAAAAAAAAAAAAAAAAAAAAAAAAAAAAAAAAAAAAAAAAAAAAAAAAAAAAAAAAAAAAAAAAAAAAAAAAAAAAAAAAAAAAAAAAAAAAAAAAAAAAAAAAAAAAAAAAAAAAAAAAAAAAAAAAAAAAAAAAAAAAAAAAAAAAAAAAAAAAAAAAAAAAAAAAAAAAAAAAAAAAAAAAAAAAAAAAAAAAAAAAAAAAAAAAAAAAAAAAAAAAAAAAAAAAAAAAAAAAAAAAAAAAAAAAAAAAAAAAAAAAAAAAAAAAAAAAAAAAAAAAAAAAAAAAAAAAAAAAAAAAAAAAAAAAAAAAAAAAAAAAAAAAAAAAAAAAAAAAAAAAAAAAAAAAAAAAAAAAAAAAAAAAAAAAAAAAAAAAAAAAAAAAAAAAAAAAAAAAAAAAAAAAAAAAAAAAAAAAAAAAAAAAAAAAAAAAAAAAAAAAAAAAAAAAAAAAAAAAAAAAAAAAAAAAAAAAAAAAAAAAAAAAAAAAAAAAAAAAAAAAAAAAAAAAAAAAAAAAAAAAAAAAAAAAAAAAAAAAAAAAAACAAAAAAAAAAAAAAAAAAAAAAAAAAAAAAAAAAAAAAAAAAAAAAAAAAAAAAAAAAAAAAAAAAAAAAAAAAAAAAAAAAAAAAAAAAAAAAAAAAAAAAAAAAAAAAAAAAAAAAAAAAAAAAAAAAAAAAAAAAAAAAAAAAAAAAAAAAAAAAAAAAAAAAAAAAAAAAAAAAAAAAAAAAAAAAAAAAAAAAAAAAAAAAAAAAAAAAAAAAAAAAAAAAAAAAAAAAAAAAAAAAAAAAAAAAAAAAAAAAAAAAAAAAAAAAAAAAAAAAAAAAAAAAAAAAAAAAAAAAAAAAAAAAAAAAAAAAAAAAAAAAAAAAAAAAAAAAAAAAAAAAAAAAAAAAAAAAAAAAAAAAAAAAAAAAAAAAAAa9K3pgAAIABJREFUAAAAAAAAAAAAAAAAAAAAAAAAAAAAAAAAAAAAAAAAAAAAAAAAAAAAAAAAAAAAAAAAAAAAAAAAAAAAAAAAAAAAAAAAAAAAAAAAAAAAAAAAAAAAAAAAAAAAAAAAAAAAAAAAAAAAAAAAAAAAAAAAAAAAAAAAAAAAAAAAAAAAAAAAAAAAAAAAAAAAAAAAAAAAAAAAAAAAAAAAAAAAAAAAAAAAAAAAAAAAAAAAAAAAAAAAAAAAAAAAAAAAAAAAAAAAAAAAAAAAAAAAAAAAAAAAAAAAAAAAAAAAAAAAAAAAAAAAAAAAAAAAAAAAAAAAAAAAAAAAAAAAAAAAAAAAAAAAAAAAAAAAAAAAAAAAAAAAAAAAAAAAAAAAAAAAAAAAAAAAAAAAAAAAAAAAAAAAAAAAAAAAAAAAAAAAAAAAAAAAAAAAAAAAAAAAAAAAAAAAAAAAAAAAAAAAAAAAAAAAAAAAAAAAAAAAAAAAAAIAAAAAAAAAAAAAAAAAAAAAAAAAAAAAAAAAAAAAAAAAAAAAAAAAAAAAAAAAAAAAAAAAAAAAAAAAAAAAAAAAAAAAAAAAAAAAAAAAAAAAAAAAAAAAAAAAAAAAAAAAAAAAAAAAAAAAAAAAAAAAAAAAAAAAAAAAAAAAAAAAAAAAAAAAAAAAAAAAAAAAAAAAAAAAAAAAAAAAAAAAAAAAAAAAAAAAAAAAAAAAAAAAAAAAAAAAAAAAAAAAAAAAAAAAAAAAAAAAAAAAAAAAAAAAAAAAAAAAAAAAAAAAAAAAAAAAAAAAAAAAAAAAAAAAAAAAAAAAAAAAAAAAAAAAAAAAAAAAAAAAAAAAAAAAAAAAAAAAAAAAAAAAAAAAAAAAAAAAAAAAAAAAAAAAAAAAAAAAAAAAAAAAAAAAAAAAAAAAAAAAAAAAAAAAAAAAAAAAAAAAAAAAAAAAAAAAAAAAAAAAAAAAAAAAAAAAAAAAAAAAAAAAAAAAAAAAAAAAAAAAAAAAAAAAAAAAAAAAAAAAAAAAAAAAAAAAAAAAAAAAAAAAAAAAAAAAAAAAAAAAAAAAAAAAAAAAAAAAAAAAAAAAAAAAAAAAAAAAAAAAAAAAAAAAAAAAAAAAAAAAAAAAAAAAAAAAAAAAAAAAAAAAAAAAAAAAAAAAAAAAAAAAAAAAAAAAAAAAAAAAAAAAAAAAAAAAAAAAAAAAAAAAAAAAAAAAAAAAAAAAAAAAAAAAAAAAAAAAAAAAAAAAAAAAAAAAAAAAAAAAAAAAAAAAAAAAAAAAAAAAAAAAAAAAAAAAAAAAAAAAAAAAAAAAAAAAAAAAAAAAAAAAAAAAAAAAAAAAAAAAAAAAAAAAAAAAAgAAAAAAAAAAAAAAAAAAAAAAAAAAAAAAAAAAAAAAAAAAAAAAAAAAAAAAAAAAAAAAAAAAAAAAAAAAAAAAAAAAAAAAAAAAAAAAAAAAAAAAAAAAAAAAAAAAAAAAAAAAAAAAAAAAAAAAAAAAAAAAAAAAAAAAAAAAAAAAAAAAAAAAAAAAAAAAAAAAAAAAAAAAAAAAAAAAAAAAAAAAAAAAAAAAAAAAAAAAAAAAAAAAAAAAAAAAAAAAAAAAAAAAAAAAAAAAAAAAAAAAAAAAAAAAAAAAAAAAAAAAAAAAAAAAAAAAAAAAAAAAAAAAAAAAAAAAAAAAAAAAAAAAAAAAAAAAAAAAAAAAAAAAAAAAAAAAAAAAAAAAAAAAAAAAAAAAAAAAAAAAAAAAAAAAAAAAAAAAAAAAAAAAAAAAAAAAAAAAAAAAAAAAAAAAAAAAAAAAAAAAAAAAAAAAAAAAAAAAAAAAAAAAAAAAAAAAAAAAAAAAAAAAAAAAAAAAAAAAAAAAAAAAAAAAAAAAAAAAAAAAAAAAAAAAAAAAAAAAAAAAAAAAAAAAAAAAAAAAAAAAAAAAAAAAAAAAAAAAAAAAAAAAAAAAAAAAAAAAAAAAAAAAAAAAAAAAAAAAAAAAAAAAAAAAAAAAAAAAAAAAAAAAAAAAAAAAAAAAAAAAAAAAAAAAAAAAAAAAAAAAAAAAAAAAAAAAAAAAAAAAAAAAAAAAAAAAAAAAAAAAAAAAAAAAAAAAAAAAAAAAAAAAAAAAAAAAAAAAAAAAAAAAAAAAAAAAAAAAAAAAAAAAAAAAAAAAAAAAAAAAAAAAAAAAAAAAAAAAAAAAAAAAAAAAAAAAAAAAAAAAAAAAAAAAAAACAAAAAAAAAAAAAAAAAAAAAAAAAAAAAAAAAAAAAAAAAAAAAAAAAAAAAAAAAAAAAAAAAAAAAAAAAAAAAAAAAAAAAAAAAAAAAAAAAAAAAAAAAAAAAAAAAAAAAAAAAAAAAAAAAAAAAAAAAAAAAAAAAAAAAAAAAAAAAAAAAAAAAAAAAAAAAAAAAAAAAAAAAAAAAAAAAAAAAAAAAAAAAAAAAAAAAAAAAAAAAAAAAAAAAAAAAAAAAAAAAAAAAAAAAAAAAAAAAAAAAAAAAAAAAAAAAAAAAAAAAAAAAAAAAAAAAAAAAAAAAAAAAAAAAAAAAAAAAAAAAAAAAAAAAAAAAAAAAAAAAAAAAAAAAAAAAAAAAAAAAAAAAAAAAAAAAAAAAAAAAAAAAAAAAAAAAAAAAAAAAAAAAAAAAAAAAAAAAAAAAAAAAAAAAAAAAAAAAAAAAAAAAAAAAAAAAAAAAAAAAAAAAAAAAAAAAAAAAAAAAAAAAAAAAAAAAAAAAAAAAAAAAAAAAAAAAAAAAAAAAAAAAAAAAAAAAAAAAAAAAAAAAAAAAAAAAAAAAAAAAAAAAAAAAAAAAAAAAAAAAAAAAAAAAAAAAAAAAAAAAAAAAAAAAAAAAAAAAAAAAAAAAAAAAAAAAAAAAAAAAAAAAAAAAAAAAAAAAAAAAAAAAAAAAAAAAAAAAAAAAAAAAAAAAAAAAAAAAAAAAAAAAAAAAAAAAAAAAAAAAAAAAAAAAAAAAAAAAAAAAAAAAAAAAAAAAAAAAAAAAAAAAAAAAAAAAAAAAAAAAAAAAAAAAAAAAAAAAAAAAAAAAAAAAAAAAAAAAAAAAAAAAAAAAAAAAAAAAAAAAAAAAAAAAAAAAAIAAAAAAAAAAAAAAAAAAAAAAAAAAAAAAAAAAAAAAAAAAAAAAAAAAAAAAAAAAAAAAAAAAAAAAAAAAAAAAAAAAAAAAAAAAAAAAAAAAAAAAAAAAAAAAAAAAAAAAAAAAAAAAAAAAAAAAAAAAAAAAAAAAAAAAAAAAAAAAAAAAAAAAAAAAAAAAAAAAAAAAAAAAAAAAAAAAAAAAAAAAAAAAAAAAAAAAAAAAAAAAAAAAAAAAAAAAAAAAAAAAAAAAAAAAAAAAAAAAAAAAAAAAAAAAAAAAAAAAAAAAAAAAAAAAAAAAAAAAAAAAAAAAAAAAAAAAAAAAAAAAAAAAAAAAAAAAAAAAAAAAAAAAAAAAAAAAAAAAAAAAAAAAAAAAAAAAAAAAAAAAAAAAAAAAAAAAAAAAAAAAAAAAAAAAAAAAAAAAAAAAAAAAAAAAAAAAAAAAAAAAAAAAAAAAAAAAAAAAAAAAAAAAAAAAAAAAAAAAAAAAAAAAAAAAAAAAAAAAAAAAAAAAAAAAAAAAAAAAAAAAAAAAAAAAAAAAAAAAAAAAAAAAAAAAAAAAAAAAAAAAAAAAAAAAAAAAAAAAAAAAAAAAAAAAAAAAAAAAAAAAAAAAAAAAAAAAAAAAAAAAAAAAAAAAAAAAAAAAAAAAAAAAAAAAAAAAAAAAAAAAAAAAAAAAAAAAAAAAAAAAAAAAAAAAAAAAAAAAAAAAAAAAAAAAAAAAAAAAAAAAAAAAAAAAAAAAAAAAAAAAAAAAAAAAAAAAAAAAAAAAAAAAAAAAAAAAAAAAAAAAAAAAAAAAAAAAAAAAAAAAAAAAAAAAAAAAAAAAAAAAAAAAAAAAAAAAAAAAAAAAAAAAAAAAAAAAo8BAQEAAAAAAAAAAAAAAAAAAAAAAAAAAAAAAAAAAAAAAAAAAAAAAAAAAAAAAAAAAAAAAAAAAAAAAAAAAAAAAAAAAAAAAAAAAAAAAAAAAAAAAAAAAAAAAAAAAAAAAAAAAAAAAAAAAAAAAAAAAAAAAAAAAAAAAAAAAAAAAACxAgIBAAAAAAAAAAAAAAAAAAAAAAAAAAAAAAAAAAAAAAAAAAAAAAAAAAAAAAAAAAAAAAAAAAAAAAAAAAAAAAAAAAAAAAAAAAAAAAAAAAAAAAAAAAAAAAAAAAAAAAAAAAAAAAAAAAAAAAAAAAAAAAAAAAAAAAAAAAAAAAAAAAAAAAAAAAAAAAAAAAAAAAAAAAAAAAAAAAAAAAAAAAAAAAAAAAAAAAAAAAAAAAAAAAAAAAAAAAAAAAAAAAAAAAAAAAAAAAAAAAAAAAAAAAAAAAAAAAAAAAAAAAAAAAAAAAAAAAAAAAAAAAAAAAAAAAAAAAAAAAAAAAAAAAAAAAAAAAAAAAAAAAAAAAAAAAAAAAAAAAAAAAAAAAAAAAAAAAAAAAAAAAAAAAAAAAAAAAAAAAAAAAAAAAAAAAAAAAAAAAAAAAAAAAAAAAAAAAAAAAAAAAAAAAAAAAAAAAAAAAAAAAAAAAAAAAAAAAAAAAAAAAAAAAAAAAAAAAAAAAAAAAAAAAAAAAAAAAAAAAAAAAAAAAAAAAAAAAAAAAAAAAAAAAAAAAAAAAAAAAAAAAAAAAAAAAAAAAAAAAAAAAAAAAAAAAAAAAAAAAAAAAAAAAAAAAAAAAAAAAAAAAAAAAAAAAAAAAAAAAAAAAAAAAAAAAAAAAAAAAAAAAAAAAAAAAAAAAAAAAAAAAACAAAAAI8BAQEAAAAAAAAAAAAAAAAAAAAAAAAAAAAAAAAAAAAAAAAAAAAAAAAAAAAAAAAAAAAAAAAAAAAAAAAAAAAAAAAAAAAAAAAAAAAAAAAAAAAAAAAAAAAAAAAAAAAAAAAAAAAAAAAAAAAAAAAAAAAAAAAAAAAAsQICAQAAAAAAAAAAAAAAAAAAAAAAAAAAAAAAAAAAAAAAAAAAAAAAAAAAAAAAAAAAAAAAAAAAAAAAAAAAAAAAAAAAAAAAAAAAAAAAAAAAAAAAAAAAAAAAAAAAAAAAAAAAAAAAAAAAAAAAAAAAAAAAAAAAAAAAAAAAAAAAAAAAAAAAAAAAAAAAAAAAAAAAAAAAAAAAAAAAAAAAAAAAAAAAAAAAAAAAAAAAAAAAAAAAAAAAAAAAAAAAAAAAAAAAAAAAAAAAAAAAAAAAAAAAAAAAAAAAAAAAAAAAAAAAAAAAAAAAAAAAAAAAAAAAAAAAAAAAAAAAAAAAAAAAAAAAAAAAAAAAAAAAAAAAAAAAAAAAAAAAAAAAAAAAAAAAAAAAAAAAAAAAAAAAAAAAAAAAAAAAAAAAAAAAAAAAAAAAAAAAAAAAAAAAAAAAAAAAAAAAAAAAAAAAAAAAAAAAAAAAAAAAAAAAAAAAAAAAAAAAAAAAAAAAAAAAAAAAAAAAAAAAAAAAAAAAAAAAAAAAAAAAAAAAAAAAAAAAAAAAAAAAAAAAAAAAAAAAAAAAAAAAAAAAAAAAAAAAAAAAAAAAAAAAAAAAAAAAAAAAAAAAAAAAAAAAAAAAAAAAAAAAAAAAAAAAAAAAAAAAAAAAAAAAAAAAAAAAAAAAAAAAAAAAAAAAAAAAAAAAAAAAAAAAAAAAAAAAAAAAAAAAAAAAAAAAAAAAAAAAAAAAAAAAAAAAAAAAAAAAAAAAAAAAAAAAAAAAAAAAAAAAAAAAAAAAAAAAAAAAAAAAAAAAAAAAAAAAAAAAAAAAAAAAAAAAAAAAAAAAAAAAAAAAAAAAAAAAAAAAAAAAAAAAAAAAAAAAAAAAAAAAAAAAAAAAAAAAAAAAAAAAAAAAAAAAAAAAAAAAAAAAAAAAAAAAAAAAAAAAAAAAAAAAAAAAAAAAAAAAAAAAAAAAAAAAAAAAAAAAAAAAAAAAAAAAAAAAAAAAAAAAAAAAAAAAAAAAAAAAAAAAAAAAAAAAAAAAAAAAAAAAAAAAAAAAAAAAAAAAAAAAAAAAAAAAAAAAAAAAAAAAAAAAAAAAAAAAAAAAAAAAAAAAAAAAAAAAAAAAAAAAAAAAAAAAAAAAAAAAAAAAAAAAAAAAAAAAAAAAAAAAAAAAAAAAAAAAAAAAAAAAAAAAAAAAAAAAAAAAAAAAAAAAAAAAAAAAAAAAAAAAAAAAAAAAAAAAAAAAAAAAAAAAAAAAAAAAAAAAAAAAAAAAAAAAAAAAAAAAAAAAAAAAAAAAAAAAAAAAAAAAAAAAAAAAAAAAAAAAAAAAAAAAAAAAAAAAAAAAAAAAAAAAAAAAAAAAAAAAAAAAAAAAAAAAAAAAAAAAAAAAAAAAAAAAAAAAAAAAAAAAAAAAAAAAAAAAAAAAAAAAAAAAAAAAAAAAAAAAAAAAAAAAAAAAAAAAAAAAAAAAAAAAAAAAAAAAAAAAAAAAAAAAAAAAAAAAAAAAAAAAAAAAAAAAAAAAAAAAAAAAAAAAAAAAAAAAAAAAAAAAAAAAAAAAAAAAAAAAAAAAAAAAAAAAAAAAAAAAAAAAAAAAAAAAAAAAAAAAAAAAAAAAAAAAAAAAAAAAAAAAAAAAAAAAAAAAAAAAAAAAAAAAAAAAAAAAAAAAAAAAAAAAAAAAAAAAAAAAAAAAAAAAAAAAAAAAAAAAAAAAAAAAAAAAAAAAAAAAAAAAAAAAAAAAAAAAAAAAAAAAAAAAAAAAAAAAAAAAAAAAAAAAAAAAAAAAAAAAAAAAAAAAAAAAAAAAAAAAAAAAAAAAAAAAAAAAAAAAAAAAAAAAAAAAAAAAAAAAAAAAAAAAAAAAAAAAAAAAAAAAAAAAAAAAAAAAAAAAAAAAAAAAAAAAAAAAAAAAAAAAAAAAAAAAAAAAAAAAAAAAAAAAAAAAAAAAAAAAAAAAAAAAAAAAAAAAAAAAAAAAAAAAAAAAAAAAAAAAAAAAAAAAAAAAAAAAAAAAAAAAAAAAAAAAAAAAAAAAAAAAAAAAAAAAAAAAAAAAAAAAAAAAAAAAAAAAAAAAAAAAAAAAAAAAAAAAAAAAAAAAAAAAAAAAAAAAAAAAAAAAAAAAAAAAAAAAAAAAAAAAAAAAAAAAAAAAAAAAAAAAAAAAAAAAAAAAAAAAAAAAAAAAAAAAAAAAAAAAAAAAAAAAAAAAAAAAAAAAAAAAAAAAAAAAAAAAAAAAAAAAAAAAAAAAAAAAAAAAAAAAAAAAAAAAAAAAAAAAAAAAAAAAAAAAAAAAAAAAAAAAAAAAAAAAAAAAAAAAAAAAAAAAAAAAAAAAAAAAAAAAAAAAAAAAAAAAAAAAAAAAAAAAAAAAAAAAAAAAAAAAAAAAAAAAAAAAAAAAAAAAAAAAAAAAAAAAAAAAAAAAAAAAAAAAAAAAAAAAAAAAAAAAAAAAAAAAAAAAAAAAAAAAAAAAAAAAAAAAAAAAAAAAAAAAAAAAAAAAAAAAAAAAAAAAAAAAAAAAAAAAAAAAAAAAAAAAAAAAAAAAAAAAAAAAAAAAAAAAAAAAAAAAAAAAAAAAAAAAAAAAAAAAAAAAAAAAAAAAAAAAAAAAAAAAAAAAAAAAAAAAAAAAAAAAAAAAAAAAAAAAAAAAAAAAAAAAAAAAAAAAAAAAAAAAAAAAAAAAAAAAAAAAAAAAAAAAAAAAAAAAAAAAAAAAAAAAAAAAAAAAAAAAAAAAAAAAAAAAAAAAAAAAAAAAAAAAAAAAAAAAAAAAAAAAAAAAAAAAAAAAAAAAAAAAAAAAAAAAAAAAAAAAAAAAAAAAAAAAAAAAAAAAAAAAAAAAAAAAAAAAAAAAAAAAAAAAAAAAAAAAAAAAAAAAAAAAAAAAAAAAAAAAAAAAAAAAAAAAAAAAAAAAAAAAAAAAAAAAAAAAAAAAAAAAAAAAAAAAAAAAAAAAAAAAAAAAAAAAAAAAAAAAAAAAAAAAAAAAAAAAAAAAAAAAAAAAAAAAAAAAAAAAAAAAAAAAAAAAAAAAAAAAAAAAAAAAAAAAAAAAAAAAAAAAAAAAAAAAAAAAAAAAAAAAAAAAAAAAAAAAAAAAAAAAAAAAAAAAAAAAAAAAAAAAAAAAAAAAAAAAAAAAAAAAAAAAAAAAAAAAAAAAAAAAAAAAAAAAAAAAAAAAAAAAAAAAAAAAAAAAAAAAAAAAAAAAAAAAAAAAAAAAAAAAAAAAAAAAAAAAAAAAAAAAAAAAAAAAAAAAAAAAAAAAAAAAAAAAAAAAAAAAAAAAAAAAAAAAAAAAAAAAAAAAAAAAAAAAAAAAAAAAAAAAAAAAAAAAAAAAAAAAAAAAAAAAAAAAAAAAAAAAAAAAAAAAAAAAAAAAAAAAAAAAAAAAAAAAAAAAAAAAAAAAAAAAAAAAAAAAAAAAAAAAAAAAAAAAAAAAAAAAAAAAAAAAAAAAAAAAAAAAAAAAAAAAAAAAAAAAAAAAAAAAAAAAAAAAAAAAAAAAAAAAAAAAAAAAAAAAAAAAAAAAAAAAAAAAAAAAAAAAAAAAAAAAAAAAAAAAAAAAAAAAAAAAAAAAAAAAAAAAAAAAAAAAAAAAAAAAAAAAAAAAAAAAAAAAAAAAAAAAAAAAAAAAAAAAAAAAAAAAAAAAAAAAAAAAAAAAAAAAAAAAAAAAAAAAAAAAAAAAAAAAAAAAAAAAAAAAAAAAAAAAAAAAAAAAAAAAAAAAAAAAAAAAAAAAAAAAAAAAAAAAAAAAAAAAAAAAAAAAAAAAAAAAAAAAAAAAAAAAAAAAAAAAAAAAAAAAAAAAAAAAAAAAAAAAAAAAAAAAAAAAAAAAAAAAAAAAAAAAAAAAAAAAAAAAAAAAAAAAAAAAAAAAAAAAAAAAAAAAAAAAAAAAAAAAAAAAAAAAAAAAAAAAAAAAAAAAAAAAAAAAAAAAAAAAAAAAAAAAAAAAAAAAAAAAAAAAAAAAAAAAAAAAAAAAAAAAAAAAAAAAAAAAAAAAAAAAAAAAAAAAAAAAAAAAAAAAAAAAAAAAAAAAAAAAAAAAAAAAAAAAAAAAAAAAAAAAAAAAAAAAAAAAAAAAAAAAAAAAAAAAAAAAAAAAAAAAAAAAAAAAAAAAAAAAAAAAAAAAAAAAAAAAAAAAAAAAAAAAAAAAAAAAAAAAAAAAAAAAAAAAAAAAAAAAAAAAAAAAAAAAAAAAAAAAAAAAAAAAAAAAAAAAAAAAAAAAAAAAAAAAAAAAAAAAAAAAAAAAAAAAAAAAAAAAAAAAAAAAAAAAAAAAAAAAAAAAAAAAAAAAAAAAAAAAAAAAAAAAAAAAAAAAAAAAAAAAAAAAAAAAAAAAAAAAAAAAAAAAAAAAAAAAAAAAAAAAAAAAAAAAAAAAAAAAAAAAAAAAAAAAAAAAAAAAAAAAAAAAAAAAAAAAAAAAAAAAAAAAAAAAAAAAAAAAAAAAAAAAAAAAAAAAAAAAAAAAAAAAAAAAAAAAAAAAAAAAAAAAAAAAAAAAAAAAAAAAAAAAAAAAAAAAAAAAAAAAAAAAAAAAAAAAAAAAAAAAAAAAAAAAAAAAAAAAAAAAAAAAAAAAAAAAAAAAAAAAAAAAAAAAAAAAAAAAAAAAAAAAAAAAAAAAAAAAAAAAAAAAAAAAAAAAAAAAAAAAAAAAAAAAAAAAAAAAAAAAAAAAAAAAAAAAAAAAAAAAAAAAAAAAAAAAAAAAAAAAAAAAAAAAAAAAAAAAAAAAAAAAAAAAAAAAAAAAAAAAAAAAAAAAAAAAAAAAAAAAAAAAAAAAAAAAAAAAAAAAAAAAAAAAAAAAAAAAAAAAAAAAAAAAAAAAAAAAAAAAAAAAAAAAAAAAAAAAAAAAAAAAAAAAAAAAAAAAAAAAAAAAAAAAAAAAAAAAAAAAAAAAAAAAAAAAAAAAAAAAAAAAAAAAAAAAAAAAAAAAAAAAAAAAAAAAAAAAAAAAAAAAAAAAAAAAAAAAAAAAAAAAAAAAAAAAAAAAAAAAAAAAAAAAAAAAAAAAAAAAAAAAAAAAAAAAAAAAAAAAAAAAAAAAAAAAAAAAAAAAAAAAAAAAAAAAAAAAAAAAAAAAAAAAAAAAAAAAAAAAAAAAAAAAAAAAAAAAAAAAAAAAAAAAAAAAAAAAAAAAAAAAAAAAAAAAAAAAAAAAAAAAAAAAAAAAAAAAAAAAAAAAAAAAAAAAAAAAAAAAAAAAAAAAAAAAAAAAAAAAAAAAAAAAAAAAAAAAAAAAAAAAAAAAAAAAAAAAAAAAAAAAAAAAAAAAAAAAAAAAAAAAAAAAAAAAAAAAAAAAAAAAAAAAAAAAAAAAAAAAAAAAAAAAAAAAAAAAAAAAAAAAAAAAAAAAAAAAAAAAAAAAAAAAAAAAAAAAAAAAAAAAAAAAAAAAAAAAAAAAAAAAAAAAAAAAAAAAAAAAAAAAAAAAAAAAAAAAAAAAAAAAAAAAAAAAAAAAAAAAAAAAAAAAAAAAAAAAAAAAAAAAAAAAAAAAAAAAAAAAAAAAAAAAAAAAAAAAAAAAAAAAAAAAAAAAAAAAAAAAAAAAAAAAAAAAAAAAAAAAAAAAAAAAAAAAAAAAAAAAAAAAAAAAAAAAAAAAAAAAAAAAAAAAAAAAAAAAAAAAAAAAAAAAAAAAAAAAAAAAAAAAAAAAAAAAAAAAAAAAAAAAAAAAAAAAAAAAAAAAAAAAAAAAAAAAAAAAAAAAAAAAAAAAAAAAAAAAAAAAAAAAAAAAAAAAAAAAAAAAAAAAAAAAAAAAAAAAAAAAAAAAAAAAAAAAAAAAAAAAAAAAAAAAAAAAAAAAAAAAAAAAAAAAAAAAAAAAAAAAAAAAAAAAAAAAAAAAAAAAAAAAAAAAAAAAAAAAAAAAAAAAAAAAAAAAAAAAAAAAAAAAAAAAAAAAAAAAAAAAAAAAAAAAAAAAAAAAAAAAAAAAAAAAAAAAAAAAAAAAAAAAAAAAAAAAAAAAAAAAAAAAAAAAAAAAAAAAAAAAAAAAAAAAAAAAAAAAAAAAAAAAAAAAAAAAAAAAAAAAAAAAAAAAAAAAAAAAAAAAAAAAAAAAAAAAAAAAAAAAAAAAAAAAAAAAAAAAAAAAAADGvMcYAAAgAElEQVQAAAAAAAAAAAAAAAAAAAAAAAAAAAAAAAAAAAAAAAAAAAAAAAAAAAAAAAAAAAAAAAAAAAAAAAAAAAAAAAAAAAAAAAAAAAAAAAAAAAAAAAAAAAAAAAAAAAAAAAAAAAAAAAAAAAAAAAAAAAAAAAAAAAAAAAAAAAAAAAAAAAAAAAAAAAAAAAAAAAAAAAAAAAAAAAAAAAAAAAAAAAAAAAAAAAAAAAAAAAAAAAAAAAAAAAAAAAAAAAAAAAAAAAAAAAAAAAAAAAAAAAAAAAAAAAAAAAAAAAAAAAAAAAAAAAAAAAAAAAAAAAAAAAAAAAAAAAAAAAAAAAAAAAAAAAAAAAAAAAAAAAAAAAAAAAAAAAAAAAAAAAAAAAAAAAAAAAAAAAAAAAAAAAAAAAAAAAAAAAAAAAAAAAAAAAAAAAAAAAAAAAAAAAAAAAAAAAAAAAAAAAAAAAAAAAAAAAAAAAAAAAAAAAAAAAAAAAAAAAAAAAAAAAAAAAAAAAAAAAAAAAAAAAAAAAAAAAAAAAAAAAAAAAAAAAAAAAAAAAAAAAAAAAAAAAAAAAAAAAAAAAAAAAAAAAAAAAAAAAAAAAAAAAAAAAAAAAAAAAAAAAAAAAAAAAAAAAAAAAAAAAAAAAAAAAAAAAAAAAAAAAAAAAAAAAAAAAAAAAAAAAAAAAAAAAAAAAAAAAAAAAAAAAAAAAAAAAAAAAAAAAAAAAAAAAAAAAAAAAAAAAAAAAAAAAAAAAAAAAAAAAAAAAAAAAAAAAAAAAAAAAAAAAAAAAAAAAAAAAAAAAAAAAAAAAAAAAAAAAAAAAAAAAAAAAAAAAAAAAAAAAAAAAAAAAAAAAAAAAAAAAAAAAAAAAAAAAAAAAAAAAAAAAAAAAAAAAAAAAAAAAAAAAAAAAAAAAAAAAAAAAAAAAAAAAAAAAAAAAAAAAAAAAAAAAAAAAAAAAAAAAAAAAAAAAAAAAAAAAAAAAAAAAAAAAAAAAAAAAAAAAAAAAAAAAAAAAAAAAAAAAAAAAAAAAAAAAAAAAAAAAAAAAAAAAAAAAAAAAAAAAAAAAAAAAAAAAAAAAAAAAAAAAAAAAAAAAAAAAAAAAAAAAAAAAAAAAAAAAAAAAAAAAAAAAAAAAAAAAAAAAAAAAAAAAAAAAAAAAAAAAAAAAAAAAAAAAAAAAAAAAAAAAAAAAAAAAAAAAAAAAAAAAAAAAAAAAAAAAAAAAAAAAAAAAAAAAAAAAAAAAAAAAAAAAAAAAAAAAAAAAAAAAAAAAAAAAAAAAAAAAAAAAAAAAAAAAAAAAAAAAAAAAAAAAAAAAAAAAAAAAAAAAAAAAAAAAAAAAAAAAAAAAAAAAAAAAAAAAAAAAAAAAAAAAAAAAAAAAAAAAAAAAAAAAAAAAAAAAAAAAAAAAAAAAAAAAAAAAAAAAAAAAAAAAAAAAAAAAAAAAAAAAAAAAAAAAAAAAAAAAAAAAAAAAAAAAAAAAAAAAAAAAAAAAAAAAAAAAAAAAAAAAAAAAAAAAAAAAAAAAAAAAAAAAAAAAAAAAAANILLfQAAAAAAAAAAAAAAAAAAAAAAAAAAAAAAAAAAAAAAAAAAAAAAAAAAAAAAAAAAAAAAAAAAAAAAAAAAAAAAAAAAAAAAAAAAAAAAAAAAAAAAAAAAAAAAAAAAAAAAAAAAAAAAAAAAAAAAAAAAAAAAAAAAAAAAAAAAAAAAAAAAAAAAAAAAAAAAAAAAAAAAAAAAAAAAAAAAAAAAAAAAAAAAAAAAAAAAAAAAAAAAAAAAAAAAAAAAAAAAAAAAAAAAAAAAAAAAAAAAAAAAAAAAAAAAAAAAAAAAAAAAAAAAAAAAAAAAAAAAAAAAAAAAAAAAAAAAAAAAAAAAAAAAAAAAAAAAAAAAAAAAAAAAAAAAAAAAAAAAAAAAAAAAAAAAAAAAAAAAAAAAAAAAAAAAAAAAAAAAAAAAAAAAAAAAAAAAAAAAAAAAAAAAAAAAAAAAAAAAAAAAAAAAAAAAAAAAAAAAAAAAAAAAAAAAAAAAAAAAAAAAAAAAAAAAAAAAAAAAAAAAAAAAAAAAAAAAAAAAAAAAAAAAAAAAAAAAAAAAAAAAAAAAAAAAAAAAAAAAAAAAAAAAAAAAAAAAAAAAAAAAAAAAAAAAAAAAAAAAAAAAAAAAAAAAAAAAAAAAAAAAAAAAAAAAAAAAAAAAAAAAAAAAAAAAAAAAAAAAAAAAAAAAAAAAAAAAAAAAAAAAAAAAAAAAAAAAAAAAAAAAAAAAAAAAAAAAAAAAAAAAAAAAAAAAAAAAAAAAAAAAAAAAAAAAAAAAAAAAAAAAAAAAAAAAAAAAAAAAAAAAAAAAAAAAAAAAAAAAAAAAAAAAAAAAAAAAAAAAAAAAAAAAAAAAAAAAAAAAAAAAAAAAAAAAAAAAAAAAAAAAAAAAAAAAAAAAAAAAAAAAAAAAAAAAAAAAAAAAAAAAAAAAAAAAAAAAAAAAAAAAAAAAAAAAAAAAAAAAAAAAAAAAAAAAAAAAAAAAAAAAAAAAAAAAAAAAAAAAAAAAAAAAAAAAAAAAAAAAAAAAAAAAAAAAAAAAAAAAAAAAAAAAAAAAAAAAAAAAAAAAAAAAAAAAAAAAAAAAAAAAAAAAAAAAAAAAAAAAAAAAAAAAAAAAAAAAAAAAAAAAAAAAAAAAAAAAAAAAAAAAAAAAAAAAAAAAAAAAAAAAAAAAAAAAAAAAAAAAAAAAAAAAAAAAAAAAAAAAAAAAAAAAAAAAAAAAAAAAAAAAAAAAAAAAAAAAAAAAAAAAAAAAAAAAAAAAAAAAAAAAAAAAAAAAAAAAAAAAAAAAAAAAAAAAAAAAAAAAAAAAAAAAAAAAAAAAAAAAAAAAAAAAAAAAAAAAAAAAAAAAAAAAAAAAAAAAAAAAAAAAAAAAAAAAAAAAAAAAAAAAAAAAAAAAAAAAAAAAAAAAAAAAAAAAAAAAAAAAAAAAAAAAAAAAAAAAAAAAAAAAAAAAAAAAAAAAAAAAAAAAAAAAAAAAAAAAAAAAAAAAAAAAAAAAAAAAAAAAAAAAAAAAAAAAAAAAAAAAAAAAAAAAAAAAAAAAAAAAAAAAAAAAAAAAAAAAAAAAAAAAAAAAAAAAAAAAAAAAAAAAAAAAAAAAAAAAAAAAAAAAAAAAAAAAAAAAAAAAAAAAAAAAAAAAAAAAAAAAAAAAAAAAAAAAAAAAAAAAAAAAAAAAAAAAAAAAAAAAAAAAAAAAAAAAAAAAAAAAAAAAAAAAAAAAAAAAAAAAAAAAAAAAAAAAAAAAAAAAAAAAAAAAAAAAAAAAAAAAAAAAAAAAAAAAAAAAAAAAAAAAAAAAAAAAAAAAAAAAAAAAAAAAAAAAAAAAAAAAAAAAAAAAAAAAAAAAAAAAAAAAAAAAAAAAAAAAAAAAAAAAAAAAAAAAAAAAAAAAAAAAAAAAAAAAAAAAAAAAAAAAAAAAAAAAAAAAAAAAAAAAAAAAAAAAAAAAAAAAAAAAAAAAAAAAAAAAAAAAAAAAAAAAAAAAAAAAAAAAAAAAAAAAAAAAAAAAAAAAAAAAAAAAAAAAAAAAAAAAAAAAAAAAAAAAAAAAAAAAAAAAAAAAAAAAAAAAAAAAAAAAAAAAAAAAAAAAAAAAAAAAAAAAAAAAAAAAAAAAAAAAAAAAAAAAAAAAAAAAAAAAAAAAAAAAAAAAAAAAAAAAAAAAAAAAAAAAAAAAAAAAAAAAAAAAAAAAAAAAAAAAAAAAAAAAAAAAAAAAAAAAAAAAAAAAAAAAAAAAAAAAAAAAAAAAAAAAAAAAAAAAAAAAAAAAAAAAAAAAAAAAAAAAAAAAAAAAAAAAAAAAAAAAAAAAAAAAAAAAAAAAAAAAAAAAAAAAAAAAAAAAAAAAAAAAAAAAAAAAAAAAAAAAAAAAAAAAAAAAAAAAAAAAAAAAAAAAAAAAAAAAAAAAAAAAAAAAAAAAAAAAAAAAAAAAAAAAAAAAAAAAAAAAAAAAAAAAAAAAAAAAAAAAAAAAAAAAAAAAAAAAAAAAAAAAAAAAAAAAAAAAAAAAAAAAAAAAAAAAAAAAAAAAAAAAAAAAAAAAAAAAAAAAAAAAAAAAAAAAAAAAAAAAAAAAAAAAAAAAAAAAAAAAAAAAAAAAAAAAAAAAAAAAAAAAAAAAAAAAAAAAAAAAAAAAAAAAAAAAAAAAAAAAAAAAAAAAAAAAAAAAAAAAAAAAAAAAAAAAAAAAAAAAAAAAAAAAAAAAAAAAAAAAAAAAAAAAAAAAAAAAAAAAAAAAAAAAAAAAAAAAAAAAAAAAAAAAAAAAAAAAAAAAAAAAAAAAAAAAAAAAAAAAAAAAAAAAAAAAAAAAAAAAAAAAAAAAAAAAAAAAAAAAAAAAAAAAAAAAAAAAAAAAAAAAAAAAAAAAAAAAAAAAAAAAAAAAAAAAAAAAAAAAAAAAAAAAAAAAAAAAAAAAAAAAAAAAAAAAAAAAAAAAAAAAAAAAAAAAAAAAAAAAAAAAAAAAAAAAAAAAAAAAAAAAAAAAAAAAAAAAAAAAAAAAAAAAAAAAAAAAAAAAAAAAAAAAAAAAAAAAAAAAAAAAAAAAAAAAAAAAAAAAAAAAAAAAAAAAAAAAAAAAAAAAAAAAAAAAAAAAAAAAAAAAAAAAAAAAAAAAAAAAAAAAAAAAAAAAAAAAAAAAAAAAAAAAAAAAAAAAAAAAAAAAAAAAAAAAAAAAAAAAAAAAAAAAAAAAAAAAAAAAAAAAAAAAAAAAAAAAAAAAAAAAAAAAAAAAAAAAAAAAAAAAAAAAAAAAAAAAAAAAAAAAAAAAAAAAAAAAAAAAAAAAAAAAAAAAAAAAAAAAAAAAAAAAAAAAAAAAAAAAAAAAAAAAAAAAAAAAAAAAAAAAAAAAAAAAAAAAAAAAAAAAAAAAAAAAAAAAAAAAAAAAAAAAAAAAAAAAAAAAAAAAAAAAAAAAAAAAAAAAAAAAAAAAAAAAAAAAAAAAAAAAAAAAAAAAAAAAAAAAAAAAAAAAAAAAAAAAAAAAAAAAAAAAAAAAAAAAAAAAAAAAAAAAAAAAAAAAAAAAAAAAAAAAAAAAAAAAAAAAAAAAAAAAAAAAAAAAAAAAAAAAAAAAAAAAAAAAAAAAAAAAAAAAAAAAAAAAAAAAAAAAAAAAAAAAAAAAAAAAAAAAAAAAAAAAAAAAAAAAAAAAAAAAAAAAAAAAAAAAAAAAAAAAAAAAAAAAAAAAAAAAAAAAAAAAAAAAAAAAAAAAAAAAAAAAAAAAAAAAAAAAAAAAAAAAAAAAAAAAAAAAAAAAAAAAAAAAAAAAAAAAAAAAAAAAAAAAAAAAAAAAAAAAAAAAAAAAAAAAAAAAAAAAAAAAAAAAAAAAAAAAAAAAAAAAAAAAAAAAAAAAAAAAAAAAAAAAAAAAAAAAAAAAAAAAAAAAAAAAAAAAAAAAAAAAAAAAAAAAAAAAAAAAAAAAAAAAAAAAAAAAAAAAAAAAAAAAAAAAAAAAAAAAAAAAAAAAAAAAAAAAAAAAAAAAAAAAAAAAAAAAAAAAAAAAAAAAAAAAAAAAAAAAAAAAAAAAAAAAAAAAAAAAAAAAAAAAAAAAAAAAAAAAAAAAAAAAAAAAAAAAAAAAAAAAAAAAAAAAAAAAAAAAAAAAAAAAAAAAAAAAAAAAAAAAAAAAAAAAAAAAAAAAAAAAAAAAAAAAAAAAAAAAAAAAAAAAAAAAAAAAAAAAAAAAAAAAAAAAAAAAAAAAAAAAAAAAAAAAAAAAAAAAAAAAAAAAAAAAAAAAAAAAAAAAAAAAAAAAAAAAAAAAAAAAAAAAAAAAAAAAAAAAAAAAAAAAAAAAAAAAAAAAAAAAAAAAAAAAAAAAAAAAAAAAAAAAAAAAAAAAAAAAAAAAAAAAAAAAAAAAAAAAAAAAAAAAAAAAAAAAAAAAAAAAAAAAAAAAAAAAAAAAAAAAAAAAAAAAAAAAAAAAAAAAAAAAAAAAAAAAAAAAAAAAAAAAAAAAAAAAAAAAAAAAAAAAAAAAAAAAAAAAAAAAAAAAAAAAAAAAAAAAAAAAAAAAAAAAAAAAAAAAAAAAAAAAAAAAAAAAAAAAAAAAAAAAAAAAAAAAAAAAAAAAAAAAAAAAAAAAAAAAAAAAAAAAAAAAAAAAAAAAAAAAAAAAAAAAAAAAAAAAAAAAAAAAAAAAAAAAAAAAAAAAAAAAAAAAAAAAAAAAAAAAAAAAAAAAAAAAAAAAAAAAAAAAAAAAAAAAAAAAAAAAAAAAAAAAAAAAAAAAAAAAAAAAAAAAAAAAAAAAAAAAAAAAAAAAAAAAAAAAAAAAAAAAAAAAAAAAAAAAAAAAAAAAAAAAAAAAAAAAAAAAAAAAAAAAAAAAAAAAAAAAAAAAAAAAAAAAAAAAAAAAAAAAAAAAAAAAAAAAAAAAAAAAAAAAAAAAAAAAAAAAAAAAAAAAAAAAAAAAAAAAAAAAAAAAAAAAAAAAAAAAAAAAAAAAAAAAAAAAAAAAAAAAAAAAAAAAAAAAAAAAAAAAAAAAAAAAAAAAAAAAAAAAAAAAAAAAAAAAAAAAAAAAAAAAAAAAAAAAAAAAAAAAAAAAAAAAAAAAAAAAAAAAAAAAAAAAAAAAAAAAAAAAAAAAAAAAAAAAAAAAAAAAAAAAAAAAAAAAAAAAAAAAAAAAAAAAAAAAAAAAAAAAAAAAAAAAAAAAAAAAAAAAAAAAAAAAAAAAAAAAAAAAAAAAAAAAAAAAAAAAAAAAAAAAAAAAAAAAAAAAAAAAAAAAAAAAAAAAAAAAAAAAAAAAAAAAAAAAAAAAAAAAAAAAAAAAAAAAAAAAAAAAAAAAAAAAAAAAAAAAAAAAAAAAAAAAAAAAAAAAAAAAAAAAAAAAAAAAAAAAAAAAAAAAAAAAAAAAAAAAAAAAAAAAAAAAAAAAAAAAAAAAAAAAAAAAAAAAAAAAAAAAAAAAAAAAAAAAAAAAAAAAAAAAAAAAAAAAAAAAAAAAAAAAAAAAAAAAAAAAAAAAAAAAAAAAAAAAAAAAAAAAAAAAAAAAAAAAAAAAAAAAAAAAAAAAAAAAAAAAAAAAAAAAAAAAAAAAAAAAAAAAAAAAAAAAAAAAAAAAAAAAAAAAAAAAAAAAAAAAAAAAAAAAAAAAAAAAAAAAAAAAAAAAAAAAAAAAAAAAAAAAAAAAAAAAAAAAAAAAAAAAAAAAAAAAAAAAAAAAAAAAAAAAAAAAAAAAAAAAAAAAAAAAAAAAAAAAAAAAAAAAAAAAAAAAAAAAAAAAAAAAAAAAAAAAAAAAAAAAAAAAAAAAAAAAAAAAAAAAAAAAAAAAAAAAAAAAAAAAAAAAAAAAAAAAAAAAAAAAAAAAAAAAAAAAAAAAAAAAAAAAAAAAAAAAAAAAAAAAAAAAAAAAAAAAAAAAAAAAAAAAAAAAAAAAAAAAAAAAAAAAAAAAAAAAAAAAAAAAAAAAAAAAAAAAAAAAAAAAAAAAAAAAAAAAAAAAAAAAAAAAAAAAAAAAAAAAAAAAAAAAAAAAAAAAAAAAAAAAAAAAAAAAAAAAAAAAAAAAAAAAAAAAAAAAAAAAAAAAAAAAAAAAAAAAAAAAAAAAAAAAAAAAAAAAAAAAAAAAAAAAAAAAAAAAAAAAAAAAAAAAAAAAAAAAAAAAAAAAAAAAAAAAAAAAAAAAAAAAAAAAAAAAAAAAAAAAAAAAAAAAAAAAAAAAAAAAAAAAAAAAAAAAAAAAAAAAAAAAAAAAAAAAAAAAAAAAAAAAAAAAAAAAAAAAAAAAAAAAAAAAAAAAAAAAAAAAAAAAAAAAAAAAAAAAAAAAAAAAAAAAAAAAAAAAAAAAAAAAAAAAAAAAAAAAAAAAAAAAAAAAAAAAAAAAAAAAAAAAAAAAAAAAAAAAAAAAAAAAAAAAAAAAAAAAAAAAAAAAAAAAAAAAAAAAAAAAAAAAAAAAAAAAAAAAAAAAAAAAAAAAAAAAAAAAAAAAAAAAAAAAAAAAAAAAAAAAAAAAAAAAAAAAAAAAAAAAAAAAAAAAAAAAAAAAAAAAAAAAAAAAAAAAAAAAAAAAAAAAAAAAAAAAAAAAAAAAAAAAAAAAAAAAAAAAAAAAAAAAAAAAAAAAAAAAAAAAAAAAAAAAAAAAAAAAAAAAAAAAAAAAAAAAAAAAAAAAAAAAAAAAAAAAAAAAAAAAAAAAAAAAAAAAAAAAAAAAAAAAAAAAAAAAAAAAAAAAAAAAAAAAAAAAAAAAAAAAAAAAAAAAAAAAAAAAAAAAAAAAAAAAAAAAAAAAAAAAAAAAAAAAAAAAAAAAAAAAAAAAAAAAAAAAAAAAAAAAAAAAAAAAAAAAAAAAAAAAAAAAAAAAAAAAAAAAAAAAAAAAAAAAAAAAAAAAAAAAAAAAAAAAAAAAAAAAAAAAAAAAAAAAAAAAAAAAAAAAAAAAAAAAAAAAAAAAAAAAAAAAAAAAAAAAAAAAAAAAAAAAAAAAAAAAAAAAAAAAAAAAAAAAAAAAAAAAAAAAAAAAAAAAAAAAAAAAAAAAAAAAAAAAAAAAAAAAAAAAAAAAAAAAAAAAAAAAAAAAAAAAAAAAAAAAAAAAAAAAAAAAAAAAAAAAAAAAAAAAAAAAAAAAAAAAAAAAAAAAAAAAAAAAAAAAAAAAAAAAAAAAAAAAAAAAAAAAAAAAAAAAAAAAAAAAAAAAAAAAAAAAAAAAAAAAAAAAAAAAAAAAAAAAAAAAAAAAAAAAAAAAAAAAAAAAAAAAAAAAAAAAAAAAAAAAAAAAAAAAAAAAAAAAAAAAAAAAAAAAAAAAAAAAAAAAAAAAAAAAAAAAAAAAAAAAAAAAAAAAAAAAAAAAAAAAAAAAAAAAAAAAAAAAAAAAAAAAAAAAAAAAAAAAAAAAAAAAAAAAAAAAAAAAAAAAAAAAAAAAAAAAAAAAAAAAAAAAAAAAAAAAAAAAAAAAAAAAAAAAAAAAAAAAAAAAAAAAAAAAAAAAAAAAAAAAAAAAAAAAAAAAAAAAAAAAAAAAAAAAAAAAAAAAAAAAAAAAAAAAAAAAAAAAAAAAAAAAAAAAAAAAAAAAAAAAAAAAAAAAAAAAAAAAAAAAAAAAAAAAAAAAAAAAAAAAAAAAAAAAAAAAAAAAAAAAAAAAAAAAAAAAAAAAAAAAAAAAAAAAAAAAAAAAAAAAAAAAAAAAAAAAAAAAAAAAAAAAAAAAAAAAAAAAAAAAAAAAAAAAAAAAAAAAAAAAAAAAAAAAAAAAAAAAAAAAAAAAAAAAAAAAAAAAAAAAAAAAAAAAAAAAAAAAAAAAAAAAAAAAAAAAAAAAAAAAAAAAAAAAAAAAAAAAAAAAAAAAAAAAAAAAAAAAAAAAAAAAAAAAAAAAAAAAAAAAAAAAAAAAAAAAAAAAAAAAAAAAAAAAAAAAAAAAAAAAAAAAAAAAAAAAAAAAAAAAAAAAAAAAAAAAAAAAAAAAAAAAAAAAAAAAAAAAAAAAAAAAAAAAAAAAAAAAAAAAAAAAAAAAAAAAAAAAAAAAAAAAAAAAAAAAAAAAAAAAAAAAAAAAAAAAAAAAAAAAAAAAAAAAAAAAAAAAAAAAAAAAAAAAAAAAAAAAAAAAAAAAAAAAAAAAAAAAAAAAAAAAAAAAAAAAAAAAAAAAAAAAAAAAAAAAAAAAAAAAAAAAAAAAAAAAAAAAAAAAAAAAAAAAAAAAAAAAAAAAAAAAAAAAAAAAAAAAAAAAAAAAAAAAAAAAAAAAAAAAAAAAAAAAAAAAAAAAAAAAAAAAAAAAAAAAAAAAAAAAAAAAAAAAAAAAAAAAAAAAAAAAAAAAAAAAAAAAAAAAAAAAAAAAAAAAAAAAAAAAAAAAAAAAAAAAAAAAAAAAAAAAAAAAAAAAAAAAAAAAAAAAAAAAAAAAAAAAAAAAAAAAAAAAAAAAAAAAAAAAAAAAAAAAAAAAAAAAAAAAAAAAAAAAAAAAAAAAAAAAAAAAAAAAAAAAAAAAAAAAAAAAAAAAAAAAAAAAAAAAAAAAAAAAAAAAAAAAAAAAAAAAAAAAAAAAAAAAAAAAAAAAAAAAAAAAAAAAAAAAAAAAAAAAAAAAAAAAAAAAAAAAAAAAAAAAAAAAAAAAAAAAAAAAAAAAAAAAAAAAAAAAAAAAAAAAAAAAAAAAAAAAAAAAAAAAAAAAAAAAAAAAAAAAAAAAAAAAAAAAAAAAAAAAAAAAAAAAAAAAAAAAAAAAAAAAAAAAAAAAAAAAAAAAAAAAAAAAAAAAAAAAAAAAAAAAAAAAAAAAAAAAAAAAAAAAAAAAAAAAAAAAAAAAAAAAAAAAAAAAAAAAAAAAAAAAAAAAAAAAAAAAAAAAAAAAAAAAAAAAAAAAAAAAAAAAAAAAAAAAAAAAAAAAAAAAAAAAAAAAAAAAAAAAAAAAAAAAAAAAAAAAAAAAAAAAAAAAAAAAAAAAAAAAAAAAAAAAAAAAAAAAAAAAAAAAAAAAAAAAAAAAAAAAAAAAAAAAAAAAAAAAAAAAAAAAAAAAAAAAAAAAAAAAAAAAAAAAAAAAAAAAAAAAAAAAAAAAAAAAAAAAAAAAAAAAAAAAAAAAAAAAAAAAAAAAAAAAAAAAAAAAAAAAAAAAAAAAAAAAAAAAAAAAAAAAAAAAAAAAAAAAAAAAAAAAAAAAAAAAAAAAAAAAAAAAAAAAAAAAAAAAAAAAAAAAAAAAAAAAAAAAAAAAAAAAAAAAAAAAAAAAAAAAAAAAAAAAAAAAAAAAAAAAAAAAAAAAAAAAAAAAAAAAAAAAAAAAAAAAAAAAAAAAAAAAAAAAAAAAAAAAAAAAAAAAAAAAAAAAAAAAAAAAAAAAAAAAAAAAAAAAAAAAAAAAAAAAAAAAAAAAAAAAAAAAAAAAAAAAAAAAAAAAAAAAAAAAAAAAAAAAAAAAAAAAAAAAAAAAAAAAAAAAAAAAAAAAAAAAAAAAAAAAAAAAAAAAAAAAAAAAAAAAAAAAAAAAAAAAAAAAAAAAAAAAAAAAAAAAAAAAAAAAAAAAAAAAAAAAAAAAAAAAAAAAAAAAAAAAAAAAAAAAAAAAAAAAAAAAAAAAAAAAAAAAAAAAAAAAAAAAAAAAACP+sXkAACAASURBVAAAAAAAAAAAAAAAAAAAAAAAAAAAAAAAAAAAAAAAAAAAAAAAAAAAAAAAAAAAAAAAAAAAAAAAAAAAAAAAAAAAAAAAAAAAAAAAAAAAAAAAAAAAAAAAAAAAAAAAAAAAAAAAAAAAAAAAAAAAAAAAAAAAAAAAAAAAAAAAAAAAAAAAAAAAAAAAAAAAAAAAAAAAAAAAAAAAAAAAAAAAAAAAAAAAAAAAAAAAAAAAAAAAAAAAAAAAAAAAAAAAAAAAAAAAAAAAAAAAAAAAAAAAAAAAAAAAAAAAAAAAAAAAAAAAAAAAAAAAAAAAAAAAAAAAAAAAAAAAAAAAAAAAAAAAAAAAAAAAAAAAAAAAAAAAAAAAAAAAAAAAAAAAAAAAAAAAAAAAAAAAAAAAAAAAAAAAAAAAAAAAAAAAAAAAAAAAAAAAAAAAAAAAAAAAAAAAAAAAAAAAAAAAAAAAAAAAAAAAAAAAAAAAAAAAAAAAAAAAAAAAAAAAAAAAAAAAAAAAAAAAAAAAAAAAAAAAAAAAAAAAAAAAAAAAAAAAAAAAAAAAAAAAAAAAAAAAAAAAAAAAAAAAAAAAAAAAAAAAAAAAAAAAAAAAAAAAAAAAAAAAAAAAAAAAAAAAAAAAAAAAAAAAAAAAAAAAAAAAAAAAAAAAAAAAAAAAAAAAAAAAAAAAAAAAAAAAAAAAAAAAAAAAAAAAAAAAAAAAAAAAAAAAAAAAAAAAAAAAAAAAAAAAAAAAAAAAAAAAAAAAAAAAAAAAAAAAAAAAAAAAAAAAAAAAAAAAAAAAAAAAAAAAAAAAAAAAAAAAAAAAAAAAAAAAAAAAAAAAAAAAAAAAAAAAAAAAAAAAAAAAAAAAAAAAAAAAAAAAAAAAAAAAAAAAAAAAAAAAAAAAAAAAAAAAAAAAAAAAAAAAAAAAAAAAAAAAAAAAAAAAAAAAAAAAAAAAAAAAAAAAAAAAAAAAAAAAAAAAAAAAAAAAAAAAAAAAAAAAAAAAAAAAAAAAAAAAAAAAAAAAAAAAAAAAAAAAAAAAAAAAAAAAAAAAAAAAAAAAAAAAAAAAAAAAAAAAAAAAAAAAAAAAAAAAAAAAAAAAAAAAAAAAAAAAAAAAAAAAAAAAAAAAAAAAAAAAAAAAAAAAAAAAAAAAAAAAAAAAAAAAAAAAAAAAAAAAAAAAAAAAAAAAAAAAAAAAAAAAAAAAAAAAAAAAAAAAAAAAAAAAAAAAAAAAAAAAAAAAAAAAAAAAAAAAAAAAAAAAAAAAAAAAAAAAAAAAAAAAAAAAAAAAAAAAAAAAAAAAAAAAAAAAAAAAAAAAAAAAAAAAAAAAAAAAAAAAAAAAAAAAAAAAAAAAAAAAAAAAAAAAAAAAAAAAAAAAAAAAAAAAAAAAAAAAAAAAAAAAAAAAAAAAAAAAAAAAAAAAAAAAAAAAAAAAAAAAAAAAAAAAAAAAAAAAAAAAAAAAAAAAAAAAAAAAAAAAAAAAAAAAAAAAAAAAAAAAAAAAAAAAAAAAAAAAAAAAAAAAAAAAAAAAAAAAAAAAAAAAAAAAAAAAAAAAAAAAAAAAAAAAAAAAAAAAAAAAAAAAAAAAAAAAAAAAAAAAAAAAAAAAAAAAAAAAAAAAAAAAAAAAAAAAAAAAAAAAAAAAAAAAAAAAAAAAAAAAAAAAAAAAAAAAAAAAAAAAAAAAAAAAAAAAAAAAAAAAAAAAAAAAAAAAAAAAAAAAAAAAAAAAAAAAAAAAAAAAAAAAAAAAAAAAAAAAAAAAAAAAAAAAAAAAAAAAAAAAAAAAAAAAAAAAAAAAAAAAAAAAAAAAAAAAAAAAAAAAAAAAAAAAAAAAAAAAAAAAAAAAAAAAAAAAAAAAAAAAAAAAAAAAAAAAAAAAAAAAAAAAAAAAAAAAAAAAAAAAAAAAAAAAAAAAAAAAAAAAAAAAAAAAAAAAAAAAAAAAAAAAAAAAAAAAAAAAAAAAAAAAAAAAAAAAAAAAAAAAAAAAAAAAAAAAAAAAAAAAAAAAAAAAAAAAAAAAAAAAAAAAAAAAAAAAAAAAAAAAAAAAAAAAAAAAAAAAAAAAAAAAAAAAAAAAAAAAAAAAAAAAAAAAAAAAAAAAAAAAAAAAAAAAAAAAAAAAAAAAAAAAAAAAAAAAAAAAAAAAAAAAAAAAAAAAAAAAAAAAAAAAAAAAAAAAAAAAAAAAAAAAAAAAAAAAAAAAAAAAAAAAAAAAAAAAAAAAAAAAAAAAAAAAAAAAAAAAAAAAAAAAAAAAAAAAAAAAAAAAAAAAAAAAAAAAAAAAAAAAAAAAAAAAAAAAAAAAAAAAAAAAAAAAAAAAAAAAAAAAAAAAAAAAAAAAAAAAAAAAAAAAAAAAAAAAAAAAAAAAAAAAAAAAAAAAAAAAAAAAAAAAAAAAAAAAAAAAAAAAAAAAAAAAAAAAAAAAAAAAAAAAAAAAAAAAAAAAAAAAAAAAAAAAAAAAAAAAAAAAAAAAAAAAAAAAAAAAAAAAAAAAAAAAAAAAAAAAAAAAAAAAAAAAAAAAAAAAAAAAAAAAAAAAAAAAAAAAAAAAAAAAAAAAAAAAAAAAAAAAAAAAAAAAAAAAAAAAAAAAAAAAAAAAAAAAAAAAAAAAAAAAAAAAAAAAAAAAAAAAAAAAAAAAAAAAAAAAAAAAAAAAAAAAAAAAAAAAAAAAAAAAAAAAAAAAAAAAAAAAAAAAAAAAAAAAAAAAAAAAAAAAAAAAAAAAAAAAAAAAAAAAAAAAAAAAAAAAAAAAAAAAAAAAAAAAAAAAAAAAAAAAAAAAAAAAAAAAAAAAAAAAAAAAAAAAAAAAAAAAAAAAAAAAAAAAAAAAAAAAAAAAAAAAAAAAAAAAAAAAAAAAAAAAAAAAAAAAAAAAAAAAAAAAAAAAAAAAAAAAAAAAAAAAAAAAAAAAAAAAAAAAAAAAAAAAAAAAAAAAAAAAAAAAAAAAAAAAAAAAAAAAAAAAAAAAAAAAAAAAAAAAAAAAAAAAAAAAAAAAAAAAAAAAAAAAAAAAAAAAAAAAAAAAAAAAAAAAAAAAAAAAAAAAAAAAAAAAAAAAAAAAAAAAAAAAAAAAAAAAAAAAAAAAAAAAAAAAAAAAAAAAAAAAAAAAAAAAAAAAAAAAAAAAAAAAAAAAAAAAAAAAAAAAAAAAAAAAAAAAAAAAAAAAAAAAAAAAAAAAAAAAAAAAAAAAAAAAAAAAAAAAAAAAAAAAAAAAAAAAAAAAAAAAAAAAAAAAAAAAAAAAAAAAAAAAAAAAAAAAAAAAAAAAAAAAAAAAAAAAAAAAAAAAAAAAAAAAAAAAAAAAAAAAAAAAAAAAAAAAAAAAAAAAAAAAAAAAAAAAAAAAAAAAAAAAAAAAAAAAAAAAAAAAAAAAAAAAAAAAAAAAAAAAAAAAAAAAAAAAAAAAAAAAAAAAAAAAAAAAAAAAAAAAAAAAAAAAAAAAAAAAAAAAAAAAAAAAAAAAAAAAAAAAAAAAAAAAAAAAAAAAAAAAAAAAAAAAAAAAAAAAAAAAAAAAAAAAAAAAAAAAAAAAAAAAAAAAAAAAAAAAAAAAAAAAAAAAAAAAAAAAAAAAAAAAAAAAAAAAAAAAAAAAAAAAAAAAAAAAAAAAAAAAAAAAAAAAAAAAAAAAAAAAAAAAAAAAAAAAAAAAAAAAAAAAAAAAAAAAAAAAAAAAAAAAAAAAAAAAAAAAAAAAAAAAAAAAAAAAAAAAAAAAAAAAAAAAAAAAAAAAAAAAAAAAAAAAAAAAAAAAAAAAAAAAAAAAAAAAAAAAAAAAAAAAAAAAAAAAAAAAAAAAAAAAAAAAAAAAAAAAAAAAAAAAAAAAAAAAAAAAAAAAAAAAAAAAAAAAAAAAAAAAAAAAAAAAAAAAAAAAAAAAAAAAAAAAAAAAAAAAAAAAAAAAAAAAAAAAAAAAAAAAAAAAAAAAAAAAAAAAAAAAAAAAAAAAAAAAAAAAAAAAAAAAAAAAAAAAAAAAAAAAAAAAAAAAAAAAAAAAAAAAAAAAAAAAAAAAAAAAAAAAAAAAAAAAAAAAAAAAAAAAAAAAAAAAAAAAAAAAAAAAAAAAAAAAAAAAAAAAAAAAAAAAAAAAAAAAAAAAAAAAAAAAAAAAAAAAAAAAAAAAAAAAAAAAAAAAAAAAAAAAAAAAAAAAAAAAAAAAAAAAAAAAAAAAAAAAAAAAAAAAAAAAAAAAAAAAAAAAAAAAAAAAAAAAAAAAAAAAAAAAAAAAAAAAAAAAAAAAAAAAAAAAAAAAAAAAAAAAAAAAAAAAAAAAAAAAAAAAAAAAAAAAAAAAAAAAAAAAAAAAAAAAAAAAAAAAAAAAAAAAAAAAAAAAAAAAAAAAAAAAAAAAAAAAAAAAAAAAAAAAAAAAAAAAAAAAAAAAAAAAAAAAAAAAAAAAAAAAAAAAAAAAAAAAAAAAAAAAAAAAAAAAAAAAAAAAAAAAAAAAAAAAAAAAAAAAAAAAAAAAAAAAAAAAAAAAAAAAAAAAAAAAAAAAAAAAAAAAAAAAAAAAAAAAAAAAAAAAAAAAAAAAAAAAAAAAAAAAAAAAAAAAAAAAAAAAAAAAAAAAAAAAAAAAAAAAAAAAAAAAAAAAAAAAAAAAAAAAAAAAAAAAAAAAAAAAAAAAAAAAAAAAAAAAAAAAAAAAAAAAAAAAAAAAAAAAAAAAAAAAAAAAAAAAAAAAAAAAAAAAAAAAAAAAAAAAAAAAAAAAAAAAAAAAAAAAAAAAAAAAAAAAAAAAAAAAAAAAAAAAAAAAAAAAAAAAAAAAAAAAAAAAAAAAAAAAAAAAAAAAAAAAAAAAAAAAAAAAAAAAAAAAAAAAAAAAAAAAAAAAAAAAAAAAAAAAAAAAAAAAAAAAAAAAAAAAAAAAAAAAAAAAAAAAAAAAAAAAAAAAAAAAAAAAAAAAAAAAAAAAAAAAAAAAAAAAAAAAAAAAAAAAAAAAAAAAAAAAAAAAAAAAAAAAAAAAAAAAAAAAAAAAAAAAAAAAAAAAAAAAAAAAAAAAAAAAAAAAAAAAAAAAAAAAAAAAAAAAAAAAAAAAAAAAAAAAAAAAAAAAAAAAAAAAAAAAAAAAAAAAAAAAAAAAAAAAAAAAAAAAAAAAAAAAAAAAAAAAAAAAAAAAAAAAAAAAAAAAAAAAAAAAAAAAAAAAAAAAAAAAAAAAAAAAAAAAAAAAAAAAAAAAAAAAAAAAAAAAAAAAAAAAAAAAAAAAAAAAAAAAAAAAAAAAAAAAAAAAAAAAAAAAAAAAAAAAAAAAAAAAAAAAAAAAAAAAAAAAAAAAAAAAAAAAAAAAAAAAAAAAAAAAAAAAAAAAAAAAAAAAAAAAAAAAAAAAAAAAAAAAAAAAAAAAAAAAAAAAAAAAAAAAAAAAAAAAAAAAAAAAAAAAAAAAAAAAAAAAAAAAAAAAAAAAAAAAAAAAAAAAAAAAAAAAAAAAAAAAAAAAAAAAAAAAAAAAAAAAAAAAAAAAAAAAAAAAAAAAAAAAAAAAAAAAAAAAAAAAAAAAAAAAAAAAAAAAAAAAAAAAAAAAAAAAAAAAAAAAAAAAAAAAAAAAAAAAAAAAAAAAAAAAAAAAAAAAAAAAAAAAAAAAAAAAAAAAAAAAAAAAAAAAAAAAAAAAAAAAAAAAAAAAAAAAAAAAAAAAAAAAAAAAAAAAAAAAAAAAAAAAAAAAAAAAAAAAAAAAAAAAAAAAAAAAAAAAAAAAAAAAAAAAAAAAAAAAAAAAAAAAAAAAAAAAAAAAAAAAAAAAAAAAAAAAAAAAAAAAAAAAAAAAAAAAAAAAAAAAAAAAAAAAAAAAAAAAAAAAAAAAAAAAAAAAAAAAAAAAAAAAAAAAAAAAAAAAAAAAAAAAAAAAAAAAAAAAAAAAAAAAAAAAAAAAAAAAAAAAAAAAAAAAAAAAAAAAAAAAAAAAAAAAAAAAAAAAAAAAAAAAAAAAAAAAAAAAAAAAAAAAAAAAAAAAAAAAAAAAAAAAAAAAAAAAAAAAAAAAAAAAAAAAAAAAAAAAAAAAAAAAAAAAAAAAAAAAAAAAAAAAAAAAAAAAAAAAAAAAAAAAAAAAAAAAAAAAAAAAAAAAAAAAAAAAAAAAAAAAAAAAAAAAAAAAAAAAAAAAAAAAAAAAAAAAAAAAAAAAAAAAAAAAAAAAAAAAAAAAAAAAAAAAAAAAAAAAAAAAAAAAAAAAAAAAAAAAAAAAAAAAAAAAAAAAAAAAAAAAAAAAAAAAAAAAAAAAAAAAAAAAAAAAAAAAAAAAAAAAAAAAAAAAAAAAAAAAAAAAAAAAAAAAAAAAAAAAAAAAAAAAAAAAAAAAAAAAAAAAAAAAAAAAAAAAAAAAAAAAAAAAAAAAAAAAAAAAAAAAAAAAAAAAAAAAAAAAAAAAAAAAAAAAAAAAAAAAAAAAAAAAAAAAAAAAAAAAAAAAAAAAAAAAAAAAAAAAAAAAAAAAAAAAAAAAAAAAAAAAAAAAAAAAAAAAAAAAAAAAAAAAAAAAAAAAAAAAAAAAAAAAAAAAAAAAAAAAAAAAAAAAAAAAAAAAAAAAAAAAAAAAAAAAAAAAAAAAAAAAAAAAAAAAAAAAAAAAAAAAAAAAAAAAAAAAAAAAAAAAAAAAAAAAAAAAAAAAAAAAAAAAAAAAAAAAAAAAAAAAAAAAAAAAAAAAAAAAAAAAAAAAAAAAAAAAAAAAAAAAAAAAAAAAAAAAAAAAAAAAAAAAAAAAAAAAAAAAAAAAAAAAAAAAAAAAAAAAAAAAAAAAAAAAAAAAAAAAAAAAAAAAAAAAAAAAAAAAAAAAAAAAAAAAAAAAAAAAAAAAAAAAAAAAAAAAAAAAAAAAAAAAAAAAAAAAAAAAAAAAAAAAAAAAAAAAAAAAAAAAAAAAAAAAAAAAAAAAAAAAAAAAAAAAAAAAAAAAAAAAAAAAAAAAAAAAAAAAAAAAAAAAAAAAAAAAAAAAAAAAAAAAAAAAAAAAAAAAAAAAAAAAAAAAAAAAAAAAAAAAAAAAAAAAAAAAAAAAAAAAAAAAAAAAAAAAAAAAAAAAAAAAAAAAAAAAAAAAAAAAAAAAAAAAAAAAAAAAAAAAAAAAAAAAAAAAAAAAAAAAAAAAAAAAAAAAAAAAAAAAAAAAAAAAAAAAAAAAAAAAAAAAAAAAAAAAAAAAAAAAAAAAAAAAAAAAAAAAAAAAAAAAAAAAAAAAAAAAAAAAAAAAAAAAAAAAAAAAAAAAAAAAAAAAAAAAAAAAAAAAAAAAAAAAAAAAAAAAAAAAAAAAAAAAAAAAAAAAAAAAAAAAAAAAAAAAAAAAAAAAAAAAAAAAAAAAAAAAAAAAAAAAAAAAAAAAAAAAAAAAAAAAAAAAAAAAAAAAAAAAAAAAAAAAAAAAAAAAAAAAAAAAAAAAAAAAAAAAAAAAAAAAAAAAAAAAAAAAAAAAAAAAAAAAAAAAAAAAAAAAAAAAAAAAAAAAAAAAAAAAAAAAAAAAAAAAAAAAAAAAAAAAAAAAAAAAAAAAAAAAAAAAAAAAAAAAAAAAAAAAAAAAAAAAAAAAAAAAAAAAAAAAAAAAAAAAAAAAAAAAAAAAAAAAAAAAAAAAAAAAAAAAAAAAAAAAAAAAAAAAAAAAAAAAAAAAAAAAAAAAAAAAAAAAAAAAAAAAAAAAAAAAAAAAAAAAAAAAAAAAAAAAAAAAAAAAAAAAAAAAAAAAAAAAAAAAAAAAAAAAAAAAAAAAAAAAAAAAAAAAAAAAAAAAAAAAAAAAAAAAAAAAAAAAAAAAAAAAAAAAAAAAAAAAAAAAAAAAAAAAAAAAAAAAAAAAAAAAAAAAAAAAAAAAAAAAAAAAAAAAAAAAAAAAAAAAAAAAAAAAAAAAAAAAAAAAAAAAAAAAAAAAAAAAAAAAAAAAAAAAAAAAAAAAAAAAAAAAAAAAAAAAAAAAAAAAAAAAAAAAAAAAAAAAAAAAAAAAAAAAAAAAAAAAAAAAAAAAAAAAAAAAAAAAAAAAAAAAAAAAAAAAAAAAAAAAAAAAAAAAAAAAAAAAAAAAAAAAAAAAAAAAAAAAAAAAAAAAAAAAAAAAAAAAAAAAAAAAAAAAAAAAAAAAAAAAAAAAAAAAAAAAAAAAAAAAAAAAAAAAAAAAAAAAAAAAAAAAAAAAAAAAAAAAAAAAAAAAAAAAAAAAAAAAAAAAAAAAAAAAAAAAAAAAAAAAAAAAAAAAAAAAAAAAAAAAAAAAAAAAAAAAAAAAAAAAAAAAAAAAAAAAAAAAAAAAAAAAAAAAAAAAAAAAAAAAAAAAAAAAAAAAAAAAAAAAAAAAAAAAAAAAAAAAAAAAAAAAAAAAAAAAAAAAAAAAAAAAAAAAAAAAAAAAAAAAAAAAAAAAAAAAAAAAAAAAAAAAAAAAAAAAAAAAAAAAAAAAAAAAAAAAAAAAAAAAAAAAAAAAAAAAAAAAAAAAAAAAAAAAAAAAAAAAAAAAAAAAAAAAAAAAAAAAAAAAAAAAAAAAAAAAAAAAAAAAAAAAAAAAAAAAAAAAAAAAAAAAAAAAAAAAAAAAAAAAAAAAAAAAAAAAAAAAAAAAAAAAAAAAAAAAAAAAAAAAAAAAAAAAAAAAAAAAAAAAAAAAAAAAAAAAAAAAAAAAAAAAAAAAAAAAAAAAAAAAAAAAAAAAAAAAAAAAAAAAAAAAAAAAAAAAAAAAAAAAAAAAAAAAAAAAAAAAAAAAAAAAAAAAAAAAAAAAAAAAAAAAAAAAAAAAAAAAAAAAAAAAAAAAAAAAAAAAAAAAAAAAAAAAAAAAAAAAAAAAAAAAAAAAAAAAAAAAAAAAAAAAAAAAAAAAAAAAAAAAAAAAAAAAAAAAAAAAAAAAAAAAAAAAAAAAAAAAAAAAAAAAAAAAAAAAAAAAAAAAAAAAAAAAAAAAAAAAAAAAAAAAAAAAAAAAAAAAAAAAAAAAAAAAAAAAAAAAAAAAAAAAAAAAAAAAAAAAAAAAAAAAAAAAAAAAAAAAAAAAAAAAAAAAAAAAAAAAAAAAAAAAAAAAAAAAAAAAAAAAAAAAAAAAAAAAAAAAAAAAAAAAAAAAAAAAAAAAAAAAAAAAAAAAAAAAAAAAAAAAAAAAAAAAAAAAAAAAAAAAAAAAAAAAAAAAAAAAAAAAAAAAAAAAAAAAAAAAAAAAAAAAAAAAAAAAAAAAAAAAAAAAAAAAAAAAAAAAAAAAAAAAAAAAAAAAAAAAAAAAAAAAAAAAAAAAAAAAAAAAAAAAAAAAAAAAAAAAAAAAAAAAAAAAAAAAAAAAAAAAAAAAAAAAAAAAAAAAAAAAAAAAAAAAAAAAAAAAAAAAAAAAAAAAAAAAAAAAAAAAAAAAAAAAAAAAAAAAAAAAAAAAAAAAAAAAAAAAAAAAAAAAAAAAAAAAAAAAAAAAAAAAAAAAAAAAAAAAAAAAAAAAAAAAAAAAAAAAAAAAAAAAAAAAAAAAAAAAAAAAAAAAAAAAAAAAAAAAAAAAAAAAAAAAAAAAAAAAAAAAAAAAAAAAAAAAAAAAAAAAAAAAAAAAAAAAAAAAAAAAAAAAAAAAAAAAAAAAAAAAAAAAAAAAAAAAAAAAAAAAAAAAAAAAAAAAAAAAAAAAAAAAAAAAAAAAAAAAAAAAAAAAAAAAAAAAAAAAAAAAAAAAAAAAAAAAAAAAAAAAAAAAAAAAAAAAAAAAAAAAAAAAAAAAAAAAAAAAAAAAAAAAAAAAAAAAAAAAAAAAAAAAAAAAAAAAAAAAAAAAAAAAAAAAAAAAAAAAAAAAAAAAAAAAAAAAAAAAAAAAAAAAAAAAAAAAAAAAAAAAAAAAAAAAAAAAAAAAAAAAAAAAAAAAAAAAAAAAAAAAAAAAAAAAAAAAAAAAAAAAAAAAAAAAAAAAAAAAAAAAAAAAAAAAAAAAAAAAAAAAAAAAAAAAAAAAAAAAAAAAAAAAAAAAAAAAAAAAAAAAAAAAAAAAAAAAAAAAAAAAAAAAAAAAAAAAAAAAAAAAAAAAAAAAAAAAAAAAAAAAAAAAAAAAAAAAAAAAAAAAAAAAAAAAAAAAAAAAAAAAAAAAAAAAAAAAAAAAAAAAAAAAAAAAAAAAAAAAAAAAAAAAAAAAAAAAAAAAAAAAAAAAAAAAAAAAAAAAAAAAAAAAAAAAAAAAAAAAAAAAAAAAAAAAAAAAAAAAAAAAAAAAAAAAAAAAAAAAAAAAAAAAAAAAAAAAAAAAAAAAAAAAAAAAAAAAAAAAAAAAAAAAAAAAAAAAAAAAAAAAAAAAAAAAAAAAAAAAAAAAAAAAAAAAAAAAAAAAAAAAAAAAAAAAAAAAAAAAAAAAAAAAAAAAAAAAAAAAAAAAAAAAAAAAAAAAAAAAAAAAAAAAAAAAAAAAAAAAAAAAAAAAAAAAAAAAAAAAAAAAAAAAAAAAAAAAAAAAAAAAAAAAAAAAAAAAAAAAAAAAAAAAAAAAAAAAAAAAAAAAAAAAAAAAAAAAAAAAAAAAAAAAAAAAAAAAAAAAAAAAAAAAAAAAAAAAAAAAAAAAAAAAAAAAAAAAAAAAAAAAAAAAAAAAAAAAAAAAAAAAAAAAAAAAAAAAAAAAAAAAAAAAAAAAAAAAAAAAAAAAAAAAAAAAAAAAAAAAAAAAAAAAAAAAAAAAAAAAAAAAAAAAAAAAAAAAAAAAAAAAAAAAAAAAAAAAAAAAAAAAAAAAAAAAAAAAAAAAAAAAAAAAAAAAAAAAAAAAAAAAAAAAAAAAAAAAAAAAAAAAAAAAAAAAAAAAAAAAAAAAAAAAAAAAAAAAAAAAAAAAAAAAAAAAAAAAAAAAAAAAAAAAAAAAAAAAAAAAAAAAAAAAAAAAAAAAAAAAAAAAAAAAAAAAAAAAAAAAAAAAAAAAAAAAAAAAAAAAAAAAAAAAAAAAAAAAAAAAAAAAAAAAAAAAAAAAAAAAAAAAAAAAAAAAAAAAAAAAAAAAAAAAAAAAAAAAAAAAAAAAAAAAAAAAAAAAAAAAAAAAAAAAAAAAAAAAAAAAAAAAAAAAAAAAAAAAAAAAAAAAAAAAAAAAAAAAAAAAAAAAAAAAAAAAAAAAAAAAAAAAAAAAAAAAAAAAAAAAAAAAAAAAAAAAAAAAAAAAAAAAAAAAAAAAAAAAPQ+3TwAAIABJREFUAAAAAAAAAAAAAAAAAAAAAAAAAAAAAAAAAAAAAAAAAAAAAAAAAAAAAAAAAAAAAAAAAAAAAAAAAAAAAAAAAAAAAAAAAAAAAAAAAAAAAAAAAAAAAAAAAAAAAAAAAAAAAAAAAAAAAAAAAAAAAAAAAAAAAAAAAAAAAAAAAAAAAAAAAAAAAAAAAAAAAAAAAAAAAAAAAAAAAAAAAAAAAAAAAAAAAAAAAAAAAAAAAAAAAAAAAAAAAAAAAAAAAAAAAAAAAAAAAAAAAAAAAAAAAAAAAAAAAAAAAAAAAAAAAAAAAAAAAAAAAAAAAAAAAAAAAAAAAAAAAAAAAAAAAAAAAAAAAAAAAAAAAAAAAAAAAAAAAAAAAAAAAAAAAAAAAAAAAAAAAAAAAAAAAAAAAAAAAAAAAAAAAAAAAAAAAAAAAAAAAAAAAAAAAAAAAAAAAAAAAAAAAAAAAAAAAAAAAAAAAAAAAAAAAAAAAAAAAAAAAAAAAAAAAAAAAAAAAAAAAAAAAAAAAAAAAAAAAAAAAAAAAAAAAAAAAAAAAAAAAAAAAAAAAAAAAAAAAAAAAAAAAAAAAAAAAAAAAAAAAAAAAAAAAAAAAAAAAAAAAAAAAAAAAAAAAAAAAAAAAAAAAAAAAAAAAAAAAAAAAAAAAAAAAAAAAAAAAAAAAAAAAAAAAAAAAAAAAAAAAAAAAAAAAAAAAAAAAAAAAAAAAAAAAAAAAAAAAAAAAAAAAAAAAAAAAAAAAAAAAAAAAAAAAAAAAAAAAAAAAAAAAAAAAAAAAAAAAAAAAAAAAAAAAAAAAAAAAAAAAAAAAAAAAAAAAAAAAAAAAAAAAAAAAAAAAAAAAAAAAAAAAAAAAAAAAAAAAAAAAAAAAAAAAAAAAAAAAAAAAAAAAAAAAAAAAAAAAAAAAAAAAAAAAAAAAAAAAAAAAAAAAAAAAAAAAAAAAAAAAAAAAAAAAAAAAAAAAAAAAAAAAAAAAAAAAAAAAAAAAAAAAAAAAAAAAAAAAAAAAAAAAAAAAAAAAAAAAAAAAAAAAAAAAAAAAAAAAAAAAAAAAAAAAAAAAAAAAAAAAAAAAAAAAAAAAAAAAAAAAAAAAAAAAAAAAAAAAAAAAAAAAAAAAAAAAAAAAAAAAAAAAAAAAAAAAAAAAAAAAAAAAAAAAAAAAAAAAAAAAAAAAAAAAAAAAAAAAAAAAAAAAAAAAAAAAAAAAAAAAAAAAAAAAAAAAAAAAAAAAAAAAAAAAAAAAAAAAAAAAAAAAAAAAAAAAAAAAAAAAAAAAAAAAAAAAAAAAAAAAAAAAAAAAAAAAAAAAAAAAAAAAAAAAAAAAAAAAAAAAAAAAAAAAAAAAAAAAAAAAAAAAAAAAAAAAAAAAAAAAAAAAAAAAAAAAAAAAAAAAAAAAAAAAAAAAAAAAAAAAAAAAAAAAAAAAAAAAAAAAAAAAAAAAAAAAAAAAAAAAAAAAAAAAAAAAAAAAAAAAAAAAAAAAAAAAAAAAAAAAAAAAAAAAAAAAAAAAAAAAAAAAAAAAAAAAAAAAAAAAAAAAAAAAAAAAAAAAAAAAAAAAAAAAAAAAAAAAAAAAAAAAAAAAAAAAAAAAAAAAAAAAAAAAAAAAAAAAAAAAAAAAAAAAAAAAAAAAAAAAAAAAAAAAAAAAAAAAAAAAAAAAAAAAAAAAAAAAAAAAAAAAAAAAAAAAAAAAAAAAAAAAAAAAAAAAAAAAAAAAAAAAAAAAAAAAAAAAAAAAAAAAAAAAAAAAAAAAAAAAAAAAAAAAAAAAAAAAAAAAAAAAAAAAAAAAAAAAAAAAAAAAAAAAAAAAAAAAAAAAAAAAAAAAAAAAAAAAAAAAAAAAAAAAAAAAAAAAAAAAAAAAAAAAAAAAAAAAAAAAAAAAAAAAAAAAAAAAAAAAAAAAAAAAAAAAAAAAAAAAAAAAAAAAAAAAAAAAAAAAAAAAAAAAAAAAAAAAAAAAAAAAAAAAAAAAAAAAAAAAAAAAAAAAAAAAAAAAAAAAAAAAAAAAAAAAAAAAAAAAAAAAAAAAAAAAAAAAAAAAAAAAAAAAAAAAAAAAAAAAAAAAAAAAAAAAAAAAAAAAAAAAAAAAAAAAAAAAAAAAAAAAAAAAAAAAAAAAAAAAAAAAAAAAAAAAAAAAAAAAAAAAAAAAAAAAAAAAAAAAAAAAAAAAAAAAAAAAAAAAAAAAAAAAAAAAAAAAAAAAAAAAAAAAAAAAAAAAAAAAAAAAAAAAAAAAAAAAAAAAAAAAAAAAAAAAAAAAAAAAAAAAAAAAAAAAAAAAAAAAAAAAAAAAAAAAAAAAAAAAAAAAAAAAAAAAAAAAAAAAAAAAAAAAAAAAAAAAAAAAAAAAAAAAAAAAAAAAAAAAAAAAAAAAAAAAAAAAAAAAAAAAAAAAAAAAAAAAAAAAAAAAAAAAAAAAAAAAAAAAAAAAAAAAAAAAAAAAAAAAAAAAAAAAAAAAAAAAAAAAAAAAAAAAAAAAAAAAAAAAAAAAAAAAAAAAAAAAAAAAAAAAAAAAAAAAAAAAAAAAAAAAAAAAAAAAAAAAAAAAAAAAAAAAAAAAAAAAAAAAAAAAAAAAAAAAAAAAAAAAAAAAAAAAAAAAAAAAAAAAAAAAAAAAAAAAAAAAAAAAAAAAAAAAAAAAAAAAAAAAAAAAAAAAAAAAAAAAAAAAAAAAAAAAAAAAAAAAAAAAAAAAAAAAAAAAAAAAAAAAAAAAAAAAAAAAAAAAAAAAAAAAAAAAAAAAAAAAAAAAAAAAAAAAAAAAAAAAAAAAAAAAAAAAAAAAAAAAAAAAAAAAAAAAAAAAAAAAAAAAAAAAAAAAAAAAAAAAAAAAAAAAAAAAAAAAAAAAAAAAAAAAAAAAAAAAAAAAAAAAAAAAAAAAAAAAAAAAAAAAAAAAAAAAAAAAAAAAAAAAAAAAAAAAAAAAAAAAAAAAAAAAAAAAAAAAAAAAAAAAAAAAAAAAAAAAAAAAAAAAAAAAAAAAAAAAAAAAAAAAAAAAAAAAAAAAAAAAAAAAAAAAAAAAAAAAAAAAAAAAAAAAAAAAAAAAAAAAAAAAAAAAAAAAAAAAAAAAAAAAAAAAAAAAAAAAAAAAAAAAAAAAAAAAAAAAAAAAAAAAAAAAAAAAAAAAAAAAAAAAAAAAAAAAAAAAAAAAAAAAAAAAAAAAAAAAAAAAAAAAAAAAAAAAAAAAAAAAAAAAAAAAAAAAAAAAAAAAAAAAAAAAAAAAAAAAAAAAAAAAAAAAAAAAAAAAAAAAAAAAAAAAAAAAAAAAAAAAAAAAAAAAAAAAAAAAAAAAAAAAAAAAAAAAAAAAAAAAAAAAAAAAAAAAAAAAAAAAAAAAAAAAAAAAAAAAAAAAAAAAAAAAAAAAAAAAAAAAAAAAAAAAAAAAAAAAAAAAAAAAAAAAAAAAAAAAAAAAAAAAAAAAAAAAAAAAAAAAAAAAAAAAAAAAAAAAAAAAAAAAAAAAAAAAAAAAAAAAAAAAAAAAAAAAAAAAAAAAAAAAAAAAAAAAAAAAAAAAAAAAAAAAAAAAAAAAAAAAAAAAAAAAAAAAAAAAAAAAAAAAAAAAAAAAAAAAAAAAAAAAAAAAAAAAAAAAAAAAAAAAAAAAAAAAAAAAAAAAAAAAAAAAAAAAAAAAAAAAAAAAAAAAAAAAAAAAAAAAAAAAAAAAAAAAAAAAAAAAAAAAAAAAAAAAAAAAAAAAAAAAAAAAAAAAAAAAAAAAAAAAAAAAAAAAAAAAAAAAAAAAAAAAAAAAAAAAAAAAAAAAAAAAAAAAAAAAAAAAAAAAAAAAAAAAAAAAAAAAAAAAAAAAAAAAAAAAAAAAAAAAAAAAAAAAAAAAAAAAAAAAAAAAAAAAAAAAAAAAAAAAAAAAAAAAAAAAAAAAAAAAAAAAAAAAAAAAAAAAAAAAAAAAAAAAAAAAAAAAAAAAAAAAAAAAAAAAAAAAAAAAAAAAAAAAAAAAAAAAAAAAAAAAAAAAAAAAAAAAAAAAAAAAAAAAAAAAAAAAAAAAAAAAAAAAAAAAAAAAAAAAAAAAAAAAAAAAAAAAAAAAAAAAAAAAAAAAAAAAAAAAAAAAAAAAAAAAAAAAAAAAAAAAAAAAAAAAAAAAAAAAAAAAAAAAAAAAAAAAAAAAAAAAAAAAAAAAAAAAAAAAAAAAAAAAAAAAAAAAAAAAAAAAAAAAAAAAAAAAAAAAAAAAAAAAAAAAAAAAAAAAAAAAAAAAAAAAAAAAAAAAAAAAAAAAAAAAAAAAAAAAAAAAAAAAAAAAAAAAAAAAAAAAAAAAAAAAAAAAAAAAAAAAAAAAAAAAAAAAAAAAAAAAAAAAAAAAAAAAAAAAAAAAAAAAAAAAAAAAAAAAAAAAAAAAAAAAAAAAAAAAAAAAAAAAAAAAAAAAAAAAAAAAAAAAAAAAAAAAAAAAAAAAAAAAAAAAAAAAAAAAAAAAAAAAAAAAAAAAAAAAAAAAAAAAAAAAAAAAAAAAAAAAAAAAAAAAAAAAAAAAAAAAAAAAAAAAAAAAAAAAAAAAAAAAAAAAAAAAAAAAAAAAAAAAAAAAAAAAAAAAAAAAAAAAAAAAAAAAAAAAAAAAAAAAAAAAAAAAAAAAAAAAAAAAAAAAAAAAAAAAAAAAAAAAAAAAAAAAAAAAAAAAAAAAAAAAAAAAAAAAAAAAAAAAAAAAAAAAAAAAAAAAAAAAAAAAAAAAAAAAAAAAAAAAAAAAAAAAAAAAAAAAAAAAAAAAAAAAAAAAAAAAAAAAAAAAAAAAAAAAAAAAAAAAAAAAAAAAAAAAAAAAAAAAAAAAAAAAAAAAAAAAAAAAAAAAAAAAAAAAAAAAAAAAAAAAAAAAAAAAAAAAAAAAAAAAAAAAAAAAAAAAAAAAAAAAAAAAAAAAAAAAAAAAAAAAAAAAAAAAAAAAAAAAAAAAAAAAAAAAAAAAAAAAAAAAAAAAAAAAAAAAAAAAAAAAAAAAAAAAAAAAAAAAAAAAAAAAAAAAAAAAAAAAAAAAAAAAAAAAAAAAAAAAAAAAAAAAAAAAAAAAAAAAAAAAAAAAAAAAAAAAAAAAAAAAAAAAAAAAAAAAAAAAAAAAAAAAAAAAAAAAAAAAAAAAAAAAAAAAAAAAAAAAAAAAAAAAAAAAAAAAAAAAAAAAAAAAAAAAAAAAAAAAAAAAAAAAAAAAAAAAAAAAAAAAAAAAAAAAAAAAAAAAAAAAAAAAAAAAAAAAAAAAAAAAAAAAAAAAAAAAAAAAAAAAAAAAAAAAAAAAAAAAAAAAAAAAAAAAAAAAAAAAAAAAAAAAAAAAAAAAAAAAAAAAAAAAAAAAAAAAAAAAAAAAAAAAAAAAAAAAAAAAAAAAAAAAAAAAAAAAAAAAAAAAAAAAAAAAAAAAAAAAAAAAAAAAAAAAAAAAAAAAAAAAAAAAAAAAAAAAAAAAAAAAAAAAAAAAAAAAAAAAAAAAAAAAAAAAAAAAAAAAAAAAAAAAAAAAAAAAAAAAAAAAAAAAAAAAAAAAAAAAAAAAAAAAAAAAAAAAAAAAAAAAAAAAAAAAAAAAAAAAAAAAAAAAAAAAAAAAAAAAAAAAAAAAAAAAAAAAAAAAAAAAAAAAAAAAAAAAAAAAAAAAAAAAAAAAAAAAAAAAAAAAAAAAAAAAAAAAAAAAAAAAAAAAAAAAAAAAAAAAAAAAAAAAAAAAAAAAAAAAAAAAAAAAAAAAAAAAAAAAAAAAAAAAAAAAAAAAAAAAAAAAAAAAAAAAAAAAAAAAAAAAAAAAAAAAAAAAAAAAAAAAAAAAAAAAAAAAAAAAAAAAAAAAAAAAAAAAAAAAAAAAAAAAAAAAAAAAAAAAAAAAAAAAAAAAAAAAAAAAAAAAAAAAAAAAAAAAAAAAAAAAAAAAAAAAAAAAAAAAAAAAAAAAAAAAAAAAAAAAAAAAAAAAAAAAAAAAAAAAAAAAAAAAAAAAAAAAAAAAAAAAAAAAAAAAAAAAAAAAAAAAAAAAAAAAAAAAAAAAAAAAAAAAAAAAAAAAAAAAAAAAAAAAAAAAAAAAAAAAAAAAAAAAAAAAAAAAAAAAAAAAAAAAAAAAAAAAAAAAAAAAAAAAAAAAAAAAAAAAAAAAAAAAAAAAAAAAAAAAAAAAAAAAAAAAAAAAAAAAAAAAAAAAAAAAAAAAAAAAAAAAAAAAAAAAAAAAAAAAAAAAAAAAAAAAAAAAAAAAAAAAAAAAAAAAAAAAAAAAAAAAAAAAAAAAAAAAAAAAAAAAAAAAAAAAAAAAAAAAAAAAAAAAAAAAAAAAAAAAAAAAAAAAAAAAAAAAAAAAAAAAAAAAAAAAAAAAAAAAAAAAAAAAAAAAAAAAAAAAAAAAAAAAAAAAAAAAAAAAAAAAAAAAAAAAAAAAAAAAAAAAAAAAAAAAAAAAAAAAAAAAAAAAAAAAAAAAAAAAAAAAAAAAAAAAAAAAAAAAAAAAAAAAAAAAAAAAAAAAAAAAAAAAAAAAAAAAAAAAAAAAAAAAAAAAAAAAAAAAAAAAAAAAAAAAAAAAAAAAAAAAAAAAAAAAAAAAAAAAAAAAAAAAAAAAAAAAAAAAAAAAAAAAAAAAAAAAAAAAAAAAAAAAAAAAAAAAAAAAAAAAAAAAAAAAAAAAAAAAAAAAAAAAAAAAAAAAAAAAAAAAAAAAAAAAAAAAAAAAAAAAAAAAAAAAAAAAAAAAAAAAAAAAAAAAAAAAAAAAAAAAAAAAAAAAAAAAAAAAAAAAAAAAAAAAAAAAAAAAAAAAAAAAAAAAAAAAAAAAAAAAAAAAAAAAAAAAAAAAAAAAAAAAAAAAAAAAAAAAAAAAAAAAAAAAAAAAAAAAAAAAAAAAAAAAAAAAAAAAAAAAAAAAAAAAAAAAAAAAAAAAAAAAAAAAAAAAAAAAAAAAAAAAAAAAAAAAAAAAAAAAAAAAAAAAAAAAAAAAAAAAAAAAAAAAAAAAAAAAAAAAAAAAAAAAAAAAAAAAAAAAAAAAAAAAAAAAAAAAAAAAAAAAAAAAAAAAAAAAAAAAAAAAAAAAAAAAAAAAAAAAAAAAAAAAAAAAAAAAAAAAAAAAAAAAAAAAAAAAAAAAAAAAAAAAAAAAAAAAAAAAAAAAAAAAAAAAAAAAAAAAAAAAAAAAAAAAAAAAAAAAAAAAAAAAAAAAAAAAAAAAAAAAAAAAAAAAAAAAAAAAAAAAAAAAAAAAAAAAAAAAAAAAAAAAAAAAAAAAAAAAAAAAAAAAAAAAAAAAAAAAAAAAAAAAAAAAAAAAAAAAAAAAAAAAAAAAAAAAAAAAAAAAAAAAAAAAAAAAAAAAAAAAAAAAAAAAAAAAAAAAAAAAAAAAAAAAAAAAAAAAAAAAAAAAAAAAAAAAAAAAAAAAAAAAAAAAAAAAAAAAAAAAAAAAAAAAAAAAAAAAAAAAAAAAAAAAAAAAAAAAAAAAAAAAAAAAAAAAAAAAAAAAAAAAAAAAAAAAAAAAAAAAAAAAAAAAAAAAAAAAAAAAAAAAAAAAAAAAAAAAAAAAAAAAAAAAAAAAAAAAAAAAAAAAAAAAAAAAAAAAAAAAAAAAAAAAAAAAAAAAAAAAAAAAAAAAAAAAAAAAAAAAAAAAAAAAAAAAAAAAAAAAAAAAAAAAAAAAAAAAAAAAAAAAAAAAAAAAAAAAAAAAAAAAAAAAAAAAAAAAAAAAAAAAAAAAAAAAAAAAAAAAAAAAAAAAAAAAAAAAAAAAAAAAAAAAAAAAAAAAAAAAAAAAAAAAAAAAAAAAAAAAAAAAAAAAAAAAAAAAAAAAAAAAAAAAAAAAAAAAAAAAAAAAAAAAAAAAAAAAAAAAAAAAAAAAAAAAAAAAAAAAAAAAAAAAAAAAAAAAAAAAAAAAAAAAAAAAAAAAAAAAAAAAAAAAAAAAAAAAAAAAAAAAAAAAAAAAAAAAAAAAAAAAAAAAAAAAAAAAAAAAAAAAAAAAAAAAAAAAAAAAAAAAAAAAAAAAAAAAAAAAAAAAAAAAAAAAAAAAAAAAAAAAAAAAAAAAAAAAAAAAAAAAAAAAAAAAAAAAAAAAAAAAAAAAAAAAAAAAAAAAAAAAAAAAAAAAAAAAAAAAAAAAAAAAAAAAAAAAAAAAAAAAAAAAAAAAAAAAAAAAAAAAAAAAAAAAAAAAAAAAAAAAAAAAAAAAAAAAAAAAAAAAAAAAAAAAAAAAAAAAAAAAAAAAAAAAAAAAAAAAAAAAAAAAAAAAAAAAAAAAAAAAAAAAAAAAAAAAAAAAAAAAAAAAAAAAAAAAAAAAAAAAAAAAAAAAAAAAAAAAAAAAAAAAAAAAAAAAAAAAAAAAAAAAAAAAAAAAAAAAAAAAAAAAAAAAAAAAAAAAAAAAAAAAAAAAAAAAAAAAAAAAAAAAAAAAAAAAAAAAAAAAAAAAAAAAAAAAAAAAAAAAAAAAAAAAAAAAAAAAAAAAAAAAAAAAAAAAAAAAAAAAAAAAAAAAAAAAAAAAAAAAAAAAAAAAAAAAAAAAAAAAAAAAAAAAAAAAAAAAAAAAAAAAAAAAAAAAAAAAAAAAAAAAAAAAAAAAAAAAAAAAAAAAAAAAAAAAAAAAAAAAAAAAAAAAAAAAAAAAAAAAAAAAAAAAAAAAAAAAAAAAAAAAAAAAAAAAAAAAAAAAAAAAAAAAAAAAAAAAAAAAAAAAAAAAAAAAAAAAAAAAAAAAAAAAAAAAAAAAAAAAAAAAAAAAAAAAAAAAAAAAAAAAAAAAAAAAAAAAAAAAAAAAAAAAAAAAAAAAAAAAAAAAAAAAAAAAAAAAAAAAAAAAAAAAAAAAAAAAAAAAAAAAAAAAAAAAAAAAAAAAAAAAAAAAAAAAAAAAAAAAAAAAAAAAAAAAAAAAAAAAAAAAAAAAAAAAAAAAAAAAAAAAAAAAAAAAAAAAAAAAAAAAAAAAAAAAAAAAAAAAAAAAAAAAAAAAAAAAAAAAAAAAAAAAAAAAAAAAAAAAAAAAAAAAAAAAAAAAAAAAAAAAAAAAAAAAAAAAAAAAAAAAAAAAAAAAAAAAAAAAAAAAAAAAAAAAAAAAAAAAAAAAAAAAAAAAAAAAAAAAAAAAAAAAAAAAAAAAAAAAAAAAAAAAAAAAAAAAAAAAAAAAAAAAAAAAAAAAAAAAAAAAAAAAAAAAAAAAAAAAAAAAAAAAAAAAAAAAAAAAAAAAAAAAAAAAAAAAAAAAAAAAAAAAAAAAAAAAAAAAAAAAAAAAAAAAAAAAAAAAAAAAAAAAAAAAAAAAAAAAAAAAAAAAAAAAAAAAAAAAAAAAAAAAAAAAAAAAAAAAAAAAAAAAAAAAAAAAAAAAAAAAAAAAAAAAAAAAAAAAAAAAAAAAAAAAAAAAAAAAAAAAAAAAAAAAAAAAAAAAAAAAAAAAAAAAAAAAAAAAAAAAAAAAAAAAAAAAAAAAAAAAAAAAAAAAAAAAAAAAAAAAAAAAAAAAAAAAAAAAAAAAAAAAAAAAAAAAAAAAAAAAAAAAAAAAAAAAAAAAAAAAAAAAAAAAAAAAAAAAAAAAAAAAAAAAAAAAAAAAAAAAAAAAAAAAAAAAAAAAAAAAAAAAAAAAAAAAAAAAAAAAAAAAAAAAAAAAAAAAAAAAAAAAAAAAAAAAAAAAAAAAAAAAAAAAAAAAAAAAAAAAAAAAAAAAAAAAAAAAAAAAAAAAAAAAAAAAAAAAAAAAAAAAAAAAAAAAAAAAAAAAAAAAAAAAAAAAAAAAAAAAAAAAAAAAAAAAAAAAAAAAAAAAAAAAAAAAAAAAAAAAAAAAAAAAAAAAAAAAAAAAAAAAAAAAAAAAAAAAAAAAAAAAAAAAAAAAAAAAAAAAAAAAAAAAAAAAAAAAAAAAAAAAAAAAAAAAAAAAAAAAAAAAAAAAAAAAAAAAAAAAAAAAAAAAAAAAAAAAAAAAAAAAAAAAAAAAAAAAAAAAAAAAAAAAAAAAAAAAAAAAAAAAAAAAAAAAAAAAAAAAAAAAAAAAAAAAAAAAAAAAAAAAAAAAAAAAAAAAAAAAAAAAAAAAAAAAAAAAAAAAAAAAAAAAAAAAAAAAAAAAAAAAAAAAAAAAAAAAAAAAAAAAAAAAAAAAAAAAAAAAAAAAAAAAAAAAAAAAAAAAAAAAAAAAAAAAAAAAAAAAAAAAAAAAAAAAAAAAAAAAAAAAAAAAAAAAAAAAAAAAAAAAAAAAAAAAAAAAAAAAAAAAAAAAAAAAAAAAAAAAAAAAAAAAAAAAAAAAAAAAAAAAAAAAAAAAAAAAAAAAAAAAAAAAAAAAAAAAAAAAAAAAAAAAAAAAAAAAAAAAAAAAAAAAAAAAAAAAAAAAAAAAAAAAAAAAAAAAAAAAAAAAAAAAAAAAAAAAAAAAAAAAAAAAAAAAAAAAAAAAAAAAAAAAAAAAAAAAAAAAAAAAAAAAAAAAAAAAAAAAAAAAAAAAAAAAAAAAAAAAAAAAAAAAAAAAAAAAAAAAAAAAAAAAAAAAAAAAAAAAAAAAAAAAAAAAAAAAAAAAAAAAAAAAAAAAAAAAAAAAAAAAAAAAAAAAAAAAAAAAAAAAAAAAAAAAAAAAAAAAAAAAAAAAAAAAAAAAAAAAAAAAAAAAAAAAAAAAAAAAAAAAAAAAAAAAAAAAAAAAAAAAAAAAAAAAAAAAAAAAAAAAAAAAAAAAAAAAAAAAAAAAAAAAAAAAAAAAAAAAAAAAAAAAAAAAAAAAAAAAAAAAAAAAAAAAAAAAAAAAAAAAAAAAAAAAAAAAAAAAAAAAAAAAAAAAAAAAAAAAAAAAAAAAAAAAAAAAAAAAAAAAAAAAAAAAAAAAAAAAAAAAAAAAAAAAAAAAAAAAAAAAAAAAAAAAAAAAAAAAAAAAAAAAAAAAAAAAAAAAAAAAAAAAAAAAAAAAAAAAAAAAAAAAAAAAAAAAAAAAAAAAAAAAAAAAAAAAAAAAAAAAAAAAAAAAAAAAAAAAAAAAAAAAAAAAAAAAAAAAAAAAAAAAAAAAAAAAAAAAAAAAAAAAAAAAAAAAAAAAAAAAAAAAAAAAAAAAAAAAAAAAAAAAAAAAAAAAAAAAAAAAAAAAAAAAAAAAAAAAAAAAAAAAAAAAAAAAAAAAAAAAAAAAAAAAAAAAAA9D7dPAAAgAElEQVQAAAAAAAAAAAAAAAAAAAAAAAAAAAAAAAAAAAAAAAAAAAAAAAAAAAAAAAAAAAAAAAAAAAAAAAAAAAAAAAAAAAAAAAAAAAAAAAAAAAAAAAAAAAAAAAAAAAAAAAAAAAAAAAAAAAAAAAAAAAAAAAAAAAAAAAAAAAAAAAAAAAAAAAAAAAAAAAAAAAAAAAAAAAAAAAAAAAAAAAAAAAAAAAAAAAAAAAAAAAAAAAAAAAAAAAAAAAAAAAAAAAAAAAAAAAAAAAAAAAAAAAAAAAAAAAAAAAAAAAAAAAAAAAAAAAAAAAAAAAAAAAAAAAAAAAAAAAAAAAAAAAAAAAAAAAAAAAAAAAAAAAAAAAAAAAAAAAAAAAAAAAAAAAAAAAAAAAAAAAAAAAAAAAAAAAAAAAAAAAAAAAAAAAAAAAAAAAAAAAAAAAAAAAAAAAAAAAAAAAAAAAAAAAAAAAAAAAAAAAAAAAAAAAAAAAAAAAAAAAAAAAAAAAAAAAAAAAAAAAAAAAAAAAAAAAAAAAAAAAAAAAAAAAAAAAAAAAAAAAAAAAAAAAAAAAAAAAAAAAAAAAAAAAAAAAAAAAAAAAAAAAAAAAAAAAAAAAAAAAAAAAAAAAAAAAAAAAAAAAAAAAAAAAAAAAAAAAAAAAAAAAAAAAAAAAAAAAAAAAAAAAAAAAAAAAAAAAAAAAAAAAAAAAAAAAAAAAAAAAAAAAAAAAAAAAAAAAAAAAAAAAAAAAAAAAAAAAAAAAAAAAAAAAAAAAAAAAAAAAAAAAAAAAAAAAAAAAAAAAAAAAAAAAAAAAAAAAAAAAAAAAAAAAAAAAAAAAAAAAAAAAAAAAAAAAAAAAAAAAAAAAAAAAAAAAAAAAAAAAAAAAAAAAAAAAAAAAAAAAAAAAAAAAAAAAAAAAAAAAAAAAAAAAAAAAAAAAAAAAAAAAAAAAAAAAAAAAAAAAAAAAAAAAAAAAAAAAAAAAAAAAAAAAAAAAAAAAAAAAAAAAAAAAAAAAAAAAAAAAAAAAAAAAAAAAAAAAAAAAAAAAAAAAAAAAAAAAAAAAAAAAAAAAAAAAAAAAAAAAAAAAAAAAAAAAAAAAAAAAAAAAAAAAAAAAAAAAAAAAAAAAAAAAAAAAAAAAAAAAAAAAAAAAAAAAAAAAAAAAAAAAAAAAAAAAAAAAAAAAAAAAAAAAAAAAAAAAAAAAAAAAAAAAAAAAAAAAAAAAAAAAAAAAAAAAAAAAAAAAAAAAAAAAAAAAAAAAAAAAAAAAAAAAAAAAAAAAAAAAAAAAAAAAAAAAAAAAAAAAAAAAAAAAAAAAAAAAAAAAAAAAAAAAAAAAAAAAAAAAAAAAAAAAAAAAAAAAAAAAAAAAAAAAAAAAAAAAAAAAAAAAAAAAAAAAAAAAAAAAAAAAAAAAAAAAAAAAAAAAAAAAAAAAAAAAAAAAAAAAAAAAAAAAAAAAAAAAAAAAAAAAAAAAAAAAAAAAAAAAAAAAAAAAAAAAAAAAAAAAAAAAAAAAAAAAAAAAAAAAAAAAAAAAAAAAAAAAAAAAAAAAAAAAAAAAAAAAAAAAAAAAAAAAAAAAAAAAAAAAAAAAAAAAAAAAAAAAAAAAAAAAAAAAAAAAAAAAAAAAAAAAAAAAAAAAAAAAAAAAAAAAAAAAAAAAAAAAAAAAAAAAAAAAAAAAAAAAAAAAAAAAAAAAAAAAAAAAAAAAAAAAAAAAAAAAAAAAAAAAAAAAAAAAAAAAAAAAAAAAAAAAAAAAAAAAAAAAAAAAAAAAAAAAAAAAAAAAAAAAAAAAAAAAAAAAAAAAAAAAAAAAAAAAAAAAAAAAAAAAAAAAAAAAAAAAAAAAAAAAAAAAAAAAAAAAAAAAAAAAAAAAAAAAAAAAAAAAAAAAAAAAAAAAAAAAAAAAAAAAAAAAAAAAAAAAAAAAAAAAAAAAAAAAAAAAAAAAAAAAAAAAAAAAAAAAAAAAAAAAAAAAAAAAAAAAAAAAAAAAAAAAAAAAAAAAAAAAAAAAAAAAAAAAAAAAAAAAAAAAAAAAAAAAAAAAAAAAAAAAAAAAAAAAAAAAAAAAAAAAAAAAAAAAAAAAAAAAAAAAAAAAAAAAAAAAAAAAAAAAAAAAAAAAAAAAAAAAAAAAAAAAAAAAAAAAAAAAAAAAAAAAAAAAAAAAAAAAAAAAAAAAAAAAAAAAAAAAAAAAAAAAAAAAAAAAAAAAAAAAAAAAAAAAAAAAAAAAAAAAAAAAAAAAAAAAAAAAAAAAAAAAAAAAAAAAAAAAAAAAAAAAAAAAAAAAAAAAAAAAAAAAAAAAAAAAAAAAAAAAAAAAAAAAAAAAAAAAAAAAAAAAAAAAAAAAAAAAAAAAAAAAAAAAAAAAAAAAAAAAAAAAAAAAAAAAAAAAAAAAAAAAAAAAAAAAAAAAAAAAAAAAAAAAAAAAAAAAAAAAAAAAAAAAAAAAAAAAAAAAAAAAAAAAAAAAAAAAAAAAAAAAAAAAAAAAAAAAAAAAAAAAAAAAAAAAAAAAAAAAAAAAAAAAAAAAAAAAAAAAAAAAAAAAAAAAAAAAAAAAAAAAAAAAAAAAAAAAAAAAAAAAAAAAAAAAAAAAAAAAAAAAAAAAAAAAAAAAAAAAAAAAAAAAAAAAAAAAAAAAAAAAAAAAAAAAAAAAAAAAAAAAAAAAAAAAAAAAAAAAAAAAAAAAAAAAAAAAAAAAAAAAAAAAAAAAAAAAAAAAAAAAAAAAAAAAAAAAAAAAAAAAAAAAAAAAAAAAAAAAAAAAAAAAAAAAAAAAAAAAAAAAAAAAAAAAAAAAAAAAAAAAAAAAAAAAAAAAAAAAAAAAAAAAAAAAAAAAAAAAAAAAAAAAAAAAAAAAAAAAAAAAAAAAAAAAAAAAAAAAAAAAAAAAAAAAAAAAAAAAAAAAAAAAAAAAAAAAAAAAAAAAAAAAAAAAAAAAAAAAAAAAAAAAAAAAAAAAAAAAAAAAAAAAAAAAAAAAAAAAAAAAAAAAAAAAAAAAAAAAAAAAAAAAAAAAAAAAAAAAAAAAAAAAAAAAAAAAAAAAAAAAAAAAAAAAAAAAAAAAAAAAAAAAAAAAAAAAAAAAAAAAAAAAAAAAAAAAAAAAAAAAAAAAAAAAAAAAAAAAAAAAAAAAAAAAAAAAAAAAAAAAAAAAAAAAAAAAAAAAAAAAAAAAAAAAAAAAAAAAAAAAAAAAAAAAAAAAAAAAAAAAAAAAAAAAAAAAAAAAAAAAAAAAAAAAAAAAAAAAAAAAAAAAAAAAAAAAAAAAAAAAAAAAAAAAAAAAAAAAAAAAAAAAAAAAAAAAAAAAAAAAAAAAAAAAAAAAAAAAAAAAAAAAAAAAAAAAAAAAAAAAAAAAAAAAAAAAAAAAAAAAAAAAAAAAAAAAAAAAAAAAAAAAAAAAAAAAAAAAAAAAAAAAAAAAAAAAAAAAAAAAAAAAAAAAAAAAAAAAAAAAAAAAAAAAAAAAAAAAAAAAAAAAAAAAAAAAAAAAAAAAAAAAAAAAAAAAAAAAAAAAAAAAAAAAAAAAAAAAAAAAAAAAAAAAAAAAAAAAAAAAAAAAAAAAAAAAAAAAAAAAAAAAAAAAAAAAAAAAAAAAAAAAAAAAAAAAAAAAAAAAAAAAAAAAAAAAAAAAAAAAAAAAAAAAAAAAAAAAAAAAAAAAAAAAAAAAAAAAAAAAAAAAAAAAAAAAAAAAAAAAAAAAAAAAAAAAAAAAAAAAAAAAAAAAAAAAAAAAAAAAAAAAAAAAAAAAAAAAAAAAAAAAAAAAAAAAAAAAAAAAAAAAAAAAAAAAAAAAAAAAAAAAAAAAAAAAAAAAAAAAAAAAAAAAAAAAAAAAAAAAAAAAAAAAAAAAAAAAAAAAAAAAAAAAAAAAAAAAAAAAAAAAAAAAAAAAAAAAAAAAAAAAAAAAAAAAAAAAAAAAAAAAAAAAAAAAAAAAAAAAAAAAAAAAAAAAAAAAAAAAAAAAAAAAAAAAAAAAAAAAAAAAAAAAAAAAAAAAAAAAAAAAAAAAAAAAAAAAAAAAAAAAAAAAAAAAAAAAAAAAAAAAAAAAAAAAAAAAAAAAAAAAAAAAAAAAAAAAAAAAAAAAAAAAAAAAAAAAAAAAAAAAAAAAAAAAAAAAAAAAAAAAAAAAAAAAAAAAAAAAAAAAAAAAAAAAAAAAAAAAAAAAAAAAAAAAAAAAAAAAAAAAAAAAAAAAAAAAAAAAAAAAAAAAAAAAAAAAAAAAAAAAAAAAAAAAAAAAAAAAAAAAAAAAAAAAAAAAAAAAAAAAAAAAAAAAAAAAAAAAAAAAAAAAAAAAAAAAAAAAAAAAAAAAAAAAAAAAAAAAAAAAAAAAAAAAAAAAAAAAAAAAAAAAAAAAAAAAAAAAAAAAAAAAAAAAAAAAAAAAAAAAAAAAAAAAAAAAAAAAAAAAAAAAAAAAAAAAAAAAAAAAAAAAAAAAAAAAAAAAAAAAAAAAAAAAAAAAAAAAAAAAAAAAAAAAAAAAAAAAAAAAAAAAAAAAAAAAAAAAAAAAAAAAAAAAAAAAAAAAAAAAAAAAAAAAAAAAAAAAAAAAAAAAAAAAAAAAAAAAAAAAAAAAAAAAAAAAAAAAAAAAAAAAAAAAAAAAAAAAAAAAAAAAAAAAAAAAAAAAAAAAAAAAAAAAAAAAAAAAAAAAAAAAAAAAAAAAAAAAAAAAAAAAAAAAAAAAAAAAAAAAAAAAAAAAAAAAAAAAAAAAAAAAAAAAAAAAAAAAAAAAAAAAAAAAAAAAAAAAAAAAAAAAAAAAAAAAAAAAAAAAAAAAAAAAAAAAAAAAAAAAAAAAAAAAAAAAAAAAAAAAAAAAAAAAAAAAAAAAAAAAAAAAAAAAAAAAAAAAAAAAAAAAAAAAAAAAAAAAAAAAAAAAAAAAAAAAAAAAAAAAAAAAAAAAAAAAAAAAAAAAAAAAAAAAAAAAAAAAAAAAAAAAAAAAAAAAAAAAAAAAAAAAAAAAAAAAAAAAAAAAAAAAAAAAAAAAAAAAAAAAAAAAAAAAAAAAAAAAAAAAAAAAAAAAAAAAAAAAAAAAAAAAAAAAAAAAAAAAAAAAAAAAAAAAAAAAAAAAAAAAAAAAAAAAAAAAAAAAAAAAAAAAAAAAAAAAAAAAAAAAAAAAAAAAAAAAAAAAAAAAAAAAAAAAAAAAAAAAAAAAAAAAAAAAAAAAAAAAAAAAAAAAAAAAAAAAAAAAAAAAAAAAAAAAAAAAAAAAAAAAAAAAAAAAAAAAAAAAAAAAAAAAAAAAAAAAAAAAAAAAAAAAAAAAAAAAAAAAAAAAAAAAAAAAAAAAAAAAAAAAAAAAAAAAAAAAAAAAAAAAAAAAAAAAAAAAAAAAAAAAAAAAAAAAAAAAAAAAAAAAAAAAAAAAAAAAAAAAAAAAAAAAAAAAAAAAAAAAAAAAAAAAAAAAAAAAAAAAAAAAAAAAAAAAAAAAAAAAAAAAAAAAAAAAAAAAAAAAAAAAAAAAAAAAAAAAAAAAAAAAAAAAAAAAAAAAAAAAAAAAAAAAAAAAAAAAAAAAAAAAAAAAAAAAAAAAAAAAAAAAAAAAAAAAAAAAAAAAAAAAAAAAAAAAAAAAAAAAAAAAAAAAAAAAAAAAAAAAAAAAAAAAAAAAAAAAAAAAAAAAAAAAAAAAAAAAAAAAAAAAAAAAAAAAAAAAAAAAAAAAAAAAAAAAAAAAAAAAAAAAAAAAAAAAAAAAAAAAAAAAAAAAAAAAAAAAAAAAAAAAAAAAAAAAAAAAAAAAAAAAAAAAAAAAAAAAAAAAAAAAAAAAAAAAAAAAAAAAAAAAAAAAAAAAAAAAAAAAAAAAAAAAAAAAAAAAAAAAAAAAAAAAAAAAAAAAAAAAAAAAAAAAAAAAAAAAAAAAAAAAAAAAAAAAAAAAAAAAAAAAAAAAAAAAAAAAAAAAAAAAAAAAAAAAAAAAAAAAAAAAAAAAAAAAAAAAAAAAAAAAAAAAAAAAAAAAAAAAAAAAAAAAAAAAAAAAAAAAAAAAAAAAAAAAAAAAAAAAAAAAAAAAAAAAAAAAAAAAAAAAAAAAAAAAAAAAAAAAAAAAAAAAAAAAAAAAAAAAAAAAAAAAAAAAAAAAAAAAAAAAAAAAAAAAAAAAAAAAAAAAAAAAAAAAAAAAAAAAAAAAAAAAAAAAAAAAAAAAAAAAAAAAAAAAAAAAAAAAAAAAAAAAAAAAAAAAAAAAAAAAAAAAAAAAAAAAAAAAAAAAAAAAAAAAAAAAAAAAAAAAAAAAAAAAAAAAAAAAAAAAAAAAAAAAAAAAAAAAAAAAAAAAAAAAAAAAAAAAAAAAAAAAAAAAAAAAAAAAAAAAAAAAAAAAAAAAAAAAAAAAAAAAAAAAAAAAAAAAAAAAAAAAAAAAAAAAAAAAAAAAAAAAAAAAAAAAAAAAAAAAAAAAAAAAAAAAAAAAAAAAAAAAAAAAAAAAAAAAAAAAAAAAAAAAAAAAAAAAAAAAAAAAAAAAAAAAAAAAAAAAAAAAAAAAAAAAAAAAAAAAAAAAAAAAAAAAAAAAAAAAAAAAAAAAAAAAAAAAAAAAAAAAAAAAAAAAAAAAAAAAAAAAAAAAAAAAAAAAAAAAAAAAAAAAAAAAAAAAAAAAAAAAAAAAAAAAAAAAAAAAAAAAAAAAAAAAAAAAAAAAAAAAAAAAAAAAAAAAAAAAAAAAAAAAAAAAAAAAAAAAAAAAAAAAAAAAAAAAAAAAAAAAAAAAAAAAAAAAAAAAAAAAAAAAAAAAAAAAAAAAAAAAAAAAAAAAAAAAAAAAAAAAAAAAAAAAAAAAAAAAAAAAAAAAAAAAAAAAAAAAAAAAAAAAAAAAAAAAAAAAAAAAAAAAAAAAAAAAAAAAAAAAAAAAAAAAAAAAAAAAAAAAAAAAAAAAAAAAAAAAAAAAAAAAAAAAAAAAAAAAAAAAAAAAAAAAAAAAAAAAAAAAAAAAAAAAAAAAAAAAAAAAAAAAAAAAAAAAAAAAAAAAAAAAAAAAAAAAAAAAAAAAAAAAAAAAAAAAAAAAAAAAAAAAAAAAAAAAAAAAAAAAAAAAAAAAAAAAAAAAAAAAAAAAAAAAAAAAAAAAAAAAAAAAAAAAAAAAAAAAAAAAAAAAAAAAAAAAAAAAAAAAAAAAAAAAAAAAAAAAAAAAAAAAAAAAAAAAAAAAAAAAAAAAAAAAAAAAAAAAAAAAAAAAAAAAAAAAAAAAAAAAAAAAAAAAAAAAAAAAAAAAAAAAAAAAAAAAAAAAAAAAAAAAAAAAAAAAAAAAAAAAAAAAAAAAAAAAAAAAAAAAAAAAAAAAAAAAAAAAAAAAAAAAAAAAAAAAAAAAAAAAAAAAAAAAAAAAAAAAAAAAAAAAAAAAAAAAAAAAAAAAAAAAAAAAAAAAAAAAAAAAAAAAAAAAAAAAAAAAAAAAAAAAAAAAAAAAAAAAAAAAAAAAAAAAAAAAAAAAAAAAAAAAAAAAAAAAAAAAAAAAAAAAAAAAAAAAAAAAAAAAAAAAAAAAAAAAAAAAAAAAAAAAAAAAAAAAAAAAAAAAAAAAAAAAAAAAAAAAAAAAAAAAAAAAAAAAAAAAAAAAAAAAAAAAAAAAAAAAAAAAAAAAAAAAAAAAAAAAAAAAAAAAAAAAAAAAAAAAAAAAAAAAAAAAAAAAAAAAAAAAAAAAAAAAAAAAAAAAAAAAAAAAAAAAAAAAAAAAAAAAAAAAAAAAAAAAAAAAAAAAAAAAAAAAAAAAAAAAAAAAAAAAAAAAAAAAAAAAAAAAAAAAAAAAAAAAAAAAAAAAAAAAAAAAAAAAAAAAAAAAAAAAAAAAAAAAAAAAAAAAAAAAAAAAAAAAAAAAAAAAAAAAAAAAAAAAAAAAAAAAAAAAAAAAAAAAAAAAAAAAAAAAAAAAAAAAAAAAAAAAAAAAAAAAAAAAAAAAAAAAAAAAAAAAAAAAAAAAAAAAAAAAAAAAAAAAAAAAAAAAAAAAAAAAAAAAAAAAAAAAAAAAAAAAAAAAAAAAAAAAAAAAAAAAAAAAAAAAAAAAAAAAAAAAAAAAAAAAAAAAAAAAAAAAAAAAAAAAAAAAAAAAAAAAAAAAAAAAAAAAAAAAAAAAAAAAAAAAAAAAAAAAAAAAAAAAAAAAAAAAAAAAAAAAAAAAAAAAAAAAAAAAAAAAAAAAAAAAAAAAAAAAAAAAAAAAAAAAAAAAAAAAAAAAAAAAAAAAAAAAAAAAAAAAAAAAAAAAAAAAAAAAAAAAAAAAAAAAAAAAAAAAAAAAAAAAAAAAAAAAAAAAAAAAAAAAAAAAAAAAAAAAAAAAAAAAAAAAAAAAAAAAAAAAAAAAAAAAAAAAAAAAAAAAAAAAAAAAAAAAAAAAAAAAAAAAAAAAAAAAAAAAAAAAAAAAAAAAAAAAAAAAAAAAAAAAAAAAAAAAAAAAAAAAAAAAAAAAAAAAAAAAAAAAAAAAAAAAAAAAAAAAAAAAAAAAAAAAAAAAAAAAAAAAAAAAAAAAAAAAAAAAAAAAAAAAAAAAAAAAAAAAAAAAAAAAAAAAAAAAAAAAAAAAAAAAAAAAAAAAAAAAAAAAAAAAAAAAAAAAAAAAAAAAAAAAAAAAAAAAAAAAAAAAAAAAAAAAAAAAAAAAAAAAAAAAAAAAAAAAAAAAAAAAAAAAAAAAAAAAAAAAAAAAAAAAAAAAAAAAAAAAAAAAAAAAAAAAAAAAAAAAAAAAAAAAAAAAAAAAAAAAAAAAAAAAAAAAAAAAAAAAAAAAAAAAAAAAAAAAAAAAAAAAAAAAAAAAAAAAAAAAAAAAAAAAAAAAAAAAAAAAAAAAAAAAAAAAAAAAAAAAAAAAAAAAAAAAAAAAAAAAAAAAAAAAAAAAAAAAAAAAAAAAAAAAAAAAAAAAAAAAAAAAAAAAAAAAAAAAAAAAAAAAAAAAAAAAAAAAAAAAAAAAAAAAAAAAAAAAAAAAAAAAAAAAAAAAAAAAAAAAAAAAAAAAAAAAAAAAAAAAAAAAAAAAAAAAAAAAAAAAAAAAAAAAAAAAAAAAAAAAAAAAAAAAAAAAAAAAAAAAAAAAAAAAAAAAAAAAAAAAAAAAAAAAAAAAAAAAAAAAAAAAAAAAAAAAAAAAAAAAAAAAAAAAAAAAAAAAAAAAAAAAAAAAAAAAAAAAAAAAAAAAAAAAAAAAAAAAAAAAAAAAAAAAAAAAAAAAAAAAAAAAAAAAAAAAAAAAAAAAAAAAAAAAAAAAAAAAAAAAAAAAAAAAAAAAAAAAAAAAAAAAAAAAAAAAAAAAAAAAAAAAAAAAAAAAAAAAAAAAAAAAAAAAAAAAAAAAAAAAAAAAAAAAAAAAAAAAAAAAAAAAAAAAAAAAAAAAAAAAAAAAAAAAAAAAAAAAAAAAAAAAAAAAAAAAAAAAAAAAAAAAAAAAAAAAAAAAAAAAAAAAAAAAAAAAAAAAAAAAAAAAAAAAAAAAAAAAAAAAAAAAAAAAAAAAAAAAAAAAAAAAAAAAAAAAAAAAAAAAAAAAAAAAAAAAAAAAAAAAAAAAAAAAAAAAAAAAAAAAAAAAAAAAAAAAAAAAAAAAAAAAAAAAAAAAAAAAAAAAAAAAAAAAAAAAAAAAAAAAAAAAAAAAAAAAAAAAAAAAAAAAAAAAAAAAAAAAAAAAAAAAAAAAAAAAAAAAAAAAAAAAAAAAAAAAAAAAAAAAAAAAAAAAAAAAAAAAAAAAAAAAAAAAAAAAAAAAAAAAAAAAAAAAAAAAAAAAAAAAAAAAAAAAAAAAAAAAAAAAAAAAAAAAAAAAAAAAAAAAAAAAAAAAAAAAAAAAAAAAAAAAAAAAAAAAAAAAAAAAAAAAAAAAAAAAAAAAAAAAAAAAAAAAAAAAAAAAAAAAAAAAAAAAAAAAAAAAAAAAAAAAAAAAAAAAAAAAAAAAAAAAAAAAAAAAAAAAAAAAAAAAAAAAAAAAAAAAAAAAAAAAAAAAAAAAAAAAAAAAAAAAAAAAAAAAAAAAAAAAAAAAAAAAAAAAAAAAAAAAAAAAAAAAAAAAAAAAAAAAAAAAAAAAAAAAAAAAAAAAAAAAAAAAAAAAAAAAAAAAAAAAAAAAAAAAAAAAAAAAAAAAAAAAAAAAAAAAAAAAAAAAAAAAAAAAAAAAAAAAAAAAAAAAAAAAAAAAAAAAAAAAAAAAAAAAAAAAAAAAAAAAAAAAAAAAAAAAAAAAAAAAAAAAAAAAAAAAAAAAAAAAAAAAAAAAAAAAAAAAAAAAAAAAAAAAAAAAAAAAAAAAAAAAAAAAAAAAAAAAAAAAAAAAAAAAAAAAAAAAAAAAAAAAAAAAAAAAAAAAAAAAAAAAAAAAAAAAAAAAAAAAAAAAAAAAAAAAAAAAAAAAAAAAAAAAAAAAAAAAAAAAAAAAAAAAAAAAAAAAAAAAAAAAAAAAAAAAAAAAAAAAAAAAAAAAAAAAAAAAAAAAAAAAAAAAAAAAAAAAAAAAAAAAAAAAAAAAAAAAAAAAAAAAAAAAAAAAAAAAAAAAAAAAAAAAAAAAAAAAAAAAAAAAAAAAAAAAAAAAAAAAAAAAAAAAAAAAAAAAAAAAAAAAAAAAAAAAAAAAAAAAAAAAAAAAAAAAAAAAAAAAAAAAAAAAAAAAAAAAAAAAAAAAAAAAAAAAAAAAAAAAAAAAAAAAAAAAAAAAAAAAAAAAAAAAAAAAAAAAAAAAAAAAAAAAAAAAAAAAAAAAAAAAAAAAAAAAAAAAAAAAAAAAAAAAAAAAAAAAAAAAAAAAAAAAAAAAAAAAAAAAAAAAAAAAAAAAAAAAAAAAAAAAAAAAAAAAAAAAAAAAAAAAAAAAAAAAAAAAAAAAAAAAAAAAAAAAAAAAAAAAAAAAAAAAAAAAAAAAAAAAAAAAAAAAAAAAAAAAAAAAAAAAAAAAAAAAAAAAAAAAAAAAAAAAAAAAAAAAAAAAAAAAAAAAAAAAAAAAAAAAAAAAAAAAAAAAAAAAAAAAAAAAAAAAAAAAAAAAAAAAAAAAAAAAAAAAAAAAAAAAAAAAAAAAAAAAAAAAAAAAAAAAAAAAAAAAAAAAAAAAAAAAAAAAAAAAAAAAAAAAAAAAAAAAAAAAAAAAAAAAAAAAAAAAAAAAAAAAAAAAAAAD0Pt08AABC6SURBVAAAAAAAAAAAAAAAAAAAAAAAAAAAAAAAAAAAAAAAAAAAAAAAAAAAAAAAAAAAAAAAAAAAAAAAAAAAAAAAAAAAAAAAAAAAAAAAAAAAAAAAAAAAAAAAAAAAAAAAAAAAAAAAAAAAAAAAAAAAAAAAAAAAAAAAAAAAAAAAAAAAAAAAAAAAAAAAAAAAAAAAAAAAAAAAAAAAAAAAAAAAAAAAAAAAAAAAAAAAAAAAAAAAAAAAAAAAAAAAAAAAAAAAAAAAAAAAAAAAAAAAAAAAAAAAAAAAAAAAAAAAAAAAAAAAAAAAAAAAAAAAAAAAAAAAAAAAAAAAAAAAAAAAAAAAAAAAAAAAAAAAAAAAAAAAAAAAAAAAAAAAAAAAAAAAAAAAAAAAAAAAAAAAAAAAAAAAAAAAAAAAAAAAAAAAAAAAAAAAAAAAAAAAAAAAAAAAAAAAAAAAAAAAAAAAAAAAAAAAAAAAAAAAAAAAAAAAAAAAAAAAAAAAAAAAAAAAAAAAAAAAAAAAAAAAAAAAAAAAAAAAAAAAAAAAAAAAAAAAAAAAAAAAAAAAAAAAAAAAAAAAAAAAAAAAAAAAAAAAAAAAAAAAAAAAAAAAAAAAAAAAAAAAAAAAAAAAAAAAAAAAAAAAAAAAAAAAAAAAAAAAAAAAAAAAAAAAAAAAAAAAAAAAAAAAAAAAAAAAAAAAAAAAAAAAAAAAAAAAAAAAAAAAAAAAAAAAAAAAAAAAAAAAAAAAAAAAAAAAAAAAAAAAAAAAAAAAAAAAAAAAAAAAAAAAAAAAAAAAAAAAAAAAAAAAAAAAAAAAAAAAAAAAAAAAAAAAAAAAAAAAAAAAAAAAAAAAAAAAAAAAAAAAAAAAAAAAAAAAAAAAAAAAAAAAAAAAAAAAAAAAAAAAAAAAAAAAAAAAAAAAAAAAAAAAAAAAAAAAAAAAAAAAAAAAAAAAAAAAAAAAAAAAAAAAAAAAAAAAAAAAAAAAAAAAAAAAAAAAAAAAAAAAAAAAAAAAAAAAAAAAAAAAAAAAAAAAAAAAAAAAAAAAAAAAAAAAAAAAAAAAAAAAAAAAAAAAAAAAAAAAAAAAAAAAAAAAAAAAAAAAAAAAAAAAAAAAAAAAAAAAAAAAAAAAAAAAAAAAAAAAAAAAAAAAAAAAAAAAAAAAAAAAAAAAAAAAAAAAAAAAAAAAAAAAAAAAAAAAAAAAAAAAAAAAAAAAAAAAAAAAAAAAAAAAAAAAAAAAAAAAAAAAAAAAAAAAAAAAAAAAAAAAAAAAAAAAAAAAAAAAAAAAAAAAAAAAAAAAAAAAAAAAAAAAAAAAAAAAAAAAAAAAAAAAAAAAAAAAAAAAAAAAAAAAAAAAAAAAAAAAAAAAAAAAAAAAAAAAAAAAAAAAAAAAAAAAAAAAAAAAAAAAAAAAAAAAAAAAAAAAAAAAAAAAAAAAAAAAAAAAAAAAAAAAAAAAAAAAAAAAAAAAAAAAAAAAAAAAAAAAAAAAAAAAAAAAAAAAAAAAAAAAAAAAAAAAAAAAAAAAAAAAAAAAAAAAAAAAAAAAAAAAAAAAAAAAAAAAAAAAAAAAAAAAAAAAAAAAAAAAAAAAAAAAAAAAAAAAAAAAAAAAAAAAAAAAAAAAAAAAAAAAAAAAAAAAAAAAAAAAAAAAAAAAAAAAAAAAAAAAAAAAAAAAAAAAAAAAAAAAAAAAAAAAAAAAAAAAAAAAAAAAAAAAAAAAAAAAAAAAAAAAAAAAAAAAAAAAAAAAAAAAAAAAAAAAAAAAAAAAAAAAAAAAAAAAAAAAAAAAAAAAAAAAAAAAAAAAAAAAAAAAAAAAAAAAAAAAAAAAAAAAAAAAAAAAAAAAAAAAAAAAAAAAAAAAAAAAAAAAAAAAAAAAAAAAAAAAAAAAAAAAAAAAAAAAAAAAAAAAAAAAAAAAAAAAAAAAAAAAAAAAAAAAAAAAAAAAAAAAAAAAAAAAAAAAAAAAAAAAAAAAAAAAAAAAAAAAAAAAAAAAAAAAAAAAAAAAAAAAAAAAAAAAAAAAAAAAAAAAAAAAAAAAAAAAAAAAAAAAAAAAAAAAAAAAAAAAAAAAAAAAAAAAAAAAAAAAAAAAAAAAAAAAAAAAAAAAAAAAAAAAAAAAAAAAAAAAAAAAAAAAAAAAAAAAAAAAAAAAAAAAAAAAAAAAAAAAAAAAAAAAAAAAAAAAAAAAAAAAAAAAAAAAAAAAAAAAAAAAAAAAAAAAAAAAAAAAAAAAAAAAAAAAAAAAAAAAAAAAAAAAAAAAAAAAAAAAAAAAAAAAAAAAAAAAAAAAAAAAAAAAAAAAAAAAAAAAAQQK+/UAAAAAAAAAAAAAAAAAAAAAAAAAAAAAAAAAAAAAAAAAAAAAAAAAAAAAAAAAAAAAAAAAAAAAAAAAAAAAAAAAAAAAAAAAAAAAAAAAAAAAAAAAAAAAAAAAAAAAAAAAAAAAAAAAAAAAAAAAAAAAAAAAAAAAAAAAAAAAAAAAAAAAAAAAAAAAAAAAAAAAAAAAAAAAAAAAAAAAAAAAAAAAAAAAAAAAAAAAAAAAAAAAAAAAAAAAAAAAAAAAAAAAAAAAAAAAAAAAAAAAAAAAAAAAAAAAAAAAAAAAAAAAAAAAAAAAAAAAAAAAAAAAAAAAAAAAAAAAAAAAAAAAAAAAAAAAAAAAAAAAAAAAAAAAAAAAAAAAAAAAAAAAAAAAAAAAAAAAAAAAAAAAAAAAAAAAAAAAAAAAAAAAAAAAAAAAAAAAAAAAAAAAAAAAAAAAAAAAAAAAAAAAAAAAAAAAAAAAAAAAAAAAAAAAAAAAAAAAAAAAAAAAAAAAAAAAAAAAAAAAAAAAAAAAAAAAAAAAAAAAAAAAAAAAAAAAAAAAAAAAAAAAAAAAAAAAAAAAAAAAAAAAAAAAAAAAAAAAAAAAAAAAAAAAAAAAAAAAAAAAAAAAAAAAAAAAAAAAAAAAAAAAAAAAAAAAAAAAAAAAAAAAAAAAAAAAAAAAAAAAAAAAAAAAAAAAAAAAAAAAAAAAAAAAAAAAAAAAAAAAAAAAAAAAAAAAAAAAAAAAAAAAAAAAAAAAAAAAAAAAAAAAAAAAAAAAAAAAAAAAAAAAAAAAAAAAAAAAAAAAAAAAAAAAAAAAAAAAAAAAAAAAAAAAAAAAAAAAAAAAAAAAAAAAAAAAAAAAAAAAAAAAAAAAAAAAAAAAAAAAAAAAAAAAAAAAAAAAAAAAAAAAAAAAAAAAAAAAAAAAAAAAAAAAAAAAAAAAAAAAAAAAAAAAAAAAAAAAAAAAAAAAAAAAAAAAAAAAAAAAAAAAAAAAAAAAAAAAAAAAAAAAAAAAAAAAAAAAAAAAAAAAAAAAAAAAAAAAAAAAAAAAAAAAAAAAAAAAAAAAAAAAAAAAAAAAAAAAAAAAAAAAAAAAAAAAAAAAAAAAAAAAAAAAAAAAAAAAAAAAAAAAAAAAAAAAAAAAAAAAAAAAAAAAAAAAAAAAAAAAAAAAAAAAAAAAAAAAAAAAAAAAAAAAAAAAAAAAAAAAAAAAAAAAAAAAAAAAAAAAAAAAAAAAAAAAAAAAAAAAAAAAAAAAAAAAAAAAAAAAAAAAAAAAAAAAAAAAAAAAAAAAAAAAAAAAAAAAAAAAAAAAAAAAAAAAAAAAAAAAAAAAAAAAAAAAAAAAAAAAAAAAAAAAAAAAAAAAAAAAAAAAAAAAAAAAAAAAAAAAAAAAAAAAAAAAAAAAAAAAAAAAAAAAAAAAAAAAAAAAAAAAAAAAAAAAAAAAAAAAAAAAAAAAAAAAAAAAAAAAAAAAAAAAAAAAAAAAAAAAAAAAAAAAAAAAAAAAAAAAAAAAAAAAAAAAAAAAAAAAAAAAAAAAAAAAAAAAAAAAAAAAAAAAAAAAAAAAAAAAAAAAAAAAAAAAAAAAAAAAAAAAAAAAAAAAAAAAAAAAAAAAAAAAAAAAAAAAAAAAAAAAAAAAAAAAAAAAAAAAAAAAAAAAAAAAAAAAAAAAAAAAAAAAAAAAAAAAAAAAAAAAAAAAAAAAAAAAAAAAAAAAAAAAAAAAAAAAAAAAAAAAAAAAAAAAAAAAAAAAAAAAAAAAAAAAAAAAAAAAAAAAAAAAAAAAAAAAAAAAAAAAAAAAAAAAAAAAAAAAAAAAAAAAAAAAAAAAAAAAAAAAAAAAAAAAAAAAAAAAAAAAAAAAAAAAAAAAAAAAAAAAAAAAAAAAAAAAAAAAAAAAAAAAAAAAAAAAAAAAAAAAAAAAAAAAAAAAAAAAAAAAAAAAAAAAAAAAAAAAAAAAAAAAAAAAAAAAAAAAAAAAAAAAAAAAAAAAAAAAAAAAAAAAAAAAAAAAAAAAAAAAAAAAAAAAAAAAAAAAAAAAAAAAAAAAAAAAAAAAAAAAAAAAAAAAAAAAAAAAAAAAAAAAAAAAAAAAAAAAAAAAAAAAAAAAAAAAAAAAAAAAAAAAAAAAAAAAAAAAAAAAAAAAAAAAAAAAAAAAAAAAAAAAAAAAAAAAAAAAAAAAAAAAAAAAAAAAAAAAAAAAAAAAAAAAAAAAAAAAAAAAAAAAAAAAAAAAAAAAAAAAAAAAAAAAAAAAAAAAAAAAAAAAAAAAAAAAAAAAAAAAAAAAAAAAAAAAAAAAAAAAAAAAAAAAAAAAAAAAAAAAAAAAAAAAAAAAAAAAAAAAAAAAAAAAAAAAAAAAAAAAAAAAAAAAAAAAAAAAAAAAAAAAAAAAAAAAAAAAAAAAAAAAAAAAAAAAAAAAAAAAAAAAAAAAAAAAAAAAAAAAAAAAAAAAAAAAAAAAAAAAAAAAAAAAAAAAAAAAAAAAAAAAAAAAAAAAAAAAAAAAAAAAAAAAAAAAAAAAAAAAAAAAAAAAAAAAAAAAAAAAAAAAAAAAAAAAAAAAAAAAAAAAAAAAAAAAAAAAAAAAAAAAAAAAAAAAAAAAAAAAAAAAAAAAAAAAAAAAAAAAAAAAAAAAAAAAAAAAAAAAAAAAAAAAAAAAAAAAAAAAAAAAAAAAAAAAAAAAAAAAAAAAAAAAAAAAAAAAAAAAAAAAAAAAAAAAAAAAAAAAAAAAAAAAAAAAAAAAAAAAAAAAAAAAAAAAAAAAAAAAAAAAAAAAAAAAAAAAAAAAAAAAAAAAAAAAAAAAAAAAAAAAAAAAAAAAAAAAAAAAAAAAAAAAAAAAAAAAAAAAAAAAAAAAAAAAAAAAAAAAAAAAAAAAAAAAAAAAAAAAAAAAAAAAAAAAAAAAAAAAAAAAAAAAAAAAAAAAAAAAAAAAAAAAAAAAAAAAAAAAAAAAAAAAAAAAAAAAAAAAAAAAAAAAAAAAAAAAAAAAAAAAAAAAAAAAAAAAAAAAAAAAAAAAAAAAAAAAAAAAAAAAAAAAAAAAAAAAAAAAAAAAAAAAAAAAAAAAAAAAAAAAAAAAAAAAAAAAAAAAAAAAAAAAAAAAAAAAAAAAAAAAAAAAAAAAAAAAAAAAAAAAAAAAAAAAAAAAAAAAAAAAAAAAAAAAAAAAAAAAAAAAAAAAAAAAAAAAAAAAAAAAAAAAAAAAAAAAAAAAAAAAAAAAAAAAAAAAAAAAAAAAAAAAAAAAAAAAAAAAAAAAAAAAAAAAAAAAAAAAAAAAAAAAAAAAAAAAAAAAAAAAAAAAAAAAAAAAAAAAAAAAAAAAAAAAAAAAAAAAAAAAAAAAAAAAAAAAAAAAAAAAAAAAAAAAAAAAAAAAAAAAAAAAAAAAAAAAAAAAAAAAAAAAAAAAAAAAAAAAAAAAAAAAAAAAAAAAAAAAAAAAAAAAAAAAAAAAAAAAAAAAAAAAAAAAAOBfo8k4oq/tAAAAAElFTkSuQmCC</ImportTexture>
</Tiled2Unity>